Fitted model for Zhejiang-Ningbo:
                            OLS Regression Results                            
==============================================================================
Dep. Variable:             land_price   R-squared:                       0.416
Model:                            OLS   Adj. R-squared:                  0.415
Method:                 Least Squares   F-statistic:                     3615.
Date:                Fri, 30 May 2025   Prob (F-statistic):               0.00
Time:                        13:56:57   Log-Likelihood:                -47523.
No. Observations:                5085   AIC:                         9.505e+04
Df Residuals:                    5083   BIC:                         9.506e+04
Df Model:                           1                                         
Covariance Type:            nonrobust                                         
==============================================================================
                 coef    std err          t      P>|t|      [0.025      0.975]
------------------------------------------------------------------------------
const       9610.3523     65.046    147.747      0.000    9482.834    9737.870
dist        -117.5460      1.955    -60.123      0.000    -121.379    -113.713
==============================================================================
Omnibus:                     1828.149   Durbin-Watson:                   1.498
Prob(Omnibus):                  0.000   Jarque-Bera (JB):            16622.937
Skew:                           1.456   Prob(JB):                         0.00
Kurtosis:                      11.365   Cond. No.                         55.7
==============================================================================

Notes:
[1] Standard Errors assume that the covariance matrix of the errors is correctly specified.
Urban-rural boundary edge for Zhejiang-Ningbo: 81.56 km
ningbo zhejiang
Average internal radius gap: 70.67 km
Welfare loss: 293530.54, Loss ratio: 75.08%
