Fitted model for Hubei-Ezhou:
                            OLS Regression Results                            
==============================================================================
Dep. Variable:             land_price   R-squared:                       0.028
Model:                            OLS   Adj. R-squared:                  0.017
Method:                 Least Squares   F-statistic:                     2.647
Date:                Fri, 30 May 2025   Prob (F-statistic):              0.107
Time:                        12:11:09   Log-Likelihood:                -714.10
No. Observations:                  94   AIC:                             1432.
Df Residuals:                      92   BIC:                             1437.
Df Model:                           1                                         
Covariance Type:            nonrobust                                         
==============================================================================
                 coef    std err          t      P>|t|      [0.025      0.975]
------------------------------------------------------------------------------
const       2062.0527     83.576     24.673      0.000    1896.063    2228.043
dist         -32.1810     19.780     -1.627      0.107     -71.465       7.103
==============================================================================
Omnibus:                       13.158   Durbin-Watson:                   1.656
Prob(Omnibus):                  0.001   Jarque-Bera (JB):               14.092
Skew:                          -0.850   Prob(JB):                     0.000871
Kurtosis:                       3.842   Cond. No.                         7.28
==============================================================================

Notes:
[1] Standard Errors assume that the covariance matrix of the errors is correctly specified.
Urban-rural boundary edge for Hubei-Ezhou: 62.79 km
ezhou hubei
Average internal radius gap: 57.33 km
Welfare loss: 52882.37, Loss ratio: 83.36%
