Fitted model for Jiangsu-Changzhou:
                            OLS Regression Results                            
==============================================================================
Dep. Variable:             land_price   R-squared:                       0.086
Model:                            OLS   Adj. R-squared:                  0.086
Method:                 Least Squares   F-statistic:                     230.8
Date:                Fri, 30 May 2025   Prob (F-statistic):           6.87e-50
Time:                        13:25:36   Log-Likelihood:                -22773.
No. Observations:                2450   AIC:                         4.555e+04
Df Residuals:                    2448   BIC:                         4.556e+04
Df Model:                           1                                         
Covariance Type:            nonrobust                                         
==============================================================================
                 coef    std err          t      P>|t|      [0.025      0.975]
------------------------------------------------------------------------------
const       5440.2722     66.949     81.260      0.000    5308.990    5571.554
dist         -37.6185      2.476    -15.193      0.000     -42.474     -32.763
==============================================================================
Omnibus:                      959.461   Durbin-Watson:                   1.201
Prob(Omnibus):                  0.000   Jarque-Bera (JB):             3856.154
Skew:                           1.910   Prob(JB):                         0.00
Kurtosis:                       7.815   Cond. No.                         34.0
==============================================================================

Notes:
[1] Standard Errors assume that the covariance matrix of the errors is correctly specified.
Urban-rural boundary edge for Jiangsu-Changzhou: 143.21 km
changzhou jiangsu
Average internal radius gap: 127.07 km
Welfare loss: 303729.46, Loss ratio: 78.73%
