Fitted model for Shanxi-Changzhi:
                            OLS Regression Results                            
==============================================================================
Dep. Variable:             land_price   R-squared:                       0.059
Model:                            OLS   Adj. R-squared:                  0.058
Method:                 Least Squares   F-statistic:                     50.81
Date:                Fri, 30 May 2025   Prob (F-statistic):           2.25e-12
Time:                        19:15:53   Log-Likelihood:                -6257.6
No. Observations:                 814   AIC:                         1.252e+04
Df Residuals:                     812   BIC:                         1.253e+04
Df Model:                           1                                         
Covariance Type:            nonrobust                                         
==============================================================================
                 coef    std err          t      P>|t|      [0.025      0.975]
------------------------------------------------------------------------------
const       2758.3586     40.713     67.751      0.000    2678.443    2838.274
dist         -76.4175     10.721     -7.128      0.000     -97.461     -55.374
==============================================================================
Omnibus:                       18.093   Durbin-Watson:                   1.758
Prob(Omnibus):                  0.000   Jarque-Bera (JB):               35.737
Skew:                          -0.019   Prob(JB):                     1.74e-08
Kurtosis:                       4.026   Cond. No.                         8.81
==============================================================================

Notes:
[1] Standard Errors assume that the covariance matrix of the errors is correctly specified.
Urban-rural boundary edge for Shanxi-Changzhi: 35.98 km
changzhi shanxi
Average internal radius gap: 27.76 km
Welfare loss: 29443.73, Loss ratio: 59.52%
