Fitted model for Tianjin-Binhaixin:
                            OLS Regression Results                            
==============================================================================
Dep. Variable:             land_price   R-squared:                       0.250
Model:                            OLS   Adj. R-squared:                  0.249
Method:                 Least Squares   F-statistic:                     374.3
Date:                Fri, 30 May 2025   Prob (F-statistic):           3.37e-72
Time:                        19:15:46   Log-Likelihood:                -9926.6
No. Observations:                1126   AIC:                         1.986e+04
Df Residuals:                    1124   BIC:                         1.987e+04
Df Model:                           1                                         
Covariance Type:            nonrobust                                         
==============================================================================
                 coef    std err          t      P>|t|      [0.025      0.975]
------------------------------------------------------------------------------
const       5108.7946     66.585     76.725      0.000    4978.149    5239.441
dist         -79.5265      4.111    -19.346      0.000     -87.592     -71.461
==============================================================================
Omnibus:                      696.528   Durbin-Watson:                   1.373
Prob(Omnibus):                  0.000   Jarque-Bera (JB):            13254.411
Skew:                           2.497   Prob(JB):                         0.00
Kurtosis:                      19.049   Cond. No.                         22.2
==============================================================================

Notes:
[1] Standard Errors assume that the covariance matrix of the errors is correctly specified.
Urban-rural boundary edge for Tianjin-Binhaixin: 64.01 km
binhaixin tianjin
Fallback: matched by province name: tianjin2020_new_Urb.shp
Average internal radius gap: 26.13 km
Welfare loss: 27149.25, Loss ratio: 16.66%
