Fitted model for Liaoning-Fuxin:
                            OLS Regression Results                            
==============================================================================
Dep. Variable:             land_price   R-squared:                       0.013
Model:                            OLS   Adj. R-squared:                  0.010
Method:                 Least Squares   F-statistic:                     4.926
Date:                Fri, 30 May 2025   Prob (F-statistic):             0.0270
Time:                        13:55:45   Log-Likelihood:                -2885.1
No. Observations:                 391   AIC:                             5774.
Df Residuals:                     389   BIC:                             5782.
Df Model:                           1                                         
Covariance Type:            nonrobust                                         
==============================================================================
                 coef    std err          t      P>|t|      [0.025      0.975]
------------------------------------------------------------------------------
const       1196.9162     42.435     28.206      0.000    1113.485    1280.347
dist         -38.8437     17.502     -2.219      0.027     -73.254      -4.433
==============================================================================
Omnibus:                       25.374   Durbin-Watson:                   1.337
Prob(Omnibus):                  0.000   Jarque-Bera (JB):               28.608
Skew:                           0.616   Prob(JB):                     6.13e-07
Kurtosis:                       3.490   Cond. No.                         5.96
==============================================================================

Notes:
[1] Standard Errors assume that the covariance matrix of the errors is correctly specified.
Urban-rural boundary edge for Liaoning-Fuxin: 30.50 km
fuxin liaoning
Average internal radius gap: 21.42 km
Welfare loss: 8913.42, Loss ratio: 49.33%
