Fitted model for Liaoning-Dalian:
                            OLS Regression Results                            
==============================================================================
Dep. Variable:             land_price   R-squared:                       0.283
Model:                            OLS   Adj. R-squared:                  0.283
Method:                 Least Squares   F-statistic:                     1824.
Date:                Fri, 30 May 2025   Prob (F-statistic):               0.00
Time:                        11:07:24   Log-Likelihood:                -41897.
No. Observations:                4613   AIC:                         8.380e+04
Df Residuals:                    4611   BIC:                         8.381e+04
Df Model:                           1                                         
Covariance Type:            nonrobust                                         
==============================================================================
                 coef    std err          t      P>|t|      [0.025      0.975]
------------------------------------------------------------------------------
const       5718.5910     37.974    150.591      0.000    5644.143    5793.039
dist         -32.6541      0.765    -42.712      0.000     -34.153     -31.155
==============================================================================
Omnibus:                     2316.385   Durbin-Watson:                   1.503
Prob(Omnibus):                  0.000   Jarque-Bera (JB):            22374.650
Skew:                           2.187   Prob(JB):                         0.00
Kurtosis:                      12.863   Cond. No.                         60.2
==============================================================================

Notes:
[1] Standard Errors assume that the covariance matrix of the errors is correctly specified.
Urban-rural boundary edge for Liaoning-Dalian: 174.57 km
Average internal radius gap: 152.36 km
Welfare loss: 379012.03, Loss ratio: 76.17%
