Fitted model for Sichuan-Nanchong:
                            OLS Regression Results                            
==============================================================================
Dep. Variable:             land_price   R-squared:                       0.000
Model:                            OLS   Adj. R-squared:                 -0.000
Method:                 Least Squares   F-statistic:                    0.2449
Date:                Fri, 30 May 2025   Prob (F-statistic):              0.621
Time:                        13:56:19   Log-Likelihood:                -16058.
No. Observations:                2162   AIC:                         3.212e+04
Df Residuals:                    2160   BIC:                         3.213e+04
Df Model:                           1                                         
Covariance Type:            nonrobust                                         
==============================================================================
                 coef    std err          t      P>|t|      [0.025      0.975]
------------------------------------------------------------------------------
const       1539.8638     21.257     72.442      0.000    1498.178    1581.549
dist          -2.1199      4.284     -0.495      0.621     -10.521       6.281
==============================================================================
Omnibus:                      439.321   Durbin-Watson:                   1.444
Prob(Omnibus):                  0.000   Jarque-Bera (JB):              937.863
Skew:                           1.165   Prob(JB):                    2.22e-204
Kurtosis:                       5.233   Cond. No.                         12.5
==============================================================================

Notes:
[1] Standard Errors assume that the covariance matrix of the errors is correctly specified.
Urban-rural boundary edge for Sichuan-Nanchong: 714.08 km
nanchong sichuan
Average internal radius gap: 707.08 km
Welfare loss: 529930.65, Loss ratio: 98.05%
