Fitted model for Chongqing-Yubei:
                            OLS Regression Results                            
==============================================================================
Dep. Variable:             land_price   R-squared:                       0.152
Model:                            OLS   Adj. R-squared:                  0.151
Method:                 Least Squares   F-statistic:                     349.6
Date:                Fri, 30 May 2025   Prob (F-statistic):           6.63e-72
Time:                        19:15:45   Log-Likelihood:                -17104.
No. Observations:                1959   AIC:                         3.421e+04
Df Residuals:                    1957   BIC:                         3.422e+04
Df Model:                           1                                         
Covariance Type:            nonrobust                                         
==============================================================================
                 coef    std err          t      P>|t|      [0.025      0.975]
------------------------------------------------------------------------------
const       5330.5251     89.442     59.598      0.000    5155.114    5505.936
dist        -214.5231     11.474    -18.697      0.000    -237.025    -192.021
==============================================================================
Omnibus:                     1063.739   Durbin-Watson:                   1.133
Prob(Omnibus):                  0.000   Jarque-Bera (JB):            16270.902
Skew:                           2.206   Prob(JB):                         0.00
Kurtosis:                      16.412   Cond. No.                         20.9
==============================================================================

Notes:
[1] Standard Errors assume that the covariance matrix of the errors is correctly specified.
Urban-rural boundary edge for Chongqing-Yubei: 24.71 km
yubei chongqing
Fallback: matched by province name: chongqing2020_new_Urb.shp
Average internal radius gap: 10.44 km
Welfare loss: 11695.18, Loss ratio: 17.85%
