Fitted model for Jiangxi-Jingdezhen:
                            OLS Regression Results                            
==============================================================================
Dep. Variable:             land_price   R-squared:                       0.031
Model:                            OLS   Adj. R-squared:                  0.030
Method:                 Least Squares   F-statistic:                     24.91
Date:                Fri, 30 May 2025   Prob (F-statistic):           7.42e-07
Time:                        13:25:36   Log-Likelihood:                -5712.8
No. Observations:                 779   AIC:                         1.143e+04
Df Residuals:                     777   BIC:                         1.144e+04
Df Model:                           1                                         
Covariance Type:            nonrobust                                         
==============================================================================
                 coef    std err          t      P>|t|      [0.025      0.975]
------------------------------------------------------------------------------
const       1954.5939     27.079     72.182      0.000    1901.438    2007.750
dist          -4.3353      0.869     -4.991      0.000      -6.040      -2.630
==============================================================================
Omnibus:                       62.987   Durbin-Watson:                   1.793
Prob(Omnibus):                  0.000   Jarque-Bera (JB):              124.764
Skew:                           0.510   Prob(JB):                     8.09e-28
Kurtosis:                       4.675   Cond. No.                         63.6
==============================================================================

Notes:
[1] Standard Errors assume that the covariance matrix of the errors is correctly specified.
Urban-rural boundary edge for Jiangxi-Jingdezhen: 446.97 km
jingdezhen jiangxi
Average internal radius gap: 406.33 km
Welfare loss: 357891.82, Loss ratio: 82.64%
