Fitted model for Tianjin-Nankai:
                            OLS Regression Results                            
==============================================================================
Dep. Variable:             land_price   R-squared:                       0.015
Model:                            OLS   Adj. R-squared:                  0.013
Method:                 Least Squares   F-statistic:                     10.16
Date:                Fri, 30 May 2025   Prob (F-statistic):            0.00150
Time:                        13:56:36   Log-Likelihood:                -6445.7
No. Observations:                 690   AIC:                         1.290e+04
Df Residuals:                     688   BIC:                         1.290e+04
Df Model:                           1                                         
Covariance Type:            nonrobust                                         
==============================================================================
                 coef    std err          t      P>|t|      [0.025      0.975]
------------------------------------------------------------------------------
const       1.049e+04    263.299     39.847      0.000    9974.742     1.1e+04
dist        -236.0978     74.063     -3.188      0.001    -381.515     -90.680
==============================================================================
Omnibus:                      211.903   Durbin-Watson:                   1.580
Prob(Omnibus):                  0.000   Jarque-Bera (JB):              893.621
Skew:                           1.358   Prob(JB):                    8.97e-195
Kurtosis:                       7.869   Cond. No.                         9.50
==============================================================================

Notes:
[1] Standard Errors assume that the covariance matrix of the errors is correctly specified.
Urban-rural boundary edge for Tianjin-Nankai: 44.41 km
nankai tianjin
Fallback: matched by province name: tianjin2020_new_Urb.shp
Average internal radius gap: 15.82 km
Welfare loss: 29545.29, Loss ratio: 12.69%
