Fitted model for Hubei-Suizhou:
                            OLS Regression Results                            
==============================================================================
Dep. Variable:             land_price   R-squared:                       0.216
Model:                            OLS   Adj. R-squared:                  0.200
Method:                 Least Squares   F-statistic:                     14.02
Date:                Fri, 30 May 2025   Prob (F-statistic):           0.000461
Time:                        11:01:53   Log-Likelihood:                -359.53
No. Observations:                  53   AIC:                             723.1
Df Residuals:                      51   BIC:                             727.0
Df Model:                           1                                         
Covariance Type:            nonrobust                                         
==============================================================================
                 coef    std err          t      P>|t|      [0.025      0.975]
------------------------------------------------------------------------------
const       1889.5180     59.976     31.504      0.000    1769.110    2009.926
dist         -70.5322     18.837     -3.744      0.000    -108.348     -32.716
==============================================================================
Omnibus:                       39.151   Durbin-Watson:                   1.926
Prob(Omnibus):                  0.000   Jarque-Bera (JB):              131.147
Skew:                          -2.000   Prob(JB):                     3.32e-29
Kurtosis:                       9.586   Cond. No.                         6.86
==============================================================================

Notes:
[1] Standard Errors assume that the covariance matrix of the errors is correctly specified.
Urban-rural boundary edge for Hubei-Suizhou: 26.41 km
Average internal radius gap: 20.21 km
Welfare loss: 14400.49, Loss ratio: 58.57%
