Fitted model for Chongqing-Dadukou:
                            OLS Regression Results                            
==============================================================================
Dep. Variable:             land_price   R-squared:                       0.012
Model:                            OLS   Adj. R-squared:                  0.008
Method:                 Least Squares   F-statistic:                     3.092
Date:                Fri, 30 May 2025   Prob (F-statistic):             0.0799
Time:                        12:11:20   Log-Likelihood:                -2117.1
No. Observations:                 263   AIC:                             4238.
Df Residuals:                     261   BIC:                             4245.
Df Model:                           1                                         
Covariance Type:            nonrobust                                         
==============================================================================
                 coef    std err          t      P>|t|      [0.025      0.975]
------------------------------------------------------------------------------
const       3163.4525     79.208     39.938      0.000    3007.484    3319.421
dist         -33.9377     19.301     -1.758      0.080     -71.942       4.067
==============================================================================
Omnibus:                        3.647   Durbin-Watson:                   1.689
Prob(Omnibus):                  0.161   Jarque-Bera (JB):                3.619
Skew:                           0.286   Prob(JB):                        0.164
Kurtosis:                       2.945   Cond. No.                         7.20
==============================================================================

Notes:
[1] Standard Errors assume that the covariance matrix of the errors is correctly specified.
Urban-rural boundary edge for Chongqing-Dadukou: 92.19 km
dadukou chongqing
Fallback: matched by province name: chongqing2020_new_Urb.shp
Average internal radius gap: 68.83 km
Welfare loss: 80387.36, Loss ratio: 55.74%
