Fitted model for Hubei-Ezhou:
                            OLS Regression Results                            
==============================================================================
Dep. Variable:             land_price   R-squared:                       0.008
Model:                            OLS   Adj. R-squared:                  0.007
Method:                 Least Squares   F-statistic:                     10.73
Date:                Fri, 30 May 2025   Prob (F-statistic):            0.00108
Time:                        13:25:09   Log-Likelihood:                -10334.
No. Observations:                1413   AIC:                         2.067e+04
Df Residuals:                    1411   BIC:                         2.068e+04
Df Model:                           1                                         
Covariance Type:            nonrobust                                         
==============================================================================
                 coef    std err          t      P>|t|      [0.025      0.975]
------------------------------------------------------------------------------
const       1574.1316     11.200    140.548      0.000    1552.161    1596.102
dist          -7.2660      2.218     -3.276      0.001     -11.616      -2.915
==============================================================================
Omnibus:                      175.053   Durbin-Watson:                   1.650
Prob(Omnibus):                  0.000   Jarque-Bera (JB):              261.245
Skew:                           0.884   Prob(JB):                     1.87e-57
Kurtosis:                       4.146   Cond. No.                         5.91
==============================================================================

Notes:
[1] Standard Errors assume that the covariance matrix of the errors is correctly specified.
Urban-rural boundary edge for Hubei-Ezhou: 210.95 km
ezhou hubei
Average internal radius gap: 205.49 km
Welfare loss: 153406.14, Loss ratio: 94.89%
