Fitted model for Hubei-Shiyan:
                            OLS Regression Results                            
==============================================================================
Dep. Variable:             land_price   R-squared:                       0.212
Model:                            OLS   Adj. R-squared:                  0.211
Method:                 Least Squares   F-statistic:                     235.1
Date:                Fri, 30 May 2025   Prob (F-statistic):           3.54e-47
Time:                        13:56:19   Log-Likelihood:                -6543.7
No. Observations:                 878   AIC:                         1.309e+04
Df Residuals:                     876   BIC:                         1.310e+04
Df Model:                           1                                         
Covariance Type:            nonrobust                                         
==============================================================================
                 coef    std err          t      P>|t|      [0.025      0.975]
------------------------------------------------------------------------------
const       2111.4015     26.677     79.146      0.000    2059.043    2163.760
dist         -94.8951      6.189    -15.332      0.000    -107.043     -82.747
==============================================================================
Omnibus:                      136.214   Durbin-Watson:                   1.752
Prob(Omnibus):                  0.000   Jarque-Bera (JB):              327.258
Skew:                           0.838   Prob(JB):                     8.65e-72
Kurtosis:                       5.477   Cond. No.                         8.47
==============================================================================

Notes:
[1] Standard Errors assume that the covariance matrix of the errors is correctly specified.
Urban-rural boundary edge for Hubei-Shiyan: 22.20 km
shiyan hubei
Average internal radius gap: 13.70 km
Welfare loss: 8910.00, Loss ratio: 38.10%
