Fitted model for Jilin-Baishan:
                            OLS Regression Results                            
==============================================================================
Dep. Variable:             land_price   R-squared:                       0.096
Model:                            OLS   Adj. R-squared:                  0.091
Method:                 Least Squares   F-statistic:                     20.40
Date:                Fri, 30 May 2025   Prob (F-statistic):           1.10e-05
Time:                        19:15:49   Log-Likelihood:                -1412.3
No. Observations:                 194   AIC:                             2829.
Df Residuals:                     192   BIC:                             2835.
Df Model:                           1                                         
Covariance Type:            nonrobust                                         
==============================================================================
                 coef    std err          t      P>|t|      [0.025      0.975]
------------------------------------------------------------------------------
const       1541.6785     56.518     27.278      0.000    1430.203    1653.154
dist        -121.6517     26.935     -4.517      0.000    -174.777     -68.526
==============================================================================
Omnibus:                       16.528   Durbin-Watson:                   1.570
Prob(Omnibus):                  0.000   Jarque-Bera (JB):               23.620
Skew:                           0.527   Prob(JB):                     7.43e-06
Kurtosis:                       4.345   Cond. No.                         5.57
==============================================================================

Notes:
[1] Standard Errors assume that the covariance matrix of the errors is correctly specified.
Urban-rural boundary edge for Jilin-Baishan: 12.66 km
baishan jilin
Average internal radius gap: 6.19 km
Welfare loss: 2331.13, Loss ratio: 23.92%
