Fitted model for Zhejiang-Shaoxing:
                            OLS Regression Results                            
==============================================================================
Dep. Variable:             land_price   R-squared:                       0.191
Model:                            OLS   Adj. R-squared:                  0.191
Method:                 Least Squares   F-statistic:                     1217.
Date:                Fri, 30 May 2025   Prob (F-statistic):          1.10e-239
Time:                        13:56:22   Log-Likelihood:                -46821.
No. Observations:                5163   AIC:                         9.365e+04
Df Residuals:                    5161   BIC:                         9.366e+04
Df Model:                           1                                         
Covariance Type:            nonrobust                                         
==============================================================================
                 coef    std err          t      P>|t|      [0.025      0.975]
------------------------------------------------------------------------------
const       5967.0294     50.632    117.852      0.000    5867.770    6066.289
dist         -56.7467      1.626    -34.892      0.000     -59.935     -53.558
==============================================================================
Omnibus:                     6657.453   Durbin-Watson:                   1.693
Prob(Omnibus):                  0.000   Jarque-Bera (JB):          5100144.011
Skew:                           6.535   Prob(JB):                         0.00
Kurtosis:                     156.418   Cond. No.                         54.0
==============================================================================

Notes:
[1] Standard Errors assume that the covariance matrix of the errors is correctly specified.
Urban-rural boundary edge for Zhejiang-Shaoxing: 104.68 km
shaoxing zhejiang
Average internal radius gap: 92.28 km
Welfare loss: 241629.83, Loss ratio: 77.71%
