Fitted model for Zhejiang-Shaoxing:
                            OLS Regression Results                            
==============================================================================
Dep. Variable:             land_price   R-squared:                       0.178
Model:                            OLS   Adj. R-squared:                  0.178
Method:                 Least Squares   F-statistic:                     1001.
Date:                Fri, 30 May 2025   Prob (F-statistic):          4.59e-199
Time:                        12:11:20   Log-Likelihood:                -41889.
No. Observations:                4613   AIC:                         8.378e+04
Df Residuals:                    4611   BIC:                         8.379e+04
Df Model:                           1                                         
Covariance Type:            nonrobust                                         
==============================================================================
                 coef    std err          t      P>|t|      [0.025      0.975]
------------------------------------------------------------------------------
const       5976.0396     53.837    111.002      0.000    5870.493    6081.586
dist         -55.2054      1.745    -31.645      0.000     -58.626     -51.785
==============================================================================
Omnibus:                     6167.081   Durbin-Watson:                   1.746
Prob(Omnibus):                  0.000   Jarque-Bera (JB):          5166402.866
Skew:                           6.985   Prob(JB):                         0.00
Kurtosis:                     166.352   Cond. No.                         53.1
==============================================================================

Notes:
[1] Standard Errors assume that the covariance matrix of the errors is correctly specified.
Urban-rural boundary edge for Zhejiang-Shaoxing: 107.77 km
shaoxing zhejiang
Average internal radius gap: 95.37 km
Welfare loss: 251050.65, Loss ratio: 78.31%
