Fitted model for Jiangxi-Nanchang:
                            OLS Regression Results                            
==============================================================================
Dep. Variable:             land_price   R-squared:                       0.005
Model:                            OLS   Adj. R-squared:                  0.004
Method:                 Least Squares   F-statistic:                     17.97
Date:                Fri, 30 May 2025   Prob (F-statistic):           2.30e-05
Time:                        13:56:37   Log-Likelihood:                -33777.
No. Observations:                3915   AIC:                         6.756e+04
Df Residuals:                    3913   BIC:                         6.757e+04
Df Model:                           1                                         
Covariance Type:            nonrobust                                         
==============================================================================
                 coef    std err          t      P>|t|      [0.025      0.975]
------------------------------------------------------------------------------
const       3615.7571     45.501     79.465      0.000    3526.548    3704.966
dist         -23.3371      5.505     -4.239      0.000     -34.131     -12.543
==============================================================================
Omnibus:                     4006.349   Durbin-Watson:                   1.420
Prob(Omnibus):                  0.000   Jarque-Bera (JB):           491287.071
Skew:                           4.762   Prob(JB):                         0.00
Kurtosis:                      57.046   Cond. No.                         17.6
==============================================================================

Notes:
[1] Standard Errors assume that the covariance matrix of the errors is correctly specified.
Urban-rural boundary edge for Jiangxi-Nanchang: 153.35 km
nanchang jiangxi
Average internal radius gap: 139.34 km
Welfare loss: 226549.97, Loss ratio: 82.57%
