Fitted model for Shandong-Rizhao:
                            OLS Regression Results                            
==============================================================================
Dep. Variable:             land_price   R-squared:                       0.272
Model:                            OLS   Adj. R-squared:                  0.272
Method:                 Least Squares   F-statistic:                     406.5
Date:                Fri, 30 May 2025   Prob (F-statistic):           4.90e-77
Time:                        11:07:23   Log-Likelihood:                -9241.9
No. Observations:                1088   AIC:                         1.849e+04
Df Residuals:                    1086   BIC:                         1.850e+04
Df Model:                           1                                         
Covariance Type:            nonrobust                                         
==============================================================================
                 coef    std err          t      P>|t|      [0.025      0.975]
------------------------------------------------------------------------------
const       4537.9009     85.060     53.349      0.000    4371.000    4704.802
dist        -269.6706     13.376    -20.161      0.000    -295.916    -243.425
==============================================================================
Omnibus:                      446.890   Durbin-Watson:                   1.698
Prob(Omnibus):                  0.000   Jarque-Bera (JB):             3124.228
Skew:                           1.733   Prob(JB):                         0.00
Kurtosis:                      10.543   Cond. No.                         15.4
==============================================================================

Notes:
[1] Standard Errors assume that the covariance matrix of the errors is correctly specified.
Urban-rural boundary edge for Shandong-Rizhao: 16.69 km
Average internal radius gap: 7.48 km
Welfare loss: 7537.65, Loss ratio: 20.07%
