Fitted model for Guangdong-Foshan:
                            OLS Regression Results                            
==============================================================================
Dep. Variable:             land_price   R-squared:                       0.067
Model:                            OLS   Adj. R-squared:                  0.067
Method:                 Least Squares   F-statistic:                     329.4
Date:                Fri, 30 May 2025   Prob (F-statistic):           3.98e-71
Time:                        13:25:37   Log-Likelihood:                -42116.
No. Observations:                4570   AIC:                         8.424e+04
Df Residuals:                    4568   BIC:                         8.425e+04
Df Model:                           1                                         
Covariance Type:            nonrobust                                         
==============================================================================
                 coef    std err          t      P>|t|      [0.025      0.975]
------------------------------------------------------------------------------
const       5391.4608    100.002     53.913      0.000    5195.408    5587.514
dist         -86.2574      4.753    -18.148      0.000     -95.576     -76.939
==============================================================================
Omnibus:                     2465.999   Durbin-Watson:                   1.256
Prob(Omnibus):                  0.000   Jarque-Bera (JB):            20234.871
Skew:                           2.474   Prob(JB):                         0.00
Kurtosis:                      12.043   Cond. No.                         58.6
==============================================================================

Notes:
[1] Standard Errors assume that the covariance matrix of the errors is correctly specified.
Urban-rural boundary edge for Guangdong-Foshan: 62.23 km
foshan guangdong
Average internal radius gap: 34.64 km
Welfare loss: 51764.59, Loss ratio: 30.99%
