Fitted model for Yunnan-Qujing:
                            OLS Regression Results                            
==============================================================================
Dep. Variable:             land_price   R-squared:                       0.135
Model:                            OLS   Adj. R-squared:                  0.134
Method:                 Least Squares   F-statistic:                     164.8
Date:                Fri, 30 May 2025   Prob (F-statistic):           3.76e-35
Time:                        19:16:45   Log-Likelihood:                -8172.3
No. Observations:                1058   AIC:                         1.635e+04
Df Residuals:                    1056   BIC:                         1.636e+04
Df Model:                           1                                         
Covariance Type:            nonrobust                                         
==============================================================================
                 coef    std err          t      P>|t|      [0.025      0.975]
------------------------------------------------------------------------------
const       1887.6520     20.305     92.965      0.000    1847.809    1927.495
dist          -6.1886      0.482    -12.836      0.000      -7.135      -5.243
==============================================================================
Omnibus:                      442.786   Durbin-Watson:                   1.813
Prob(Omnibus):                  0.000   Jarque-Bera (JB):             2334.207
Skew:                           1.882   Prob(JB):                         0.00
Kurtosis:                       9.228   Cond. No.                         50.8
==============================================================================

Notes:
[1] Standard Errors assume that the covariance matrix of the errors is correctly specified.
Urban-rural boundary edge for Yunnan-Qujing: 302.78 km
qujing yunnan
Average internal radius gap: 292.11 km
Welfare loss: 264026.99, Loss ratio: 93.07%
