Fitted model for Liaoning-Liaoyang:
                            OLS Regression Results                            
==============================================================================
Dep. Variable:             land_price   R-squared:                       0.032
Model:                            OLS   Adj. R-squared:                  0.030
Method:                 Least Squares   F-statistic:                     15.05
Date:                Fri, 30 May 2025   Prob (F-statistic):           0.000120
Time:                        13:56:19   Log-Likelihood:                -3295.2
No. Observations:                 451   AIC:                             6594.
Df Residuals:                     449   BIC:                             6603.
Df Model:                           1                                         
Covariance Type:            nonrobust                                         
==============================================================================
                 coef    std err          t      P>|t|      [0.025      0.975]
------------------------------------------------------------------------------
const       1333.3711     29.641     44.984      0.000    1275.119    1391.623
dist         -29.0995      7.500     -3.880      0.000     -43.839     -14.360
==============================================================================
Omnibus:                       82.345   Durbin-Watson:                   1.756
Prob(Omnibus):                  0.000   Jarque-Bera (JB):              211.364
Skew:                           0.901   Prob(JB):                     1.27e-46
Kurtosis:                       5.829   Cond. No.                         7.19
==============================================================================

Notes:
[1] Standard Errors assume that the covariance matrix of the errors is correctly specified.
Urban-rural boundary edge for Liaoning-Liaoyang: 45.12 km
liaoyang liaoning
Average internal radius gap: 34.46 km
Welfare loss: 17281.02, Loss ratio: 58.34%
