Fitted model for Hebei-Qinhuangdao:
                            OLS Regression Results                            
==============================================================================
Dep. Variable:             land_price   R-squared:                       0.032
Model:                            OLS   Adj. R-squared:                  0.032
Method:                 Least Squares   F-statistic:                     61.95
Date:                Fri, 30 May 2025   Prob (F-statistic):           5.96e-15
Time:                        13:25:23   Log-Likelihood:                -17101.
No. Observations:                1852   AIC:                         3.421e+04
Df Residuals:                    1850   BIC:                         3.422e+04
Df Model:                           1                                         
Covariance Type:            nonrobust                                         
==============================================================================
                 coef    std err          t      P>|t|      [0.025      0.975]
------------------------------------------------------------------------------
const       4380.3542    123.653     35.425      0.000    4137.841    4622.867
dist        -232.2855     29.513     -7.871      0.000    -290.168    -174.403
==============================================================================
Omnibus:                     3576.790   Durbin-Watson:                   2.033
Prob(Omnibus):                  0.000   Jarque-Bera (JB):          7987140.504
Skew:                          14.519   Prob(JB):                         0.00
Kurtosis:                     323.409   Cond. No.                         9.40
==============================================================================

Notes:
[1] Standard Errors assume that the covariance matrix of the errors is correctly specified.
Urban-rural boundary edge for Hebei-Qinhuangdao: 18.77 km
qinhuangdao hebei
Average internal radius gap: 7.27 km
Welfare loss: 6131.76, Loss ratio: 14.99%
