Fitted model for Sichuan-Nanchong:
                            OLS Regression Results                            
==============================================================================
Dep. Variable:             land_price   R-squared:                       0.000
Model:                            OLS   Adj. R-squared:                 -0.001
Method:                 Least Squares   F-statistic:                  0.001632
Date:                Fri, 30 May 2025   Prob (F-statistic):              0.968
Time:                        11:01:22   Log-Likelihood:                -13990.
No. Observations:                1883   AIC:                         2.798e+04
Df Residuals:                    1881   BIC:                         2.800e+04
Df Model:                           1                                         
Covariance Type:            nonrobust                                         
==============================================================================
                 coef    std err          t      P>|t|      [0.025      0.975]
------------------------------------------------------------------------------
const       1561.7893     22.466     69.518      0.000    1517.729    1605.850
dist          -0.1811      4.484     -0.040      0.968      -8.976       8.614
==============================================================================
Omnibus:                      305.470   Durbin-Watson:                   1.462
Prob(Omnibus):                  0.000   Jarque-Bera (JB):              553.653
Skew:                           1.012   Prob(JB):                    5.97e-121
Kurtosis:                       4.720   Cond. No.                         12.4
==============================================================================

Notes:
[1] Standard Errors assume that the covariance matrix of the errors is correctly specified.
Urban-rural boundary edge for Sichuan-Nanchong: 8477.93 km
Average internal radius gap: 8470.93 km
Welfare loss: 6499018.36, Loss ratio: 99.83%
