Fitted model for Anhui-Xuancheng:
                            OLS Regression Results                            
==============================================================================
Dep. Variable:             land_price   R-squared:                       0.074
Model:                            OLS   Adj. R-squared:                  0.073
Method:                 Least Squares   F-statistic:                     56.56
Date:                Fri, 30 May 2025   Prob (F-statistic):           1.66e-13
Time:                        19:15:45   Log-Likelihood:                -5459.2
No. Observations:                 709   AIC:                         1.092e+04
Df Residuals:                     707   BIC:                         1.093e+04
Df Model:                           1                                         
Covariance Type:            nonrobust                                         
==============================================================================
                 coef    std err          t      P>|t|      [0.025      0.975]
------------------------------------------------------------------------------
const       2558.5713     35.267     72.548      0.000    2489.330    2627.812
dist          -8.9615      1.192     -7.521      0.000     -11.301      -6.622
==============================================================================
Omnibus:                      296.180   Durbin-Watson:                   1.949
Prob(Omnibus):                  0.000   Jarque-Bera (JB):             2639.381
Skew:                           1.633   Prob(JB):                         0.00
Kurtosis:                      11.870   Cond. No.                         52.0
==============================================================================

Notes:
[1] Standard Errors assume that the covariance matrix of the errors is correctly specified.
Urban-rural boundary edge for Anhui-Xuancheng: 283.05 km
xuancheng anhui
Average internal radius gap: 271.11 km
Welfare loss: 329347.24, Loss ratio: 91.75%
