Fitted model for Shanghai-Qingpu:
                            OLS Regression Results                            
==============================================================================
Dep. Variable:             land_price   R-squared:                       0.265
Model:                            OLS   Adj. R-squared:                  0.264
Method:                 Least Squares   F-statistic:                     273.2
Date:                Fri, 30 May 2025   Prob (F-statistic):           1.23e-52
Time:                        19:15:45   Log-Likelihood:                -7562.7
No. Observations:                 759   AIC:                         1.513e+04
Df Residuals:                     757   BIC:                         1.514e+04
Df Model:                           1                                         
Covariance Type:            nonrobust                                         
==============================================================================
                 coef    std err          t      P>|t|      [0.025      0.975]
------------------------------------------------------------------------------
const       1.626e+04    385.048     42.223      0.000    1.55e+04     1.7e+04
dist        -499.5565     30.222    -16.530      0.000    -558.885    -440.228
==============================================================================
Omnibus:                      105.682   Durbin-Watson:                   1.140
Prob(Omnibus):                  0.000   Jarque-Bera (JB):              172.459
Skew:                           0.899   Prob(JB):                     3.56e-38
Kurtosis:                       4.489   Cond. No.                         26.4
==============================================================================

Notes:
[1] Standard Errors assume that the covariance matrix of the errors is correctly specified.
Urban-rural boundary edge for Shanghai-Qingpu: 32.38 km
qingpu shanghai
Fallback: matched by province name: shanghai2020_new_Urb.shp
Average internal radius gap: 11.61 km
Welfare loss: 33687.34, Loss ratio: 12.86%
