Fitted model for Hubei-Xiaogan:
                            OLS Regression Results                            
==============================================================================
Dep. Variable:             land_price   R-squared:                       0.047
Model:                            OLS   Adj. R-squared:                  0.047
Method:                 Least Squares   F-statistic:                     68.60
Date:                Fri, 30 May 2025   Prob (F-statistic):           2.83e-16
Time:                        13:25:24   Log-Likelihood:                -10426.
No. Observations:                1378   AIC:                         2.086e+04
Df Residuals:                    1376   BIC:                         2.087e+04
Df Model:                           1                                         
Covariance Type:            nonrobust                                         
==============================================================================
                 coef    std err          t      P>|t|      [0.025      0.975]
------------------------------------------------------------------------------
const       1554.8995     18.788     82.760      0.000    1518.043    1591.756
dist          -6.3042      0.761     -8.282      0.000      -7.797      -4.811
==============================================================================
Omnibus:                      325.458   Durbin-Watson:                   1.582
Prob(Omnibus):                  0.000   Jarque-Bera (JB):              875.863
Skew:                           1.224   Prob(JB):                    6.44e-191
Kurtosis:                       6.043   Cond. No.                         36.8
==============================================================================

Notes:
[1] Standard Errors assume that the covariance matrix of the errors is correctly specified.
Urban-rural boundary edge for Hubei-Xiaogan: 238.97 km
xiaogan hubei
Average internal radius gap: 231.07 km
Welfare loss: 168302.15, Loss ratio: 93.49%
