Fitted model for Guangxi-Laibin:
                            OLS Regression Results                            
==============================================================================
Dep. Variable:             land_price   R-squared:                       0.010
Model:                            OLS   Adj. R-squared:                  0.006
Method:                 Least Squares   F-statistic:                     2.436
Date:                Fri, 30 May 2025   Prob (F-statistic):              0.120
Time:                        13:25:26   Log-Likelihood:                -1696.4
No. Observations:                 239   AIC:                             3397.
Df Residuals:                     237   BIC:                             3404.
Df Model:                           1                                         
Covariance Type:            nonrobust                                         
==============================================================================
                 coef    std err          t      P>|t|      [0.025      0.975]
------------------------------------------------------------------------------
const       1110.1794     44.336     25.040      0.000    1022.837    1197.522
dist          27.9541     17.910      1.561      0.120      -7.328      63.236
==============================================================================
Omnibus:                        2.473   Durbin-Watson:                   1.150
Prob(Omnibus):                  0.290   Jarque-Bera (JB):                2.115
Skew:                           0.198   Prob(JB):                        0.347
Kurtosis:                       3.235   Cond. No.                         6.56
==============================================================================

Notes:
[1] Standard Errors assume that the covariance matrix of the errors is correctly specified.
Could not determine urban-rural boundary edge.
