Fitted model for Heilongjiang-Haerbin:
                            OLS Regression Results                            
==============================================================================
Dep. Variable:             land_price   R-squared:                       0.075
Model:                            OLS   Adj. R-squared:                  0.074
Method:                 Least Squares   F-statistic:                     517.3
Date:                Fri, 30 May 2025   Prob (F-statistic):          3.28e-110
Time:                        11:07:24   Log-Likelihood:                -52922.
No. Observations:                6424   AIC:                         1.058e+05
Df Residuals:                    6422   BIC:                         1.059e+05
Df Model:                           1                                         
Covariance Type:            nonrobust                                         
==============================================================================
                 coef    std err          t      P>|t|      [0.025      0.975]
------------------------------------------------------------------------------
const       3589.5975     30.690    116.964      0.000    3529.436    3649.759
dist         -78.7740      3.463    -22.745      0.000     -85.563     -71.985
==============================================================================
Omnibus:                     3404.998   Durbin-Watson:                   1.358
Prob(Omnibus):                  0.000   Jarque-Bera (JB):            27069.183
Skew:                           2.439   Prob(JB):                         0.00
Kurtosis:                      11.794   Cond. No.                         24.1
==============================================================================

Notes:
[1] Standard Errors assume that the covariance matrix of the errors is correctly specified.
Urban-rural boundary edge for Heilongjiang-Haerbin: 45.44 km
Average internal radius gap: 0.00 km
Welfare loss: 0.00, Loss ratio: 0.00%
