Fitted model for Shandong-Weifang:
                            OLS Regression Results                            
==============================================================================
Dep. Variable:             land_price   R-squared:                       0.006
Model:                            OLS   Adj. R-squared:                  0.006
Method:                 Least Squares   F-statistic:                     38.92
Date:                Fri, 30 May 2025   Prob (F-statistic):           4.69e-10
Time:                        12:11:19   Log-Likelihood:                -51596.
No. Observations:                6504   AIC:                         1.032e+05
Df Residuals:                    6502   BIC:                         1.032e+05
Df Model:                           1                                         
Covariance Type:            nonrobust                                         
==============================================================================
                 coef    std err          t      P>|t|      [0.025      0.975]
------------------------------------------------------------------------------
const       2042.0803     14.886    137.185      0.000    2012.900    2071.261
dist          -1.9434      0.311     -6.239      0.000      -2.554      -1.333
==============================================================================
Omnibus:                     5353.206   Durbin-Watson:                   1.385
Prob(Omnibus):                  0.000   Jarque-Bera (JB):           377460.911
Skew:                           3.473   Prob(JB):                         0.00
Kurtosis:                      39.669   Cond. No.                         85.1
==============================================================================

Notes:
[1] Standard Errors assume that the covariance matrix of the errors is correctly specified.
Urban-rural boundary edge for Shandong-Weifang: 1028.05 km
weifang shandong
Average internal radius gap: 1013.03 km
Welfare loss: 997183.27, Loss ratio: 97.10%
