Fitted model for Hubei-Xiantao:
                            OLS Regression Results                            
==============================================================================
Dep. Variable:             land_price   R-squared:                       0.003
Model:                            OLS   Adj. R-squared:                  0.000
Method:                 Least Squares   F-statistic:                     1.227
Date:                Fri, 30 May 2025   Prob (F-statistic):              0.269
Time:                        13:56:21   Log-Likelihood:                -3379.9
No. Observations:                 461   AIC:                             6764.
Df Residuals:                     459   BIC:                             6772.
Df Model:                           1                                         
Covariance Type:            nonrobust                                         
==============================================================================
                 coef    std err          t      P>|t|      [0.025      0.975]
------------------------------------------------------------------------------
const       1295.8425     37.067     34.960      0.000    1223.001    1368.684
dist          14.7265     13.297      1.108      0.269     -11.404      40.857
==============================================================================
Omnibus:                       18.634   Durbin-Watson:                   1.961
Prob(Omnibus):                  0.000   Jarque-Bera (JB):               18.520
Skew:                           0.452   Prob(JB):                     9.52e-05
Kurtosis:                       2.616   Cond. No.                         6.61
==============================================================================

Notes:
[1] Standard Errors assume that the covariance matrix of the errors is correctly specified.
Could not determine urban-rural boundary edge.
