Fitted model for Beijing-Changping:
                            OLS Regression Results                            
==============================================================================
Dep. Variable:             land_price   R-squared:                       0.215
Model:                            OLS   Adj. R-squared:                  0.214
Method:                 Least Squares   F-statistic:                     248.9
Date:                Fri, 30 May 2025   Prob (F-statistic):           9.52e-50
Time:                        13:25:36   Log-Likelihood:                -8971.9
No. Observations:                 913   AIC:                         1.795e+04
Df Residuals:                     911   BIC:                         1.796e+04
Df Model:                           1                                         
Covariance Type:            nonrobust                                         
==============================================================================
                 coef    std err          t      P>|t|      [0.025      0.975]
------------------------------------------------------------------------------
const       1.509e+04    314.274     47.999      0.000    1.45e+04    1.57e+04
dist        -272.6667     17.284    -15.775      0.000    -306.589    -238.745
==============================================================================
Omnibus:                       11.383   Durbin-Watson:                   1.186
Prob(Omnibus):                  0.003   Jarque-Bera (JB):                7.266
Skew:                           0.019   Prob(JB):                       0.0264
Kurtosis:                       2.565   Cond. No.                         38.6
==============================================================================

Notes:
[1] Standard Errors assume that the covariance matrix of the errors is correctly specified.
Urban-rural boundary edge for Beijing-Changping: 55.27 km
changping beijing
Fallback: matched by province name: beijing2020_new_Urb.shp
Average internal radius gap: 19.16 km
Welfare loss: 50060.22, Loss ratio: 12.02%
