Fitted model for Guangdong-Jieyang:
                            OLS Regression Results                            
==============================================================================
Dep. Variable:             land_price   R-squared:                       0.000
Model:                            OLS   Adj. R-squared:                 -0.002
Method:                 Least Squares   F-statistic:                 0.0002383
Date:                Fri, 30 May 2025   Prob (F-statistic):              0.988
Time:                        13:56:18   Log-Likelihood:                -5080.0
No. Observations:                 642   AIC:                         1.016e+04
Df Residuals:                     640   BIC:                         1.017e+04
Df Model:                           1                                         
Covariance Type:            nonrobust                                         
==============================================================================
                 coef    std err          t      P>|t|      [0.025      0.975]
------------------------------------------------------------------------------
const       1624.1137     35.787     45.383      0.000    1553.840    1694.388
dist           0.0249      1.615      0.015      0.988      -3.147       3.196
==============================================================================
Omnibus:                      181.876   Durbin-Watson:                   1.605
Prob(Omnibus):                  0.000   Jarque-Bera (JB):              524.186
Skew:                           1.384   Prob(JB):                    1.49e-114
Kurtosis:                       6.454   Cond. No.                         30.4
==============================================================================

Notes:
[1] Standard Errors assume that the covariance matrix of the errors is correctly specified.
Could not determine urban-rural boundary edge.
