Fitted model for Shandong-Dongying:
                            OLS Regression Results                            
==============================================================================
Dep. Variable:             land_price   R-squared:                       0.242
Model:                            OLS   Adj. R-squared:                  0.241
Method:                 Least Squares   F-statistic:                     255.5
Date:                Fri, 30 May 2025   Prob (F-statistic):           3.99e-50
Time:                        11:07:23   Log-Likelihood:                -6673.1
No. Observations:                 804   AIC:                         1.335e+04
Df Residuals:                     802   BIC:                         1.336e+04
Df Model:                           1                                         
Covariance Type:            nonrobust                                         
==============================================================================
                 coef    std err          t      P>|t|      [0.025      0.975]
------------------------------------------------------------------------------
const       3252.8377     65.745     49.476      0.000    3123.784    3381.891
dist         -91.9463      5.753    -15.983      0.000    -103.238     -80.654
==============================================================================
Omnibus:                      817.368   Durbin-Watson:                   1.957
Prob(Omnibus):                  0.000   Jarque-Bera (JB):            92655.730
Skew:                           4.371   Prob(JB):                         0.00
Kurtosis:                      54.860   Cond. No.                         22.0
==============================================================================

Notes:
[1] Standard Errors assume that the covariance matrix of the errors is correctly specified.
Urban-rural boundary edge for Shandong-Dongying: 35.10 km
Average internal radius gap: 19.77 km
Welfare loss: 17974.67, Loss ratio: 31.73%
