Fitted model for Shanxi-Taiyuan:
                            OLS Regression Results                            
==============================================================================
Dep. Variable:             land_price   R-squared:                       0.220
Model:                            OLS   Adj. R-squared:                  0.220
Method:                 Least Squares   F-statistic:                     1494.
Date:                Fri, 30 May 2025   Prob (F-statistic):          4.19e-288
Time:                        11:01:39   Log-Likelihood:                -42870.
No. Observations:                5303   AIC:                         8.574e+04
Df Residuals:                    5301   BIC:                         8.576e+04
Df Model:                           1                                         
Covariance Type:            nonrobust                                         
==============================================================================
                 coef    std err          t      P>|t|      [0.025      0.975]
------------------------------------------------------------------------------
const       3750.4815     23.359    160.555      0.000    3704.687    3796.276
dist        -116.9858      3.027    -38.648      0.000    -122.920    -111.052
==============================================================================
Omnibus:                     1854.825   Durbin-Watson:                   1.575
Prob(Omnibus):                  0.000   Jarque-Bera (JB):            10398.568
Skew:                           1.569   Prob(JB):                         0.00
Kurtosis:                       9.100   Cond. No.                         16.9
==============================================================================

Notes:
[1] Standard Errors assume that the covariance matrix of the errors is correctly specified.
Urban-rural boundary edge for Shanxi-Taiyuan: 31.96 km
Average internal radius gap: 13.34 km
Welfare loss: 10412.15, Loss ratio: 17.43%
