Fitted model for Heilongjiang-Daqing:
                            OLS Regression Results                            
==============================================================================
Dep. Variable:             land_price   R-squared:                       0.142
Model:                            OLS   Adj. R-squared:                  0.141
Method:                 Least Squares   F-statistic:                     88.02
Date:                Fri, 30 May 2025   Prob (F-statistic):           1.87e-19
Time:                        11:07:07   Log-Likelihood:                -4103.7
No. Observations:                 533   AIC:                             8211.
Df Residuals:                     531   BIC:                             8220.
Df Model:                           1                                         
Covariance Type:            nonrobust                                         
==============================================================================
                 coef    std err          t      P>|t|      [0.025      0.975]
------------------------------------------------------------------------------
const       1747.8473     43.979     39.743      0.000    1661.453    1834.241
dist         -26.0197      2.773     -9.382      0.000     -31.468     -20.572
==============================================================================
Omnibus:                       61.348   Durbin-Watson:                   1.158
Prob(Omnibus):                  0.000   Jarque-Bera (JB):               83.396
Skew:                           0.841   Prob(JB):                     7.78e-19
Kurtosis:                       3.964   Cond. No.                         30.2
==============================================================================

Notes:
[1] Standard Errors assume that the covariance matrix of the errors is correctly specified.
Urban-rural boundary edge for Heilongjiang-Daqing: 66.92 km
Average internal radius gap: 40.39 km
Welfare loss: 21220.05, Loss ratio: 36.42%
