Fitted model for Tianjin-Heping:
                            OLS Regression Results                            
==============================================================================
Dep. Variable:             land_price   R-squared:                       0.094
Model:                            OLS   Adj. R-squared:                  0.093
Method:                 Least Squares   F-statistic:                     82.91
Date:                Fri, 30 May 2025   Prob (F-statistic):           6.72e-19
Time:                        19:15:45   Log-Likelihood:                -8159.2
No. Observations:                 802   AIC:                         1.632e+04
Df Residuals:                     800   BIC:                         1.633e+04
Df Model:                           1                                         
Covariance Type:            nonrobust                                         
==============================================================================
                 coef    std err          t      P>|t|      [0.025      0.975]
------------------------------------------------------------------------------
const       2.442e+04    611.204     39.961      0.000    2.32e+04    2.56e+04
dist       -4816.8312    528.991     -9.106      0.000   -5855.206   -3778.457
==============================================================================
Omnibus:                      334.698   Durbin-Watson:                   1.747
Prob(Omnibus):                  0.000   Jarque-Bera (JB):             3740.922
Skew:                           1.570   Prob(JB):                         0.00
Kurtosis:                      13.104   Cond. No.                         5.32
==============================================================================

Notes:
[1] Standard Errors assume that the covariance matrix of the errors is correctly specified.
Using provincial average land price for Tianjin: 31.3392
Urban-rural boundary edge for Tianjin-Heping: 5.06 km
heping tianjin
Fallback: matched by province name: tianjin2020_new_Urb.shp
Average internal radius gap: 1.98 km
Welfare loss: 9457.18, Loss ratio: 15.31%
