Fitted model for Guangdong-Zhanjiang:
                            OLS Regression Results                            
==============================================================================
Dep. Variable:             land_price   R-squared:                       0.044
Model:                            OLS   Adj. R-squared:                  0.044
Method:                 Least Squares   F-statistic:                     54.70
Date:                Fri, 30 May 2025   Prob (F-statistic):           2.66e-13
Time:                        12:11:20   Log-Likelihood:                -9556.4
No. Observations:                1178   AIC:                         1.912e+04
Df Residuals:                    1176   BIC:                         1.913e+04
Df Model:                           1                                         
Covariance Type:            nonrobust                                         
==============================================================================
                 coef    std err          t      P>|t|      [0.025      0.975]
------------------------------------------------------------------------------
const       2309.0557     30.381     76.003      0.000    2249.449    2368.663
dist         -17.7172      2.395     -7.396      0.000     -22.417     -13.017
==============================================================================
Omnibus:                      321.674   Durbin-Watson:                   1.275
Prob(Omnibus):                  0.000   Jarque-Bera (JB):              847.300
Skew:                           1.420   Prob(JB):                    1.03e-184
Kurtosis:                       6.032   Cond. No.                         16.4
==============================================================================

Notes:
[1] Standard Errors assume that the covariance matrix of the errors is correctly specified.
Urban-rural boundary edge for Guangdong-Zhanjiang: 129.23 km
zhanjiang guangdong
Average internal radius gap: 121.26 km
Welfare loss: 130266.43, Loss ratio: 88.05%
