Fitted model for Shanxi-Datong:
                            OLS Regression Results                            
==============================================================================
Dep. Variable:             land_price   R-squared:                       0.265
Model:                            OLS   Adj. R-squared:                  0.264
Method:                 Least Squares   F-statistic:                     370.9
Date:                Fri, 30 May 2025   Prob (F-statistic):           7.91e-71
Time:                        12:11:14   Log-Likelihood:                -7942.5
No. Observations:                1032   AIC:                         1.589e+04
Df Residuals:                    1030   BIC:                         1.590e+04
Df Model:                           1                                         
Covariance Type:            nonrobust                                         
==============================================================================
                 coef    std err          t      P>|t|      [0.025      0.975]
------------------------------------------------------------------------------
const       1875.9775     25.920     72.375      0.000    1825.115    1926.840
dist         -75.0262      3.896    -19.258      0.000     -82.671     -67.382
==============================================================================
Omnibus:                      553.060   Durbin-Watson:                   1.163
Prob(Omnibus):                  0.000   Jarque-Bera (JB):             5312.965
Skew:                           2.278   Prob(JB):                         0.00
Kurtosis:                      13.139   Cond. No.                         10.5
==============================================================================

Notes:
[1] Standard Errors assume that the covariance matrix of the errors is correctly specified.
Urban-rural boundary edge for Shanxi-Datong: 24.90 km
datong shanxi
Average internal radius gap: 15.80 km
Welfare loss: 9365.72, Loss ratio: 40.27%
