Fitted model for Hunan-Changsha:
                            OLS Regression Results                            
==============================================================================
Dep. Variable:             land_price   R-squared:                       0.078
Model:                            OLS   Adj. R-squared:                  0.078
Method:                 Least Squares   F-statistic:                     533.5
Date:                Fri, 30 May 2025   Prob (F-statistic):          2.17e-113
Time:                        12:11:10   Log-Likelihood:                -53826.
No. Observations:                6337   AIC:                         1.077e+05
Df Residuals:                    6335   BIC:                         1.077e+05
Df Model:                           1                                         
Covariance Type:            nonrobust                                         
==============================================================================
                 coef    std err          t      P>|t|      [0.025      0.975]
------------------------------------------------------------------------------
const       3192.5485     20.790    153.561      0.000    3151.793    3233.304
dist         -25.8279      1.118    -23.097      0.000     -28.020     -23.636
==============================================================================
Omnibus:                     5280.515   Durbin-Watson:                   1.402
Prob(Omnibus):                  0.000   Jarque-Bera (JB):           191213.889
Skew:                           3.810   Prob(JB):                         0.00
Kurtosis:                      28.809   Cond. No.                         26.1
==============================================================================

Notes:
[1] Standard Errors assume that the covariance matrix of the errors is correctly specified.
Urban-rural boundary edge for Hunan-Changsha: 122.64 km
changsha hunan
Average internal radius gap: 103.86 km
Welfare loss: 139291.56, Loss ratio: 71.71%
