Fitted model for Shandong-Zaozhuang:
                            OLS Regression Results                            
==============================================================================
Dep. Variable:             land_price   R-squared:                       0.464
Model:                            OLS   Adj. R-squared:                  0.463
Method:                 Least Squares   F-statistic:                     1298.
Date:                Fri, 30 May 2025   Prob (F-statistic):          2.27e-205
Time:                        11:01:22   Log-Likelihood:                -11704.
No. Observations:                1504   AIC:                         2.341e+04
Df Residuals:                    1502   BIC:                         2.342e+04
Df Model:                           1                                         
Covariance Type:            nonrobust                                         
==============================================================================
                 coef    std err          t      P>|t|      [0.025      0.975]
------------------------------------------------------------------------------
const       3033.2955     23.263    130.390      0.000    2987.664    3078.927
dist         -26.9944      0.749    -36.026      0.000     -28.464     -25.525
==============================================================================
Omnibus:                      102.006   Durbin-Watson:                   1.749
Prob(Omnibus):                  0.000   Jarque-Bera (JB):              374.113
Skew:                           0.231   Prob(JB):                     5.79e-82
Kurtosis:                       5.399   Cond. No.                         48.3
==============================================================================

Notes:
[1] Standard Errors assume that the covariance matrix of the errors is correctly specified.
Urban-rural boundary edge for Shandong-Zaozhuang: 111.01 km
Average internal radius gap: 52.05 km
Welfare loss: 36568.51, Loss ratio: 21.98%
