Fitted model for Shandong-Linyi:
                            OLS Regression Results                            
==============================================================================
Dep. Variable:             land_price   R-squared:                       0.221
Model:                            OLS   Adj. R-squared:                  0.220
Method:                 Least Squares   F-statistic:                     665.1
Date:                Fri, 30 May 2025   Prob (F-statistic):          2.41e-129
Time:                        19:15:50   Log-Likelihood:                -20271.
No. Observations:                2349   AIC:                         4.055e+04
Df Residuals:                    2347   BIC:                         4.056e+04
Df Model:                           1                                         
Covariance Type:            nonrobust                                         
==============================================================================
                 coef    std err          t      P>|t|      [0.025      0.975]
------------------------------------------------------------------------------
const       4005.7630     54.461     73.552      0.000    3898.966    4112.560
dist        -168.9295      6.550    -25.790      0.000    -181.774    -156.085
==============================================================================
Omnibus:                     1358.176   Durbin-Watson:                   1.674
Prob(Omnibus):                  0.000   Jarque-Bera (JB):            14934.621
Skew:                           2.550   Prob(JB):                         0.00
Kurtosis:                      14.250   Cond. No.                         16.4
==============================================================================

Notes:
[1] Standard Errors assume that the covariance matrix of the errors is correctly specified.
Urban-rural boundary edge for Shandong-Linyi: 23.51 km
linyi shandong
Average internal radius gap: 5.70 km
Welfare loss: 2742.59, Loss ratio: 5.87%
