Fitted model for Hubei-Xianning:
                            OLS Regression Results                            
==============================================================================
Dep. Variable:             land_price   R-squared:                       0.001
Model:                            OLS   Adj. R-squared:                 -0.001
Method:                 Least Squares   F-statistic:                    0.2858
Date:                Fri, 30 May 2025   Prob (F-statistic):              0.593
Time:                        13:55:46   Log-Likelihood:                -3744.1
No. Observations:                 517   AIC:                             7492.
Df Residuals:                     515   BIC:                             7501.
Df Model:                           1                                         
Covariance Type:            nonrobust                                         
==============================================================================
                 coef    std err          t      P>|t|      [0.025      0.975]
------------------------------------------------------------------------------
const       1232.9448     36.233     34.029      0.000    1161.763    1304.127
dist           3.8893      7.275      0.535      0.593     -10.402      18.181
==============================================================================
Omnibus:                      290.240   Durbin-Watson:                   1.520
Prob(Omnibus):                  0.000   Jarque-Bera (JB):             3914.233
Skew:                           2.153   Prob(JB):                         0.00
Kurtosis:                      15.774   Cond. No.                         12.5
==============================================================================

Notes:
[1] Standard Errors assume that the covariance matrix of the errors is correctly specified.
Could not determine urban-rural boundary edge.
