Fitted model for Tianjin-Dongli:
                            OLS Regression Results                            
==============================================================================
Dep. Variable:             land_price   R-squared:                       0.026
Model:                            OLS   Adj. R-squared:                  0.024
Method:                 Least Squares   F-statistic:                     14.92
Date:                Fri, 30 May 2025   Prob (F-statistic):           0.000126
Time:                        13:25:24   Log-Likelihood:                -4893.3
No. Observations:                 561   AIC:                             9791.
Df Residuals:                     559   BIC:                             9799.
Df Model:                           1                                         
Covariance Type:            nonrobust                                         
==============================================================================
                 coef    std err          t      P>|t|      [0.025      0.975]
------------------------------------------------------------------------------
const       3639.6339    157.950     23.043      0.000    3329.386    3949.882
dist          40.5029     10.487      3.862      0.000      19.904      61.102
==============================================================================
Omnibus:                       84.445   Durbin-Watson:                   1.361
Prob(Omnibus):                  0.000   Jarque-Bera (JB):              137.493
Skew:                           0.944   Prob(JB):                     1.39e-30
Kurtosis:                       4.522   Cond. No.                         38.0
==============================================================================

Notes:
[1] Standard Errors assume that the covariance matrix of the errors is correctly specified.
Could not determine urban-rural boundary edge.
