Fitted model for Beijing-Shunyi:
                            OLS Regression Results                            
==============================================================================
Dep. Variable:             land_price   R-squared:                       0.091
Model:                            OLS   Adj. R-squared:                  0.088
Method:                 Least Squares   F-statistic:                     30.00
Date:                Fri, 30 May 2025   Prob (F-statistic):           9.19e-08
Time:                        12:11:20   Log-Likelihood:                -2960.5
No. Observations:                 300   AIC:                             5925.
Df Residuals:                     298   BIC:                             5932.
Df Model:                           1                                         
Covariance Type:            nonrobust                                         
==============================================================================
                 coef    std err          t      P>|t|      [0.025      0.975]
------------------------------------------------------------------------------
const       1.436e+04    580.267     24.750      0.000    1.32e+04    1.55e+04
dist        -296.3217     54.099     -5.477      0.000    -402.787    -189.856
==============================================================================
Omnibus:                      210.374   Durbin-Watson:                   1.563
Prob(Omnibus):                  0.000   Jarque-Bera (JB):             2420.732
Skew:                           2.785   Prob(JB):                         0.00
Kurtosis:                      15.753   Cond. No.                         23.2
==============================================================================

Notes:
[1] Standard Errors assume that the covariance matrix of the errors is correctly specified.
Urban-rural boundary edge for Beijing-Shunyi: 48.29 km
shunyi beijing
Fallback: matched by province name: beijing2020_new_Urb.shp
Average internal radius gap: 17.01 km
Welfare loss: 42882.60, Loss ratio: 12.41%
