Fitted model for Jiangsu-Huaian:
                            OLS Regression Results                            
==============================================================================
Dep. Variable:             land_price   R-squared:                       0.116
Model:                            OLS   Adj. R-squared:                  0.116
Method:                 Least Squares   F-statistic:                     211.3
Date:                Fri, 30 May 2025   Prob (F-statistic):           4.62e-45
Time:                        13:56:19   Log-Likelihood:                -14211.
No. Observations:                1608   AIC:                         2.843e+04
Df Residuals:                    1606   BIC:                         2.844e+04
Df Model:                           1                                         
Covariance Type:            nonrobust                                         
==============================================================================
                 coef    std err          t      P>|t|      [0.025      0.975]
------------------------------------------------------------------------------
const       4190.8900     64.157     65.323      0.000    4065.050    4316.730
dist        -132.5166      9.117    -14.535      0.000    -150.399    -114.634
==============================================================================
Omnibus:                      790.853   Durbin-Watson:                   1.778
Prob(Omnibus):                  0.000   Jarque-Bera (JB):             4536.269
Skew:                           2.296   Prob(JB):                         0.00
Kurtosis:                       9.828   Cond. No.                         11.0
==============================================================================

Notes:
[1] Standard Errors assume that the covariance matrix of the errors is correctly specified.
Urban-rural boundary edge for Jiangsu-Huaian: 31.33 km
huaian jiangsu
Average internal radius gap: 18.86 km
Welfare loss: 23572.54, Loss ratio: 36.25%
