Fitted model for Guangdong-Chaozhou:
                            OLS Regression Results                            
==============================================================================
Dep. Variable:             land_price   R-squared:                       0.217
Model:                            OLS   Adj. R-squared:                  0.205
Method:                 Least Squares   F-statistic:                     17.21
Date:                Fri, 30 May 2025   Prob (F-statistic):           0.000104
Time:                        11:01:22   Log-Likelihood:                -514.12
No. Observations:                  64   AIC:                             1032.
Df Residuals:                      62   BIC:                             1037.
Df Model:                           1                                         
Covariance Type:            nonrobust                                         
==============================================================================
                 coef    std err          t      P>|t|      [0.025      0.975]
------------------------------------------------------------------------------
const       2815.4712    127.725     22.043      0.000    2560.153    3070.789
dist         -65.1096     15.695     -4.148      0.000     -96.483     -33.736
==============================================================================
Omnibus:                        0.402   Durbin-Watson:                   1.549
Prob(Omnibus):                  0.818   Jarque-Bera (JB):                0.381
Skew:                           0.176   Prob(JB):                        0.827
Kurtosis:                       2.860   Cond. No.                         11.1
==============================================================================

Notes:
[1] Standard Errors assume that the covariance matrix of the errors is correctly specified.
Urban-rural boundary edge for Guangdong-Chaozhou: 43.01 km
Average internal radius gap: 35.43 km
Welfare loss: 40854.60, Loss ratio: 67.84%
