Fitted model for Hunan-Yiyang:
                            OLS Regression Results                            
==============================================================================
Dep. Variable:             land_price   R-squared:                       0.077
Model:                            OLS   Adj. R-squared:                  0.075
Method:                 Least Squares   F-statistic:                     56.28
Date:                Fri, 30 May 2025   Prob (F-statistic):           1.97e-13
Time:                        19:16:02   Log-Likelihood:                -5194.8
No. Observations:                 681   AIC:                         1.039e+04
Df Residuals:                     679   BIC:                         1.040e+04
Df Model:                           1                                         
Covariance Type:            nonrobust                                         
==============================================================================
                 coef    std err          t      P>|t|      [0.025      0.975]
------------------------------------------------------------------------------
const       1537.3788     25.660     59.914      0.000    1486.996    1587.761
dist         -11.0197      1.469     -7.502      0.000     -13.904      -8.136
==============================================================================
Omnibus:                      650.404   Durbin-Watson:                   1.754
Prob(Omnibus):                  0.000   Jarque-Bera (JB):            43128.373
Skew:                           4.059   Prob(JB):                         0.00
Kurtosis:                      41.132   Cond. No.                         23.5
==============================================================================

Notes:
[1] Standard Errors assume that the covariance matrix of the errors is correctly specified.
Urban-rural boundary edge for Hunan-Yiyang: 136.88 km
yiyang hunan
Average internal radius gap: 132.88 km
Welfare loss: 97291.86, Loss ratio: 94.24%
