Fitted model for Jiangsu-Nantong:
                            OLS Regression Results                            
==============================================================================
Dep. Variable:             land_price   R-squared:                       0.042
Model:                            OLS   Adj. R-squared:                  0.042
Method:                 Least Squares   F-statistic:                     185.3
Date:                Fri, 30 May 2025   Prob (F-statistic):           2.47e-41
Time:                        11:01:08   Log-Likelihood:                -38923.
No. Observations:                4227   AIC:                         7.785e+04
Df Residuals:                    4225   BIC:                         7.786e+04
Df Model:                           1                                         
Covariance Type:            nonrobust                                         
==============================================================================
                 coef    std err          t      P>|t|      [0.025      0.975]
------------------------------------------------------------------------------
const       5522.0924     56.368     97.964      0.000    5411.581    5632.604
dist         -18.3293      1.346    -13.613      0.000     -20.969     -15.690
==============================================================================
Omnibus:                     1433.916   Durbin-Watson:                   1.696
Prob(Omnibus):                  0.000   Jarque-Bera (JB):             7961.019
Skew:                           1.514   Prob(JB):                         0.00
Kurtosis:                       9.002   Cond. No.                         63.5
==============================================================================

Notes:
[1] Standard Errors assume that the covariance matrix of the errors is correctly specified.
Urban-rural boundary edge for Jiangsu-Nantong: 297.74 km
Average internal radius gap: 283.37 km
Welfare loss: 735890.55, Loss ratio: 90.58%
