Fitted model for Henan-Shangqiu:
                            OLS Regression Results                            
==============================================================================
Dep. Variable:             land_price   R-squared:                       0.004
Model:                            OLS   Adj. R-squared:                  0.003
Method:                 Least Squares   F-statistic:                     4.975
Date:                Fri, 30 May 2025   Prob (F-statistic):             0.0259
Time:                        11:01:53   Log-Likelihood:                -10483.
No. Observations:                1380   AIC:                         2.097e+04
Df Residuals:                    1378   BIC:                         2.098e+04
Df Model:                           1                                         
Covariance Type:            nonrobust                                         
==============================================================================
                 coef    std err          t      P>|t|      [0.025      0.975]
------------------------------------------------------------------------------
const       1490.9159     15.870     93.944      0.000    1459.783    1522.048
dist           0.8035      0.360      2.231      0.026       0.097       1.510
==============================================================================
Omnibus:                      651.332   Durbin-Watson:                   1.436
Prob(Omnibus):                  0.000   Jarque-Bera (JB):             7022.286
Skew:                           1.917   Prob(JB):                         0.00
Kurtosis:                      13.365   Cond. No.                         53.9
==============================================================================

Notes:
[1] Standard Errors assume that the covariance matrix of the errors is correctly specified.
Could not determine urban-rural boundary edge.
