Fitted model for Shanghai-Xuhui:
                            OLS Regression Results                            
==============================================================================
Dep. Variable:             land_price   R-squared:                       0.331
Model:                            OLS   Adj. R-squared:                  0.330
Method:                 Least Squares   F-statistic:                     1063.
Date:                Fri, 30 May 2025   Prob (F-statistic):          8.78e-190
Time:                        19:16:02   Log-Likelihood:                -22540.
No. Observations:                2152   AIC:                         4.508e+04
Df Residuals:                    2150   BIC:                         4.510e+04
Df Model:                           1                                         
Covariance Type:            nonrobust                                         
==============================================================================
                 coef    std err          t      P>|t|      [0.025      0.975]
------------------------------------------------------------------------------
const       4.009e+04    279.832    143.281      0.000    3.95e+04    4.06e+04
dist       -2756.5307     84.554    -32.601      0.000   -2922.346   -2590.715
==============================================================================
Omnibus:                      613.540   Durbin-Watson:                   1.489
Prob(Omnibus):                  0.000   Jarque-Bera (JB):             5743.591
Skew:                           1.068   Prob(JB):                         0.00
Kurtosis:                      10.713   Cond. No.                         5.28
==============================================================================

Notes:
[1] Standard Errors assume that the covariance matrix of the errors is correctly specified.
Urban-rural boundary edge for Shanghai-Xuhui: 14.53 km
xuhui shanghai
Fallback: matched by province name: shanghai2020_new_Urb.shp
Average internal radius gap: 0.00 km
Welfare loss: 0.00, Loss ratio: 0.00%
