Fitted model for Hunan-Huaihua:
                            OLS Regression Results                            
==============================================================================
Dep. Variable:             land_price   R-squared:                       0.009
Model:                            OLS   Adj. R-squared:                  0.008
Method:                 Least Squares   F-statistic:                     5.619
Date:                Fri, 30 May 2025   Prob (F-statistic):             0.0181
Time:                        13:25:36   Log-Likelihood:                -4375.0
No. Observations:                 608   AIC:                             8754.
Df Residuals:                     606   BIC:                             8763.
Df Model:                           1                                         
Covariance Type:            nonrobust                                         
==============================================================================
                 coef    std err          t      P>|t|      [0.025      0.975]
------------------------------------------------------------------------------
const       1469.7016     42.415     34.650      0.000    1386.403    1553.000
dist         -19.8335      8.367     -2.370      0.018     -36.265      -3.402
==============================================================================
Omnibus:                      194.380   Durbin-Watson:                   1.724
Prob(Omnibus):                  0.000   Jarque-Bera (JB):             1117.685
Skew:                           1.295   Prob(JB):                    1.99e-243
Kurtosis:                       9.117   Cond. No.                         17.0
==============================================================================

Notes:
[1] Standard Errors assume that the covariance matrix of the errors is correctly specified.
Urban-rural boundary edge for Hunan-Huaihua: 73.59 km
huaihua hunan
Average internal radius gap: 66.18 km
Welfare loss: 43439.02, Loss ratio: 80.89%
