Fitted model for Guangdong-Yangjiang:
                            OLS Regression Results                            
==============================================================================
Dep. Variable:             land_price   R-squared:                       0.007
Model:                            OLS   Adj. R-squared:                  0.004
Method:                 Least Squares   F-statistic:                     2.096
Date:                Fri, 30 May 2025   Prob (F-statistic):              0.149
Time:                        11:07:08   Log-Likelihood:                -2337.9
No. Observations:                 290   AIC:                             4680.
Df Residuals:                     288   BIC:                             4687.
Df Model:                           1                                         
Covariance Type:            nonrobust                                         
==============================================================================
                 coef    std err          t      P>|t|      [0.025      0.975]
------------------------------------------------------------------------------
const       1928.2467     59.687     32.306      0.000    1810.769    2045.724
dist          -4.4206      3.053     -1.448      0.149     -10.430       1.589
==============================================================================
Omnibus:                      141.838   Durbin-Watson:                   1.706
Prob(Omnibus):                  0.000   Jarque-Bera (JB):              575.823
Skew:                           2.132   Prob(JB):                    9.15e-126
Kurtosis:                       8.429   Cond. No.                         25.8
==============================================================================

Notes:
[1] Standard Errors assume that the covariance matrix of the errors is correctly specified.
Urban-rural boundary edge for Guangdong-Yangjiang: 432.76 km
Average internal radius gap: 425.57 km
Welfare loss: 400313.38, Loss ratio: 96.71%
