Fitted model for Liaoning-Anshan:
                            OLS Regression Results                            
==============================================================================
Dep. Variable:             land_price   R-squared:                       0.002
Model:                            OLS   Adj. R-squared:                  0.001
Method:                 Least Squares   F-statistic:                     3.572
Date:                Fri, 30 May 2025   Prob (F-statistic):             0.0589
Time:                        13:25:39   Log-Likelihood:                -13620.
No. Observations:                1714   AIC:                         2.724e+04
Df Residuals:                    1712   BIC:                         2.726e+04
Df Model:                           1                                         
Covariance Type:            nonrobust                                         
==============================================================================
                 coef    std err          t      P>|t|      [0.025      0.975]
------------------------------------------------------------------------------
const       1329.0648     19.859     66.924      0.000    1290.114    1368.016
dist          -2.8918      1.530     -1.890      0.059      -5.893       0.109
==============================================================================
Omnibus:                     1603.348   Durbin-Watson:                   1.612
Prob(Omnibus):                  0.000   Jarque-Bera (JB):            90373.559
Skew:                           4.263   Prob(JB):                         0.00
Kurtosis:                      37.536   Cond. No.                         15.6
==============================================================================

Notes:
[1] Standard Errors assume that the covariance matrix of the errors is correctly specified.
Urban-rural boundary edge for Liaoning-Anshan: 452.18 km
anshan liaoning
Average internal radius gap: 442.23 km
Welfare loss: 282772.34, Loss ratio: 95.65%
