Fitted model for Liaoning-Shenyang:
                            OLS Regression Results                            
==============================================================================
Dep. Variable:             land_price   R-squared:                       0.085
Model:                            OLS   Adj. R-squared:                  0.085
Method:                 Least Squares   F-statistic:                     650.5
Date:                Fri, 30 May 2025   Prob (F-statistic):          2.95e-137
Time:                        11:01:08   Log-Likelihood:                -59791.
No. Observations:                6970   AIC:                         1.196e+05
Df Residuals:                    6968   BIC:                         1.196e+05
Df Model:                           1                                         
Covariance Type:            nonrobust                                         
==============================================================================
                 coef    std err          t      P>|t|      [0.025      0.975]
------------------------------------------------------------------------------
const       3899.2130     37.063    105.205      0.000    3826.558    3971.868
dist         -82.3423      3.228    -25.505      0.000     -88.671     -76.013
==============================================================================
Omnibus:                     5898.231   Durbin-Watson:                   1.569
Prob(Omnibus):                  0.000   Jarque-Bera (JB):           311165.829
Skew:                           3.754   Prob(JB):                         0.00
Kurtosis:                      34.860   Cond. No.                         27.8
==============================================================================

Notes:
[1] Standard Errors assume that the covariance matrix of the errors is correctly specified.
Urban-rural boundary edge for Liaoning-Shenyang: 47.05 km
Average internal radius gap: 21.78 km
Welfare loss: 19522.04, Loss ratio: 21.42%
