Fitted model for Sichuan-Suining:
                            OLS Regression Results                            
==============================================================================
Dep. Variable:             land_price   R-squared:                       0.171
Model:                            OLS   Adj. R-squared:                  0.170
Method:                 Least Squares   F-statistic:                     193.7
Date:                Fri, 30 May 2025   Prob (F-statistic):           3.45e-40
Time:                        13:25:36   Log-Likelihood:                -7117.0
No. Observations:                 944   AIC:                         1.424e+04
Df Residuals:                     942   BIC:                         1.425e+04
Df Model:                           1                                         
Covariance Type:            nonrobust                                         
==============================================================================
                 coef    std err          t      P>|t|      [0.025      0.975]
------------------------------------------------------------------------------
const       2354.1498     44.879     52.455      0.000    2266.075    2442.225
dist        -140.6286     10.103    -13.919      0.000    -160.456    -120.801
==============================================================================
Omnibus:                      591.325   Durbin-Watson:                   1.617
Prob(Omnibus):                  0.000   Jarque-Bera (JB):            12131.735
Skew:                           2.485   Prob(JB):                         0.00
Kurtosis:                      19.844   Cond. No.                         14.1
==============================================================================

Notes:
[1] Standard Errors assume that the covariance matrix of the errors is correctly specified.
Urban-rural boundary edge for Sichuan-Suining: 16.52 km
suining sichuan
Average internal radius gap: 9.92 km
Welfare loss: 6925.92, Loss ratio: 36.10%
