Fitted model for Heilongjiang-Haerbin:
                            OLS Regression Results                            
==============================================================================
Dep. Variable:             land_price   R-squared:                       0.072
Model:                            OLS   Adj. R-squared:                  0.072
Method:                 Least Squares   F-statistic:                     550.7
Date:                Fri, 30 May 2025   Prob (F-statistic):          2.32e-117
Time:                        19:15:52   Log-Likelihood:                -58447.
No. Observations:                7106   AIC:                         1.169e+05
Df Residuals:                    7104   BIC:                         1.169e+05
Df Model:                           1                                         
Covariance Type:            nonrobust                                         
==============================================================================
                 coef    std err          t      P>|t|      [0.025      0.975]
------------------------------------------------------------------------------
const       3537.6308     28.866    122.555      0.000    3481.046    3594.216
dist         -76.5283      3.261    -23.468      0.000     -82.921     -70.136
==============================================================================
Omnibus:                     3768.215   Durbin-Watson:                   1.388
Prob(Omnibus):                  0.000   Jarque-Bera (JB):            30519.307
Skew:                           2.435   Prob(JB):                         0.00
Kurtosis:                      11.909   Cond. No.                         24.1
==============================================================================

Notes:
[1] Standard Errors assume that the covariance matrix of the errors is correctly specified.
Urban-rural boundary edge for Heilongjiang-Haerbin: 46.09 km
haerbin heilongjiang
Fallback: matched by province name: yichun_heilongjiang2020_new_Urb.shp
Average internal radius gap: 0.00 km
Welfare loss: 0.00, Loss ratio: 0.00%
