Fitted model for Guangdong-Shenzhen:
                            OLS Regression Results                            
==============================================================================
Dep. Variable:             land_price   R-squared:                       0.173
Model:                            OLS   Adj. R-squared:                  0.172
Method:                 Least Squares   F-statistic:                     1973.
Date:                Fri, 30 May 2025   Prob (F-statistic):               0.00
Time:                        19:15:47   Log-Likelihood:                -97680.
No. Observations:                9461   AIC:                         1.954e+05
Df Residuals:                    9459   BIC:                         1.954e+05
Df Model:                           1                                         
Covariance Type:            nonrobust                                         
==============================================================================
                 coef    std err          t      P>|t|      [0.025      0.975]
------------------------------------------------------------------------------
const       1.811e+04    152.571    118.697      0.000    1.78e+04    1.84e+04
dist        -361.7720      8.145    -44.415      0.000    -377.738    -345.806
==============================================================================
Omnibus:                     4480.532   Durbin-Watson:                   0.977
Prob(Omnibus):                  0.000   Jarque-Bera (JB):           101494.115
Skew:                           1.757   Prob(JB):                         0.00
Kurtosis:                      18.656   Cond. No.                         37.8
==============================================================================

Notes:
[1] Standard Errors assume that the covariance matrix of the errors is correctly specified.
Urban-rural boundary edge for Guangdong-Shenzhen: 50.03 km
shenzhen guangdong
Average internal radius gap: 24.98 km
Welfare loss: 112891.60, Loss ratio: 24.93%
