Fitted model for Yunnan-Qujing:
                            OLS Regression Results                            
==============================================================================
Dep. Variable:             land_price   R-squared:                       0.143
Model:                            OLS   Adj. R-squared:                  0.142
Method:                 Least Squares   F-statistic:                     131.9
Date:                Fri, 30 May 2025   Prob (F-statistic):           2.42e-28
Time:                        12:11:15   Log-Likelihood:                -6164.0
No. Observations:                 793   AIC:                         1.233e+04
Df Residuals:                     791   BIC:                         1.234e+04
Df Model:                           1                                         
Covariance Type:            nonrobust                                         
==============================================================================
                 coef    std err          t      P>|t|      [0.025      0.975]
------------------------------------------------------------------------------
const       1934.9667     24.567     78.761      0.000    1886.741    1983.192
dist          -6.7202      0.585    -11.484      0.000      -7.869      -5.572
==============================================================================
Omnibus:                      314.281   Durbin-Watson:                   1.822
Prob(Omnibus):                  0.000   Jarque-Bera (JB):             1525.014
Skew:                           1.768   Prob(JB):                         0.00
Kurtosis:                       8.801   Cond. No.                         50.5
==============================================================================

Notes:
[1] Standard Errors assume that the covariance matrix of the errors is correctly specified.
Urban-rural boundary edge for Yunnan-Qujing: 285.87 km
qujing yunnan
Average internal radius gap: 275.20 km
Welfare loss: 254472.47, Loss ratio: 92.67%
