Fitted model for Jiangsu-Nanjing:
                            OLS Regression Results                            
==============================================================================
Dep. Variable:             land_price   R-squared:                       0.364
Model:                            OLS   Adj. R-squared:                  0.364
Method:                 Least Squares   F-statistic:                     4102.
Date:                Fri, 30 May 2025   Prob (F-statistic):               0.00
Time:                        11:01:23   Log-Likelihood:                -69843.
No. Observations:                7172   AIC:                         1.397e+05
Df Residuals:                    7170   BIC:                         1.397e+05
Df Model:                           1                                         
Covariance Type:            nonrobust                                         
==============================================================================
                 coef    std err          t      P>|t|      [0.025      0.975]
------------------------------------------------------------------------------
const       1.431e+04     72.877    196.405      0.000    1.42e+04    1.45e+04
dist        -424.9685      6.636    -64.043      0.000    -437.976    -411.961
==============================================================================
Omnibus:                     1226.984   Durbin-Watson:                   1.233
Prob(Omnibus):                  0.000   Jarque-Bera (JB):             2044.113
Skew:                           1.141   Prob(JB):                         0.00
Kurtosis:                       4.279   Cond. No.                         16.6
==============================================================================

Notes:
[1] Standard Errors assume that the covariance matrix of the errors is correctly specified.
Urban-rural boundary edge for Jiangsu-Nanjing: 33.56 km
Average internal radius gap: 10.41 km
Welfare loss: 23006.95, Loss ratio: 9.61%
