Fitted model for Heilongjiang-Qitaihe:
                            OLS Regression Results                            
==============================================================================
Dep. Variable:             land_price   R-squared:                       0.081
Model:                            OLS   Adj. R-squared:                  0.073
Method:                 Least Squares   F-statistic:                     10.82
Date:                Fri, 30 May 2025   Prob (F-statistic):            0.00131
Time:                        19:15:47   Log-Likelihood:                -887.07
No. Observations:                 125   AIC:                             1778.
Df Residuals:                     123   BIC:                             1784.
Df Model:                           1                                         
Covariance Type:            nonrobust                                         
==============================================================================
                 coef    std err          t      P>|t|      [0.025      0.975]
------------------------------------------------------------------------------
const       1056.4156     46.467     22.735      0.000     964.438    1148.393
dist         -58.4337     17.768     -3.289      0.001     -93.604     -23.264
==============================================================================
Omnibus:                       13.335   Durbin-Watson:                   1.684
Prob(Omnibus):                  0.001   Jarque-Bera (JB):               14.206
Skew:                           0.766   Prob(JB):                     0.000822
Kurtosis:                       3.618   Cond. No.                         5.09
==============================================================================

Notes:
[1] Standard Errors assume that the covariance matrix of the errors is correctly specified.
Urban-rural boundary edge for Heilongjiang-Qitaihe: 17.93 km
qitaihe heilongjiang
Average internal radius gap: 11.37 km
Welfare loss: 3778.88, Loss ratio: 40.24%
