Fitted model for Liaoning-Panjin:
                            OLS Regression Results                            
==============================================================================
Dep. Variable:             land_price   R-squared:                       0.101
Model:                            OLS   Adj. R-squared:                  0.085
Method:                 Least Squares   F-statistic:                     6.511
Date:                Fri, 30 May 2025   Prob (F-statistic):             0.0134
Time:                        11:06:19   Log-Likelihood:                -440.46
No. Observations:                  60   AIC:                             884.9
Df Residuals:                      58   BIC:                             889.1
Df Model:                           1                                         
Covariance Type:            nonrobust                                         
==============================================================================
                 coef    std err          t      P>|t|      [0.025      0.975]
------------------------------------------------------------------------------
const       1683.9190    119.368     14.107      0.000    1444.978    1922.860
dist         -55.0024     21.555     -2.552      0.013     -98.149     -11.856
==============================================================================
Omnibus:                       24.524   Durbin-Watson:                   1.534
Prob(Omnibus):                  0.000   Jarque-Bera (JB):               44.137
Skew:                           1.355   Prob(JB):                     2.60e-10
Kurtosis:                       6.210   Cond. No.                         13.9
==============================================================================

Notes:
[1] Standard Errors assume that the covariance matrix of the errors is correctly specified.
Urban-rural boundary edge for Liaoning-Panjin: 29.85 km
Average internal radius gap: 20.58 km
Welfare loss: 11645.22, Loss ratio: 47.52%
