Fitted model for Beijing-Tongzhou:
                            OLS Regression Results                            
==============================================================================
Dep. Variable:             land_price   R-squared:                       0.000
Model:                            OLS   Adj. R-squared:                 -0.001
Method:                 Least Squares   F-statistic:                    0.2354
Date:                Fri, 30 May 2025   Prob (F-statistic):              0.628
Time:                        11:01:38   Log-Likelihood:                -6853.4
No. Observations:                 713   AIC:                         1.371e+04
Df Residuals:                     711   BIC:                         1.372e+04
Df Model:                           1                                         
Covariance Type:            nonrobust                                         
==============================================================================
                 coef    std err          t      P>|t|      [0.025      0.975]
------------------------------------------------------------------------------
const        1.19e+04    409.833     29.033      0.000    1.11e+04    1.27e+04
dist         -16.8790     34.792     -0.485      0.628     -85.187      51.429
==============================================================================
Omnibus:                      101.662   Durbin-Watson:                   1.181
Prob(Omnibus):                  0.000   Jarque-Bera (JB):              343.834
Skew:                           0.655   Prob(JB):                     2.17e-75
Kurtosis:                       6.139   Cond. No.                         35.8
==============================================================================

Notes:
[1] Standard Errors assume that the covariance matrix of the errors is correctly specified.
Urban-rural boundary edge for Beijing-Tongzhou: 702.49 km
Average internal radius gap: 652.26 km
Welfare loss: 3590552.71, Loss ratio: 86.21%
