Fitted model for Jiangsu-Suqian:
                            OLS Regression Results                            
==============================================================================
Dep. Variable:             land_price   R-squared:                       0.054
Model:                            OLS   Adj. R-squared:                  0.052
Method:                 Least Squares   F-statistic:                     31.96
Date:                Fri, 30 May 2025   Prob (F-statistic):           2.52e-08
Time:                        19:15:53   Log-Likelihood:                -4815.0
No. Observations:                 560   AIC:                             9634.
Df Residuals:                     558   BIC:                             9643.
Df Model:                           1                                         
Covariance Type:            nonrobust                                         
==============================================================================
                 coef    std err          t      P>|t|      [0.025      0.975]
------------------------------------------------------------------------------
const       3940.9704    131.323     30.010      0.000    3683.023    4198.917
dist        -108.9054     19.265     -5.653      0.000    -146.746     -71.064
==============================================================================
Omnibus:                       74.132   Durbin-Watson:                   1.387
Prob(Omnibus):                  0.000   Jarque-Bera (JB):              103.141
Skew:                           0.945   Prob(JB):                     4.01e-23
Kurtosis:                       3.923   Cond. No.                         16.4
==============================================================================

Notes:
[1] Standard Errors assume that the covariance matrix of the errors is correctly specified.
Urban-rural boundary edge for Jiangsu-Suqian: 35.86 km
suqian jiangsu
Average internal radius gap: 24.33 km
Welfare loss: 32230.93, Loss ratio: 46.03%
