Fitted model for Chongqing-Jiangbei:
                            OLS Regression Results                            
==============================================================================
Dep. Variable:             land_price   R-squared:                       0.006
Model:                            OLS   Adj. R-squared:                  0.005
Method:                 Least Squares   F-statistic:                     4.963
Date:                Fri, 30 May 2025   Prob (F-statistic):             0.0262
Time:                        11:07:08   Log-Likelihood:                -6618.6
No. Observations:                 771   AIC:                         1.324e+04
Df Residuals:                     769   BIC:                         1.325e+04
Df Model:                           1                                         
Covariance Type:            nonrobust                                         
==============================================================================
                 coef    std err          t      P>|t|      [0.025      0.975]
------------------------------------------------------------------------------
const       4166.6239    105.677     39.428      0.000    3959.174    4374.074
dist         -38.7842     17.409     -2.228      0.026     -72.960      -4.609
==============================================================================
Omnibus:                      293.904   Durbin-Watson:                   1.475
Prob(Omnibus):                  0.000   Jarque-Bera (JB):             1282.471
Skew:                           1.730   Prob(JB):                    3.27e-279
Kurtosis:                       8.287   Cond. No.                         14.0
==============================================================================

Notes:
[1] Standard Errors assume that the covariance matrix of the errors is correctly specified.
Urban-rural boundary edge for Chongqing-Jiangbei: 106.65 km
Average internal radius gap: 88.44 km
Welfare loss: 151691.19, Loss ratio: 68.77%
