Fitted model for Zhejiang-Jinhua:
                            OLS Regression Results                            
==============================================================================
Dep. Variable:             land_price   R-squared:                       0.000
Model:                            OLS   Adj. R-squared:                 -0.000
Method:                 Least Squares   F-statistic:                    0.4226
Date:                Fri, 30 May 2025   Prob (F-statistic):              0.516
Time:                        19:16:04   Log-Likelihood:                -35585.
No. Observations:                3828   AIC:                         7.117e+04
Df Residuals:                    3826   BIC:                         7.119e+04
Df Model:                           1                                         
Covariance Type:            nonrobust                                         
==============================================================================
                 coef    std err          t      P>|t|      [0.025      0.975]
------------------------------------------------------------------------------
const       5933.4050     78.939     75.165      0.000    5778.639    6088.171
dist           1.5990      2.460      0.650      0.516      -3.224       6.422
==============================================================================
Omnibus:                     1191.950   Durbin-Watson:                   1.386
Prob(Omnibus):                  0.000   Jarque-Bera (JB):             4424.489
Skew:                           1.518   Prob(JB):                         0.00
Kurtosis:                       7.304   Cond. No.                         59.5
==============================================================================

Notes:
[1] Standard Errors assume that the covariance matrix of the errors is correctly specified.
Could not determine urban-rural boundary edge.
