Fitted model for Shanghai-Yangpu:
                            OLS Regression Results                            
==============================================================================
Dep. Variable:             land_price   R-squared:                       0.002
Model:                            OLS   Adj. R-squared:                  0.001
Method:                 Least Squares   F-statistic:                     2.735
Date:                Fri, 30 May 2025   Prob (F-statistic):             0.0984
Time:                        11:07:29   Log-Likelihood:                -12109.
No. Observations:                1222   AIC:                         2.422e+04
Df Residuals:                    1220   BIC:                         2.423e+04
Df Model:                           1                                         
Covariance Type:            nonrobust                                         
==============================================================================
                 coef    std err          t      P>|t|      [0.025      0.975]
------------------------------------------------------------------------------
const        2.01e+04    285.945     70.301      0.000    1.95e+04    2.07e+04
dist        -113.6683     68.733     -1.654      0.098    -248.517      21.180
==============================================================================
Omnibus:                      225.891   Durbin-Watson:                   1.298
Prob(Omnibus):                  0.000   Jarque-Bera (JB):              494.335
Skew:                           1.038   Prob(JB):                    4.53e-108
Kurtosis:                       5.324   Cond. No.                         8.92
==============================================================================

Notes:
[1] Standard Errors assume that the covariance matrix of the errors is correctly specified.
Urban-rural boundary edge for Shanghai-Yangpu: 176.81 km
Average internal radius gap: 140.25 km
Welfare loss: 1117873.63, Loss ratio: 62.92%
