Fitted model for Beijing-Dongcheng:
                            OLS Regression Results                            
==============================================================================
Dep. Variable:             land_price   R-squared:                       0.026
Model:                            OLS   Adj. R-squared:                  0.025
Method:                 Least Squares   F-statistic:                     30.94
Date:                Fri, 30 May 2025   Prob (F-statistic):           3.30e-08
Time:                        13:25:32   Log-Likelihood:                -12476.
No. Observations:                1152   AIC:                         2.496e+04
Df Residuals:                    1150   BIC:                         2.497e+04
Df Model:                           1                                         
Covariance Type:            nonrobust                                         
==============================================================================
                 coef    std err          t      P>|t|      [0.025      0.975]
------------------------------------------------------------------------------
const        3.19e+04    810.668     39.346      0.000    3.03e+04    3.35e+04
dist         839.0011    150.826      5.563      0.000     543.076    1134.926
==============================================================================
Omnibus:                     1609.162   Durbin-Watson:                   1.777
Prob(Omnibus):                  0.000   Jarque-Bera (JB):          1098388.151
Skew:                           7.283   Prob(JB):                         0.00
Kurtosis:                     153.569   Cond. No.                         12.4
==============================================================================

Notes:
[1] Standard Errors assume that the covariance matrix of the errors is correctly specified.
Using provincial average land price for Beijing: 21.9939
Could not determine urban-rural boundary edge.
