Fitted model for Shandong-Dezhou:
                            OLS Regression Results                            
==============================================================================
Dep. Variable:             land_price   R-squared:                       0.108
Model:                            OLS   Adj. R-squared:                  0.107
Method:                 Least Squares   F-statistic:                     114.7
Date:                Fri, 30 May 2025   Prob (F-statistic):           2.42e-25
Time:                        19:16:03   Log-Likelihood:                -7878.4
No. Observations:                 950   AIC:                         1.576e+04
Df Residuals:                     948   BIC:                         1.577e+04
Df Model:                           1                                         
Covariance Type:            nonrobust                                         
==============================================================================
                 coef    std err          t      P>|t|      [0.025      0.975]
------------------------------------------------------------------------------
const       3683.3011     97.127     37.923      0.000    3492.693    3873.909
dist        -202.6413     18.922    -10.709      0.000    -239.776    -165.507
==============================================================================
Omnibus:                      124.997   Durbin-Watson:                   1.473
Prob(Omnibus):                  0.000   Jarque-Bera (JB):              191.408
Skew:                           0.900   Prob(JB):                     2.73e-42
Kurtosis:                       4.262   Cond. No.                         16.4
==============================================================================

Notes:
[1] Standard Errors assume that the covariance matrix of the errors is correctly specified.
Urban-rural boundary edge for Shandong-Dezhou: 17.97 km
dezhou shandong
Average internal radius gap: 6.95 km
Welfare loss: 4894.26, Loss ratio: 14.96%
