Fitted model for Neimenggu-Wuhai:
                            OLS Regression Results                            
==============================================================================
Dep. Variable:             land_price   R-squared:                       0.060
Model:                            OLS   Adj. R-squared:                  0.057
Method:                 Least Squares   F-statistic:                     23.04
Date:                Fri, 30 May 2025   Prob (F-statistic):           2.32e-06
Time:                        13:56:37   Log-Likelihood:                -2664.7
No. Observations:                 366   AIC:                             5333.
Df Residuals:                     364   BIC:                             5341.
Df Model:                           1                                         
Covariance Type:            nonrobust                                         
==============================================================================
                 coef    std err          t      P>|t|      [0.025      0.975]
------------------------------------------------------------------------------
const       1909.1451     40.598     47.025      0.000    1829.308    1988.982
dist        -115.9227     24.152     -4.800      0.000    -163.418     -68.428
==============================================================================
Omnibus:                      103.912   Durbin-Watson:                   1.785
Prob(Omnibus):                  0.000   Jarque-Bera (JB):              426.908
Skew:                           1.174   Prob(JB):                     1.99e-93
Kurtosis:                       7.742   Cond. No.                         4.81
==============================================================================

Notes:
[1] Standard Errors assume that the covariance matrix of the errors is correctly specified.
Urban-rural boundary edge for Neimenggu-Wuhai: 16.40 km
wuhai neimenggu
Average internal radius gap: 10.40 km
Welfare loss: 6263.30, Loss ratio: 40.19%
