Fitted model for Beijing-Changping:
                            OLS Regression Results                            
==============================================================================
Dep. Variable:             land_price   R-squared:                       0.187
Model:                            OLS   Adj. R-squared:                  0.186
Method:                 Least Squares   F-statistic:                     166.8
Date:                Fri, 30 May 2025   Prob (F-statistic):           1.70e-34
Time:                        12:11:20   Log-Likelihood:                -7064.3
No. Observations:                 726   AIC:                         1.413e+04
Df Residuals:                     724   BIC:                         1.414e+04
Df Model:                           1                                         
Covariance Type:            nonrobust                                         
==============================================================================
                 coef    std err          t      P>|t|      [0.025      0.975]
------------------------------------------------------------------------------
const       1.539e+04    311.537     49.415      0.000    1.48e+04     1.6e+04
dist        -231.7723     17.943    -12.917      0.000    -266.999    -196.545
==============================================================================
Omnibus:                        0.361   Durbin-Watson:                   1.256
Prob(Omnibus):                  0.835   Jarque-Bera (JB):                0.391
Skew:                          -0.054   Prob(JB):                        0.822
Kurtosis:                       2.962   Cond. No.                         35.8
==============================================================================

Notes:
[1] Standard Errors assume that the covariance matrix of the errors is correctly specified.
Urban-rural boundary edge for Beijing-Changping: 66.36 km
changping beijing
Fallback: matched by province name: beijing2020_new_Urb.shp
Average internal radius gap: 24.85 km
Welfare loss: 71542.01, Loss ratio: 14.02%
