Fitted model for Henan-Zhengzhou:
                            OLS Regression Results                            
==============================================================================
Dep. Variable:             land_price   R-squared:                       0.134
Model:                            OLS   Adj. R-squared:                  0.134
Method:                 Least Squares   F-statistic:                     1294.
Date:                Fri, 30 May 2025   Prob (F-statistic):          1.21e-263
Time:                        13:25:31   Log-Likelihood:                -74186.
No. Observations:                8384   AIC:                         1.484e+05
Df Residuals:                    8382   BIC:                         1.484e+05
Df Model:                           1                                         
Covariance Type:            nonrobust                                         
==============================================================================
                 coef    std err          t      P>|t|      [0.025      0.975]
------------------------------------------------------------------------------
const       3875.6571     22.866    169.493      0.000    3830.834    3920.480
dist         -43.6625      1.214    -35.972      0.000     -46.042     -41.283
==============================================================================
Omnibus:                     9654.068   Durbin-Watson:                   1.317
Prob(Omnibus):                  0.000   Jarque-Bera (JB):          1637848.152
Skew:                           5.834   Prob(JB):                         0.00
Kurtosis:                      70.471   Cond. No.                         23.4
==============================================================================

Notes:
[1] Standard Errors assume that the covariance matrix of the errors is correctly specified.
Urban-rural boundary edge for Henan-Zhengzhou: 87.79 km
zhengzhou henan
Average internal radius gap: 69.00 km
Welfare loss: 103934.06, Loss ratio: 61.78%
