Fitted model for Henan-Sanmenxia:
                            OLS Regression Results                            
==============================================================================
Dep. Variable:             land_price   R-squared:                       0.067
Model:                            OLS   Adj. R-squared:                  0.052
Method:                 Least Squares   F-statistic:                     4.400
Date:                Fri, 30 May 2025   Prob (F-statistic):             0.0401
Time:                        12:11:17   Log-Likelihood:                -455.18
No. Observations:                  63   AIC:                             914.4
Df Residuals:                      61   BIC:                             918.7
Df Model:                           1                                         
Covariance Type:            nonrobust                                         
==============================================================================
                 coef    std err          t      P>|t|      [0.025      0.975]
------------------------------------------------------------------------------
const       1954.0973    122.873     15.903      0.000    1708.397    2199.798
dist         -63.3917     30.222     -2.098      0.040    -123.825      -2.958
==============================================================================
Omnibus:                        0.949   Durbin-Watson:                   1.855
Prob(Omnibus):                  0.622   Jarque-Bera (JB):                0.381
Skew:                          -0.106   Prob(JB):                        0.827
Kurtosis:                       3.317   Cond. No.                         12.4
==============================================================================

Notes:
[1] Standard Errors assume that the covariance matrix of the errors is correctly specified.
Urban-rural boundary edge for Henan-Sanmenxia: 30.55 km
sanmenxia henan
Average internal radius gap: 23.16 km
Welfare loss: 16998.97, Loss ratio: 57.45%
