Fitted model for Liaoning-Jinzhou:
                            OLS Regression Results                            
==============================================================================
Dep. Variable:             land_price   R-squared:                       0.003
Model:                            OLS   Adj. R-squared:                  0.001
Method:                 Least Squares   F-statistic:                     1.790
Date:                Fri, 30 May 2025   Prob (F-statistic):              0.181
Time:                        13:25:30   Log-Likelihood:                -5316.1
No. Observations:                 688   AIC:                         1.064e+04
Df Residuals:                     686   BIC:                         1.065e+04
Df Model:                           1                                         
Covariance Type:            nonrobust                                         
==============================================================================
                 coef    std err          t      P>|t|      [0.025      0.975]
------------------------------------------------------------------------------
const       1630.5229     58.668     27.792      0.000    1515.332    1745.714
dist         -15.2137     11.371     -1.338      0.181     -37.540       7.113
==============================================================================
Omnibus:                       91.265   Durbin-Watson:                   1.307
Prob(Omnibus):                  0.000   Jarque-Bera (JB):              146.752
Skew:                           0.864   Prob(JB):                     1.36e-32
Kurtosis:                       4.461   Cond. No.                         14.9
==============================================================================

Notes:
[1] Standard Errors assume that the covariance matrix of the errors is correctly specified.
Urban-rural boundary edge for Liaoning-Jinzhou: 105.89 km
jinzhou liaoning
Average internal radius gap: 93.90 km
Welfare loss: 67070.29, Loss ratio: 78.63%
