Fitted model for Hebei-Qinhuangdao:
                            OLS Regression Results                            
==============================================================================
Dep. Variable:             land_price   R-squared:                       0.030
Model:                            OLS   Adj. R-squared:                  0.029
Method:                 Least Squares   F-statistic:                     54.31
Date:                Fri, 30 May 2025   Prob (F-statistic):           2.61e-13
Time:                        12:11:09   Log-Likelihood:                -16536.
No. Observations:                1788   AIC:                         3.308e+04
Df Residuals:                    1786   BIC:                         3.309e+04
Df Model:                           1                                         
Covariance Type:            nonrobust                                         
==============================================================================
                 coef    std err          t      P>|t|      [0.025      0.975]
------------------------------------------------------------------------------
const       4384.2376    127.501     34.386      0.000    4134.170    4634.305
dist        -226.9503     30.796     -7.370      0.000    -287.350    -166.551
==============================================================================
Omnibus:                     3442.440   Durbin-Watson:                   2.036
Prob(Omnibus):                  0.000   Jarque-Bera (JB):          7385652.622
Skew:                          14.407   Prob(JB):                         0.00
Kurtosis:                     316.538   Cond. No.                         9.29
==============================================================================

Notes:
[1] Standard Errors assume that the covariance matrix of the errors is correctly specified.
Urban-rural boundary edge for Hebei-Qinhuangdao: 19.22 km
qinhuangdao hebei
Average internal radius gap: 7.63 km
Welfare loss: 6600.54, Loss ratio: 15.74%
