Fitted model for Yunnan-Dalibaizu:
                            OLS Regression Results                            
==============================================================================
Dep. Variable:             land_price   R-squared:                       0.036
Model:                            OLS   Adj. R-squared:                  0.034
Method:                 Least Squares   F-statistic:                     21.18
Date:                Fri, 30 May 2025   Prob (F-statistic):           5.16e-06
Time:                        13:25:36   Log-Likelihood:                -4897.0
No. Observations:                 573   AIC:                             9798.
Df Residuals:                     571   BIC:                             9807.
Df Model:                           1                                         
Covariance Type:            nonrobust                                         
==============================================================================
                 coef    std err          t      P>|t|      [0.025      0.975]
------------------------------------------------------------------------------
const       2988.8679    117.438     25.451      0.000    2758.205    3219.531
dist          87.7322     19.063      4.602      0.000      50.289     125.175
==============================================================================
Omnibus:                      390.556   Durbin-Watson:                   1.709
Prob(Omnibus):                  0.000   Jarque-Bera (JB):             8344.705
Skew:                           2.671   Prob(JB):                         0.00
Kurtosis:                      20.916   Cond. No.                         14.2
==============================================================================

Notes:
[1] Standard Errors assume that the covariance matrix of the errors is correctly specified.
Could not determine urban-rural boundary edge.
