Fitted model for Henan-Hebi:
                            OLS Regression Results                            
==============================================================================
Dep. Variable:             land_price   R-squared:                       0.004
Model:                            OLS   Adj. R-squared:                  0.001
Method:                 Least Squares   F-statistic:                     1.228
Date:                Fri, 30 May 2025   Prob (F-statistic):              0.269
Time:                        13:25:24   Log-Likelihood:                -2657.4
No. Observations:                 340   AIC:                             5319.
Df Residuals:                     338   BIC:                             5326.
Df Model:                           1                                         
Covariance Type:            nonrobust                                         
==============================================================================
                 coef    std err          t      P>|t|      [0.025      0.975]
------------------------------------------------------------------------------
const       1904.6928     74.748     25.482      0.000    1757.663    2051.723
dist         -30.5863     27.604     -1.108      0.269     -84.883      23.710
==============================================================================
Omnibus:                        5.316   Durbin-Watson:                   1.080
Prob(Omnibus):                  0.070   Jarque-Bera (JB):                5.406
Skew:                           0.305   Prob(JB):                       0.0670
Kurtosis:                       2.906   Cond. No.                         6.90
==============================================================================

Notes:
[1] Standard Errors assume that the covariance matrix of the errors is correctly specified.
Urban-rural boundary edge for Henan-Hebi: 60.87 km
hebi henan
Average internal radius gap: 55.38 km
Welfare loss: 46894.90, Loss ratio: 82.75%
