Fitted model for Hubei-Enshitujiazumiaozu:
                            OLS Regression Results                            
==============================================================================
Dep. Variable:             land_price   R-squared:                       0.026
Model:                            OLS   Adj. R-squared:                  0.024
Method:                 Least Squares   F-statistic:                     11.17
Date:                Fri, 30 May 2025   Prob (F-statistic):           0.000904
Time:                        13:56:03   Log-Likelihood:                -3037.5
No. Observations:                 422   AIC:                             6079.
Df Residuals:                     420   BIC:                             6087.
Df Model:                           1                                         
Covariance Type:            nonrobust                                         
==============================================================================
                 coef    std err          t      P>|t|      [0.025      0.975]
------------------------------------------------------------------------------
const       1697.2569     24.316     69.801      0.000    1649.462    1745.052
dist          27.7221      8.293      3.343      0.001      11.421      44.024
==============================================================================
Omnibus:                      218.516   Durbin-Watson:                   1.812
Prob(Omnibus):                  0.000   Jarque-Bera (JB):             2630.303
Skew:                           1.916   Prob(JB):                         0.00
Kurtosis:                      14.615   Cond. No.                         4.84
==============================================================================

Notes:
[1] Standard Errors assume that the covariance matrix of the errors is correctly specified.
Could not determine urban-rural boundary edge.
