Fitted model for Fujian-Zhangzhou:
                            OLS Regression Results                            
==============================================================================
Dep. Variable:             land_price   R-squared:                       0.010
Model:                            OLS   Adj. R-squared:                  0.009
Method:                 Least Squares   F-statistic:                     10.98
Date:                Fri, 30 May 2025   Prob (F-statistic):           0.000951
Time:                        13:25:36   Log-Likelihood:                -9721.7
No. Observations:                1110   AIC:                         1.945e+04
Df Residuals:                    1108   BIC:                         1.946e+04
Df Model:                           1                                         
Covariance Type:            nonrobust                                         
==============================================================================
                 coef    std err          t      P>|t|      [0.025      0.975]
------------------------------------------------------------------------------
const       3595.9734     68.306     52.645      0.000    3461.949    3729.997
dist         -17.9903      5.429     -3.314      0.001     -28.643      -7.338
==============================================================================
Omnibus:                      831.960   Durbin-Watson:                   1.477
Prob(Omnibus):                  0.000   Jarque-Bera (JB):            20301.657
Skew:                           3.206   Prob(JB):                         0.00
Kurtosis:                      22.946   Cond. No.                         18.6
==============================================================================

Notes:
[1] Standard Errors assume that the covariance matrix of the errors is correctly specified.
Urban-rural boundary edge for Fujian-Zhangzhou: 199.01 km
zhangzhou fujian
Average internal radius gap: 191.10 km
Welfare loss: 328493.62, Loss ratio: 92.21%
