Fitted model for Hunan-Yongzhou:
                            OLS Regression Results                            
==============================================================================
Dep. Variable:             land_price   R-squared:                       0.115
Model:                            OLS   Adj. R-squared:                  0.112
Method:                 Least Squares   F-statistic:                     51.80
Date:                Fri, 30 May 2025   Prob (F-statistic):           3.06e-12
Time:                        19:16:02   Log-Likelihood:                -2937.6
No. Observations:                 402   AIC:                             5879.
Df Residuals:                     400   BIC:                             5887.
Df Model:                           1                                         
Covariance Type:            nonrobust                                         
==============================================================================
                 coef    std err          t      P>|t|      [0.025      0.975]
------------------------------------------------------------------------------
const       1716.0452     39.872     43.039      0.000    1637.661    1794.429
dist         -96.5344     13.413     -7.197      0.000    -122.902     -70.166
==============================================================================
Omnibus:                        8.679   Durbin-Watson:                   1.700
Prob(Omnibus):                  0.013   Jarque-Bera (JB):                8.986
Skew:                           0.362   Prob(JB):                       0.0112
Kurtosis:                       2.883   Cond. No.                         7.17
==============================================================================

Notes:
[1] Standard Errors assume that the covariance matrix of the errors is correctly specified.
Urban-rural boundary edge for Hunan-Yongzhou: 17.58 km
yongzhou hunan
Average internal radius gap: 13.70 km
Welfare loss: 9060.82, Loss ratio: 60.73%
