Fitted model for Neimenggu-Baotou:
                            OLS Regression Results                            
==============================================================================
Dep. Variable:             land_price   R-squared:                       0.398
Model:                            OLS   Adj. R-squared:                  0.398
Method:                 Least Squares   F-statistic:                     996.7
Date:                Fri, 30 May 2025   Prob (F-statistic):          2.63e-168
Time:                        11:01:12   Log-Likelihood:                -11718.
No. Observations:                1508   AIC:                         2.344e+04
Df Residuals:                    1506   BIC:                         2.345e+04
Df Model:                           1                                         
Covariance Type:            nonrobust                                         
==============================================================================
                 coef    std err          t      P>|t|      [0.025      0.975]
------------------------------------------------------------------------------
const       2817.0907     25.175    111.902      0.000    2767.710    2866.472
dist         -70.5537      2.235    -31.570      0.000     -74.937     -66.170
==============================================================================
Omnibus:                      591.231   Durbin-Watson:                   1.840
Prob(Omnibus):                  0.000   Jarque-Bera (JB):             3004.025
Skew:                           1.783   Prob(JB):                         0.00
Kurtosis:                       8.923   Cond. No.                         19.3
==============================================================================

Notes:
[1] Standard Errors assume that the covariance matrix of the errors is correctly specified.
Urban-rural boundary edge for Neimenggu-Baotou: 39.76 km
Average internal radius gap: 25.12 km
Welfare loss: 22261.46, Loss ratio: 39.91%
