Fitted model for Shanxi-Datong:
                            OLS Regression Results                            
==============================================================================
Dep. Variable:             land_price   R-squared:                       0.261
Model:                            OLS   Adj. R-squared:                  0.261
Method:                 Least Squares   F-statistic:                     381.5
Date:                Fri, 30 May 2025   Prob (F-statistic):           5.60e-73
Time:                        13:56:03   Log-Likelihood:                -8319.0
No. Observations:                1081   AIC:                         1.664e+04
Df Residuals:                    1079   BIC:                         1.665e+04
Df Model:                           1                                         
Covariance Type:            nonrobust                                         
==============================================================================
                 coef    std err          t      P>|t|      [0.025      0.975]
------------------------------------------------------------------------------
const       1869.2953     25.326     73.809      0.000    1819.601    1918.989
dist         -74.8131      3.830    -19.531      0.000     -82.329     -67.297
==============================================================================
Omnibus:                      564.408   Durbin-Watson:                   1.173
Prob(Omnibus):                  0.000   Jarque-Bera (JB):             5245.137
Skew:                           2.220   Prob(JB):                         0.00
Kurtosis:                      12.836   Cond. No.                         10.5
==============================================================================

Notes:
[1] Standard Errors assume that the covariance matrix of the errors is correctly specified.
Urban-rural boundary edge for Shanxi-Datong: 24.88 km
datong shanxi
Average internal radius gap: 15.78 km
Welfare loss: 9317.38, Loss ratio: 40.24%
