Fitted model for Guangdong-Zhaoqing:
                            OLS Regression Results                            
==============================================================================
Dep. Variable:             land_price   R-squared:                       0.018
Model:                            OLS   Adj. R-squared:                  0.017
Method:                 Least Squares   F-statistic:                     31.70
Date:                Fri, 30 May 2025   Prob (F-statistic):           2.10e-08
Time:                        13:25:18   Log-Likelihood:                -14042.
No. Observations:                1744   AIC:                         2.809e+04
Df Residuals:                    1742   BIC:                         2.810e+04
Df Model:                           1                                         
Covariance Type:            nonrobust                                         
==============================================================================
                 coef    std err          t      P>|t|      [0.025      0.975]
------------------------------------------------------------------------------
const       2031.0034     22.094     91.925      0.000    1987.670    2074.337
dist          -7.1711      1.274     -5.630      0.000      -9.669      -4.673
==============================================================================
Omnibus:                     1194.778   Durbin-Watson:                   1.652
Prob(Omnibus):                  0.000   Jarque-Bera (JB):            27572.066
Skew:                           2.883   Prob(JB):                         0.00
Kurtosis:                      21.606   Cond. No.                         21.1
==============================================================================

Notes:
[1] Standard Errors assume that the covariance matrix of the errors is correctly specified.
Urban-rural boundary edge for Guangdong-Zhaoqing: 281.46 km
zhaoqing guangdong
Average internal radius gap: 273.31 km
Welfare loss: 267831.97, Loss ratio: 94.29%
