Fitted model for Hubei-Jingzhou:
                            OLS Regression Results                            
==============================================================================
Dep. Variable:             land_price   R-squared:                       0.143
Model:                            OLS   Adj. R-squared:                  0.143
Method:                 Least Squares   F-statistic:                     387.6
Date:                Fri, 30 May 2025   Prob (F-statistic):           6.36e-80
Time:                        13:56:38   Log-Likelihood:                -17883.
No. Observations:                2325   AIC:                         3.577e+04
Df Residuals:                    2323   BIC:                         3.578e+04
Df Model:                           1                                         
Covariance Type:            nonrobust                                         
==============================================================================
                 coef    std err          t      P>|t|      [0.025      0.975]
------------------------------------------------------------------------------
const       1746.2542     13.879    125.823      0.000    1719.038    1773.470
dist         -11.5013      0.584    -19.687      0.000     -12.647     -10.356
==============================================================================
Omnibus:                     4649.934   Durbin-Watson:                   1.930
Prob(Omnibus):                  0.000   Jarque-Bera (JB):         15991537.324
Skew:                          15.699   Prob(JB):                         0.00
Kurtosis:                     408.078   Cond. No.                         30.0
==============================================================================

Notes:
[1] Standard Errors assume that the covariance matrix of the errors is correctly specified.
Urban-rural boundary edge for Hubei-Jingzhou: 148.02 km
jingzhou hubei
Average internal radius gap: 136.91 km
Welfare loss: 107793.76, Loss ratio: 85.55%
