Fitted model for Guangxi-Nanning:
                            OLS Regression Results                            
==============================================================================
Dep. Variable:             land_price   R-squared:                       0.280
Model:                            OLS   Adj. R-squared:                  0.280
Method:                 Least Squares   F-statistic:                     1453.
Date:                Fri, 30 May 2025   Prob (F-statistic):          1.10e-268
Time:                        11:01:22   Log-Likelihood:                -31344.
No. Observations:                3729   AIC:                         6.269e+04
Df Residuals:                    3727   BIC:                         6.271e+04
Df Model:                           1                                         
Covariance Type:            nonrobust                                         
==============================================================================
                 coef    std err          t      P>|t|      [0.025      0.975]
------------------------------------------------------------------------------
const       4462.1506     38.029    117.336      0.000    4387.591    4536.710
dist        -217.4535      5.706    -38.112      0.000    -228.640    -206.267
==============================================================================
Omnibus:                     1089.268   Durbin-Watson:                   1.428
Prob(Omnibus):                  0.000   Jarque-Bera (JB):             3613.897
Skew:                           1.461   Prob(JB):                         0.00
Kurtosis:                       6.837   Cond. No.                         14.6
==============================================================================

Notes:
[1] Standard Errors assume that the covariance matrix of the errors is correctly specified.
Urban-rural boundary edge for Guangxi-Nanning: 20.45 km
Average internal radius gap: 9.14 km
Welfare loss: 9086.15, Loss ratio: 19.98%
