Fitted model for Hubei-Huangshi:
                            OLS Regression Results                            
==============================================================================
Dep. Variable:             land_price   R-squared:                       0.218
Model:                            OLS   Adj. R-squared:                  0.218
Method:                 Least Squares   F-statistic:                     287.1
Date:                Fri, 30 May 2025   Prob (F-statistic):           5.74e-57
Time:                        13:25:36   Log-Likelihood:                -7560.9
No. Observations:                1029   AIC:                         1.513e+04
Df Residuals:                    1027   BIC:                         1.514e+04
Df Model:                           1                                         
Covariance Type:            nonrobust                                         
==============================================================================
                 coef    std err          t      P>|t|      [0.025      0.975]
------------------------------------------------------------------------------
const       1872.5522     21.456     87.274      0.000    1830.449    1914.655
dist         -30.4441      1.797    -16.943      0.000     -33.970     -26.918
==============================================================================
Omnibus:                       76.625   Durbin-Watson:                   1.458
Prob(Omnibus):                  0.000   Jarque-Bera (JB):              131.061
Skew:                           0.531   Prob(JB):                     3.47e-29
Kurtosis:                       4.389   Cond. No.                         22.0
==============================================================================

Notes:
[1] Standard Errors assume that the covariance matrix of the errors is correctly specified.
Urban-rural boundary edge for Hubei-Huangshi: 60.79 km
huangshi hubei
Average internal radius gap: 49.46 km
Welfare loss: 37234.94, Loss ratio: 66.20%
