Fitted model for Shandong-Heze:
                            OLS Regression Results                            
==============================================================================
Dep. Variable:             land_price   R-squared:                       0.036
Model:                            OLS   Adj. R-squared:                  0.024
Method:                 Least Squares   F-statistic:                     3.002
Date:                Fri, 30 May 2025   Prob (F-statistic):             0.0870
Time:                        12:11:20   Log-Likelihood:                -624.38
No. Observations:                  83   AIC:                             1253.
Df Residuals:                      81   BIC:                             1258.
Df Model:                           1                                         
Covariance Type:            nonrobust                                         
==============================================================================
                 coef    std err          t      P>|t|      [0.025      0.975]
------------------------------------------------------------------------------
const       2163.9801    128.602     16.827      0.000    1908.103    2419.858
dist         -30.1172     17.383     -1.733      0.087     -64.704       4.469
==============================================================================
Omnibus:                       18.108   Durbin-Watson:                   2.194
Prob(Omnibus):                  0.000   Jarque-Bera (JB):               21.989
Skew:                           1.085   Prob(JB):                     1.68e-05
Kurtosis:                       4.285   Cond. No.                         19.4
==============================================================================

Notes:
[1] Standard Errors assume that the covariance matrix of the errors is correctly specified.
Urban-rural boundary edge for Shandong-Heze: 70.56 km
heze shandong
Average internal radius gap: 59.56 km
Welfare loss: 53413.62, Loss ratio: 71.25%
