Fitted model for Beijing-Daxing:
                            OLS Regression Results                            
==============================================================================
Dep. Variable:             land_price   R-squared:                       0.174
Model:                            OLS   Adj. R-squared:                  0.172
Method:                 Least Squares   F-statistic:                     113.5
Date:                Fri, 30 May 2025   Prob (F-statistic):           3.49e-24
Time:                        11:01:37   Log-Likelihood:                -5287.7
No. Observations:                 541   AIC:                         1.058e+04
Df Residuals:                     539   BIC:                         1.059e+04
Df Model:                           1                                         
Covariance Type:            nonrobust                                         
==============================================================================
                 coef    std err          t      P>|t|      [0.025      0.975]
------------------------------------------------------------------------------
const        1.65e+04    358.613     46.023      0.000    1.58e+04    1.72e+04
dist        -328.0836     30.794    -10.654      0.000    -388.574    -267.593
==============================================================================
Omnibus:                      143.548   Durbin-Watson:                   1.431
Prob(Omnibus):                  0.000   Jarque-Bera (JB):              716.338
Skew:                           1.077   Prob(JB):                    2.81e-156
Kurtosis:                       8.209   Cond. No.                         22.9
==============================================================================

Notes:
[1] Standard Errors assume that the covariance matrix of the errors is correctly specified.
Urban-rural boundary edge for Beijing-Daxing: 50.18 km
Average internal radius gap: 18.46 km
Welfare loss: 55925.84, Loss ratio: 13.54%
