Fitted model for Shaanxi-Baoji:
                            OLS Regression Results                            
==============================================================================
Dep. Variable:             land_price   R-squared:                       0.000
Model:                            OLS   Adj. R-squared:                 -0.001
Method:                 Least Squares   F-statistic:                   0.05948
Date:                Fri, 30 May 2025   Prob (F-statistic):              0.807
Time:                        13:56:19   Log-Likelihood:                -10540.
No. Observations:                1238   AIC:                         2.108e+04
Df Residuals:                    1236   BIC:                         2.109e+04
Df Model:                           1                                         
Covariance Type:            nonrobust                                         
==============================================================================
                 coef    std err          t      P>|t|      [0.025      0.975]
------------------------------------------------------------------------------
const       1331.3913     50.756     26.231      0.000    1231.813    1430.969
dist           1.4024      5.750      0.244      0.807      -9.879      12.684
==============================================================================
Omnibus:                     3297.344   Durbin-Watson:                   1.956
Prob(Omnibus):                  0.000   Jarque-Bera (JB):         50831081.729
Skew:                          29.899   Prob(JB):                         0.00
Kurtosis:                     993.879   Cond. No.                         13.2
==============================================================================

Notes:
[1] Standard Errors assume that the covariance matrix of the errors is correctly specified.
No land price data available for Shaanxi-Baoji or Shaanxi
Could not determine urban-rural boundary edge.
