Fitted model for Hebei-Langfang:
                            OLS Regression Results                            
==============================================================================
Dep. Variable:             land_price   R-squared:                       0.026
Model:                            OLS   Adj. R-squared:                  0.026
Method:                 Least Squares   F-statistic:                     51.76
Date:                Fri, 30 May 2025   Prob (F-statistic):           8.93e-13
Time:                        19:15:46   Log-Likelihood:                -16631.
No. Observations:                1937   AIC:                         3.327e+04
Df Residuals:                    1935   BIC:                         3.328e+04
Df Model:                           1                                         
Covariance Type:            nonrobust                                         
==============================================================================
                 coef    std err          t      P>|t|      [0.025      0.975]
------------------------------------------------------------------------------
const       3453.1254     34.397    100.389      0.000    3385.666    3520.585
dist          10.8566      1.509      7.194      0.000       7.897      13.816
==============================================================================
Omnibus:                     1333.754   Durbin-Watson:                   1.699
Prob(Omnibus):                  0.000   Jarque-Bera (JB):            26835.880
Skew:                           2.972   Prob(JB):                         0.00
Kurtosis:                      20.239   Cond. No.                         26.6
==============================================================================

Notes:
[1] Standard Errors assume that the covariance matrix of the errors is correctly specified.
Could not determine urban-rural boundary edge.
