Fitted model for Anhui-Chuzhou:
                            OLS Regression Results                            
==============================================================================
Dep. Variable:             land_price   R-squared:                       0.070
Model:                            OLS   Adj. R-squared:                  0.068
Method:                 Least Squares   F-statistic:                     39.64
Date:                Fri, 30 May 2025   Prob (F-statistic):           6.44e-10
Time:                        19:16:03   Log-Likelihood:                -4171.2
No. Observations:                 528   AIC:                             8346.
Df Residuals:                     526   BIC:                             8355.
Df Model:                           1                                         
Covariance Type:            nonrobust                                         
==============================================================================
                 coef    std err          t      P>|t|      [0.025      0.975]
------------------------------------------------------------------------------
const       2550.4855     47.453     53.747      0.000    2457.264    2643.707
dist         -63.8236     10.137     -6.296      0.000     -83.737     -43.910
==============================================================================
Omnibus:                      218.822   Durbin-Watson:                   1.626
Prob(Omnibus):                  0.000   Jarque-Bera (JB):             1104.633
Skew:                           1.785   Prob(JB):                    1.36e-240
Kurtosis:                       9.120   Cond. No.                         8.04
==============================================================================

Notes:
[1] Standard Errors assume that the covariance matrix of the errors is correctly specified.
Urban-rural boundary edge for Anhui-Chuzhou: 39.19 km
chuzhou anhui
Average internal radius gap: 30.08 km
Welfare loss: 28864.60, Loss ratio: 58.88%
