Fitted model for Heilongjiang-Suihua:
                            OLS Regression Results                            
==============================================================================
Dep. Variable:             land_price   R-squared:                       0.005
Model:                            OLS   Adj. R-squared:                  0.003
Method:                 Least Squares   F-statistic:                     3.585
Date:                Fri, 30 May 2025   Prob (F-statistic):             0.0587
Time:                        19:15:53   Log-Likelihood:                -5860.0
No. Observations:                 782   AIC:                         1.172e+04
Df Residuals:                     780   BIC:                         1.173e+04
Df Model:                           1                                         
Covariance Type:            nonrobust                                         
==============================================================================
                 coef    std err          t      P>|t|      [0.025      0.975]
------------------------------------------------------------------------------
const       1268.5638     22.995     55.168      0.000    1223.425    1313.702
dist          -0.5901      0.312     -1.893      0.059      -1.202       0.022
==============================================================================
Omnibus:                      190.651   Durbin-Watson:                   1.261
Prob(Omnibus):                  0.000   Jarque-Bera (JB):              786.473
Skew:                           1.076   Prob(JB):                    1.66e-171
Kurtosis:                       7.417   Cond. No.                         109.
==============================================================================

Notes:
[1] Standard Errors assume that the covariance matrix of the errors is correctly specified.
Urban-rural boundary edge for Heilongjiang-Suihua: 2129.34 km
suihua heilongjiang
Average internal radius gap: 2125.00 km
Welfare loss: 1332329.15, Loss ratio: 99.59%
