Fitted model for Shaanxi-Tongchuan:
                            OLS Regression Results                            
==============================================================================
Dep. Variable:             land_price   R-squared:                       0.580
Model:                            OLS   Adj. R-squared:                  0.577
Method:                 Least Squares   F-statistic:                     166.0
Date:                Fri, 30 May 2025   Prob (F-statistic):           2.19e-24
Time:                        19:15:45   Log-Likelihood:                -857.10
No. Observations:                 122   AIC:                             1718.
Df Residuals:                     120   BIC:                             1724.
Df Model:                           1                                         
Covariance Type:            nonrobust                                         
==============================================================================
                 coef    std err          t      P>|t|      [0.025      0.975]
------------------------------------------------------------------------------
const       2141.5399     60.790     35.228      0.000    2021.179    2261.900
dist        -192.7213     14.956    -12.886      0.000    -222.333    -163.110
==============================================================================
Omnibus:                        0.823   Durbin-Watson:                   1.874
Prob(Omnibus):                  0.663   Jarque-Bera (JB):                0.641
Skew:                          -0.177   Prob(JB):                        0.726
Kurtosis:                       3.023   Cond. No.                         10.5
==============================================================================

Notes:
[1] Standard Errors assume that the covariance matrix of the errors is correctly specified.
No land price data available for Shaanxi-Tongchuan or Shaanxi
Could not determine urban-rural boundary edge.
