Fitted model for Shandong-Qingdao:
                            OLS Regression Results                            
==============================================================================
Dep. Variable:             land_price   R-squared:                       0.209
Model:                            OLS   Adj. R-squared:                  0.209
Method:                 Least Squares   F-statistic:                     1608.
Date:                Fri, 30 May 2025   Prob (F-statistic):          3.32e-312
Time:                        11:07:24   Log-Likelihood:                -58568.
No. Observations:                6081   AIC:                         1.171e+05
Df Residuals:                    6079   BIC:                         1.172e+05
Df Model:                           1                                         
Covariance Type:            nonrobust                                         
==============================================================================
                 coef    std err          t      P>|t|      [0.025      0.975]
------------------------------------------------------------------------------
const       7404.1231     67.788    109.225      0.000    7271.235    7537.011
dist         -75.4435      1.881    -40.102      0.000     -79.131     -71.755
==============================================================================
Omnibus:                     6054.934   Durbin-Watson:                   0.850
Prob(Omnibus):                  0.000   Jarque-Bera (JB):           459480.705
Skew:                           4.770   Prob(JB):                         0.00
Kurtosis:                      44.502   Cond. No.                         51.7
==============================================================================

Notes:
[1] Standard Errors assume that the covariance matrix of the errors is correctly specified.
Urban-rural boundary edge for Shandong-Qingdao: 97.53 km
Average internal radius gap: 66.18 km
Welfare loss: 165221.67, Loss ratio: 46.04%
