Fitted model for Hunan-Xiangtan:
                            OLS Regression Results                            
==============================================================================
Dep. Variable:             land_price   R-squared:                       0.000
Model:                            OLS   Adj. R-squared:                 -0.001
Method:                 Least Squares   F-statistic:                    0.1497
Date:                Fri, 30 May 2025   Prob (F-statistic):              0.699
Time:                        12:11:20   Log-Likelihood:                -6922.3
No. Observations:                 939   AIC:                         1.385e+04
Df Residuals:                     937   BIC:                         1.386e+04
Df Model:                           1                                         
Covariance Type:            nonrobust                                         
==============================================================================
                 coef    std err          t      P>|t|      [0.025      0.975]
------------------------------------------------------------------------------
const       1444.6067     28.277     51.087      0.000    1389.112    1500.101
dist          -2.1672      5.602     -0.387      0.699     -13.161       8.826
==============================================================================
Omnibus:                      664.217   Durbin-Watson:                   1.548
Prob(Omnibus):                  0.000   Jarque-Bera (JB):            15185.397
Skew:                           2.928   Prob(JB):                         0.00
Kurtosis:                      21.811   Cond. No.                         11.7
==============================================================================

Notes:
[1] Standard Errors assume that the covariance matrix of the errors is correctly specified.
Urban-rural boundary edge for Hunan-Xiangtan: 652.86 km
xiangtan hunan
Average internal radius gap: 647.56 km
Welfare loss: 454394.90, Loss ratio: 98.38%
