Fitted model for Shanxi-Linfen:
                            OLS Regression Results                            
==============================================================================
Dep. Variable:             land_price   R-squared:                       0.100
Model:                            OLS   Adj. R-squared:                  0.099
Method:                 Least Squares   F-statistic:                     93.02
Date:                Fri, 30 May 2025   Prob (F-statistic):           6.07e-21
Time:                        11:07:07   Log-Likelihood:                -6380.7
No. Observations:                 839   AIC:                         1.277e+04
Df Residuals:                     837   BIC:                         1.277e+04
Df Model:                           1                                         
Covariance Type:            nonrobust                                         
==============================================================================
                 coef    std err          t      P>|t|      [0.025      0.975]
------------------------------------------------------------------------------
const       2347.5339     42.551     55.169      0.000    2264.014    2431.054
dist        -108.6493     11.265     -9.644      0.000    -130.761     -86.537
==============================================================================
Omnibus:                       19.279   Durbin-Watson:                   1.669
Prob(Omnibus):                  0.000   Jarque-Bera (JB):               20.184
Skew:                           0.350   Prob(JB):                     4.14e-05
Kurtosis:                       3.297   Cond. No.                         10.1
==============================================================================

Notes:
[1] Standard Errors assume that the covariance matrix of the errors is correctly specified.
Urban-rural boundary edge for Shanxi-Linfen: 21.52 km
Average internal radius gap: 14.00 km
Welfare loss: 10643.60, Loss ratio: 42.33%
