Fitted model for Fujian-Fuzhou:
                            OLS Regression Results                            
==============================================================================
Dep. Variable:             land_price   R-squared:                       0.252
Model:                            OLS   Adj. R-squared:                  0.252
Method:                 Least Squares   F-statistic:                     2073.
Date:                Fri, 30 May 2025   Prob (F-statistic):               0.00
Time:                        19:15:50   Log-Likelihood:                -58503.
No. Observations:                6149   AIC:                         1.170e+05
Df Residuals:                    6147   BIC:                         1.170e+05
Df Model:                           1                                         
Covariance Type:            nonrobust                                         
==============================================================================
                 coef    std err          t      P>|t|      [0.025      0.975]
------------------------------------------------------------------------------
const       9196.3578     51.810    177.502      0.000    9094.792    9297.923
dist        -171.6132      3.769    -45.530      0.000    -179.002    -164.224
==============================================================================
Omnibus:                     3070.020   Durbin-Watson:                   1.236
Prob(Omnibus):                  0.000   Jarque-Bera (JB):            33203.436
Skew:                           2.136   Prob(JB):                         0.00
Kurtosis:                      13.552   Cond. No.                         17.1
==============================================================================

Notes:
[1] Standard Errors assume that the covariance matrix of the errors is correctly specified.
Urban-rural boundary edge for Fujian-Fuzhou: 53.50 km
fuzhou fujian
Average internal radius gap: 43.28 km
Welfare loss: 160723.45, Loss ratio: 65.45%
