Fitted model for Sichuan-Yaan:
                            OLS Regression Results                            
==============================================================================
Dep. Variable:             land_price   R-squared:                       0.027
Model:                            OLS   Adj. R-squared:                  0.025
Method:                 Least Squares   F-statistic:                     12.11
Date:                Fri, 30 May 2025   Prob (F-statistic):           0.000551
Time:                        13:25:29   Log-Likelihood:                -3290.6
No. Observations:                 434   AIC:                             6585.
Df Residuals:                     432   BIC:                             6593.
Df Model:                           1                                         
Covariance Type:            nonrobust                                         
==============================================================================
                 coef    std err          t      P>|t|      [0.025      0.975]
------------------------------------------------------------------------------
const       1459.4336     51.536     28.319      0.000    1358.142    1560.726
dist          64.5341     18.542      3.480      0.001      28.091     100.977
==============================================================================
Omnibus:                      120.695   Durbin-Watson:                   1.289
Prob(Omnibus):                  0.000   Jarque-Bera (JB):              288.027
Skew:                           1.400   Prob(JB):                     2.86e-63
Kurtosis:                       5.844   Cond. No.                         6.94
==============================================================================

Notes:
[1] Standard Errors assume that the covariance matrix of the errors is correctly specified.
Could not determine urban-rural boundary edge.
