Fitted model for Anhui-Wuhu:
                            OLS Regression Results                            
==============================================================================
Dep. Variable:             land_price   R-squared:                       0.050
Model:                            OLS   Adj. R-squared:                  0.049
Method:                 Least Squares   F-statistic:                     48.61
Date:                Fri, 30 May 2025   Prob (F-statistic):           5.92e-12
Time:                        11:07:23   Log-Likelihood:                -7966.9
No. Observations:                 931   AIC:                         1.594e+04
Df Residuals:                     929   BIC:                         1.595e+04
Df Model:                           1                                         
Covariance Type:            nonrobust                                         
==============================================================================
                 coef    std err          t      P>|t|      [0.025      0.975]
------------------------------------------------------------------------------
const       4525.3738    139.125     32.527      0.000    4252.338    4798.409
dist        -121.5771     17.438     -6.972      0.000    -155.799     -87.355
==============================================================================
Omnibus:                      205.669   Durbin-Watson:                   1.600
Prob(Omnibus):                  0.000   Jarque-Bera (JB):              549.680
Skew:                           1.130   Prob(JB):                    4.35e-120
Kurtosis:                       6.011   Cond. No.                         27.2
==============================================================================

Notes:
[1] Standard Errors assume that the covariance matrix of the errors is correctly specified.
Urban-rural boundary edge for Anhui-Wuhu: 36.81 km
Average internal radius gap: 26.19 km
Welfare loss: 41704.67, Loss ratio: 50.63%
