Fitted model for Hubei-Xiangyang:
                            OLS Regression Results                            
==============================================================================
Dep. Variable:             land_price   R-squared:                       0.496
Model:                            OLS   Adj. R-squared:                  0.496
Method:                 Least Squares   F-statistic:                     2585.
Date:                Fri, 30 May 2025   Prob (F-statistic):               0.00
Time:                        13:25:03   Log-Likelihood:                -20462.
No. Observations:                2627   AIC:                         4.093e+04
Df Residuals:                    2625   BIC:                         4.094e+04
Df Model:                           1                                         
Covariance Type:            nonrobust                                         
==============================================================================
                 coef    std err          t      P>|t|      [0.025      0.975]
------------------------------------------------------------------------------
const       2756.3276     14.715    187.311      0.000    2727.473    2785.182
dist         -23.6595      0.465    -50.847      0.000     -24.572     -22.747
==============================================================================
Omnibus:                      722.997   Durbin-Watson:                   1.432
Prob(Omnibus):                  0.000   Jarque-Bera (JB):             3886.549
Skew:                           1.198   Prob(JB):                         0.00
Kurtosis:                       8.456   Cond. No.                         40.8
==============================================================================

Notes:
[1] Standard Errors assume that the covariance matrix of the errors is correctly specified.
Urban-rural boundary edge for Hubei-Xiangyang: 115.48 km
xiangyang hubei
Average internal radius gap: 106.19 km
Welfare loss: 133403.40, Loss ratio: 84.56%
