Fitted model for Hubei-Xiaogan:
                            OLS Regression Results                            
==============================================================================
Dep. Variable:             land_price   R-squared:                       0.011
Model:                            OLS   Adj. R-squared:                  0.004
Method:                 Least Squares   F-statistic:                     1.484
Date:                Fri, 30 May 2025   Prob (F-statistic):              0.225
Time:                        11:01:08   Log-Likelihood:                -972.29
No. Observations:                 130   AIC:                             1949.
Df Residuals:                     128   BIC:                             1954.
Df Model:                           1                                         
Covariance Type:            nonrobust                                         
==============================================================================
                 coef    std err          t      P>|t|      [0.025      0.975]
------------------------------------------------------------------------------
const       1647.0100     53.194     30.963      0.000    1541.757    1752.263
dist          -2.9836      2.449     -1.218      0.225      -7.830       1.862
==============================================================================
Omnibus:                        0.279   Durbin-Watson:                   1.617
Prob(Omnibus):                  0.870   Jarque-Bera (JB):                0.449
Skew:                           0.010   Prob(JB):                        0.799
Kurtosis:                       2.713   Cond. No.                         30.5
==============================================================================

Notes:
[1] Standard Errors assume that the covariance matrix of the errors is correctly specified.
Urban-rural boundary edge for Hubei-Xiaogan: 535.81 km
Average internal radius gap: 529.24 km
Welfare loss: 417840.10, Loss ratio: 97.56%
