Fitted model for Hubei-Huanggang:
                            OLS Regression Results                            
==============================================================================
Dep. Variable:             land_price   R-squared:                       0.001
Model:                            OLS   Adj. R-squared:                 -0.005
Method:                 Least Squares   F-statistic:                    0.1885
Date:                Fri, 30 May 2025   Prob (F-statistic):              0.665
Time:                        13:25:36   Log-Likelihood:                -1200.5
No. Observations:                 164   AIC:                             2405.
Df Residuals:                     162   BIC:                             2411.
Df Model:                           1                                         
Covariance Type:            nonrobust                                         
==============================================================================
                 coef    std err          t      P>|t|      [0.025      0.975]
------------------------------------------------------------------------------
const       1554.2854     67.005     23.197      0.000    1421.970    1686.601
dist           9.4754     21.823      0.434      0.665     -33.618      52.569
==============================================================================
Omnibus:                        0.130   Durbin-Watson:                   1.498
Prob(Omnibus):                  0.937   Jarque-Bera (JB):                0.058
Skew:                          -0.046   Prob(JB):                        0.971
Kurtosis:                       2.999   Cond. No.                         7.80
==============================================================================

Notes:
[1] Standard Errors assume that the covariance matrix of the errors is correctly specified.
Could not determine urban-rural boundary edge.
