Fitted model for Shanghai-Songjiang:
                            OLS Regression Results                            
==============================================================================
Dep. Variable:             land_price   R-squared:                       0.017
Model:                            OLS   Adj. R-squared:                  0.016
Method:                 Least Squares   F-statistic:                     17.67
Date:                Fri, 30 May 2025   Prob (F-statistic):           2.86e-05
Time:                        12:11:20   Log-Likelihood:                -9702.7
No. Observations:                1002   AIC:                         1.941e+04
Df Residuals:                    1000   BIC:                         1.942e+04
Df Model:                           1                                         
Covariance Type:            nonrobust                                         
==============================================================================
                 coef    std err          t      P>|t|      [0.025      0.975]
------------------------------------------------------------------------------
const        1.19e+04    367.177     32.398      0.000    1.12e+04    1.26e+04
dist        -177.2877     42.177     -4.203      0.000    -260.053     -94.523
==============================================================================
Omnibus:                      132.788   Durbin-Watson:                   1.188
Prob(Omnibus):                  0.000   Jarque-Bera (JB):              188.161
Skew:                           0.974   Prob(JB):                     1.38e-41
Kurtosis:                       3.846   Cond. No.                         26.3
==============================================================================

Notes:
[1] Standard Errors assume that the covariance matrix of the errors is correctly specified.
Urban-rural boundary edge for Shanghai-Songjiang: 66.54 km
songjiang shanghai
Fallback: matched by province name: shanghai2020_new_Urb.shp
Average internal radius gap: 34.47 km
Welfare loss: 105310.28, Loss ratio: 26.83%
