Fitted model for Hainan-Haikou:
                            OLS Regression Results                            
==============================================================================
Dep. Variable:             land_price   R-squared:                       0.011
Model:                            OLS   Adj. R-squared:                  0.011
Method:                 Least Squares   F-statistic:                     32.25
Date:                Fri, 30 May 2025   Prob (F-statistic):           1.49e-08
Time:                        11:07:09   Log-Likelihood:                -25137.
No. Observations:                2865   AIC:                         5.028e+04
Df Residuals:                    2863   BIC:                         5.029e+04
Df Model:                           1                                         
Covariance Type:            nonrobust                                         
==============================================================================
                 coef    std err          t      P>|t|      [0.025      0.975]
------------------------------------------------------------------------------
const       4354.9005     67.678     64.347      0.000    4222.198    4487.603
dist          67.0297     11.803      5.679      0.000      43.887      90.172
==============================================================================
Omnibus:                     1602.029   Durbin-Watson:                   1.546
Prob(Omnibus):                  0.000   Jarque-Bera (JB):            16643.304
Skew:                           2.472   Prob(JB):                         0.00
Kurtosis:                      13.723   Cond. No.                         13.6
==============================================================================

Notes:
[1] Standard Errors assume that the covariance matrix of the errors is correctly specified.
Could not determine urban-rural boundary edge.
