Fitted model for Beijing-Haidian:
                            OLS Regression Results                            
==============================================================================
Dep. Variable:             land_price   R-squared:                       0.234
Model:                            OLS   Adj. R-squared:                  0.234
Method:                 Least Squares   F-statistic:                     462.0
Date:                Fri, 30 May 2025   Prob (F-statistic):           1.20e-89
Time:                        12:11:20   Log-Likelihood:                -15729.
No. Observations:                1514   AIC:                         3.146e+04
Df Residuals:                    1512   BIC:                         3.147e+04
Df Model:                           1                                         
Covariance Type:            nonrobust                                         
==============================================================================
                 coef    std err          t      P>|t|      [0.025      0.975]
------------------------------------------------------------------------------
const       3.648e+04    443.450     82.257      0.000    3.56e+04    3.73e+04
dist       -1386.8047     64.518    -21.495      0.000   -1513.358   -1260.251
==============================================================================
Omnibus:                       30.004   Durbin-Watson:                   1.336
Prob(Omnibus):                  0.000   Jarque-Bera (JB):               35.396
Skew:                          -0.276   Prob(JB):                     2.06e-08
Kurtosis:                       3.506   Cond. No.                         15.3
==============================================================================

Notes:
[1] Standard Errors assume that the covariance matrix of the errors is correctly specified.
Urban-rural boundary edge for Beijing-Haidian: 26.28 km
haidian beijing
Fallback: matched by province name: beijing2020_new_Urb.shp
Average internal radius gap: 7.37 km
Welfare loss: 37656.84, Loss ratio: 7.86%
