Fitted model for Sichuan-Deyang:
                            OLS Regression Results                            
==============================================================================
Dep. Variable:             land_price   R-squared:                       0.101
Model:                            OLS   Adj. R-squared:                  0.100
Method:                 Least Squares   F-statistic:                     237.1
Date:                Fri, 30 May 2025   Prob (F-statistic):           8.54e-51
Time:                        19:15:49   Log-Likelihood:                -15908.
No. Observations:                2117   AIC:                         3.182e+04
Df Residuals:                    2115   BIC:                         3.183e+04
Df Model:                           1                                         
Covariance Type:            nonrobust                                         
==============================================================================
                 coef    std err          t      P>|t|      [0.025      0.975]
------------------------------------------------------------------------------
const       1803.0081     22.188     81.261      0.000    1759.496    1846.521
dist         -26.8900      1.746    -15.399      0.000     -30.315     -23.466
==============================================================================
Omnibus:                      831.107   Durbin-Watson:                   1.330
Prob(Omnibus):                  0.000   Jarque-Bera (JB):             5507.884
Skew:                           1.704   Prob(JB):                         0.00
Kurtosis:                      10.130   Cond. No.                         29.4
==============================================================================

Notes:
[1] Standard Errors assume that the covariance matrix of the errors is correctly specified.
Urban-rural boundary edge for Sichuan-Deyang: 65.26 km
deyang sichuan
Average internal radius gap: 54.46 km
Welfare loss: 39874.20, Loss ratio: 69.63%
