Fitted model for Shaanxi-Ankang:
                            OLS Regression Results                            
==============================================================================
Dep. Variable:             land_price   R-squared:                       0.011
Model:                            OLS   Adj. R-squared:                  0.008
Method:                 Least Squares   F-statistic:                     3.725
Date:                Fri, 30 May 2025   Prob (F-statistic):             0.0544
Time:                        13:55:44   Log-Likelihood:                -2621.2
No. Observations:                 351   AIC:                             5246.
Df Residuals:                     349   BIC:                             5254.
Df Model:                           1                                         
Covariance Type:            nonrobust                                         
==============================================================================
                 coef    std err          t      P>|t|      [0.025      0.975]
------------------------------------------------------------------------------
const       1741.4764     64.073     27.180      0.000    1615.459    1867.494
dist         -32.4840     16.831     -1.930      0.054     -65.587       0.619
==============================================================================
Omnibus:                      154.456   Durbin-Watson:                   1.765
Prob(Omnibus):                  0.000   Jarque-Bera (JB):             1102.284
Skew:                           1.684   Prob(JB):                    4.39e-240
Kurtosis:                      11.002   Cond. No.                         11.4
==============================================================================

Notes:
[1] Standard Errors assume that the covariance matrix of the errors is correctly specified.
No land price data available for Shaanxi-Ankang or Shaanxi
Could not determine urban-rural boundary edge.
