Fitted model for Neimenggu-Chifeng:
                            OLS Regression Results                            
==============================================================================
Dep. Variable:             land_price   R-squared:                       0.153
Model:                            OLS   Adj. R-squared:                  0.152
Method:                 Least Squares   F-statistic:                     161.1
Date:                Fri, 30 May 2025   Prob (F-statistic):           4.75e-34
Time:                        19:15:45   Log-Likelihood:                -6763.3
No. Observations:                 895   AIC:                         1.353e+04
Df Residuals:                     893   BIC:                         1.354e+04
Df Model:                           1                                         
Covariance Type:            nonrobust                                         
==============================================================================
                 coef    std err          t      P>|t|      [0.025      0.975]
------------------------------------------------------------------------------
const       2794.1988     47.793     58.465      0.000    2700.400    2887.998
dist         -96.3450      7.592    -12.691      0.000    -111.244     -81.446
==============================================================================
Omnibus:                      517.984   Durbin-Watson:                   1.884
Prob(Omnibus):                  0.000   Jarque-Bera (JB):            13380.563
Skew:                           2.127   Prob(JB):                         0.00
Kurtosis:                      21.458   Cond. No.                         19.9
==============================================================================

Notes:
[1] Standard Errors assume that the covariance matrix of the errors is correctly specified.
Urban-rural boundary edge for Neimenggu-Chifeng: 28.90 km
chifeng neimenggu
Average internal radius gap: 15.31 km
Welfare loss: 11293.13, Loss ratio: 28.07%
