Fitted model for Sichuan-Guangan:
                            OLS Regression Results                            
==============================================================================
Dep. Variable:             land_price   R-squared:                       0.173
Model:                            OLS   Adj. R-squared:                  0.162
Method:                 Least Squares   F-statistic:                     15.70
Date:                Fri, 30 May 2025   Prob (F-statistic):           0.000168
Time:                        11:01:08   Log-Likelihood:                -539.20
No. Observations:                  77   AIC:                             1082.
Df Residuals:                      75   BIC:                             1087.
Df Model:                           1                                         
Covariance Type:            nonrobust                                         
==============================================================================
                 coef    std err          t      P>|t|      [0.025      0.975]
------------------------------------------------------------------------------
const       1808.4822     66.596     27.156      0.000    1675.816    1941.149
dist         -55.2726     13.950     -3.962      0.000     -83.062     -27.483
==============================================================================
Omnibus:                        3.802   Durbin-Watson:                   1.789
Prob(Omnibus):                  0.149   Jarque-Bera (JB):                2.096
Skew:                          -0.123   Prob(JB):                        0.351
Kurtosis:                       2.230   Cond. No.                         10.7
==============================================================================

Notes:
[1] Standard Errors assume that the covariance matrix of the errors is correctly specified.
Urban-rural boundary edge for Sichuan-Guangan: 32.17 km
Average internal radius gap: 27.58 km
Welfare loss: 21023.10, Loss ratio: 73.49%
