Fitted model for Fujian-Ningde:
                            OLS Regression Results                            
==============================================================================
Dep. Variable:             land_price   R-squared:                       0.495
Model:                            OLS   Adj. R-squared:                  0.490
Method:                 Least Squares   F-statistic:                     91.30
Date:                Fri, 30 May 2025   Prob (F-statistic):           1.78e-15
Time:                        11:01:12   Log-Likelihood:                -802.94
No. Observations:                  95   AIC:                             1610.
Df Residuals:                      93   BIC:                             1615.
Df Model:                           1                                         
Covariance Type:            nonrobust                                         
==============================================================================
                 coef    std err          t      P>|t|      [0.025      0.975]
------------------------------------------------------------------------------
const       5323.0205    149.032     35.717      0.000    5027.073    5618.968
dist         -51.0282      5.340     -9.555      0.000     -61.633     -40.423
==============================================================================
Omnibus:                        2.142   Durbin-Watson:                   1.502
Prob(Omnibus):                  0.343   Jarque-Bera (JB):                1.702
Skew:                           0.075   Prob(JB):                        0.427
Kurtosis:                       3.638   Cond. No.                         35.4
==============================================================================

Notes:
[1] Standard Errors assume that the covariance matrix of the errors is correctly specified.
Urban-rural boundary edge for Fujian-Ningde: 104.11 km
Average internal radius gap: 100.14 km
Welfare loss: 255859.65, Loss ratio: 92.52%
