Fitted model for Hebei-Langfang:
                            OLS Regression Results                            
==============================================================================
Dep. Variable:             land_price   R-squared:                       0.031
Model:                            OLS   Adj. R-squared:                  0.030
Method:                 Least Squares   F-statistic:                     56.83
Date:                Fri, 30 May 2025   Prob (F-statistic):           7.49e-14
Time:                        11:07:23   Log-Likelihood:                -15495.
No. Observations:                1805   AIC:                         3.099e+04
Df Residuals:                    1803   BIC:                         3.101e+04
Df Model:                           1                                         
Covariance Type:            nonrobust                                         
==============================================================================
                 coef    std err          t      P>|t|      [0.025      0.975]
------------------------------------------------------------------------------
const       3477.8860     35.420     98.191      0.000    3408.418    3547.354
dist          12.1238      1.608      7.538      0.000       8.969      15.278
==============================================================================
Omnibus:                     1300.765   Durbin-Watson:                   1.738
Prob(Omnibus):                  0.000   Jarque-Bera (JB):            27967.060
Skew:                           3.145   Prob(JB):                         0.00
Kurtosis:                      21.229   Cond. No.                         25.6
==============================================================================

Notes:
[1] Standard Errors assume that the covariance matrix of the errors is correctly specified.
Could not determine urban-rural boundary edge.
