Fitted model for Guizhou-Zunyi:
                            OLS Regression Results                            
==============================================================================
Dep. Variable:             land_price   R-squared:                       0.088
Model:                            OLS   Adj. R-squared:                  0.088
Method:                 Least Squares   F-statistic:                     114.9
Date:                Fri, 30 May 2025   Prob (F-statistic):           1.18e-25
Time:                        13:56:22   Log-Likelihood:                -8801.6
No. Observations:                1186   AIC:                         1.761e+04
Df Residuals:                    1184   BIC:                         1.762e+04
Df Model:                           1                                         
Covariance Type:            nonrobust                                         
==============================================================================
                 coef    std err          t      P>|t|      [0.025      0.975]
------------------------------------------------------------------------------
const       1796.0092     18.647     96.315      0.000    1759.424    1832.595
dist         -42.3061      3.946    -10.720      0.000     -50.049     -34.563
==============================================================================
Omnibus:                      499.498   Durbin-Watson:                   1.774
Prob(Omnibus):                  0.000   Jarque-Bera (JB):             2621.093
Skew:                           1.909   Prob(JB):                         0.00
Kurtosis:                       9.202   Cond. No.                         7.70
==============================================================================

Notes:
[1] Standard Errors assume that the covariance matrix of the errors is correctly specified.
Urban-rural boundary edge for Guizhou-Zunyi: 42.03 km
zunyi guizhou
Average internal radius gap: 35.00 km
Welfare loss: 25905.26, Loss ratio: 69.32%
