Fitted model for Sichuan-Neijiang:
                            OLS Regression Results                            
==============================================================================
Dep. Variable:             land_price   R-squared:                       0.004
Model:                            OLS   Adj. R-squared:                  0.002
Method:                 Least Squares   F-statistic:                     3.012
Date:                Fri, 30 May 2025   Prob (F-statistic):             0.0830
Time:                        13:25:26   Log-Likelihood:                -6066.7
No. Observations:                 814   AIC:                         1.214e+04
Df Residuals:                     812   BIC:                         1.215e+04
Df Model:                           1                                         
Covariance Type:            nonrobust                                         
==============================================================================
                 coef    std err          t      P>|t|      [0.025      0.975]
------------------------------------------------------------------------------
const       1526.2521     31.174     48.960      0.000    1465.062    1587.443
dist          -1.8737      1.080     -1.736      0.083      -3.993       0.245
==============================================================================
Omnibus:                      186.643   Durbin-Watson:                   1.265
Prob(Omnibus):                  0.000   Jarque-Bera (JB):              438.455
Skew:                           1.217   Prob(JB):                     6.18e-96
Kurtosis:                       5.646   Cond. No.                         61.5
==============================================================================

Notes:
[1] Standard Errors assume that the covariance matrix of the errors is correctly specified.
Urban-rural boundary edge for Sichuan-Neijiang: 796.40 km
neijiang sichuan
Average internal radius gap: 756.02 km
Welfare loss: 535464.36, Loss ratio: 90.12%
