Fitted model for Anhui-Bengbu:
                            OLS Regression Results                            
==============================================================================
Dep. Variable:             land_price   R-squared:                       0.193
Model:                            OLS   Adj. R-squared:                  0.192
Method:                 Least Squares   F-statistic:                     228.6
Date:                Fri, 30 May 2025   Prob (F-statistic):           1.80e-46
Time:                        19:16:02   Log-Likelihood:                -7655.9
No. Observations:                 959   AIC:                         1.532e+04
Df Residuals:                     957   BIC:                         1.533e+04
Df Model:                           1                                         
Covariance Type:            nonrobust                                         
==============================================================================
                 coef    std err          t      P>|t|      [0.025      0.975]
------------------------------------------------------------------------------
const       3029.0251     66.606     45.476      0.000    2898.313    3159.737
dist        -182.3738     12.062    -15.119      0.000    -206.046    -158.702
==============================================================================
Omnibus:                      352.195   Durbin-Watson:                   1.493
Prob(Omnibus):                  0.000   Jarque-Bera (JB):             1457.115
Skew:                           1.702   Prob(JB):                         0.00
Kurtosis:                       7.988   Cond. No.                         16.5
==============================================================================

Notes:
[1] Standard Errors assume that the covariance matrix of the errors is correctly specified.
Urban-rural boundary edge for Anhui-Bengbu: 16.39 km
bengbu anhui
Average internal radius gap: 6.27 km
Welfare loss: 3588.81, Loss ratio: 14.64%
