Fitted model for Hebei-Tangshan:
                            OLS Regression Results                            
==============================================================================
Dep. Variable:             land_price   R-squared:                       0.423
Model:                            OLS   Adj. R-squared:                  0.423
Method:                 Least Squares   F-statistic:                     2885.
Date:                Fri, 30 May 2025   Prob (F-statistic):               0.00
Time:                        12:11:20   Log-Likelihood:                -32988.
No. Observations:                3939   AIC:                         6.598e+04
Df Residuals:                    3937   BIC:                         6.599e+04
Df Model:                           1                                         
Covariance Type:            nonrobust                                         
==============================================================================
                 coef    std err          t      P>|t|      [0.025      0.975]
------------------------------------------------------------------------------
const       4102.8133     25.486    160.985      0.000    4052.847    4152.780
dist        -106.3280      1.980    -53.712      0.000    -110.209    -102.447
==============================================================================
Omnibus:                     1632.666   Durbin-Watson:                   1.688
Prob(Omnibus):                  0.000   Jarque-Bera (JB):            13682.910
Skew:                           1.757   Prob(JB):                         0.00
Kurtosis:                      11.427   Cond. No.                         19.7
==============================================================================

Notes:
[1] Standard Errors assume that the covariance matrix of the errors is correctly specified.
Urban-rural boundary edge for Hebei-Tangshan: 38.25 km
tangshan hebei
Average internal radius gap: 14.08 km
Welfare loss: 10541.28, Loss ratio: 13.55%
