Fitted model for Zhejiang-Taizhou:
                            OLS Regression Results                            
==============================================================================
Dep. Variable:             land_price   R-squared:                       0.030
Model:                            OLS   Adj. R-squared:                  0.029
Method:                 Least Squares   F-statistic:                     48.53
Date:                Fri, 30 May 2025   Prob (F-statistic):           4.77e-12
Time:                        13:25:28   Log-Likelihood:                -14253.
No. Observations:                1573   AIC:                         2.851e+04
Df Residuals:                    1571   BIC:                         2.852e+04
Df Model:                           1                                         
Covariance Type:            nonrobust                                         
==============================================================================
                 coef    std err          t      P>|t|      [0.025      0.975]
------------------------------------------------------------------------------
const       4808.7149     79.223     60.699      0.000    4653.321    4964.108
dist         -19.7288      2.832     -6.966      0.000     -25.284     -14.174
==============================================================================
Omnibus:                      891.236   Durbin-Watson:                   1.388
Prob(Omnibus):                  0.000   Jarque-Bera (JB):            10704.265
Skew:                           2.413   Prob(JB):                         0.00
Kurtosis:                      14.834   Cond. No.                         42.2
==============================================================================

Notes:
[1] Standard Errors assume that the covariance matrix of the errors is correctly specified.
Urban-rural boundary edge for Zhejiang-Taizhou: 243.01 km
taizhou zhejiang
Average internal radius gap: 232.21 km
Welfare loss: 531902.21, Loss ratio: 91.31%
