Fitted model for Jiangsu-Taizhou:
                            OLS Regression Results                            
==============================================================================
Dep. Variable:             land_price   R-squared:                       0.052
Model:                            OLS   Adj. R-squared:                  0.052
Method:                 Least Squares   F-statistic:                     152.1
Date:                Fri, 30 May 2025   Prob (F-statistic):           4.81e-34
Time:                        19:15:49   Log-Likelihood:                -23695.
No. Observations:                2753   AIC:                         4.739e+04
Df Residuals:                    2751   BIC:                         4.741e+04
Df Model:                           1                                         
Covariance Type:            nonrobust                                         
==============================================================================
                 coef    std err          t      P>|t|      [0.025      0.975]
------------------------------------------------------------------------------
const       3780.6726     52.311     72.272      0.000    3678.099    3883.246
dist         -14.2903      1.159    -12.331      0.000     -16.563     -12.018
==============================================================================
Omnibus:                     1381.399   Durbin-Watson:                   1.716
Prob(Omnibus):                  0.000   Jarque-Bera (JB):            10152.500
Skew:                           2.276   Prob(JB):                         0.00
Kurtosis:                      11.233   Cond. No.                         93.6
==============================================================================

Notes:
[1] Standard Errors assume that the covariance matrix of the errors is correctly specified.
Urban-rural boundary edge for Jiangsu-Taizhou: 258.91 km
taizhou jiangsu
Average internal radius gap: 249.03 km
Welfare loss: 443117.47, Loss ratio: 92.52%
