Fitted model for Jiangsu-Yancheng:
                            OLS Regression Results                            
==============================================================================
Dep. Variable:             land_price   R-squared:                       0.067
Model:                            OLS   Adj. R-squared:                  0.066
Method:                 Least Squares   F-statistic:                     103.8
Date:                Fri, 30 May 2025   Prob (F-statistic):           1.37e-23
Time:                        13:25:36   Log-Likelihood:                -12422.
No. Observations:                1454   AIC:                         2.485e+04
Df Residuals:                    1452   BIC:                         2.486e+04
Df Model:                           1                                         
Covariance Type:            nonrobust                                         
==============================================================================
                 coef    std err          t      P>|t|      [0.025      0.975]
------------------------------------------------------------------------------
const       4092.1075     41.146     99.453      0.000    4011.395    4172.820
dist         -14.3897      1.412    -10.188      0.000     -17.160     -11.619
==============================================================================
Omnibus:                      328.459   Durbin-Watson:                   1.504
Prob(Omnibus):                  0.000   Jarque-Bera (JB):              747.759
Skew:                           1.245   Prob(JB):                    4.23e-163
Kurtosis:                       5.478   Cond. No.                         36.8
==============================================================================

Notes:
[1] Standard Errors assume that the covariance matrix of the errors is correctly specified.
Urban-rural boundary edge for Jiangsu-Yancheng: 280.03 km
yancheng jiangsu
Average internal radius gap: 271.21 km
Welfare loss: 529220.60, Loss ratio: 93.80%
