Fitted model for Shanghai-Putuo:
                            OLS Regression Results                            
==============================================================================
Dep. Variable:             land_price   R-squared:                       0.063
Model:                            OLS   Adj. R-squared:                  0.062
Method:                 Least Squares   F-statistic:                     61.16
Date:                Fri, 30 May 2025   Prob (F-statistic):           1.45e-14
Time:                        12:11:15   Log-Likelihood:                -9198.0
No. Observations:                 918   AIC:                         1.840e+04
Df Residuals:                     916   BIC:                         1.841e+04
Df Model:                           1                                         
Covariance Type:            nonrobust                                         
==============================================================================
                 coef    std err          t      P>|t|      [0.025      0.975]
------------------------------------------------------------------------------
const       2.293e+04    483.454     47.425      0.000     2.2e+04    2.39e+04
dist        -812.7197    103.925     -7.820      0.000   -1016.678    -608.762
==============================================================================
Omnibus:                      281.516   Durbin-Watson:                   1.447
Prob(Omnibus):                  0.000   Jarque-Bera (JB):             1427.928
Skew:                           1.317   Prob(JB):                    8.50e-311
Kurtosis:                       8.513   Cond. No.                         13.0
==============================================================================

Notes:
[1] Standard Errors assume that the covariance matrix of the errors is correctly specified.
Urban-rural boundary edge for Shanghai-Putuo: 28.16 km
putuo shanghai
Fallback: matched by province name: shanghai2020_new_Urb.shp
Average internal radius gap: 4.87 km
Welfare loss: 9653.66, Loss ratio: 3.00%
