Fitted model for Jilin-Liaoyuan:
                            OLS Regression Results                            
==============================================================================
Dep. Variable:             land_price   R-squared:                       0.114
Model:                            OLS   Adj. R-squared:                  0.109
Method:                 Least Squares   F-statistic:                     24.53
Date:                Fri, 30 May 2025   Prob (F-statistic):           1.61e-06
Time:                        13:25:26   Log-Likelihood:                -1413.8
No. Observations:                 193   AIC:                             2832.
Df Residuals:                     191   BIC:                             2838.
Df Model:                           1                                         
Covariance Type:            nonrobust                                         
==============================================================================
                 coef    std err          t      P>|t|      [0.025      0.975]
------------------------------------------------------------------------------
const       1466.2082     64.503     22.731      0.000    1338.979    1593.437
dist        -107.2638     21.658     -4.953      0.000    -149.984     -64.544
==============================================================================
Omnibus:                        9.000   Durbin-Watson:                   1.157
Prob(Omnibus):                  0.011   Jarque-Bera (JB):                5.545
Skew:                           0.251   Prob(JB):                       0.0625
Kurtosis:                       2.338   Cond. No.                         7.91
==============================================================================

Notes:
[1] Standard Errors assume that the covariance matrix of the errors is correctly specified.
Urban-rural boundary edge for Jilin-Liaoyuan: 13.55 km
liaoyuan jilin
Average internal radius gap: 5.54 km
Welfare loss: 1648.34, Loss ratio: 16.73%
