Fitted model for Hubei-Xiangyang:
                            OLS Regression Results                            
==============================================================================
Dep. Variable:             land_price   R-squared:                       0.460
Model:                            OLS   Adj. R-squared:                  0.460
Method:                 Least Squares   F-statistic:                     1782.
Date:                Fri, 30 May 2025   Prob (F-statistic):          4.12e-282
Time:                        11:07:07   Log-Likelihood:                -16334.
No. Observations:                2092   AIC:                         3.267e+04
Df Residuals:                    2090   BIC:                         3.268e+04
Df Model:                           1                                         
Covariance Type:            nonrobust                                         
==============================================================================
                 coef    std err          t      P>|t|      [0.025      0.975]
------------------------------------------------------------------------------
const       2807.1162     16.411    171.054      0.000    2774.933    2839.299
dist         -23.8361      0.565    -42.209      0.000     -24.944     -22.729
==============================================================================
Omnibus:                      604.350   Durbin-Watson:                   1.445
Prob(Omnibus):                  0.000   Jarque-Bera (JB):             3084.481
Skew:                           1.274   Prob(JB):                         0.00
Kurtosis:                       8.376   Cond. No.                         36.6
==============================================================================

Notes:
[1] Standard Errors assume that the covariance matrix of the errors is correctly specified.
Urban-rural boundary edge for Hubei-Xiangyang: 116.76 km
Average internal radius gap: 107.47 km
Welfare loss: 137646.43, Loss ratio: 84.72%
