Fitted model for Guangdong-Huizhou:
                            OLS Regression Results                            
==============================================================================
Dep. Variable:             land_price   R-squared:                       0.000
Model:                            OLS   Adj. R-squared:                 -0.000
Method:                 Least Squares   F-statistic:                    0.7319
Date:                Fri, 30 May 2025   Prob (F-statistic):              0.392
Time:                        11:07:08   Log-Likelihood:                -35859.
No. Observations:                4166   AIC:                         7.172e+04
Df Residuals:                    4164   BIC:                         7.173e+04
Df Model:                           1                                         
Covariance Type:            nonrobust                                         
==============================================================================
                 coef    std err          t      P>|t|      [0.025      0.975]
------------------------------------------------------------------------------
const       2791.9764     29.976     93.139      0.000    2733.207    2850.746
dist          -1.1854      1.386     -0.856      0.392      -3.902       1.531
==============================================================================
Omnibus:                     2882.269   Durbin-Watson:                   1.669
Prob(Omnibus):                  0.000   Jarque-Bera (JB):            72416.998
Skew:                           2.961   Prob(JB):                         0.00
Kurtosis:                      22.548   Cond. No.                         31.6
==============================================================================

Notes:
[1] Standard Errors assume that the covariance matrix of the errors is correctly specified.
Urban-rural boundary edge for Guangdong-Huizhou: 2342.28 km
Average internal radius gap: 2334.13 km
Welfare loss: 3229056.29, Loss ratio: 99.30%
