Fitted model for Guangxi-Beihai:
                            OLS Regression Results                            
==============================================================================
Dep. Variable:             land_price   R-squared:                       0.013
Model:                            OLS   Adj. R-squared:                  0.013
Method:                 Least Squares   F-statistic:                     16.12
Date:                Fri, 30 May 2025   Prob (F-statistic):           6.32e-05
Time:                        13:56:38   Log-Likelihood:                -9522.0
No. Observations:                1180   AIC:                         1.905e+04
Df Residuals:                    1178   BIC:                         1.906e+04
Df Model:                           1                                         
Covariance Type:            nonrobust                                         
==============================================================================
                 coef    std err          t      P>|t|      [0.025      0.975]
------------------------------------------------------------------------------
const       1588.0855     47.598     33.365      0.000    1494.700    1681.471
dist          63.5948     15.839      4.015      0.000      32.518      94.671
==============================================================================
Omnibus:                     1221.424   Durbin-Watson:                   1.986
Prob(Omnibus):                  0.000   Jarque-Bera (JB):           102326.744
Skew:                           4.794   Prob(JB):                         0.00
Kurtosis:                      47.602   Cond. No.                         6.91
==============================================================================

Notes:
[1] Standard Errors assume that the covariance matrix of the errors is correctly specified.
Could not determine urban-rural boundary edge.
