Fitted model for Jiangsu-Lianyungang:
                            OLS Regression Results                            
==============================================================================
Dep. Variable:             land_price   R-squared:                       0.373
Model:                            OLS   Adj. R-squared:                  0.373
Method:                 Least Squares   F-statistic:                     667.7
Date:                Fri, 30 May 2025   Prob (F-statistic):          6.80e-116
Time:                        12:11:15   Log-Likelihood:                -9348.9
No. Observations:                1124   AIC:                         1.870e+04
Df Residuals:                    1122   BIC:                         1.871e+04
Df Model:                           1                                         
Covariance Type:            nonrobust                                         
==============================================================================
                 coef    std err          t      P>|t|      [0.025      0.975]
------------------------------------------------------------------------------
const       4009.9694     42.293     94.813      0.000    3926.986    4092.953
dist        -107.2591      4.151    -25.839      0.000    -115.404     -99.114
==============================================================================
Omnibus:                      336.725   Durbin-Watson:                   1.549
Prob(Omnibus):                  0.000   Jarque-Bera (JB):             1351.499
Skew:                           1.380   Prob(JB):                    3.36e-294
Kurtosis:                       7.609   Cond. No.                         14.6
==============================================================================

Notes:
[1] Standard Errors assume that the covariance matrix of the errors is correctly specified.
Urban-rural boundary edge for Jiangsu-Lianyungang: 36.96 km
lianyungang jiangsu
Average internal radius gap: 24.94 km
Welfare loss: 33355.43, Loss ratio: 45.52%
