Fitted model for Shanghai-Changning:
                            OLS Regression Results                            
==============================================================================
Dep. Variable:             land_price   R-squared:                       0.052
Model:                            OLS   Adj. R-squared:                  0.051
Method:                 Least Squares   F-statistic:                     70.11
Date:                Fri, 30 May 2025   Prob (F-statistic):           1.46e-16
Time:                        19:15:48   Log-Likelihood:                -13532.
No. Observations:                1281   AIC:                         2.707e+04
Df Residuals:                    1279   BIC:                         2.708e+04
Df Model:                           1                                         
Covariance Type:            nonrobust                                         
==============================================================================
                 coef    std err          t      P>|t|      [0.025      0.975]
------------------------------------------------------------------------------
const       2.077e+04    654.820     31.720      0.000    1.95e+04    2.21e+04
dist        1288.6695    153.910      8.373      0.000     986.726    1590.613
==============================================================================
Omnibus:                     1033.461   Durbin-Watson:                   1.729
Prob(Omnibus):                  0.000   Jarque-Bera (JB):            58408.382
Skew:                           3.278   Prob(JB):                         0.00
Kurtosis:                      35.424   Cond. No.                         11.1
==============================================================================

Notes:
[1] Standard Errors assume that the covariance matrix of the errors is correctly specified.
Could not determine urban-rural boundary edge.
