Fitted model for Neimenggu-Bayannaoer:
                            OLS Regression Results                            
==============================================================================
Dep. Variable:             land_price   R-squared:                       0.168
Model:                            OLS   Adj. R-squared:                  0.166
Method:                 Least Squares   F-statistic:                     70.92
Date:                Fri, 30 May 2025   Prob (F-statistic):           9.72e-16
Time:                        13:25:36   Log-Likelihood:                -2546.3
No. Observations:                 352   AIC:                             5097.
Df Residuals:                     350   BIC:                             5104.
Df Model:                           1                                         
Covariance Type:            nonrobust                                         
==============================================================================
                 coef    std err          t      P>|t|      [0.025      0.975]
------------------------------------------------------------------------------
const       2086.7345     49.683     42.001      0.000    1989.021    2184.448
dist        -111.9860     13.298     -8.421      0.000    -138.140     -85.832
==============================================================================
Omnibus:                       12.516   Durbin-Watson:                   1.861
Prob(Omnibus):                  0.002   Jarque-Bera (JB):               23.311
Skew:                          -0.158   Prob(JB):                     8.67e-06
Kurtosis:                       4.221   Cond. No.                         11.0
==============================================================================

Notes:
[1] Standard Errors assume that the covariance matrix of the errors is correctly specified.
Urban-rural boundary edge for Neimenggu-Bayannaoer: 18.47 km
bayannaoer neimenggu
Average internal radius gap: 9.11 km
Welfare loss: 4645.45, Loss ratio: 24.31%
