Fitted model for Shandong-Liaocheng:
                            OLS Regression Results                            
==============================================================================
Dep. Variable:             land_price   R-squared:                       0.387
Model:                            OLS   Adj. R-squared:                  0.387
Method:                 Least Squares   F-statistic:                     937.5
Date:                Fri, 30 May 2025   Prob (F-statistic):          5.16e-160
Time:                        13:25:27   Log-Likelihood:                -12071.
No. Observations:                1487   AIC:                         2.415e+04
Df Residuals:                    1485   BIC:                         2.416e+04
Df Model:                           1                                         
Covariance Type:            nonrobust                                         
==============================================================================
                 coef    std err          t      P>|t|      [0.025      0.975]
------------------------------------------------------------------------------
const       3286.1575     26.147    125.681      0.000    3234.869    3337.446
dist         -32.4519      1.060    -30.619      0.000     -34.531     -30.373
==============================================================================
Omnibus:                      563.194   Durbin-Watson:                   1.535
Prob(Omnibus):                  0.000   Jarque-Bera (JB):             5213.878
Skew:                           1.500   Prob(JB):                         0.00
Kurtosis:                      11.669   Cond. No.                         30.6
==============================================================================

Notes:
[1] Standard Errors assume that the covariance matrix of the errors is correctly specified.
Urban-rural boundary edge for Shandong-Liaocheng: 99.81 km
liaocheng shandong
Average internal radius gap: 88.32 km
Welfare loss: 126559.66, Loss ratio: 78.30%
