Fitted model for Tianjin-Jinnan:
                            OLS Regression Results                            
==============================================================================
Dep. Variable:             land_price   R-squared:                       0.459
Model:                            OLS   Adj. R-squared:                  0.458
Method:                 Least Squares   F-statistic:                     447.2
Date:                Fri, 30 May 2025   Prob (F-statistic):           2.49e-72
Time:                        11:07:07   Log-Likelihood:                -4751.1
No. Observations:                 529   AIC:                             9506.
Df Residuals:                     527   BIC:                             9515.
Df Model:                           1                                         
Covariance Type:            nonrobust                                         
==============================================================================
                 coef    std err          t      P>|t|      [0.025      0.975]
------------------------------------------------------------------------------
const       7004.4443    163.763     42.772      0.000    6682.735    7326.153
dist        -264.6817     12.516    -21.147      0.000    -289.269    -240.094
==============================================================================
Omnibus:                       91.658   Durbin-Watson:                   1.143
Prob(Omnibus):                  0.000   Jarque-Bera (JB):              165.530
Skew:                           1.011   Prob(JB):                     1.14e-36
Kurtosis:                       4.850   Cond. No.                         25.7
==============================================================================

Notes:
[1] Standard Errors assume that the covariance matrix of the errors is correctly specified.
Urban-rural boundary edge for Tianjin-Jinnan: 26.32 km
Average internal radius gap: 8.42 km
Welfare loss: 9382.72, Loss ratio: 10.24%
