Fitted model for Zhejiang-Jiaxing:
                            OLS Regression Results                            
==============================================================================
Dep. Variable:             land_price   R-squared:                       0.000
Model:                            OLS   Adj. R-squared:                  0.000
Method:                 Least Squares   F-statistic:                     1.875
Date:                Fri, 30 May 2025   Prob (F-statistic):              0.171
Time:                        13:25:28   Log-Likelihood:                -59434.
No. Observations:                6641   AIC:                         1.189e+05
Df Residuals:                    6639   BIC:                         1.189e+05
Df Model:                           1                                         
Covariance Type:            nonrobust                                         
==============================================================================
                 coef    std err          t      P>|t|      [0.025      0.975]
------------------------------------------------------------------------------
const       4207.5130     42.535     98.920      0.000    4124.131    4290.895
dist          -2.8896      2.110     -1.369      0.171      -7.027       1.247
==============================================================================
Omnibus:                     2722.548   Durbin-Watson:                   1.598
Prob(Omnibus):                  0.000   Jarque-Bera (JB):            15615.696
Skew:                           1.884   Prob(JB):                         0.00
Kurtosis:                       9.499   Cond. No.                         37.5
==============================================================================

Notes:
[1] Standard Errors assume that the covariance matrix of the errors is correctly specified.
Urban-rural boundary edge for Zhejiang-Jiaxing: 1429.46 km
jiaxing zhejiang
Average internal radius gap: 1418.67 km
Welfare loss: 2907821.79, Loss ratio: 98.50%
