Fitted model for Guangdong-Meizhou:
                            OLS Regression Results                            
==============================================================================
Dep. Variable:             land_price   R-squared:                       0.000
Model:                            OLS   Adj. R-squared:                 -0.000
Method:                 Least Squares   F-statistic:                    0.4765
Date:                Fri, 30 May 2025   Prob (F-statistic):              0.490
Time:                        19:16:04   Log-Likelihood:                -8976.4
No. Observations:                1171   AIC:                         1.796e+04
Df Residuals:                    1169   BIC:                         1.797e+04
Df Model:                           1                                         
Covariance Type:            nonrobust                                         
==============================================================================
                 coef    std err          t      P>|t|      [0.025      0.975]
------------------------------------------------------------------------------
const       1654.1561     20.698     79.920      0.000    1613.548    1694.765
dist          -0.5837      0.846     -0.690      0.490      -2.243       1.075
==============================================================================
Omnibus:                      433.763   Durbin-Watson:                   1.569
Prob(Omnibus):                  0.000   Jarque-Bera (JB):             2197.761
Skew:                           1.653   Prob(JB):                         0.00
Kurtosis:                       8.841   Cond. No.                         33.6
==============================================================================

Notes:
[1] Standard Errors assume that the covariance matrix of the errors is correctly specified.
Urban-rural boundary edge for Guangdong-Meizhou: 2814.40 km
meizhou guangdong
Average internal radius gap: 2807.79 km
Welfare loss: 2300667.08, Loss ratio: 99.53%
