Fitted model for Beijing-Miyun:
                            OLS Regression Results                            
==============================================================================
Dep. Variable:             land_price   R-squared:                       0.010
Model:                            OLS   Adj. R-squared:                  0.004
Method:                 Least Squares   F-statistic:                     1.598
Date:                Fri, 30 May 2025   Prob (F-statistic):              0.208
Time:                        11:07:23   Log-Likelihood:                -1432.6
No. Observations:                 161   AIC:                             2869.
Df Residuals:                     159   BIC:                             2875.
Df Model:                           1                                         
Covariance Type:            nonrobust                                         
==============================================================================
                 coef    std err          t      P>|t|      [0.025      0.975]
------------------------------------------------------------------------------
const       7908.6631    397.754     19.883      0.000    7123.100    8694.226
dist        -119.8673     94.823     -1.264      0.208    -307.142      67.407
==============================================================================
Omnibus:                       95.895   Durbin-Watson:                   1.888
Prob(Omnibus):                  0.000   Jarque-Bera (JB):              773.267
Skew:                           2.028   Prob(JB):                    1.22e-168
Kurtosis:                      12.940   Cond. No.                         12.5
==============================================================================

Notes:
[1] Standard Errors assume that the covariance matrix of the errors is correctly specified.
Urban-rural boundary edge for Beijing-Miyun: 65.90 km
Average internal radius gap: 29.80 km
Welfare loss: 53223.58, Loss ratio: 20.45%
