Fitted model for Neimenggu-Eerduosi:
                            OLS Regression Results                            
==============================================================================
Dep. Variable:             land_price   R-squared:                       0.238
Model:                            OLS   Adj. R-squared:                  0.228
Method:                 Least Squares   F-statistic:                     22.54
Date:                Fri, 30 May 2025   Prob (F-statistic):           1.02e-05
Time:                        11:07:23   Log-Likelihood:                -583.78
No. Observations:                  74   AIC:                             1172.
Df Residuals:                      72   BIC:                             1176.
Df Model:                           1                                         
Covariance Type:            nonrobust                                         
==============================================================================
                 coef    std err          t      P>|t|      [0.025      0.975]
------------------------------------------------------------------------------
const       3486.7828    279.991     12.453      0.000    2928.630    4044.936
dist         -50.0132     10.535     -4.747      0.000     -71.015     -29.011
==============================================================================
Omnibus:                        9.470   Durbin-Watson:                   2.164
Prob(Omnibus):                  0.009   Jarque-Bera (JB):                9.479
Skew:                           0.709   Prob(JB):                      0.00874
Kurtosis:                       4.030   Cond. No.                         97.9
==============================================================================

Notes:
[1] Standard Errors assume that the covariance matrix of the errors is correctly specified.
Urban-rural boundary edge for Neimenggu-Eerduosi: 69.62 km
