Fitted model for Heilongjiang-Jiamusi:
                            OLS Regression Results                            
==============================================================================
Dep. Variable:             land_price   R-squared:                       0.008
Model:                            OLS   Adj. R-squared:                  0.006
Method:                 Least Squares   F-statistic:                     5.842
Date:                Fri, 30 May 2025   Prob (F-statistic):             0.0159
Time:                        13:25:36   Log-Likelihood:                -5452.4
No. Observations:                 745   AIC:                         1.091e+04
Df Residuals:                     743   BIC:                         1.092e+04
Df Model:                           1                                         
Covariance Type:            nonrobust                                         
==============================================================================
                 coef    std err          t      P>|t|      [0.025      0.975]
------------------------------------------------------------------------------
const       1198.6534     14.054     85.290      0.000    1171.063    1226.243
dist          -1.0163      0.420     -2.417      0.016      -1.842      -0.191
==============================================================================
Omnibus:                      118.518   Durbin-Watson:                   1.482
Prob(Omnibus):                  0.000   Jarque-Bera (JB):              220.354
Skew:                           0.946   Prob(JB):                     1.42e-48
Kurtosis:                       4.875   Cond. No.                         35.1
==============================================================================

Notes:
[1] Standard Errors assume that the covariance matrix of the errors is correctly specified.
Urban-rural boundary edge for Heilongjiang-Jiamusi: 1169.39 km
jiamusi heilongjiang
Average internal radius gap: 1156.34 km
Welfare loss: 679466.95, Loss ratio: 97.78%
