Fitted model for Jiangxi-Yichun:
                            OLS Regression Results                            
==============================================================================
Dep. Variable:             land_price   R-squared:                       0.009
Model:                            OLS   Adj. R-squared:                  0.008
Method:                 Least Squares   F-statistic:                     12.52
Date:                Fri, 30 May 2025   Prob (F-statistic):           0.000416
Time:                        13:56:20   Log-Likelihood:                -10759.
No. Observations:                1377   AIC:                         2.152e+04
Df Residuals:                    1375   BIC:                         2.153e+04
Df Model:                           1                                         
Covariance Type:            nonrobust                                         
==============================================================================
                 coef    std err          t      P>|t|      [0.025      0.975]
------------------------------------------------------------------------------
const       2190.0554     27.373     80.007      0.000    2136.357    2243.754
dist          -0.9669      0.273     -3.538      0.000      -1.503      -0.431
==============================================================================
Omnibus:                      664.732   Durbin-Watson:                   1.566
Prob(Omnibus):                  0.000   Jarque-Bera (JB):             9996.592
Skew:                           1.858   Prob(JB):                         0.00
Kurtosis:                      15.666   Cond. No.                         170.
==============================================================================

Notes:
[1] Standard Errors assume that the covariance matrix of the errors is correctly specified.
Urban-rural boundary edge for Jiangxi-Yichun: 2245.57 km
yichun jiangxi
Average internal radius gap: 2239.41 km
Welfare loss: 2424402.15, Loss ratio: 99.45%
