Fitted model for Shanxi-Ankang:
                            OLS Regression Results                            
==============================================================================
Dep. Variable:             land_price   R-squared:                       0.024
Model:                            OLS   Adj. R-squared:                  0.005
Method:                 Least Squares   F-statistic:                     1.246
Date:                Fri, 30 May 2025   Prob (F-statistic):              0.270
Time:                        11:01:53   Log-Likelihood:                -394.10
No. Observations:                  53   AIC:                             792.2
Df Residuals:                      51   BIC:                             796.1
Df Model:                           1                                         
Covariance Type:            nonrobust                                         
==============================================================================
                 coef    std err          t      P>|t|      [0.025      0.975]
------------------------------------------------------------------------------
const       2060.7615    116.666     17.664      0.000    1826.545    2294.978
dist         -25.1225     22.507     -1.116      0.270     -70.306      20.061
==============================================================================
Omnibus:                        8.269   Durbin-Watson:                   1.917
Prob(Omnibus):                  0.016   Jarque-Bera (JB):                7.648
Skew:                           0.743   Prob(JB):                       0.0218
Kurtosis:                       4.120   Cond. No.                         10.8
==============================================================================

Notes:
[1] Standard Errors assume that the covariance matrix of the errors is correctly specified.
Urban-rural boundary edge for Shanxi-Ankang: 81.79 km
