Fitted model for Tianjin-Nankai:
                            OLS Regression Results                            
==============================================================================
Dep. Variable:             land_price   R-squared:                       0.013
Model:                            OLS   Adj. R-squared:                  0.012
Method:                 Least Squares   F-statistic:                     8.880
Date:                Fri, 30 May 2025   Prob (F-statistic):            0.00299
Time:                        11:07:23   Log-Likelihood:                -6250.8
No. Observations:                 669   AIC:                         1.251e+04
Df Residuals:                     667   BIC:                         1.251e+04
Df Model:                           1                                         
Covariance Type:            nonrobust                                         
==============================================================================
                 coef    std err          t      P>|t|      [0.025      0.975]
------------------------------------------------------------------------------
const       1.047e+04    266.919     39.235      0.000    9948.444     1.1e+04
dist        -224.7492     75.421     -2.980      0.003    -372.841     -76.657
==============================================================================
Omnibus:                      211.672   Durbin-Watson:                   1.592
Prob(Omnibus):                  0.000   Jarque-Bera (JB):              905.687
Skew:                           1.395   Prob(JB):                    2.15e-197
Kurtosis:                       7.971   Cond. No.                         9.42
==============================================================================

Notes:
[1] Standard Errors assume that the covariance matrix of the errors is correctly specified.
Urban-rural boundary edge for Tianjin-Nankai: 46.57 km
Average internal radius gap: 17.35 km
Welfare loss: 33824.55, Loss ratio: 13.88%
