Fitted model for Fujian-Quanzhou:
                            OLS Regression Results                            
==============================================================================
Dep. Variable:             land_price   R-squared:                       0.314
Model:                            OLS   Adj. R-squared:                  0.314
Method:                 Least Squares   F-statistic:                     2143.
Date:                Fri, 30 May 2025   Prob (F-statistic):               0.00
Time:                        12:11:12   Log-Likelihood:                -42184.
No. Observations:                4676   AIC:                         8.437e+04
Df Residuals:                    4674   BIC:                         8.439e+04
Df Model:                           1                                         
Covariance Type:            nonrobust                                         
==============================================================================
                 coef    std err          t      P>|t|      [0.025      0.975]
------------------------------------------------------------------------------
const       5925.4509     46.192    128.278      0.000    5834.892    6016.010
dist        -188.8492      4.080    -46.288      0.000    -196.848    -180.851
==============================================================================
Omnibus:                     1327.304   Durbin-Watson:                   1.472
Prob(Omnibus):                  0.000   Jarque-Bera (JB):             4377.011
Skew:                           1.424   Prob(JB):                         0.00
Kurtosis:                       6.789   Cond. No.                         17.9
==============================================================================

Notes:
[1] Standard Errors assume that the covariance matrix of the errors is correctly specified.
Urban-rural boundary edge for Fujian-Quanzhou: 31.29 km
quanzhou fujian
Average internal radius gap: 23.83 km
Welfare loss: 53640.84, Loss ratio: 58.02%
