Fitted model for Gansu-Lanzhou:
                            OLS Regression Results                            
==============================================================================
Dep. Variable:             land_price   R-squared:                       0.171
Model:                            OLS   Adj. R-squared:                  0.170
Method:                 Least Squares   F-statistic:                     1398.
Date:                Fri, 30 May 2025   Prob (F-statistic):          2.38e-278
Time:                        19:16:03   Log-Likelihood:                -56219.
No. Observations:                6799   AIC:                         1.124e+05
Df Residuals:                    6797   BIC:                         1.125e+05
Df Model:                           1                                         
Covariance Type:            nonrobust                                         
==============================================================================
                 coef    std err          t      P>|t|      [0.025      0.975]
------------------------------------------------------------------------------
const       4331.4119     19.637    220.573      0.000    4292.917    4369.907
dist         -70.3151      1.881    -37.384      0.000     -74.002     -66.628
==============================================================================
Omnibus:                     2263.257   Durbin-Watson:                   1.374
Prob(Omnibus):                  0.000   Jarque-Bera (JB):            14047.874
Skew:                           1.452   Prob(JB):                         0.00
Kurtosis:                       9.415   Cond. No.                         18.0
==============================================================================

Notes:
[1] Standard Errors assume that the covariance matrix of the errors is correctly specified.
Urban-rural boundary edge for Gansu-Lanzhou: 61.46 km
lanzhou gansu
Average internal radius gap: 42.84 km
Welfare loss: 64522.45, Loss ratio: 48.58%
