Fitted model for Yunnan-Kunming:
                            OLS Regression Results                            
==============================================================================
Dep. Variable:             land_price   R-squared:                       0.122
Model:                            OLS   Adj. R-squared:                  0.122
Method:                 Least Squares   F-statistic:                     836.3
Date:                Fri, 30 May 2025   Prob (F-statistic):          2.70e-172
Time:                        13:25:11   Log-Likelihood:                -52633.
No. Observations:                6017   AIC:                         1.053e+05
Df Residuals:                    6015   BIC:                         1.053e+05
Df Model:                           1                                         
Covariance Type:            nonrobust                                         
==============================================================================
                 coef    std err          t      P>|t|      [0.025      0.975]
------------------------------------------------------------------------------
const       4417.5746     26.437    167.100      0.000    4365.749    4469.400
dist         -84.9328      2.937    -28.919      0.000     -90.690     -79.175
==============================================================================
Omnibus:                     6606.850   Durbin-Watson:                   1.418
Prob(Omnibus):                  0.000   Jarque-Bera (JB):          1308321.963
Skew:                           5.251   Prob(JB):                         0.00
Kurtosis:                      74.472   Cond. No.                         12.2
==============================================================================

Notes:
[1] Standard Errors assume that the covariance matrix of the errors is correctly specified.
Urban-rural boundary edge for Yunnan-Kunming: 51.84 km
kunming yunnan
Average internal radius gap: 31.77 km
Welfare loss: 42875.82, Loss ratio: 37.57%
