Fitted model for Henan-Xinxiang:
                            OLS Regression Results                            
==============================================================================
Dep. Variable:             land_price   R-squared:                       0.042
Model:                            OLS   Adj. R-squared:                  0.041
Method:                 Least Squares   F-statistic:                     131.8
Date:                Fri, 30 May 2025   Prob (F-statistic):           6.77e-30
Time:                        19:16:04   Log-Likelihood:                -23576.
No. Observations:                3031   AIC:                         4.716e+04
Df Residuals:                    3029   BIC:                         4.717e+04
Df Model:                           1                                         
Covariance Type:            nonrobust                                         
==============================================================================
                 coef    std err          t      P>|t|      [0.025      0.975]
------------------------------------------------------------------------------
const       2002.8363     16.283    123.000      0.000    1970.909    2034.764
dist         -25.3617      2.209    -11.481      0.000     -29.693     -21.030
==============================================================================
Omnibus:                     1625.568   Durbin-Watson:                   1.693
Prob(Omnibus):                  0.000   Jarque-Bera (JB):            20327.085
Skew:                           2.268   Prob(JB):                         0.00
Kurtosis:                      14.848   Cond. No.                         11.6
==============================================================================

Notes:
[1] Standard Errors assume that the covariance matrix of the errors is correctly specified.
Urban-rural boundary edge for Henan-Xinxiang: 77.30 km
xinxiang henan
Average internal radius gap: 68.29 km
Welfare loss: 59133.91, Loss ratio: 78.05%
