Fitted model for Hunan-Huaihua:
                            OLS Regression Results                            
==============================================================================
Dep. Variable:             land_price   R-squared:                       0.039
Model:                            OLS   Adj. R-squared:                  0.029
Method:                 Least Squares   F-statistic:                     3.910
Date:                Fri, 30 May 2025   Prob (F-statistic):             0.0509
Time:                        12:11:20   Log-Likelihood:                -702.94
No. Observations:                  98   AIC:                             1410.
Df Residuals:                      96   BIC:                             1415.
Df Model:                           1                                         
Covariance Type:            nonrobust                                         
==============================================================================
                 coef    std err          t      P>|t|      [0.025      0.975]
------------------------------------------------------------------------------
const       1728.7480     85.588     20.199      0.000    1558.858    1898.638
dist         -37.3639     18.896     -1.977      0.051     -74.873       0.145
==============================================================================
Omnibus:                        2.261   Durbin-Watson:                   1.921
Prob(Omnibus):                  0.323   Jarque-Bera (JB):                1.655
Skew:                           0.270   Prob(JB):                        0.437
Kurtosis:                       3.337   Cond. No.                         12.5
==============================================================================

Notes:
[1] Standard Errors assume that the covariance matrix of the errors is correctly specified.
Urban-rural boundary edge for Hunan-Huaihua: 46.00 km
huaihua hunan
Average internal radius gap: 38.56 km
Welfare loss: 27781.27, Loss ratio: 70.29%
