Fitted model for Heilongjiang-Mudanjiang:
                            OLS Regression Results                            
==============================================================================
Dep. Variable:             land_price   R-squared:                       0.202
Model:                            OLS   Adj. R-squared:                  0.201
Method:                 Least Squares   F-statistic:                     220.1
Date:                Fri, 30 May 2025   Prob (F-statistic):           1.52e-44
Time:                        13:56:06   Log-Likelihood:                -6343.5
No. Observations:                 870   AIC:                         1.269e+04
Df Residuals:                     868   BIC:                         1.270e+04
Df Model:                           1                                         
Covariance Type:            nonrobust                                         
==============================================================================
                 coef    std err          t      P>|t|      [0.025      0.975]
------------------------------------------------------------------------------
const       1489.5659     17.664     84.326      0.000    1454.896    1524.236
dist         -36.0667      2.431    -14.836      0.000     -40.838     -31.295
==============================================================================
Omnibus:                      102.060   Durbin-Watson:                   1.522
Prob(Omnibus):                  0.000   Jarque-Bera (JB):              165.048
Skew:                           0.787   Prob(JB):                     1.45e-36
Kurtosis:                       4.441   Cond. No.                         10.8
==============================================================================

Notes:
[1] Standard Errors assume that the covariance matrix of the errors is correctly specified.
Urban-rural boundary edge for Heilongjiang-Mudanjiang: 41.19 km
mudanjiang heilongjiang
Average internal radius gap: 29.46 km
Welfare loss: 15655.84, Loss ratio: 51.18%
