Fitted model for Hunan-Chenzhou:
                            OLS Regression Results                            
==============================================================================
Dep. Variable:             land_price   R-squared:                       0.176
Model:                            OLS   Adj. R-squared:                  0.176
Method:                 Least Squares   F-statistic:                     248.4
Date:                Fri, 30 May 2025   Prob (F-statistic):           7.19e-51
Time:                        13:25:28   Log-Likelihood:                -8765.0
No. Observations:                1163   AIC:                         1.753e+04
Df Residuals:                    1161   BIC:                         1.754e+04
Df Model:                           1                                         
Covariance Type:            nonrobust                                         
==============================================================================
                 coef    std err          t      P>|t|      [0.025      0.975]
------------------------------------------------------------------------------
const       1762.5684     17.630     99.974      0.000    1727.978    1797.159
dist         -17.9893      1.141    -15.762      0.000     -20.228     -15.750
==============================================================================
Omnibus:                     1070.136   Durbin-Watson:                   1.682
Prob(Omnibus):                  0.000   Jarque-Bera (JB):           101789.091
Skew:                           3.846   Prob(JB):                         0.00
Kurtosis:                      48.182   Cond. No.                         20.5
==============================================================================

Notes:
[1] Standard Errors assume that the covariance matrix of the errors is correctly specified.
Urban-rural boundary edge for Hunan-Chenzhou: 97.21 km
chenzhou hunan
Average internal radius gap: 84.39 km
Welfare loss: 64062.89, Loss ratio: 75.36%
