Fitted model for Zhejiang-Jinhua:
                            OLS Regression Results                            
==============================================================================
Dep. Variable:             land_price   R-squared:                       0.000
Model:                            OLS   Adj. R-squared:                 -0.000
Method:                 Least Squares   F-statistic:                    0.1860
Date:                Fri, 30 May 2025   Prob (F-statistic):              0.666
Time:                        12:11:20   Log-Likelihood:                -30737.
No. Observations:                3319   AIC:                         6.148e+04
Df Residuals:                    3317   BIC:                         6.149e+04
Df Model:                           1                                         
Covariance Type:            nonrobust                                         
==============================================================================
                 coef    std err          t      P>|t|      [0.025      0.975]
------------------------------------------------------------------------------
const       6225.8373     84.859     73.367      0.000    6059.456    6392.219
dist          -1.1101      2.574     -0.431      0.666      -6.156       3.936
==============================================================================
Omnibus:                     1169.665   Durbin-Watson:                   1.438
Prob(Omnibus):                  0.000   Jarque-Bera (JB):             5090.705
Skew:                           1.668   Prob(JB):                         0.00
Kurtosis:                       8.068   Cond. No.                         63.3
==============================================================================

Notes:
[1] Standard Errors assume that the covariance matrix of the errors is correctly specified.
Urban-rural boundary edge for Zhejiang-Jinhua: 5593.25 km
jinhua zhejiang
Average internal radius gap: 5537.03 km
Welfare loss: 17016453.14, Loss ratio: 98.00%
