Fitted model for Jiangsu-Nanjing:
                            OLS Regression Results                            
==============================================================================
Dep. Variable:             land_price   R-squared:                       0.362
Model:                            OLS   Adj. R-squared:                  0.362
Method:                 Least Squares   F-statistic:                     4440.
Date:                Fri, 30 May 2025   Prob (F-statistic):               0.00
Time:                        13:25:32   Log-Likelihood:                -76146.
No. Observations:                7824   AIC:                         1.523e+05
Df Residuals:                    7822   BIC:                         1.523e+05
Df Model:                           1                                         
Covariance Type:            nonrobust                                         
==============================================================================
                 coef    std err          t      P>|t|      [0.025      0.975]
------------------------------------------------------------------------------
const       1.424e+04     68.976    206.510      0.000    1.41e+04    1.44e+04
dist        -423.0531      6.349    -66.635      0.000    -435.499    -410.608
==============================================================================
Omnibus:                     1361.695   Durbin-Watson:                   1.214
Prob(Omnibus):                  0.000   Jarque-Bera (JB):             2294.470
Skew:                           1.152   Prob(JB):                         0.00
Kurtosis:                       4.316   Cond. No.                         16.3
==============================================================================

Notes:
[1] Standard Errors assume that the covariance matrix of the errors is correctly specified.
Urban-rural boundary edge for Jiangsu-Nanjing: 33.55 km
nanjing jiangsu
Average internal radius gap: 10.39 km
Welfare loss: 22851.79, Loss ratio: 9.60%
