Fitted model for Yunnan-Dalibaizu:
                            OLS Regression Results                            
==============================================================================
Dep. Variable:             land_price   R-squared:                       0.170
Model:                            OLS   Adj. R-squared:                  0.159
Method:                 Least Squares   F-statistic:                     15.94
Date:                Fri, 30 May 2025   Prob (F-statistic):           0.000147
Time:                        12:11:20   Log-Likelihood:                -692.66
No. Observations:                  80   AIC:                             1389.
Df Residuals:                      78   BIC:                             1394.
Df Model:                           1                                         
Covariance Type:            nonrobust                                         
==============================================================================
                 coef    std err          t      P>|t|      [0.025      0.975]
------------------------------------------------------------------------------
const       3044.1775    293.050     10.388      0.000    2460.759    3627.596
dist         177.5820     44.483      3.992      0.000      89.024     266.140
==============================================================================
Omnibus:                       28.919   Durbin-Watson:                   1.749
Prob(Omnibus):                  0.000   Jarque-Bera (JB):               58.609
Skew:                           1.298   Prob(JB):                     1.88e-13
Kurtosis:                       6.293   Cond. No.                         12.4
==============================================================================

Notes:
[1] Standard Errors assume that the covariance matrix of the errors is correctly specified.
Could not determine urban-rural boundary edge.
