Fitted model for Tianjin-Binhaixin:
                            OLS Regression Results                            
==============================================================================
Dep. Variable:             land_price   R-squared:                       0.262
Model:                            OLS   Adj. R-squared:                  0.262
Method:                 Least Squares   F-statistic:                     363.4
Date:                Fri, 30 May 2025   Prob (F-statistic):           1.50e-69
Time:                        11:01:07   Log-Likelihood:                -9027.3
No. Observations:                1024   AIC:                         1.806e+04
Df Residuals:                    1022   BIC:                         1.807e+04
Df Model:                           1                                         
Covariance Type:            nonrobust                                         
==============================================================================
                 coef    std err          t      P>|t|      [0.025      0.975]
------------------------------------------------------------------------------
const       5102.5677     69.596     73.317      0.000    4966.001    5239.135
dist         -81.5585      4.279    -19.062      0.000     -89.954     -73.163
==============================================================================
Omnibus:                      680.062   Durbin-Watson:                   1.403
Prob(Omnibus):                  0.000   Jarque-Bera (JB):            14671.036
Skew:                           2.703   Prob(JB):                         0.00
Kurtosis:                      20.738   Cond. No.                         22.2
==============================================================================

Notes:
[1] Standard Errors assume that the covariance matrix of the errors is correctly specified.
Urban-rural boundary edge for Tianjin-Binhaixin: 62.34 km
Average internal radius gap: 24.99 km
Welfare loss: 25471.48, Loss ratio: 16.07%
