Fitted model for Guangxi-Nanning:
                            OLS Regression Results                            
==============================================================================
Dep. Variable:             land_price   R-squared:                       0.275
Model:                            OLS   Adj. R-squared:                  0.275
Method:                 Least Squares   F-statistic:                     1710.
Date:                Fri, 30 May 2025   Prob (F-statistic):          3.84e-317
Time:                        13:25:27   Log-Likelihood:                -37911.
No. Observations:                4514   AIC:                         7.583e+04
Df Residuals:                    4512   BIC:                         7.584e+04
Df Model:                           1                                         
Covariance Type:            nonrobust                                         
==============================================================================
                 coef    std err          t      P>|t|      [0.025      0.975]
------------------------------------------------------------------------------
const       4311.1142     34.706    124.218      0.000    4243.073    4379.155
dist        -209.6783      5.071    -41.346      0.000    -219.620    -199.736
==============================================================================
Omnibus:                     1442.026   Durbin-Watson:                   1.373
Prob(Omnibus):                  0.000   Jarque-Bera (JB):             5476.774
Skew:                           1.554   Prob(JB):                         0.00
Kurtosis:                       7.411   Cond. No.                         15.1
==============================================================================

Notes:
[1] Standard Errors assume that the covariance matrix of the errors is correctly specified.
Urban-rural boundary edge for Guangxi-Nanning: 20.49 km
nanning guangxi
Average internal radius gap: 9.18 km
Welfare loss: 8834.45, Loss ratio: 20.07%
