Fitted model for Guangdong-Zhuhai:
                            OLS Regression Results                            
==============================================================================
Dep. Variable:             land_price   R-squared:                       0.009
Model:                            OLS   Adj. R-squared:                  0.008
Method:                 Least Squares   F-statistic:                     10.71
Date:                Fri, 30 May 2025   Prob (F-statistic):            0.00110
Time:                        11:01:08   Log-Likelihood:                -11602.
No. Observations:                1241   AIC:                         2.321e+04
Df Residuals:                    1239   BIC:                         2.322e+04
Df Model:                           1                                         
Covariance Type:            nonrobust                                         
==============================================================================
                 coef    std err          t      P>|t|      [0.025      0.975]
------------------------------------------------------------------------------
const       7584.8768    183.824     41.262      0.000    7224.236    7945.518
dist        -109.8429     33.570     -3.272      0.001    -175.703     -43.983
==============================================================================
Omnibus:                      762.647   Durbin-Watson:                   1.533
Prob(Omnibus):                  0.000   Jarque-Bera (JB):            13563.003
Skew:                           2.513   Prob(JB):                         0.00
Kurtosis:                      18.396   Cond. No.                         13.1
==============================================================================

Notes:
[1] Standard Errors assume that the covariance matrix of the errors is correctly specified.
Urban-rural boundary edge for Guangdong-Zhuhai: 68.88 km
Average internal radius gap: 54.36 km
Welfare loss: 162289.24, Loss ratio: 62.29%
