Fitted model for Chongqing-Banan:
                            OLS Regression Results                            
==============================================================================
Dep. Variable:             land_price   R-squared:                       0.069
Model:                            OLS   Adj. R-squared:                  0.067
Method:                 Least Squares   F-statistic:                     43.60
Date:                Fri, 30 May 2025   Prob (F-statistic):           8.98e-11
Time:                        19:15:45   Log-Likelihood:                -4950.9
No. Observations:                 594   AIC:                             9906.
Df Residuals:                     592   BIC:                             9915.
Df Model:                           1                                         
Covariance Type:            nonrobust                                         
==============================================================================
                 coef    std err          t      P>|t|      [0.025      0.975]
------------------------------------------------------------------------------
const       3432.2220     91.631     37.457      0.000    3252.260    3612.184
dist         -69.7249     10.560     -6.603      0.000     -90.464     -48.986
==============================================================================
Omnibus:                      227.333   Durbin-Watson:                   1.431
Prob(Omnibus):                  0.000   Jarque-Bera (JB):             1169.174
Skew:                           1.636   Prob(JB):                    1.31e-254
Kurtosis:                       9.044   Cond. No.                         19.4
==============================================================================

Notes:
[1] Standard Errors assume that the covariance matrix of the errors is correctly specified.
Urban-rural boundary edge for Chongqing-Banan: 48.81 km
banan chongqing
Fallback: matched by province name: chongqing2020_new_Urb.shp
Average internal radius gap: 25.98 km
Welfare loss: 23525.62, Loss ratio: 28.33%
