Fitted model for Hunan-Chenzhou:
                            OLS Regression Results                            
==============================================================================
Dep. Variable:             land_price   R-squared:                       0.097
Model:                            OLS   Adj. R-squared:                  0.094
Method:                 Least Squares   F-statistic:                     27.74
Date:                Fri, 30 May 2025   Prob (F-statistic):           2.93e-07
Time:                        11:01:11   Log-Likelihood:                -1965.3
No. Observations:                 260   AIC:                             3935.
Df Residuals:                     258   BIC:                             3942.
Df Model:                           1                                         
Covariance Type:            nonrobust                                         
==============================================================================
                 coef    std err          t      P>|t|      [0.025      0.975]
------------------------------------------------------------------------------
const       2044.7053     42.390     48.236      0.000    1961.231    2128.180
dist         -24.9709      4.741     -5.267      0.000     -34.308     -15.634
==============================================================================
Omnibus:                      190.118   Durbin-Watson:                   1.817
Prob(Omnibus):                  0.000   Jarque-Bera (JB):             2927.240
Skew:                           2.734   Prob(JB):                         0.00
Kurtosis:                      18.502   Cond. No.                         13.2
==============================================================================

Notes:
[1] Standard Errors assume that the covariance matrix of the errors is correctly specified.
Urban-rural boundary edge for Hunan-Chenzhou: 81.33 km
Average internal radius gap: 67.99 km
Welfare loss: 57718.82, Loss ratio: 69.88%
