Fitted model for Jiangsu-Changzhou:
                            OLS Regression Results                            
==============================================================================
Dep. Variable:             land_price   R-squared:                       0.086
Model:                            OLS   Adj. R-squared:                  0.085
Method:                 Least Squares   F-statistic:                     212.8
Date:                Fri, 30 May 2025   Prob (F-statistic):           3.85e-46
Time:                        11:01:37   Log-Likelihood:                -21182.
No. Observations:                2276   AIC:                         4.237e+04
Df Residuals:                    2274   BIC:                         4.238e+04
Df Model:                           1                                         
Covariance Type:            nonrobust                                         
==============================================================================
                 coef    std err          t      P>|t|      [0.025      0.975]
------------------------------------------------------------------------------
const       5518.3074     70.148     78.666      0.000    5380.746    5655.868
dist         -38.0185      2.606    -14.587      0.000     -43.129     -32.907
==============================================================================
Omnibus:                      878.804   Durbin-Watson:                   1.210
Prob(Omnibus):                  0.000   Jarque-Bera (JB):             3402.654
Skew:                           1.894   Prob(JB):                         0.00
Kurtosis:                       7.641   Cond. No.                         33.8
==============================================================================

Notes:
[1] Standard Errors assume that the covariance matrix of the errors is correctly specified.
Urban-rural boundary edge for Jiangsu-Changzhou: 143.76 km
Average internal radius gap: 127.62 km
Welfare loss: 309601.28, Loss ratio: 78.81%
