Fitted model for Jiangxi-Ganzhou:
                            OLS Regression Results                            
==============================================================================
Dep. Variable:             land_price   R-squared:                       0.080
Model:                            OLS   Adj. R-squared:                  0.079
Method:                 Least Squares   F-statistic:                     138.1
Date:                Fri, 30 May 2025   Prob (F-statistic):           1.24e-30
Time:                        11:07:07   Log-Likelihood:                -12898.
No. Observations:                1595   AIC:                         2.580e+04
Df Residuals:                    1593   BIC:                         2.581e+04
Df Model:                           1                                         
Covariance Type:            nonrobust                                         
==============================================================================
                 coef    std err          t      P>|t|      [0.025      0.975]
------------------------------------------------------------------------------
const       2573.1272     27.253     94.418      0.000    2519.673    2626.582
dist         -31.8177      2.708    -11.750      0.000     -37.129     -26.506
==============================================================================
Omnibus:                      490.605   Durbin-Watson:                   1.148
Prob(Omnibus):                  0.000   Jarque-Bera (JB):             1385.803
Skew:                           1.592   Prob(JB):                    1.19e-301
Kurtosis:                       6.273   Cond. No.                         14.0
==============================================================================

Notes:
[1] Standard Errors assume that the covariance matrix of the errors is correctly specified.
Urban-rural boundary edge for Jiangxi-Ganzhou: 80.58 km
Average internal radius gap: 72.15 km
Welfare loss: 82820.59, Loss ratio: 80.18%
