Fitted model for Hubei-Tianmen:
                            OLS Regression Results                            
==============================================================================
Dep. Variable:             land_price   R-squared:                       0.000
Model:                            OLS   Adj. R-squared:                 -0.006
Method:                 Least Squares   F-statistic:                 0.0002010
Date:                Fri, 30 May 2025   Prob (F-statistic):              0.989
Time:                        19:16:03   Log-Likelihood:                -1260.9
No. Observations:                 177   AIC:                             2526.
Df Residuals:                     175   BIC:                             2532.
Df Model:                           1                                         
Covariance Type:            nonrobust                                         
==============================================================================
                 coef    std err          t      P>|t|      [0.025      0.975]
------------------------------------------------------------------------------
const       1394.7588     48.693     28.644      0.000    1298.657    1490.861
dist           0.2800     19.754      0.014      0.989     -38.708      39.268
==============================================================================
Omnibus:                        1.760   Durbin-Watson:                   1.817
Prob(Omnibus):                  0.415   Jarque-Bera (JB):                1.525
Skew:                          -0.086   Prob(JB):                        0.467
Kurtosis:                       2.579   Cond. No.                         5.99
==============================================================================

Notes:
[1] Standard Errors assume that the covariance matrix of the errors is correctly specified.
Could not determine urban-rural boundary edge.
