Fitted model for Tianjin-Hedong:
                            OLS Regression Results                            
==============================================================================
Dep. Variable:             land_price   R-squared:                       0.142
Model:                            OLS   Adj. R-squared:                  0.141
Method:                 Least Squares   F-statistic:                     100.9
Date:                Fri, 30 May 2025   Prob (F-statistic):           4.46e-22
Time:                        11:01:10   Log-Likelihood:                -5359.9
No. Observations:                 610   AIC:                         1.072e+04
Df Residuals:                     608   BIC:                         1.073e+04
Df Model:                           1                                         
Covariance Type:            nonrobust                                         
==============================================================================
                 coef    std err          t      P>|t|      [0.025      0.975]
------------------------------------------------------------------------------
const       8170.0816    137.277     59.515      0.000    7900.486    8439.677
dist        -407.8334     40.592    -10.047      0.000    -487.551    -328.115
==============================================================================
Omnibus:                      201.979   Durbin-Watson:                   1.718
Prob(Omnibus):                  0.000   Jarque-Bera (JB):             1089.903
Skew:                           1.371   Prob(JB):                    2.14e-237
Kurtosis:                       8.947   Cond. No.                         7.73
==============================================================================

Notes:
[1] Standard Errors assume that the covariance matrix of the errors is correctly specified.
Urban-rural boundary edge for Tianjin-Hedong: 20.03 km
Average internal radius gap: 3.14 km
Welfare loss: 2006.19, Loss ratio: 2.45%
