Fitted model for Beijing-Huairou:
                            OLS Regression Results                            
==============================================================================
Dep. Variable:             land_price   R-squared:                       0.282
Model:                            OLS   Adj. R-squared:                  0.278
Method:                 Least Squares   F-statistic:                     67.61
Date:                Fri, 30 May 2025   Prob (F-statistic):           4.69e-14
Time:                        11:07:23   Log-Likelihood:                -1502.1
No. Observations:                 174   AIC:                             3008.
Df Residuals:                     172   BIC:                             3014.
Df Model:                           1                                         
Covariance Type:            nonrobust                                         
==============================================================================
                 coef    std err          t      P>|t|      [0.025      0.975]
------------------------------------------------------------------------------
const        1.02e+04    158.456     64.378      0.000    9888.217    1.05e+04
dist        -421.1259     51.218     -8.222      0.000    -522.222    -320.029
==============================================================================
Omnibus:                       25.537   Durbin-Watson:                   2.055
Prob(Omnibus):                  0.000   Jarque-Bera (JB):               60.293
Skew:                           0.619   Prob(JB):                     8.08e-14
Kurtosis:                       5.604   Cond. No.                         5.03
==============================================================================

Notes:
[1] Standard Errors assume that the covariance matrix of the errors is correctly specified.
Urban-rural boundary edge for Beijing-Huairou: 24.21 km
Average internal radius gap: 8.91 km
Welfare loss: 16715.73, Loss ratio: 13.55%
