Fitted model for Zhejiang-Lishui:
                            OLS Regression Results                            
==============================================================================
Dep. Variable:             land_price   R-squared:                       0.000
Model:                            OLS   Adj. R-squared:                 -0.003
Method:                 Least Squares   F-statistic:                   0.03091
Date:                Fri, 30 May 2025   Prob (F-statistic):              0.861
Time:                        19:15:45   Log-Likelihood:                -3569.4
No. Observations:                 389   AIC:                             7143.
Df Residuals:                     387   BIC:                             7151.
Df Model:                           1                                         
Covariance Type:            nonrobust                                         
==============================================================================
                 coef    std err          t      P>|t|      [0.025      0.975]
------------------------------------------------------------------------------
const       7280.1443    365.757     19.904      0.000    6561.025    7999.263
dist          25.6639    145.984      0.176      0.861    -261.358     312.686
==============================================================================
Omnibus:                       57.093   Durbin-Watson:                   1.826
Prob(Omnibus):                  0.000   Jarque-Bera (JB):              173.018
Skew:                           0.659   Prob(JB):                     2.69e-38
Kurtosis:                       5.989   Cond. No.                         8.83
==============================================================================

Notes:
[1] Standard Errors assume that the covariance matrix of the errors is correctly specified.
Could not determine urban-rural boundary edge.
