Fitted model for Xinjiang-Bayinguolengmenggu:
                            OLS Regression Results                            
==============================================================================
Dep. Variable:             land_price   R-squared:                       0.167
Model:                            OLS   Adj. R-squared:                  0.165
Method:                 Least Squares   F-statistic:                     116.0
Date:                Fri, 30 May 2025   Prob (F-statistic):           8.85e-25
Time:                        19:15:45   Log-Likelihood:                -4095.4
No. Observations:                 582   AIC:                             8195.
Df Residuals:                     580   BIC:                             8204.
Df Model:                           1                                         
Covariance Type:            nonrobust                                         
==============================================================================
                 coef    std err          t      P>|t|      [0.025      0.975]
------------------------------------------------------------------------------
const       1650.2169     32.120     51.376      0.000    1587.130    1713.303
dist         -69.5035      6.454    -10.769      0.000     -82.179     -56.828
==============================================================================
Omnibus:                       30.636   Durbin-Watson:                   1.670
Prob(Omnibus):                  0.000   Jarque-Bera (JB):               59.272
Skew:                           0.330   Prob(JB):                     1.35e-13
Kurtosis:                       4.417   Cond. No.                         14.5
==============================================================================

Notes:
[1] Standard Errors assume that the covariance matrix of the errors is correctly specified.
Urban-rural boundary edge for Xinjiang-Bayinguolengmenggu: 23.50 km
bayinguolengmenggu xinjiang
No matching file found for Xinjiang-Bayinguolengmenggu.
