Fitted model for Zhejiang-Jiaxing:
                            OLS Regression Results                            
==============================================================================
Dep. Variable:             land_price   R-squared:                       0.000
Model:                            OLS   Adj. R-squared:                 -0.000
Method:                 Least Squares   F-statistic:                   0.01133
Date:                Fri, 30 May 2025   Prob (F-statistic):              0.915
Time:                        11:01:23   Log-Likelihood:                -53975.
No. Observations:                6029   AIC:                         1.080e+05
Df Residuals:                    6027   BIC:                         1.080e+05
Df Model:                           1                                         
Covariance Type:            nonrobust                                         
==============================================================================
                 coef    std err          t      P>|t|      [0.025      0.975]
------------------------------------------------------------------------------
const       4240.6647     43.613     97.235      0.000    4155.168    4326.161
dist          -0.2326      2.185     -0.106      0.915      -4.517       4.052
==============================================================================
Omnibus:                     2585.394   Durbin-Watson:                   1.618
Prob(Omnibus):                  0.000   Jarque-Bera (JB):            15683.949
Skew:                           1.964   Prob(JB):                         0.00
Kurtosis:                       9.856   Cond. No.                         36.2
==============================================================================

Notes:
[1] Standard Errors assume that the covariance matrix of the errors is correctly specified.
Urban-rural boundary edge for Zhejiang-Jiaxing: 17902.26 km
Average internal radius gap: 17891.47 km
Welfare loss: 37224940.40, Loss ratio: 99.88%
