Fitted model for Shanghai-Putuo:
                            OLS Regression Results                            
==============================================================================
Dep. Variable:             land_price   R-squared:                       0.055
Model:                            OLS   Adj. R-squared:                  0.054
Method:                 Least Squares   F-statistic:                     58.73
Date:                Fri, 30 May 2025   Prob (F-statistic):           4.23e-14
Time:                        19:15:46   Log-Likelihood:                -10160.
No. Observations:                1015   AIC:                         2.032e+04
Df Residuals:                    1013   BIC:                         2.033e+04
Df Model:                           1                                         
Covariance Type:            nonrobust                                         
==============================================================================
                 coef    std err          t      P>|t|      [0.025      0.975]
------------------------------------------------------------------------------
const       2.239e+04    455.767     49.124      0.000    2.15e+04    2.33e+04
dist        -750.6796     97.957     -7.663      0.000    -942.902    -558.457
==============================================================================
Omnibus:                      308.038   Durbin-Watson:                   1.410
Prob(Omnibus):                  0.000   Jarque-Bera (JB):             1625.878
Skew:                           1.296   Prob(JB):                         0.00
Kurtosis:                       8.633   Cond. No.                         13.0
==============================================================================

Notes:
[1] Standard Errors assume that the covariance matrix of the errors is correctly specified.
Urban-rural boundary edge for Shanghai-Putuo: 29.77 km
putuo shanghai
Fallback: matched by province name: shanghai2020_new_Urb.shp
Average internal radius gap: 5.50 km
Welfare loss: 11342.87, Loss ratio: 3.41%
