Fitted model for Sichuan-Luzhou:
                            OLS Regression Results                            
==============================================================================
Dep. Variable:             land_price   R-squared:                       0.305
Model:                            OLS   Adj. R-squared:                  0.300
Method:                 Least Squares   F-statistic:                     59.63
Date:                Fri, 30 May 2025   Prob (F-statistic):           2.23e-12
Time:                        12:11:13   Log-Likelihood:                -1029.2
No. Observations:                 138   AIC:                             2062.
Df Residuals:                     136   BIC:                             2068.
Df Model:                           1                                         
Covariance Type:            nonrobust                                         
==============================================================================
                 coef    std err          t      P>|t|      [0.025      0.975]
------------------------------------------------------------------------------
const       2608.2174     74.586     34.969      0.000    2460.719    2755.716
dist        -114.5104     14.829     -7.722      0.000    -143.836     -85.185
==============================================================================
Omnibus:                       52.365   Durbin-Watson:                   1.671
Prob(Omnibus):                  0.000   Jarque-Bera (JB):              180.275
Skew:                           1.384   Prob(JB):                     7.14e-40
Kurtosis:                       7.868   Cond. No.                         10.7
==============================================================================

Notes:
[1] Standard Errors assume that the covariance matrix of the errors is correctly specified.
Urban-rural boundary edge for Sichuan-Luzhou: 22.57 km
luzhou sichuan
Average internal radius gap: 13.42 km
Welfare loss: 10316.00, Loss ratio: 35.35%
