Fitted model for Yunnan-Chuxiongyizu:
                            OLS Regression Results                            
==============================================================================
Dep. Variable:             land_price   R-squared:                       0.007
Model:                            OLS   Adj. R-squared:                  0.004
Method:                 Least Squares   F-statistic:                     2.818
Date:                Fri, 30 May 2025   Prob (F-statistic):             0.0939
Time:                        13:55:46   Log-Likelihood:                -3128.7
No. Observations:                 421   AIC:                             6261.
Df Residuals:                     419   BIC:                             6269.
Df Model:                           1                                         
Covariance Type:            nonrobust                                         
==============================================================================
                 coef    std err          t      P>|t|      [0.025      0.975]
------------------------------------------------------------------------------
const       1570.3158     48.994     32.051      0.000    1474.011    1666.621
dist          16.2860      9.701      1.679      0.094      -2.783      35.355
==============================================================================
Omnibus:                      146.230   Durbin-Watson:                   2.027
Prob(Omnibus):                  0.000   Jarque-Bera (JB):              517.535
Skew:                           1.558   Prob(JB):                    4.16e-113
Kurtosis:                       7.448   Cond. No.                         12.8
==============================================================================

Notes:
[1] Standard Errors assume that the covariance matrix of the errors is correctly specified.
Could not determine urban-rural boundary edge.
