Fitted model for Hunan-Xiangtan:
                            OLS Regression Results                            
==============================================================================
Dep. Variable:             land_price   R-squared:                       0.015
Model:                            OLS   Adj. R-squared:                  0.014
Method:                 Least Squares   F-statistic:                     17.12
Date:                Fri, 30 May 2025   Prob (F-statistic):           3.78e-05
Time:                        19:15:50   Log-Likelihood:                -8251.3
No. Observations:                1097   AIC:                         1.651e+04
Df Residuals:                    1095   BIC:                         1.652e+04
Df Model:                           1                                         
Covariance Type:            nonrobust                                         
==============================================================================
                 coef    std err          t      P>|t|      [0.025      0.975]
------------------------------------------------------------------------------
const       1309.7642     25.620     51.123      0.000    1259.495    1360.033
dist          20.2573      4.896      4.137      0.000      10.650      29.864
==============================================================================
Omnibus:                     1384.780   Durbin-Watson:                   1.603
Prob(Omnibus):                  0.000   Jarque-Bera (JB):           357391.745
Skew:                           6.304   Prob(JB):                         0.00
Kurtosis:                      90.521   Cond. No.                         10.2
==============================================================================

Notes:
[1] Standard Errors assume that the covariance matrix of the errors is correctly specified.
Could not determine urban-rural boundary edge.
