Fitted model for Beijing-Shijingshan:
                            OLS Regression Results                            
==============================================================================
Dep. Variable:             land_price   R-squared:                       0.013
Model:                            OLS   Adj. R-squared:                  0.010
Method:                 Least Squares   F-statistic:                     3.568
Date:                Fri, 30 May 2025   Prob (F-statistic):             0.0600
Time:                        11:01:22   Log-Likelihood:                -2597.2
No. Observations:                 264   AIC:                             5198.
Df Residuals:                     262   BIC:                             5206.
Df Model:                           1                                         
Covariance Type:            nonrobust                                         
==============================================================================
                 coef    std err          t      P>|t|      [0.025      0.975]
------------------------------------------------------------------------------
const       1.425e+04    634.455     22.465      0.000     1.3e+04    1.55e+04
dist         274.5323    145.347      1.889      0.060     -11.665     560.729
==============================================================================
Omnibus:                      105.288   Durbin-Watson:                   1.663
Prob(Omnibus):                  0.000   Jarque-Bera (JB):              464.659
Skew:                           1.602   Prob(JB):                    1.26e-101
Kurtosis:                       8.655   Cond. No.                         10.3
==============================================================================

Notes:
[1] Standard Errors assume that the covariance matrix of the errors is correctly specified.
Could not determine urban-rural boundary edge.
