Fitted model for Jiangsu-Taizhou:
                            OLS Regression Results                            
==============================================================================
Dep. Variable:             land_price   R-squared:                       0.055
Model:                            OLS   Adj. R-squared:                  0.054
Method:                 Least Squares   F-statistic:                     150.0
Date:                Fri, 30 May 2025   Prob (F-statistic):           1.44e-33
Time:                        11:00:34   Log-Likelihood:                -22360.
No. Observations:                2596   AIC:                         4.472e+04
Df Residuals:                    2594   BIC:                         4.474e+04
Df Model:                           1                                         
Covariance Type:            nonrobust                                         
==============================================================================
                 coef    std err          t      P>|t|      [0.025      0.975]
------------------------------------------------------------------------------
const       3813.8880     54.845     69.539      0.000    3706.343    3921.433
dist         -14.7820      1.207    -12.247      0.000     -17.149     -12.415
==============================================================================
Omnibus:                     1309.351   Durbin-Watson:                   1.702
Prob(Omnibus):                  0.000   Jarque-Bera (JB):             9637.476
Skew:                           2.288   Prob(JB):                         0.00
Kurtosis:                      11.256   Cond. No.                         95.4
==============================================================================

Notes:
[1] Standard Errors assume that the covariance matrix of the errors is correctly specified.
Urban-rural boundary edge for Jiangsu-Taizhou: 252.54 km
Average internal radius gap: 242.67 km
Welfare loss: 435231.30, Loss ratio: 92.33%
