Fitted model for Hunan-Loudi:
                            OLS Regression Results                            
==============================================================================
Dep. Variable:             land_price   R-squared:                       0.151
Model:                            OLS   Adj. R-squared:                  0.150
Method:                 Least Squares   F-statistic:                     154.1
Date:                Fri, 30 May 2025   Prob (F-statistic):           1.11e-32
Time:                        13:56:03   Log-Likelihood:                -6390.8
No. Observations:                 869   AIC:                         1.279e+04
Df Residuals:                     867   BIC:                         1.280e+04
Df Model:                           1                                         
Covariance Type:            nonrobust                                         
==============================================================================
                 coef    std err          t      P>|t|      [0.025      0.975]
------------------------------------------------------------------------------
const       1650.9339     16.321    101.151      0.000    1618.900    1682.968
dist          -7.0151      0.565    -12.413      0.000      -8.124      -5.906
==============================================================================
Omnibus:                       48.902   Durbin-Watson:                   1.591
Prob(Omnibus):                  0.000   Jarque-Bera (JB):               59.340
Skew:                           0.542   Prob(JB):                     1.30e-13
Kurtosis:                       3.680   Cond. No.                         36.7
==============================================================================

Notes:
[1] Standard Errors assume that the covariance matrix of the errors is correctly specified.
Urban-rural boundary edge for Hunan-Loudi: 231.60 km
loudi hunan
Average internal radius gap: 225.35 km
Welfare loss: 178128.76, Loss ratio: 94.68%
