Fitted model for Yunnan-Yuxi:
                            OLS Regression Results                            
==============================================================================
Dep. Variable:             land_price   R-squared:                       0.069
Model:                            OLS   Adj. R-squared:                  0.067
Method:                 Least Squares   F-statistic:                     35.83
Date:                Fri, 30 May 2025   Prob (F-statistic):           4.22e-09
Time:                        13:56:38   Log-Likelihood:                -3707.4
No. Observations:                 484   AIC:                             7419.
Df Residuals:                     482   BIC:                             7427.
Df Model:                           1                                         
Covariance Type:            nonrobust                                         
==============================================================================
                 coef    std err          t      P>|t|      [0.025      0.975]
------------------------------------------------------------------------------
const       2435.1043     42.820     56.869      0.000    2350.968    2519.241
dist         -94.5624     15.799     -5.985      0.000    -125.605     -63.520
==============================================================================
Omnibus:                      226.743   Durbin-Watson:                   2.073
Prob(Omnibus):                  0.000   Jarque-Bera (JB):             1415.911
Skew:                           1.958   Prob(JB):                    3.46e-308
Kurtosis:                      10.408   Cond. No.                         5.46
==============================================================================

Notes:
[1] Standard Errors assume that the covariance matrix of the errors is correctly specified.
Urban-rural boundary edge for Yunnan-Yuxi: 25.63 km
yuxi yunnan
Average internal radius gap: 16.34 km
Welfare loss: 12630.61, Loss ratio: 40.66%
