Fitted model for Liaoning-Huludao:
                            OLS Regression Results                            
==============================================================================
Dep. Variable:             land_price   R-squared:                       0.001
Model:                            OLS   Adj. R-squared:                 -0.002
Method:                 Least Squares   F-statistic:                    0.2698
Date:                Fri, 30 May 2025   Prob (F-statistic):              0.604
Time:                        13:25:30   Log-Likelihood:                -3326.7
No. Observations:                 451   AIC:                             6657.
Df Residuals:                     449   BIC:                             6666.
Df Model:                           1                                         
Covariance Type:            nonrobust                                         
==============================================================================
                 coef    std err          t      P>|t|      [0.025      0.975]
------------------------------------------------------------------------------
const       1402.2966     44.219     31.713      0.000    1315.396    1489.198
dist          -3.5612      6.856     -0.519      0.604     -17.036       9.913
==============================================================================
Omnibus:                      147.398   Durbin-Watson:                   1.569
Prob(Omnibus):                  0.000   Jarque-Bera (JB):              547.044
Skew:                           1.448   Prob(JB):                    1.63e-119
Kurtosis:                       7.552   Cond. No.                         15.9
==============================================================================

Notes:
[1] Standard Errors assume that the covariance matrix of the errors is correctly specified.
Urban-rural boundary edge for Liaoning-Huludao: 389.75 km
huludao liaoning
Average internal radius gap: 379.16 km
Welfare loss: 255988.12, Loss ratio: 94.64%
