Fitted model for Guangdong-Jiangmen:
                            OLS Regression Results                            
==============================================================================
Dep. Variable:             land_price   R-squared:                       0.104
Model:                            OLS   Adj. R-squared:                  0.104
Method:                 Least Squares   F-statistic:                     284.6
Date:                Fri, 30 May 2025   Prob (F-statistic):           1.73e-60
Time:                        11:01:25   Log-Likelihood:                -19714.
No. Observations:                2443   AIC:                         3.943e+04
Df Residuals:                    2441   BIC:                         3.944e+04
Df Model:                           1                                         
Covariance Type:            nonrobust                                         
==============================================================================
                 coef    std err          t      P>|t|      [0.025      0.975]
------------------------------------------------------------------------------
const       2226.1684     23.699     93.936      0.000    2179.696    2272.640
dist         -10.8046      0.640    -16.871      0.000     -12.060      -9.549
==============================================================================
Omnibus:                     1067.402   Durbin-Watson:                   1.513
Prob(Omnibus):                  0.000   Jarque-Bera (JB):             7197.434
Skew:                           1.940   Prob(JB):                         0.00
Kurtosis:                      10.461   Cond. No.                         56.1
==============================================================================

Notes:
[1] Standard Errors assume that the covariance matrix of the errors is correctly specified.
Urban-rural boundary edge for Guangdong-Jiangmen: 204.27 km
Average internal radius gap: 195.65 km
Welfare loss: 206785.69, Loss ratio: 91.74%
