Fitted model for Tianjin-Hongqiao:
                            OLS Regression Results                            
==============================================================================
Dep. Variable:             land_price   R-squared:                       0.261
Model:                            OLS   Adj. R-squared:                  0.258
Method:                 Least Squares   F-statistic:                     95.58
Date:                Fri, 30 May 2025   Prob (F-statistic):           1.56e-19
Time:                        12:11:15   Log-Likelihood:                -2377.7
No. Observations:                 273   AIC:                             4759.
Df Residuals:                     271   BIC:                             4767.
Df Model:                           1                                         
Covariance Type:            nonrobust                                         
==============================================================================
                 coef    std err          t      P>|t|      [0.025      0.975]
------------------------------------------------------------------------------
const       9580.7525    273.036     35.090      0.000    9043.212    1.01e+04
dist        -666.0833     68.130     -9.777      0.000    -800.214    -531.952
==============================================================================
Omnibus:                       30.833   Durbin-Watson:                   2.101
Prob(Omnibus):                  0.000   Jarque-Bera (JB):               69.465
Skew:                           0.552   Prob(JB):                     8.24e-16
Kurtosis:                       5.211   Cond. No.                         13.0
==============================================================================

Notes:
[1] Standard Errors assume that the covariance matrix of the errors is correctly specified.
Using provincial average land price for Tianjin: 31.3392
Urban-rural boundary edge for Tianjin-Hongqiao: 14.34 km
hongqiao tianjin
Fallback: matched by province name: tianjin2020_new_Urb.shp
Average internal radius gap: 4.53 km
Welfare loss: 6827.58, Loss ratio: 9.97%
