Fitted model for Yunnan-Kunming:
                            OLS Regression Results                            
==============================================================================
Dep. Variable:             land_price   R-squared:                       0.122
Model:                            OLS   Adj. R-squared:                  0.122
Method:                 Least Squares   F-statistic:                     686.6
Date:                Fri, 30 May 2025   Prob (F-statistic):          8.20e-142
Time:                        11:07:08   Log-Likelihood:                -43329.
No. Observations:                4934   AIC:                         8.666e+04
Df Residuals:                    4932   BIC:                         8.667e+04
Df Model:                           1                                         
Covariance Type:            nonrobust                                         
==============================================================================
                 coef    std err          t      P>|t|      [0.025      0.975]
------------------------------------------------------------------------------
const       4503.4454     30.270    148.775      0.000    4444.102    4562.788
dist         -85.5244      3.264    -26.204      0.000     -91.923     -79.126
==============================================================================
Omnibus:                     5607.510   Durbin-Watson:                   1.427
Prob(Omnibus):                  0.000   Jarque-Bera (JB):          1169010.436
Skew:                           5.563   Prob(JB):                         0.00
Kurtosis:                      77.582   Cond. No.                         12.6
==============================================================================

Notes:
[1] Standard Errors assume that the covariance matrix of the errors is correctly specified.
Urban-rural boundary edge for Yunnan-Kunming: 52.49 km
Average internal radius gap: 32.42 km
Welfare loss: 44946.32, Loss ratio: 38.15%
