Fitted model for Beijing-Chaoyang:
                            OLS Regression Results                            
==============================================================================
Dep. Variable:             land_price   R-squared:                       0.266
Model:                            OLS   Adj. R-squared:                  0.266
Method:                 Least Squares   F-statistic:                     719.3
Date:                Fri, 30 May 2025   Prob (F-statistic):          1.79e-135
Time:                        12:11:10   Log-Likelihood:                -20272.
No. Observations:                1987   AIC:                         4.055e+04
Df Residuals:                    1985   BIC:                         4.056e+04
Df Model:                           1                                         
Covariance Type:            nonrobust                                         
==============================================================================
                 coef    std err          t      P>|t|      [0.025      0.975]
------------------------------------------------------------------------------
const       2.887e+04    319.806     90.286      0.000    2.82e+04    2.95e+04
dist       -1011.5839     37.718    -26.820      0.000   -1085.555    -937.613
==============================================================================
Omnibus:                      321.172   Durbin-Watson:                   1.442
Prob(Omnibus):                  0.000   Jarque-Bera (JB):              730.466
Skew:                           0.918   Prob(JB):                    2.41e-159
Kurtosis:                       5.335   Cond. No.                         18.7
==============================================================================

Notes:
[1] Standard Errors assume that the covariance matrix of the errors is correctly specified.
Urban-rural boundary edge for Beijing-Chaoyang: 28.52 km
chaoyang beijing
Fallback: matched by province name: beijing2020_new_Urb.shp
Average internal radius gap: 6.36 km
Welfare loss: 20471.94, Loss ratio: 4.98%
