Fitted model for Shanghai-Qingpu:
                            OLS Regression Results                            
==============================================================================
Dep. Variable:             land_price   R-squared:                       0.295
Model:                            OLS   Adj. R-squared:                  0.294
Method:                 Least Squares   F-statistic:                     267.4
Date:                Fri, 30 May 2025   Prob (F-statistic):           1.76e-50
Time:                        11:07:23   Log-Likelihood:                -6410.8
No. Observations:                 642   AIC:                         1.283e+04
Df Residuals:                     640   BIC:                         1.283e+04
Df Model:                           1                                         
Covariance Type:            nonrobust                                         
==============================================================================
                 coef    std err          t      P>|t|      [0.025      0.975]
------------------------------------------------------------------------------
const       1.708e+04    420.265     40.647      0.000    1.63e+04    1.79e+04
dist        -533.4875     32.625    -16.352      0.000    -597.552    -469.423
==============================================================================
Omnibus:                       63.866   Durbin-Watson:                   1.194
Prob(Omnibus):                  0.000   Jarque-Bera (JB):               91.854
Skew:                           0.722   Prob(JB):                     1.13e-20
Kurtosis:                       4.160   Cond. No.                         26.2
==============================================================================

Notes:
[1] Standard Errors assume that the covariance matrix of the errors is correctly specified.
Urban-rural boundary edge for Shanghai-Qingpu: 31.87 km
Average internal radius gap: 11.34 km
Welfare loss: 34326.60, Loss ratio: 12.67%
