Fitted model for Shanghai-Jiading:
                            OLS Regression Results                            
==============================================================================
Dep. Variable:             land_price   R-squared:                       0.193
Model:                            OLS   Adj. R-squared:                  0.193
Method:                 Least Squares   F-statistic:                     255.3
Date:                Fri, 30 May 2025   Prob (F-statistic):           1.12e-51
Time:                        12:11:20   Log-Likelihood:                -10349.
No. Observations:                1067   AIC:                         2.070e+04
Df Residuals:                    1065   BIC:                         2.071e+04
Df Model:                           1                                         
Covariance Type:            nonrobust                                         
==============================================================================
                 coef    std err          t      P>|t|      [0.025      0.975]
------------------------------------------------------------------------------
const       1.434e+04    240.782     59.571      0.000    1.39e+04    1.48e+04
dist        -349.0231     21.844    -15.978      0.000    -391.886    -306.160
==============================================================================
Omnibus:                       59.630   Durbin-Watson:                   1.429
Prob(Omnibus):                  0.000   Jarque-Bera (JB):               68.507
Skew:                           0.616   Prob(JB):                     1.33e-15
Kurtosis:                       3.148   Cond. No.                         22.1
==============================================================================

Notes:
[1] Standard Errors assume that the covariance matrix of the errors is correctly specified.
Urban-rural boundary edge for Shanghai-Jiading: 40.83 km
jiading shanghai
Fallback: matched by province name: shanghai2020_new_Urb.shp
Average internal radius gap: 13.71 km
Welfare loss: 32805.54, Loss ratio: 11.28%
