Fitted model for Chongqing-Nanan:
                            OLS Regression Results                            
==============================================================================
Dep. Variable:             land_price   R-squared:                       0.031
Model:                            OLS   Adj. R-squared:                  0.030
Method:                 Least Squares   F-statistic:                     27.58
Date:                Fri, 30 May 2025   Prob (F-statistic):           1.90e-07
Time:                        11:01:22   Log-Likelihood:                -7333.1
No. Observations:                 863   AIC:                         1.467e+04
Df Residuals:                     861   BIC:                         1.468e+04
Df Model:                           1                                         
Covariance Type:            nonrobust                                         
==============================================================================
                 coef    std err          t      P>|t|      [0.025      0.975]
------------------------------------------------------------------------------
const       3104.8620     91.114     34.077      0.000    2926.030    3283.694
dist          77.3103     14.722      5.251      0.000      48.416     106.205
==============================================================================
Omnibus:                      423.369   Durbin-Watson:                   1.552
Prob(Omnibus):                  0.000   Jarque-Bera (JB):             4525.261
Skew:                           1.965   Prob(JB):                         0.00
Kurtosis:                      13.507   Cond. No.                         14.2
==============================================================================

Notes:
[1] Standard Errors assume that the covariance matrix of the errors is correctly specified.
Could not determine urban-rural boundary edge.
