Fitted model for Shanghai-Baoshan:
                            OLS Regression Results                            
==============================================================================
Dep. Variable:             land_price   R-squared:                       0.276
Model:                            OLS   Adj. R-squared:                  0.275
Method:                 Least Squares   F-statistic:                     388.8
Date:                Fri, 30 May 2025   Prob (F-statistic):           1.35e-73
Time:                        12:11:20   Log-Likelihood:                -9808.5
No. Observations:                1024   AIC:                         1.962e+04
Df Residuals:                    1022   BIC:                         1.963e+04
Df Model:                           1                                         
Covariance Type:            nonrobust                                         
==============================================================================
                 coef    std err          t      P>|t|      [0.025      0.975]
------------------------------------------------------------------------------
const       1.723e+04    219.329     78.571      0.000    1.68e+04    1.77e+04
dist        -475.3738     24.109    -19.718      0.000    -522.683    -428.065
==============================================================================
Omnibus:                       63.139   Durbin-Watson:                   1.310
Prob(Omnibus):                  0.000   Jarque-Bera (JB):               77.701
Skew:                           0.579   Prob(JB):                     1.34e-17
Kurtosis:                       3.694   Cond. No.                         18.4
==============================================================================

Notes:
[1] Standard Errors assume that the covariance matrix of the errors is correctly specified.
Urban-rural boundary edge for Shanghai-Baoshan: 36.19 km
baoshan shanghai
Fallback: matched by province name: shanghai2020_new_Urb.shp
Average internal radius gap: 9.82 km
Welfare loss: 22937.86, Loss ratio: 7.37%
