Fitted model for Jiangsu-Suzhou:
                            OLS Regression Results                            
==============================================================================
Dep. Variable:             land_price   R-squared:                       0.162
Model:                            OLS   Adj. R-squared:                  0.162
Method:                 Least Squares   F-statistic:                     1663.
Date:                Fri, 30 May 2025   Prob (F-statistic):               0.00
Time:                        12:11:16   Log-Likelihood:                -81164.
No. Observations:                8591   AIC:                         1.623e+05
Df Residuals:                    8589   BIC:                         1.623e+05
Df Model:                           1                                         
Covariance Type:            nonrobust                                         
==============================================================================
                 coef    std err          t      P>|t|      [0.025      0.975]
------------------------------------------------------------------------------
const       8565.9274     58.545    146.313      0.000    8451.164    8680.690
dist         -84.9392      2.083    -40.779      0.000     -89.022     -80.856
==============================================================================
Omnibus:                     4665.514   Durbin-Watson:                   1.408
Prob(Omnibus):                  0.000   Jarque-Bera (JB):            62969.316
Skew:                           2.310   Prob(JB):                         0.00
Kurtosis:                      15.432   Cond. No.                         49.8
==============================================================================

Notes:
[1] Standard Errors assume that the covariance matrix of the errors is correctly specified.
Urban-rural boundary edge for Jiangsu-Suzhou: 100.22 km
suzhou jiangsu
Average internal radius gap: 79.56 km
Welfare loss: 268810.23, Loss ratio: 63.02%
