Fitted model for Shandong-Dongying:
                            OLS Regression Results                            
==============================================================================
Dep. Variable:             land_price   R-squared:                       0.245
Model:                            OLS   Adj. R-squared:                  0.244
Method:                 Least Squares   F-statistic:                     311.0
Date:                Fri, 30 May 2025   Prob (F-statistic):           1.64e-60
Time:                        19:15:48   Log-Likelihood:                -7961.3
No. Observations:                 961   AIC:                         1.593e+04
Df Residuals:                     959   BIC:                         1.594e+04
Df Model:                           1                                         
Covariance Type:            nonrobust                                         
==============================================================================
                 coef    std err          t      P>|t|      [0.025      0.975]
------------------------------------------------------------------------------
const       3236.6353     59.086     54.778      0.000    3120.682    3352.588
dist         -89.9261      5.099    -17.637      0.000     -99.932     -79.920
==============================================================================
Omnibus:                      909.965   Durbin-Watson:                   1.930
Prob(Omnibus):                  0.000   Jarque-Bera (JB):            89525.585
Skew:                           3.971   Prob(JB):                         0.00
Kurtosis:                      49.613   Cond. No.                         22.2
==============================================================================

Notes:
[1] Standard Errors assume that the covariance matrix of the errors is correctly specified.
Urban-rural boundary edge for Shandong-Dongying: 35.71 km
dongying shandong
Average internal radius gap: 20.38 km
Welfare loss: 18678.28, Loss ratio: 32.57%
