Fitted model for Chongqing-Shapingba:
                            OLS Regression Results                            
==============================================================================
Dep. Variable:             land_price   R-squared:                       0.032
Model:                            OLS   Adj. R-squared:                  0.031
Method:                 Least Squares   F-statistic:                     29.21
Date:                Fri, 30 May 2025   Prob (F-statistic):           8.34e-08
Time:                        19:15:46   Log-Likelihood:                -7379.3
No. Observations:                 887   AIC:                         1.476e+04
Df Residuals:                     885   BIC:                         1.477e+04
Df Model:                           1                                         
Covariance Type:            nonrobust                                         
==============================================================================
                 coef    std err          t      P>|t|      [0.025      0.975]
------------------------------------------------------------------------------
const       3478.6638     52.011     66.884      0.000    3376.585    3580.742
dist        -103.9263     19.228     -5.405      0.000    -141.664     -66.189
==============================================================================
Omnibus:                      272.720   Durbin-Watson:                   1.443
Prob(Omnibus):                  0.000   Jarque-Bera (JB):              854.345
Skew:                           1.503   Prob(JB):                    3.03e-186
Kurtosis:                       6.753   Cond. No.                         4.57
==============================================================================

Notes:
[1] Standard Errors assume that the covariance matrix of the errors is correctly specified.
Urban-rural boundary edge for Chongqing-Shapingba: 33.15 km
shapingba chongqing
Fallback: matched by province name: chongqing2020_new_Urb.shp
Average internal radius gap: 13.22 km
Welfare loss: 9086.97, Loss ratio: 15.91%
