Fitted model for Shandong-Rizhao:
                            OLS Regression Results                            
==============================================================================
Dep. Variable:             land_price   R-squared:                       0.282
Model:                            OLS   Adj. R-squared:                  0.281
Method:                 Least Squares   F-statistic:                     472.0
Date:                Fri, 30 May 2025   Prob (F-statistic):           1.47e-88
Time:                        13:56:54   Log-Likelihood:                -10242.
No. Observations:                1205   AIC:                         2.049e+04
Df Residuals:                    1203   BIC:                         2.050e+04
Df Model:                           1                                         
Covariance Type:            nonrobust                                         
==============================================================================
                 coef    std err          t      P>|t|      [0.025      0.975]
------------------------------------------------------------------------------
const       4544.1807     80.340     56.562      0.000    4386.559    4701.803
dist        -272.5900     12.547    -21.726      0.000    -297.206    -247.974
==============================================================================
Omnibus:                      461.743   Durbin-Watson:                   1.671
Prob(Omnibus):                  0.000   Jarque-Bera (JB):             2969.113
Skew:                           1.632   Prob(JB):                         0.00
Kurtosis:                       9.963   Cond. No.                         15.3
==============================================================================

Notes:
[1] Standard Errors assume that the covariance matrix of the errors is correctly specified.
Urban-rural boundary edge for Shandong-Rizhao: 16.53 km
rizhao shandong
Average internal radius gap: 7.42 km
Welfare loss: 7497.36, Loss ratio: 20.12%
