Fitted model for Fujian-Putian:
                            OLS Regression Results                            
==============================================================================
Dep. Variable:             land_price   R-squared:                       0.018
Model:                            OLS   Adj. R-squared:                  0.017
Method:                 Least Squares   F-statistic:                     11.11
Date:                Fri, 30 May 2025   Prob (F-statistic):           0.000913
Time:                        19:15:50   Log-Likelihood:                -5345.0
No. Observations:                 597   AIC:                         1.069e+04
Df Residuals:                     595   BIC:                         1.070e+04
Df Model:                           1                                         
Covariance Type:            nonrobust                                         
==============================================================================
                 coef    std err          t      P>|t|      [0.025      0.975]
------------------------------------------------------------------------------
const       4674.4170    216.055     21.635      0.000    4250.093    5098.741
dist        -193.6947     58.120     -3.333      0.001    -307.839     -79.550
==============================================================================
Omnibus:                      294.182   Durbin-Watson:                   1.686
Prob(Omnibus):                  0.000   Jarque-Bera (JB):             2577.904
Skew:                           1.991   Prob(JB):                         0.00
Kurtosis:                      12.369   Cond. No.                         11.1
==============================================================================

Notes:
[1] Standard Errors assume that the covariance matrix of the errors is correctly specified.
Urban-rural boundary edge for Fujian-Putian: 24.03 km
putian fujian
Average internal radius gap: 18.42 km
Welfare loss: 32869.88, Loss ratio: 58.75%
