Fitted model for Shandong-Jining:
                            OLS Regression Results                            
==============================================================================
Dep. Variable:             land_price   R-squared:                       0.129
Model:                            OLS   Adj. R-squared:                  0.129
Method:                 Least Squares   F-statistic:                     206.8
Date:                Fri, 30 May 2025   Prob (F-statistic):           8.15e-44
Time:                        12:11:21   Log-Likelihood:                -11377.
No. Observations:                1395   AIC:                         2.276e+04
Df Residuals:                    1393   BIC:                         2.277e+04
Df Model:                           1                                         
Covariance Type:            nonrobust                                         
==============================================================================
                 coef    std err          t      P>|t|      [0.025      0.975]
------------------------------------------------------------------------------
const       3049.0219     29.836    102.194      0.000    2990.494    3107.550
dist         -31.0715      2.161    -14.379      0.000     -35.310     -26.833
==============================================================================
Omnibus:                      376.474   Durbin-Watson:                   1.642
Prob(Omnibus):                  0.000   Jarque-Bera (JB):             1988.912
Skew:                           1.155   Prob(JB):                         0.00
Kurtosis:                       8.375   Cond. No.                         18.3
==============================================================================

Notes:
[1] Standard Errors assume that the covariance matrix of the errors is correctly specified.
Urban-rural boundary edge for Shandong-Jining: 96.58 km
jining shandong
Average internal radius gap: 84.56 km
Welfare loss: 111099.62, Loss ratio: 76.66%
