Fitted model for Jiangsu-Lianyungang:
                            OLS Regression Results                            
==============================================================================
Dep. Variable:             land_price   R-squared:                       0.374
Model:                            OLS   Adj. R-squared:                  0.373
Method:                 Least Squares   F-statistic:                     777.0
Date:                Fri, 30 May 2025   Prob (F-statistic):          1.74e-134
Time:                        19:15:48   Log-Likelihood:                -10858.
No. Observations:                1304   AIC:                         2.172e+04
Df Residuals:                    1302   BIC:                         2.173e+04
Df Model:                           1                                         
Covariance Type:            nonrobust                                         
==============================================================================
                 coef    std err          t      P>|t|      [0.025      0.975]
------------------------------------------------------------------------------
const       3971.4748     39.559    100.395      0.000    3893.869    4049.080
dist        -107.8550      3.869    -27.876      0.000    -115.445    -100.264
==============================================================================
Omnibus:                      334.076   Durbin-Watson:                   1.563
Prob(Omnibus):                  0.000   Jarque-Bera (JB):             1257.136
Skew:                           1.198   Prob(JB):                    1.04e-273
Kurtosis:                       7.171   Cond. No.                         14.7
==============================================================================

Notes:
[1] Standard Errors assume that the covariance matrix of the errors is correctly specified.
Urban-rural boundary edge for Jiangsu-Lianyungang: 36.40 km
lianyungang jiangsu
Average internal radius gap: 24.38 km
Welfare loss: 32048.39, Loss ratio: 44.84%
