Fitted model for Jilin-Changchun:
                            OLS Regression Results                            
==============================================================================
Dep. Variable:             land_price   R-squared:                       0.104
Model:                            OLS   Adj. R-squared:                  0.104
Method:                 Least Squares   F-statistic:                     427.5
Date:                Fri, 30 May 2025   Prob (F-statistic):           6.12e-90
Time:                        12:11:17   Log-Likelihood:                -30246.
No. Observations:                3676   AIC:                         6.050e+04
Df Residuals:                    3674   BIC:                         6.051e+04
Df Model:                           1                                         
Covariance Type:            nonrobust                                         
==============================================================================
                 coef    std err          t      P>|t|      [0.025      0.975]
------------------------------------------------------------------------------
const       2923.8282     16.107    181.530      0.000    2892.250    2955.407
dist         -10.6365      0.514    -20.677      0.000     -11.645      -9.628
==============================================================================
Omnibus:                     2922.223   Durbin-Watson:                   1.390
Prob(Omnibus):                  0.000   Jarque-Bera (JB):           103899.762
Skew:                           3.510   Prob(JB):                         0.00
Kurtosis:                      28.081   Cond. No.                         33.7
==============================================================================

Notes:
[1] Standard Errors assume that the covariance matrix of the errors is correctly specified.
Urban-rural boundary edge for Jilin-Changchun: 273.43 km
changchun jilin
Average internal radius gap: 256.18 km
Welfare loss: 349035.37, Loss ratio: 87.78%
