Fitted model for Jiangsu-Huaian:
                            OLS Regression Results                            
==============================================================================
Dep. Variable:             land_price   R-squared:                       0.109
Model:                            OLS   Adj. R-squared:                  0.108
Method:                 Least Squares   F-statistic:                     182.8
Date:                Fri, 30 May 2025   Prob (F-statistic):           2.12e-39
Time:                        12:11:15   Log-Likelihood:                -13271.
No. Observations:                1504   AIC:                         2.655e+04
Df Residuals:                    1502   BIC:                         2.656e+04
Df Model:                           1                                         
Covariance Type:            nonrobust                                         
==============================================================================
                 coef    std err          t      P>|t|      [0.025      0.975]
------------------------------------------------------------------------------
const       4184.9554     65.734     63.665      0.000    4056.016    4313.895
dist        -130.1284      9.624    -13.522      0.000    -149.006    -111.251
==============================================================================
Omnibus:                      745.960   Durbin-Watson:                   1.813
Prob(Omnibus):                  0.000   Jarque-Bera (JB):             4302.208
Skew:                           2.313   Prob(JB):                         0.00
Kurtosis:                       9.875   Cond. No.                         10.7
==============================================================================

Notes:
[1] Standard Errors assume that the covariance matrix of the errors is correctly specified.
Urban-rural boundary edge for Jiangsu-Huaian: 31.86 km
huaian jiangsu
Average internal radius gap: 19.39 km
Welfare loss: 24465.28, Loss ratio: 37.05%
