Fitted model for Guangxi-Hechi:
                            OLS Regression Results                            
==============================================================================
Dep. Variable:             land_price   R-squared:                       0.030
Model:                            OLS   Adj. R-squared:                  0.026
Method:                 Least Squares   F-statistic:                     6.928
Date:                Fri, 30 May 2025   Prob (F-statistic):            0.00908
Time:                        19:16:03   Log-Likelihood:                -1597.7
No. Observations:                 224   AIC:                             3199.
Df Residuals:                     222   BIC:                             3206.
Df Model:                           1                                         
Covariance Type:            nonrobust                                         
==============================================================================
                 coef    std err          t      P>|t|      [0.025      0.975]
------------------------------------------------------------------------------
const       1433.6663     45.482     31.522      0.000    1344.035    1523.298
dist         -27.5982     10.485     -2.632      0.009     -48.261      -6.936
==============================================================================
Omnibus:                       78.589   Durbin-Watson:                   1.802
Prob(Omnibus):                  0.000   Jarque-Bera (JB):              361.962
Skew:                           1.317   Prob(JB):                     2.52e-79
Kurtosis:                       8.643   Cond. No.                         10.1
==============================================================================

Notes:
[1] Standard Errors assume that the covariance matrix of the errors is correctly specified.
Urban-rural boundary edge for Guangxi-Hechi: 51.77 km
hechi guangxi
Average internal radius gap: 47.12 km
Welfare loss: 30632.35, Loss ratio: 82.81%
