Fitted model for Jilin-Jilin:
                            OLS Regression Results                            
==============================================================================
Dep. Variable:             land_price   R-squared:                       0.141
Model:                            OLS   Adj. R-squared:                  0.141
Method:                 Least Squares   F-statistic:                     209.5
Date:                Fri, 30 May 2025   Prob (F-statistic):           4.52e-44
Time:                        11:07:23   Log-Likelihood:                -9896.9
No. Observations:                1274   AIC:                         1.980e+04
Df Residuals:                    1272   BIC:                         1.981e+04
Df Model:                           1                                         
Covariance Type:            nonrobust                                         
==============================================================================
                 coef    std err          t      P>|t|      [0.025      0.975]
------------------------------------------------------------------------------
const       2452.3505     36.864     66.524      0.000    2380.029    2524.672
dist         -77.7908      5.374    -14.475      0.000     -88.334     -67.248
==============================================================================
Omnibus:                      746.408   Durbin-Watson:                   1.946
Prob(Omnibus):                  0.000   Jarque-Bera (JB):            10351.080
Skew:                           2.445   Prob(JB):                         0.00
Kurtosis:                      16.080   Cond. No.                         16.0
==============================================================================

Notes:
[1] Standard Errors assume that the covariance matrix of the errors is correctly specified.
Urban-rural boundary edge for Jilin-Jilin: 31.41 km
Average internal radius gap: 10.94 km
Welfare loss: 4651.98, Loss ratio: 12.13%
