Fitted model for Beijing-Xicheng:
                            OLS Regression Results                            
==============================================================================
Dep. Variable:             land_price   R-squared:                       0.190
Model:                            OLS   Adj. R-squared:                  0.189
Method:                 Least Squares   F-statistic:                     369.1
Date:                Fri, 30 May 2025   Prob (F-statistic):           4.55e-74
Time:                        13:56:37   Log-Likelihood:                -16700.
No. Observations:                1578   AIC:                         3.340e+04
Df Residuals:                    1576   BIC:                         3.341e+04
Df Model:                           1                                         
Covariance Type:            nonrobust                                         
==============================================================================
                 coef    std err          t      P>|t|      [0.025      0.975]
------------------------------------------------------------------------------
const       4.863e+04    517.402     93.995      0.000    4.76e+04    4.96e+04
dist       -2176.2338    113.281    -19.211      0.000   -2398.431   -1954.036
==============================================================================
Omnibus:                      119.370   Durbin-Watson:                   1.722
Prob(Omnibus):                  0.000   Jarque-Bera (JB):              258.529
Skew:                          -0.475   Prob(JB):                     7.26e-57
Kurtosis:                       4.741   Cond. No.                         10.2
==============================================================================

Notes:
[1] Standard Errors assume that the covariance matrix of the errors is correctly specified.
Using provincial average land price for Beijing: 21.9939
Urban-rural boundary edge for Beijing-Xicheng: 22.34 km
xicheng beijing
Fallback: matched by province name: beijing2020_new_Urb.shp
Average internal radius gap: 4.75 km
Welfare loss: 24584.80, Loss ratio: 4.53%
