Fitted model for Shanxi-Jincheng:
                            OLS Regression Results                            
==============================================================================
Dep. Variable:             land_price   R-squared:                       0.133
Model:                            OLS   Adj. R-squared:                  0.132
Method:                 Least Squares   F-statistic:                     177.5
Date:                Fri, 30 May 2025   Prob (F-statistic):           8.80e-38
Time:                        19:15:48   Log-Likelihood:                -9207.5
No. Observations:                1163   AIC:                         1.842e+04
Df Residuals:                    1161   BIC:                         1.843e+04
Df Model:                           1                                         
Covariance Type:            nonrobust                                         
==============================================================================
                 coef    std err          t      P>|t|      [0.025      0.975]
------------------------------------------------------------------------------
const       2696.5085     26.655    101.162      0.000    2644.210    2748.807
dist         -20.2999      1.524    -13.322      0.000     -23.290     -17.310
==============================================================================
Omnibus:                      223.703   Durbin-Watson:                   1.827
Prob(Omnibus):                  0.000   Jarque-Bera (JB):              896.275
Skew:                           0.867   Prob(JB):                    2.38e-195
Kurtosis:                       6.935   Cond. No.                         24.0
==============================================================================

Notes:
[1] Standard Errors assume that the covariance matrix of the errors is correctly specified.
Urban-rural boundary edge for Shanxi-Jincheng: 132.49 km
jincheng shanxi
Average internal radius gap: 0.00 km
Welfare loss: 0.00, Loss ratio: 0.00%
