Fitted model for Guangdong-Heyuan:
                            OLS Regression Results                            
==============================================================================
Dep. Variable:             land_price   R-squared:                       0.073
Model:                            OLS   Adj. R-squared:                  0.072
Method:                 Least Squares   F-statistic:                     51.73
Date:                Fri, 30 May 2025   Prob (F-statistic):           1.75e-12
Time:                        19:15:53   Log-Likelihood:                -5071.3
No. Observations:                 656   AIC:                         1.015e+04
Df Residuals:                     654   BIC:                         1.016e+04
Df Model:                           1                                         
Covariance Type:            nonrobust                                         
==============================================================================
                 coef    std err          t      P>|t|      [0.025      0.975]
------------------------------------------------------------------------------
const       1927.1822     37.639     51.202      0.000    1853.274    2001.090
dist         -54.5108      7.579     -7.192      0.000     -69.393     -39.629
==============================================================================
Omnibus:                      461.337   Durbin-Watson:                   1.672
Prob(Omnibus):                  0.000   Jarque-Bera (JB):            10356.938
Skew:                           2.820   Prob(JB):                         0.00
Kurtosis:                      21.631   Cond. No.                         8.92
==============================================================================

Notes:
[1] Standard Errors assume that the covariance matrix of the errors is correctly specified.
Urban-rural boundary edge for Guangdong-Heyuan: 35.20 km
heyuan guangdong
Average internal radius gap: 23.19 km
Welfare loss: 14654.27, Loss ratio: 43.40%
