Fitted model for Ningxia-Shizuishan:
                            OLS Regression Results                            
==============================================================================
Dep. Variable:             land_price   R-squared:                       0.169
Model:                            OLS   Adj. R-squared:                  0.167
Method:                 Least Squares   F-statistic:                     70.87
Date:                Fri, 30 May 2025   Prob (F-statistic):           1.01e-15
Time:                        13:56:03   Log-Likelihood:                -2488.2
No. Observations:                 350   AIC:                             4980.
Df Residuals:                     348   BIC:                             4988.
Df Model:                           1                                         
Covariance Type:            nonrobust                                         
==============================================================================
                 coef    std err          t      P>|t|      [0.025      0.975]
------------------------------------------------------------------------------
const       1080.6485     21.642     49.934      0.000    1038.084    1123.213
dist          -8.4848      1.008     -8.419      0.000     -10.467      -6.503
==============================================================================
Omnibus:                        3.310   Durbin-Watson:                   1.481
Prob(Omnibus):                  0.191   Jarque-Bera (JB):                3.101
Skew:                           0.226   Prob(JB):                        0.212
Kurtosis:                       3.089   Cond. No.                         29.3
==============================================================================

Notes:
[1] Standard Errors assume that the covariance matrix of the errors is correctly specified.
Urban-rural boundary edge for Ningxia-Shizuishan: 124.94 km
shizuishan ningxia
Average internal radius gap: 89.26 km
Welfare loss: 33798.63, Loss ratio: 51.04%
