Fitted model for Hebei-Baoding:
                            OLS Regression Results                            
==============================================================================
Dep. Variable:             land_price   R-squared:                       0.019
Model:                            OLS   Adj. R-squared:                  0.019
Method:                 Least Squares   F-statistic:                     89.51
Date:                Fri, 30 May 2025   Prob (F-statistic):           4.77e-21
Time:                        13:56:37   Log-Likelihood:                -37428.
No. Observations:                4521   AIC:                         7.486e+04
Df Residuals:                    4519   BIC:                         7.487e+04
Df Model:                           1                                         
Covariance Type:            nonrobust                                         
==============================================================================
                 coef    std err          t      P>|t|      [0.025      0.975]
------------------------------------------------------------------------------
const       2930.3900     18.273    160.365      0.000    2894.566    2966.215
dist          -4.0457      0.428     -9.461      0.000      -4.884      -3.207
==============================================================================
Omnibus:                     3443.306   Durbin-Watson:                   1.684
Prob(Omnibus):                  0.000   Jarque-Bera (JB):           106361.022
Skew:                           3.348   Prob(JB):                         0.00
Kurtosis:                      25.799   Cond. No.                         55.1
==============================================================================

Notes:
[1] Standard Errors assume that the covariance matrix of the errors is correctly specified.
Urban-rural boundary edge for Hebei-Baoding: 716.39 km
baoding hebei
Average internal radius gap: 703.55 km
Welfare loss: 1001280.89, Loss ratio: 96.45%
