Fitted model for Guangdong-Zhongshan:
                            OLS Regression Results                            
==============================================================================
Dep. Variable:             land_price   R-squared:                       0.028
Model:                            OLS   Adj. R-squared:                  0.028
Method:                 Least Squares   F-statistic:                     140.0
Date:                Fri, 30 May 2025   Prob (F-statistic):           7.48e-32
Time:                        13:55:47   Log-Likelihood:                -42517.
No. Observations:                4813   AIC:                         8.504e+04
Df Residuals:                    4811   BIC:                         8.505e+04
Df Model:                           1                                         
Covariance Type:            nonrobust                                         
==============================================================================
                 coef    std err          t      P>|t|      [0.025      0.975]
------------------------------------------------------------------------------
const       3755.1781     52.972     70.890      0.000    3651.329    3859.028
dist         -45.0051      3.804    -11.830      0.000     -52.463     -37.547
==============================================================================
Omnibus:                     3149.306   Durbin-Watson:                   1.457
Prob(Omnibus):                  0.000   Jarque-Bera (JB):            55609.404
Skew:                           2.867   Prob(JB):                         0.00
Kurtosis:                      18.634   Cond. No.                         30.9
==============================================================================

Notes:
[1] Standard Errors assume that the covariance matrix of the errors is correctly specified.
Urban-rural boundary edge for Guangdong-Zhongshan: 82.85 km
zhongshan guangdong
Average internal radius gap: 70.34 km
Welfare loss: 111341.38, Loss ratio: 72.09%
