Fitted model for Tianjin-Hexi:
                            OLS Regression Results                            
==============================================================================
Dep. Variable:             land_price   R-squared:                       0.259
Model:                            OLS   Adj. R-squared:                  0.258
Method:                 Least Squares   F-statistic:                     249.0
Date:                Fri, 30 May 2025   Prob (F-statistic):           2.44e-48
Time:                        13:25:28   Log-Likelihood:                -6720.2
No. Observations:                 715   AIC:                         1.344e+04
Df Residuals:                     713   BIC:                         1.345e+04
Df Model:                           1                                         
Covariance Type:            nonrobust                                         
==============================================================================
                 coef    std err          t      P>|t|      [0.025      0.975]
------------------------------------------------------------------------------
const       1.359e+04    208.768     65.106      0.000    1.32e+04     1.4e+04
dist        -953.3618     60.414    -15.781      0.000   -1071.972    -834.752
==============================================================================
Omnibus:                      120.703   Durbin-Watson:                   1.803
Prob(Omnibus):                  0.000   Jarque-Bera (JB):              348.598
Skew:                           0.833   Prob(JB):                     2.01e-76
Kurtosis:                       5.988   Cond. No.                         7.00
==============================================================================

Notes:
[1] Standard Errors assume that the covariance matrix of the errors is correctly specified.
Using provincial average land price for Tianjin: 31.3392
Urban-rural boundary edge for Tianjin-Hexi: 14.22 km
hexi tianjin
Fallback: matched by province name: tianjin2020_new_Urb.shp
Average internal radius gap: 5.78 km
Welfare loss: 15940.60, Loss ratio: 16.53%
