Fitted model for Hubei-Jingzhou:
                            OLS Regression Results                            
==============================================================================
Dep. Variable:             land_price   R-squared:                       0.118
Model:                            OLS   Adj. R-squared:                  0.117
Method:                 Least Squares   F-statistic:                     218.8
Date:                Fri, 30 May 2025   Prob (F-statistic):           1.47e-46
Time:                        11:07:23   Log-Likelihood:                -12407.
No. Observations:                1641   AIC:                         2.482e+04
Df Residuals:                    1639   BIC:                         2.483e+04
Df Model:                           1                                         
Covariance Type:            nonrobust                                         
==============================================================================
                 coef    std err          t      P>|t|      [0.025      0.975]
------------------------------------------------------------------------------
const       1791.1859     15.091    118.695      0.000    1761.587    1820.785
dist         -11.1142      0.751    -14.790      0.000     -12.588      -9.640
==============================================================================
Omnibus:                     2897.876   Durbin-Watson:                   1.864
Prob(Omnibus):                  0.000   Jarque-Bera (JB):          5883027.902
Skew:                          11.763   Prob(JB):                         0.00
Kurtosis:                     295.382   Cond. No.                         26.4
==============================================================================

Notes:
[1] Standard Errors assume that the covariance matrix of the errors is correctly specified.
Urban-rural boundary edge for Hubei-Jingzhou: 157.22 km
Average internal radius gap: 142.77 km
Welfare loss: 113278.60, Loss ratio: 82.46%
