Fitted model for Sichuan-Leshan:
                            OLS Regression Results                            
==============================================================================
Dep. Variable:             land_price   R-squared:                       0.031
Model:                            OLS   Adj. R-squared:                  0.031
Method:                 Least Squares   F-statistic:                     41.07
Date:                Fri, 30 May 2025   Prob (F-statistic):           2.07e-10
Time:                        13:25:28   Log-Likelihood:                -9546.4
No. Observations:                1267   AIC:                         1.910e+04
Df Residuals:                    1265   BIC:                         1.911e+04
Df Model:                           1                                         
Covariance Type:            nonrobust                                         
==============================================================================
                 coef    std err          t      P>|t|      [0.025      0.975]
------------------------------------------------------------------------------
const       1536.7966     19.675     78.110      0.000    1498.198    1575.395
dist         -11.3413      1.770     -6.409      0.000     -14.813      -7.869
==============================================================================
Omnibus:                      570.151   Durbin-Watson:                   1.547
Prob(Omnibus):                  0.000   Jarque-Bera (JB):             3937.776
Skew:                           1.958   Prob(JB):                         0.00
Kurtosis:                      10.697   Cond. No.                         17.3
==============================================================================

Notes:
[1] Standard Errors assume that the covariance matrix of the errors is correctly specified.
Urban-rural boundary edge for Sichuan-Leshan: 134.07 km
leshan sichuan
Average internal radius gap: 126.94 km
Welfare loss: 91368.64, Loss ratio: 89.63%
