Fitted model for Shanghai-Hongkou:
                            OLS Regression Results                            
==============================================================================
Dep. Variable:             land_price   R-squared:                       0.023
Model:                            OLS   Adj. R-squared:                  0.022
Method:                 Least Squares   F-statistic:                     31.55
Date:                Fri, 30 May 2025   Prob (F-statistic):           2.36e-08
Time:                        13:56:07   Log-Likelihood:                -13438.
No. Observations:                1349   AIC:                         2.688e+04
Df Residuals:                    1347   BIC:                         2.689e+04
Df Model:                           1                                         
Covariance Type:            nonrobust                                         
==============================================================================
                 coef    std err          t      P>|t|      [0.025      0.975]
------------------------------------------------------------------------------
const       2.067e+04    306.309     67.471      0.000    2.01e+04    2.13e+04
dist        -683.2484    121.639     -5.617      0.000    -921.871    -444.626
==============================================================================
Omnibus:                      313.946   Durbin-Watson:                   1.678
Prob(Omnibus):                  0.000   Jarque-Bera (JB):              823.630
Skew:                           1.216   Prob(JB):                    1.42e-179
Kurtosis:                       5.956   Cond. No.                         6.23
==============================================================================

Notes:
[1] Standard Errors assume that the covariance matrix of the errors is correctly specified.
Urban-rural boundary edge for Shanghai-Hongkou: 30.25 km
hongkou shanghai
Fallback: matched by province name: shanghai2020_new_Urb.shp
Average internal radius gap: 6.59 km
Welfare loss: 14828.61, Loss ratio: 4.74%
