Fitted model for Zhejiang-Hangzhou:
                            OLS Regression Results                            
==============================================================================
Dep. Variable:             land_price   R-squared:                       0.112
Model:                            OLS   Adj. R-squared:                  0.112
Method:                 Least Squares   F-statistic:                     722.7
Date:                Fri, 30 May 2025   Prob (F-statistic):          4.79e-150
Time:                        13:56:40   Log-Likelihood:                -58283.
No. Observations:                5747   AIC:                         1.166e+05
Df Residuals:                    5745   BIC:                         1.166e+05
Df Model:                           1                                         
Covariance Type:            nonrobust                                         
==============================================================================
                 coef    std err          t      P>|t|      [0.025      0.975]
------------------------------------------------------------------------------
const       1.554e+04    179.811     86.417      0.000    1.52e+04    1.59e+04
dist        -372.6162     13.861    -26.883      0.000    -399.788    -345.444
==============================================================================
Omnibus:                     1836.897   Durbin-Watson:                   1.212
Prob(Omnibus):                  0.000   Jarque-Bera (JB):             6711.700
Skew:                           1.575   Prob(JB):                         0.00
Kurtosis:                       7.255   Cond. No.                         28.9
==============================================================================

Notes:
[1] Standard Errors assume that the covariance matrix of the errors is correctly specified.
Urban-rural boundary edge for Zhejiang-Hangzhou: 41.67 km
hangzhou zhejiang
Average internal radius gap: 19.09 km
Welfare loss: 67908.11, Loss ratio: 20.99%
