Fitted model for Guangdong-Qingyuan:
                            OLS Regression Results                            
==============================================================================
Dep. Variable:             land_price   R-squared:                       0.020
Model:                            OLS   Adj. R-squared:                  0.019
Method:                 Least Squares   F-statistic:                     28.37
Date:                Fri, 30 May 2025   Prob (F-statistic):           1.16e-07
Time:                        19:15:47   Log-Likelihood:                -10945.
No. Observations:                1422   AIC:                         2.189e+04
Df Residuals:                    1420   BIC:                         2.191e+04
Df Model:                           1                                         
Covariance Type:            nonrobust                                         
==============================================================================
                 coef    std err          t      P>|t|      [0.025      0.975]
------------------------------------------------------------------------------
const       1774.7491     17.878     99.270      0.000    1739.679    1809.819
dist          -3.5165      0.660     -5.327      0.000      -4.811      -2.221
==============================================================================
Omnibus:                      690.946   Durbin-Watson:                   1.680
Prob(Omnibus):                  0.000   Jarque-Bera (JB):             6559.790
Skew:                           2.040   Prob(JB):                         0.00
Kurtosis:                      12.698   Cond. No.                         34.3
==============================================================================

Notes:
[1] Standard Errors assume that the covariance matrix of the errors is correctly specified.
Urban-rural boundary edge for Guangdong-Qingyuan: 501.17 km
qingyuan guangdong
Average internal radius gap: 493.82 km
Welfare loss: 428760.44, Loss ratio: 97.09%
