Fitted model for Shanghai-Xuhui:
                            OLS Regression Results                            
==============================================================================
Dep. Variable:             land_price   R-squared:                       0.341
Model:                            OLS   Adj. R-squared:                  0.341
Method:                 Least Squares   F-statistic:                     1030.
Date:                Fri, 30 May 2025   Prob (F-statistic):          1.49e-182
Time:                        11:07:23   Log-Likelihood:                -20723.
No. Observations:                1994   AIC:                         4.145e+04
Df Residuals:                    1992   BIC:                         4.146e+04
Df Model:                           1                                         
Covariance Type:            nonrobust                                         
==============================================================================
                 coef    std err          t      P>|t|      [0.025      0.975]
------------------------------------------------------------------------------
const       3.957e+04    261.885    151.089      0.000    3.91e+04    4.01e+04
dist       -2609.2233     81.292    -32.097      0.000   -2768.649   -2449.798
==============================================================================
Omnibus:                      147.590   Durbin-Watson:                   1.450
Prob(Omnibus):                  0.000   Jarque-Bera (JB):              538.781
Skew:                           0.291   Prob(JB):                    1.01e-117
Kurtosis:                       5.479   Cond. No.                         5.03
==============================================================================

Notes:
[1] Standard Errors assume that the covariance matrix of the errors is correctly specified.
Urban-rural boundary edge for Shanghai-Xuhui: 15.15 km
Average internal radius gap: 0.00 km
Welfare loss: 0.00, Loss ratio: 0.00%
