Fitted model for Hainan-Sanya:
                            OLS Regression Results                            
==============================================================================
Dep. Variable:             land_price   R-squared:                       0.130
Model:                            OLS   Adj. R-squared:                  0.129
Method:                 Least Squares   F-statistic:                     129.2
Date:                Fri, 30 May 2025   Prob (F-statistic):           5.30e-28
Time:                        19:15:48   Log-Likelihood:                -8246.8
No. Observations:                 867   AIC:                         1.650e+04
Df Residuals:                     865   BIC:                         1.651e+04
Df Model:                           1                                         
Covariance Type:            nonrobust                                         
==============================================================================
                 coef    std err          t      P>|t|      [0.025      0.975]
------------------------------------------------------------------------------
const       5644.6522    167.500     33.699      0.000    5315.898    5973.406
dist         416.9581     36.682     11.367      0.000     344.962     488.954
==============================================================================
Omnibus:                      427.701   Durbin-Watson:                   1.620
Prob(Omnibus):                  0.000   Jarque-Bera (JB):             4804.674
Skew:                           1.962   Prob(JB):                         0.00
Kurtosis:                      13.844   Cond. No.                         7.06
==============================================================================

Notes:
[1] Standard Errors assume that the covariance matrix of the errors is correctly specified.
Could not determine urban-rural boundary edge.
