Fitted model for Shandong-Binzhou:
                            OLS Regression Results                            
==============================================================================
Dep. Variable:             land_price   R-squared:                       0.336
Model:                            OLS   Adj. R-squared:                  0.336
Method:                 Least Squares   F-statistic:                     410.3
Date:                Fri, 30 May 2025   Prob (F-statistic):           4.16e-74
Time:                        13:56:54   Log-Likelihood:                -6299.6
No. Observations:                 811   AIC:                         1.260e+04
Df Residuals:                     809   BIC:                         1.261e+04
Df Model:                           1                                         
Covariance Type:            nonrobust                                         
==============================================================================
                 coef    std err          t      P>|t|      [0.025      0.975]
------------------------------------------------------------------------------
const       3057.7944     51.046     59.902      0.000    2957.595    3157.994
dist        -198.8261      9.816    -20.255      0.000    -218.094    -179.558
==============================================================================
Omnibus:                      120.761   Durbin-Watson:                   1.869
Prob(Omnibus):                  0.000   Jarque-Bera (JB):              431.799
Skew:                           0.676   Prob(JB):                     1.72e-94
Kurtosis:                       6.309   Cond. No.                         13.6
==============================================================================

Notes:
[1] Standard Errors assume that the covariance matrix of the errors is correctly specified.
Urban-rural boundary edge for Shandong-Binzhou: 15.22 km
binzhou shandong
Average internal radius gap: 5.85 km
Welfare loss: 3404.53, Loss ratio: 14.79%
