Fitted model for Guizhou-Guiyang:
                            OLS Regression Results                            
==============================================================================
Dep. Variable:             land_price   R-squared:                       0.132
Model:                            OLS   Adj. R-squared:                  0.132
Method:                 Least Squares   F-statistic:                     499.1
Date:                Fri, 30 May 2025   Prob (F-statistic):          4.91e-103
Time:                        11:07:24   Log-Likelihood:                -26805.
No. Observations:                3286   AIC:                         5.361e+04
Df Residuals:                    3284   BIC:                         5.363e+04
Df Model:                           1                                         
Covariance Type:            nonrobust                                         
==============================================================================
                 coef    std err          t      P>|t|      [0.025      0.975]
------------------------------------------------------------------------------
const       3232.1864     32.150    100.533      0.000    3169.150    3295.223
dist         -59.2329      2.651    -22.341      0.000     -64.431     -54.034
==============================================================================
Omnibus:                     2073.221   Durbin-Watson:                   1.521
Prob(Omnibus):                  0.000   Jarque-Bera (JB):            26088.570
Skew:                           2.841   Prob(JB):                         0.00
Kurtosis:                      15.580   Cond. No.                         26.6
==============================================================================

Notes:
[1] Standard Errors assume that the covariance matrix of the errors is correctly specified.
Urban-rural boundary edge for Guizhou-Guiyang: 54.35 km
Average internal radius gap: 37.65 km
Welfare loss: 41970.95, Loss ratio: 47.97%
