Fitted model for Anhui-Huainan:
                            OLS Regression Results                            
==============================================================================
Dep. Variable:             land_price   R-squared:                       0.080
Model:                            OLS   Adj. R-squared:                  0.069
Method:                 Least Squares   F-statistic:                     7.395
Date:                Fri, 30 May 2025   Prob (F-statistic):            0.00793
Time:                        11:01:22   Log-Likelihood:                -661.21
No. Observations:                  87   AIC:                             1326.
Df Residuals:                      85   BIC:                             1331.
Df Model:                           1                                         
Covariance Type:            nonrobust                                         
==============================================================================
                 coef    std err          t      P>|t|      [0.025      0.975]
------------------------------------------------------------------------------
const       1954.2146     76.535     25.533      0.000    1802.042    2106.388
dist         -29.5438     10.865     -2.719      0.008     -51.145      -7.942
==============================================================================
Omnibus:                       20.800   Durbin-Watson:                   1.413
Prob(Omnibus):                  0.000   Jarque-Bera (JB):               28.531
Skew:                           1.087   Prob(JB):                     6.38e-07
Kurtosis:                       4.772   Cond. No.                         10.4
==============================================================================

Notes:
[1] Standard Errors assume that the covariance matrix of the errors is correctly specified.
Urban-rural boundary edge for Anhui-Huainan: 64.29 km
Average internal radius gap: 52.72 km
Welfare loss: 41049.54, Loss ratio: 67.24%
