Fitted model for Sichuan-Dazhou:
                            OLS Regression Results                            
==============================================================================
Dep. Variable:             land_price   R-squared:                       0.060
Model:                            OLS   Adj. R-squared:                  0.059
Method:                 Least Squares   F-statistic:                     77.95
Date:                Fri, 30 May 2025   Prob (F-statistic):           3.59e-18
Time:                        13:25:36   Log-Likelihood:                -9087.0
No. Observations:                1223   AIC:                         1.818e+04
Df Residuals:                    1221   BIC:                         1.819e+04
Df Model:                           1                                         
Covariance Type:            nonrobust                                         
==============================================================================
                 coef    std err          t      P>|t|      [0.025      0.975]
------------------------------------------------------------------------------
const       1412.6637     19.818     71.281      0.000    1373.782    1451.545
dist          53.4097      6.049      8.829      0.000      41.541      65.278
==============================================================================
Omnibus:                      782.425   Durbin-Watson:                   1.729
Prob(Omnibus):                  0.000   Jarque-Bera (JB):            34397.138
Skew:                           2.334   Prob(JB):                         0.00
Kurtosis:                      28.558   Cond. No.                         5.91
==============================================================================

Notes:
[1] Standard Errors assume that the covariance matrix of the errors is correctly specified.
Could not determine urban-rural boundary edge.
