Fitted model for Sichuan-Panzhihua:
                            OLS Regression Results                            
==============================================================================
Dep. Variable:             land_price   R-squared:                       0.191
Model:                            OLS   Adj. R-squared:                  0.190
Method:                 Least Squares   F-statistic:                     101.4
Date:                Fri, 30 May 2025   Prob (F-statistic):           1.53e-21
Time:                        19:15:45   Log-Likelihood:                -3209.0
No. Observations:                 430   AIC:                             6422.
Df Residuals:                     428   BIC:                             6430.
Df Model:                           1                                         
Covariance Type:            nonrobust                                         
==============================================================================
                 coef    std err          t      P>|t|      [0.025      0.975]
------------------------------------------------------------------------------
const       1837.4251     58.292     31.521      0.000    1722.851    1952.000
dist        -110.8956     11.014    -10.068      0.000    -132.545     -89.247
==============================================================================
Omnibus:                      112.418   Durbin-Watson:                   1.365
Prob(Omnibus):                  0.000   Jarque-Bera (JB):              310.040
Skew:                           1.246   Prob(JB):                     4.74e-68
Kurtosis:                       6.331   Cond. No.                         15.6
==============================================================================

Notes:
[1] Standard Errors assume that the covariance matrix of the errors is correctly specified.
Urban-rural boundary edge for Sichuan-Panzhihua: 16.49 km
panzhihua sichuan
Average internal radius gap: 0.00 km
Welfare loss: 0.00, Loss ratio: 0.00%
