Fitted model for Hunan-Yueyang:
                            OLS Regression Results                            
==============================================================================
Dep. Variable:             land_price   R-squared:                       0.165
Model:                            OLS   Adj. R-squared:                  0.164
Method:                 Least Squares   F-statistic:                     201.8
Date:                Fri, 30 May 2025   Prob (F-statistic):           6.13e-42
Time:                        13:56:04   Log-Likelihood:                -7909.3
No. Observations:                1025   AIC:                         1.582e+04
Df Residuals:                    1023   BIC:                         1.583e+04
Df Model:                           1                                         
Covariance Type:            nonrobust                                         
==============================================================================
                 coef    std err          t      P>|t|      [0.025      0.975]
------------------------------------------------------------------------------
const       1925.1408     19.968     96.409      0.000    1885.957    1964.325
dist         -12.5139      0.881    -14.207      0.000     -14.242     -10.785
==============================================================================
Omnibus:                     1238.222   Durbin-Watson:                   1.746
Prob(Omnibus):                  0.000   Jarque-Bera (JB):           258214.774
Skew:                           5.847   Prob(JB):                         0.00
Kurtosis:                      79.872   Cond. No.                         26.7
==============================================================================

Notes:
[1] Standard Errors assume that the covariance matrix of the errors is correctly specified.
Urban-rural boundary edge for Hunan-Yueyang: 151.56 km
yueyang hunan
Average internal radius gap: 146.62 km
Welfare loss: 134506.92, Loss ratio: 93.59%
