Fitted model for Liaoning-Benxi:
                            OLS Regression Results                            
==============================================================================
Dep. Variable:             land_price   R-squared:                       0.086
Model:                            OLS   Adj. R-squared:                  0.085
Method:                 Least Squares   F-statistic:                     56.24
Date:                Fri, 30 May 2025   Prob (F-statistic):           2.35e-13
Time:                        13:56:55   Log-Likelihood:                -4451.0
No. Observations:                 596   AIC:                             8906.
Df Residuals:                     594   BIC:                             8915.
Df Model:                           1                                         
Covariance Type:            nonrobust                                         
==============================================================================
                 coef    std err          t      P>|t|      [0.025      0.975]
------------------------------------------------------------------------------
const       1573.8627     29.649     53.084      0.000    1515.634    1632.092
dist         -35.5581      4.741     -7.499      0.000     -44.870     -26.246
==============================================================================
Omnibus:                        0.091   Durbin-Watson:                   1.630
Prob(Omnibus):                  0.956   Jarque-Bera (JB):                0.100
Skew:                           0.030   Prob(JB):                        0.951
Kurtosis:                       2.978   Cond. No.                         10.8
==============================================================================

Notes:
[1] Standard Errors assume that the covariance matrix of the errors is correctly specified.
Urban-rural boundary edge for Liaoning-Benxi: 44.17 km
benxi liaoning
Average internal radius gap: 23.28 km
Welfare loss: 9631.81, Loss ratio: 27.76%
