Fitted model for Henan-Luoyang:
                            OLS Regression Results                            
==============================================================================
Dep. Variable:             land_price   R-squared:                       0.240
Model:                            OLS   Adj. R-squared:                  0.240
Method:                 Least Squares   F-statistic:                     835.6
Date:                Fri, 30 May 2025   Prob (F-statistic):          6.78e-160
Time:                        13:25:36   Log-Likelihood:                -20952.
No. Observations:                2646   AIC:                         4.191e+04
Df Residuals:                    2644   BIC:                         4.192e+04
Df Model:                           1                                         
Covariance Type:            nonrobust                                         
==============================================================================
                 coef    std err          t      P>|t|      [0.025      0.975]
------------------------------------------------------------------------------
const       2904.2997     23.948    121.275      0.000    2857.341    2951.259
dist         -44.6521      1.545    -28.906      0.000     -47.681     -41.623
==============================================================================
Omnibus:                     1467.109   Durbin-Watson:                   1.423
Prob(Omnibus):                  0.000   Jarque-Bera (JB):            29019.223
Skew:                           2.199   Prob(JB):                         0.00
Kurtosis:                      18.617   Cond. No.                         28.8
==============================================================================

Notes:
[1] Standard Errors assume that the covariance matrix of the errors is correctly specified.
Urban-rural boundary edge for Henan-Luoyang: 64.54 km
luoyang henan
Average internal radius gap: 52.91 km
Welfare loss: 62492.44, Loss ratio: 67.20%
