Fitted model for Shandong-Jinan:
                            OLS Regression Results                            
==============================================================================
Dep. Variable:             land_price   R-squared:                       0.228
Model:                            OLS   Adj. R-squared:                  0.228
Method:                 Least Squares   F-statistic:                     2136.
Date:                Fri, 30 May 2025   Prob (F-statistic):               0.00
Time:                        19:15:54   Log-Likelihood:                -65531.
No. Observations:                7224   AIC:                         1.311e+05
Df Residuals:                    7222   BIC:                         1.311e+05
Df Model:                           1                                         
Covariance Type:            nonrobust                                         
==============================================================================
                 coef    std err          t      P>|t|      [0.025      0.975]
------------------------------------------------------------------------------
const       6006.6512     34.309    175.075      0.000    5939.396    6073.907
dist         -65.8564      1.425    -46.217      0.000     -68.650     -63.063
==============================================================================
Omnibus:                     2499.352   Durbin-Watson:                   0.985
Prob(Omnibus):                  0.000   Jarque-Bera (JB):            15206.774
Skew:                           1.526   Prob(JB):                         0.00
Kurtosis:                       9.420   Cond. No.                         33.4
==============================================================================

Notes:
[1] Standard Errors assume that the covariance matrix of the errors is correctly specified.
Urban-rural boundary edge for Shandong-Jinan: 90.66 km
jinan shandong
Average internal radius gap: 68.38 km
Welfare loss: 153988.19, Loss ratio: 56.89%
