Fitted model for Anhui-Anqing:
                            OLS Regression Results                            
==============================================================================
Dep. Variable:             land_price   R-squared:                       0.309
Model:                            OLS   Adj. R-squared:                  0.308
Method:                 Least Squares   F-statistic:                     742.0
Date:                Fri, 30 May 2025   Prob (F-statistic):          2.11e-135
Time:                        13:56:06   Log-Likelihood:                -12777.
No. Observations:                1665   AIC:                         2.556e+04
Df Residuals:                    1663   BIC:                         2.557e+04
Df Model:                           1                                         
Covariance Type:            nonrobust                                         
==============================================================================
                 coef    std err          t      P>|t|      [0.025      0.975]
------------------------------------------------------------------------------
const       2394.5481     17.164    139.511      0.000    2360.883    2428.213
dist         -12.3772      0.454    -27.239      0.000     -13.268     -11.486
==============================================================================
Omnibus:                      358.484   Durbin-Watson:                   1.712
Prob(Omnibus):                  0.000   Jarque-Bera (JB):              938.493
Skew:                           1.135   Prob(JB):                    1.62e-204
Kurtosis:                       5.893   Cond. No.                         50.8
==============================================================================

Notes:
[1] Standard Errors assume that the covariance matrix of the errors is correctly specified.
Urban-rural boundary edge for Anhui-Anqing: 191.09 km
anqing anhui
Average internal radius gap: 178.28 km
Welfare loss: 196697.90, Loss ratio: 87.04%
