Fitted model for Hunan-Hengyang:
                            OLS Regression Results                            
==============================================================================
Dep. Variable:             land_price   R-squared:                       0.088
Model:                            OLS   Adj. R-squared:                  0.088
Method:                 Least Squares   F-statistic:                     200.6
Date:                Fri, 30 May 2025   Prob (F-statistic):           1.53e-43
Time:                        13:25:28   Log-Likelihood:                -15493.
No. Observations:                2080   AIC:                         3.099e+04
Df Residuals:                    2078   BIC:                         3.100e+04
Df Model:                           1                                         
Covariance Type:            nonrobust                                         
==============================================================================
                 coef    std err          t      P>|t|      [0.025      0.975]
------------------------------------------------------------------------------
const       1365.8380     11.822    115.536      0.000    1342.654    1389.022
dist          -6.1943      0.437    -14.164      0.000      -7.052      -5.337
==============================================================================
Omnibus:                     2061.306   Durbin-Watson:                   1.571
Prob(Omnibus):                  0.000   Jarque-Bera (JB):           206778.534
Skew:                           4.494   Prob(JB):                         0.00
Kurtosis:                      51.012   Cond. No.                         35.1
==============================================================================

Notes:
[1] Standard Errors assume that the covariance matrix of the errors is correctly specified.
Urban-rural boundary edge for Hunan-Hengyang: 216.62 km
hengyang hunan
Average internal radius gap: 205.55 km
Welfare loss: 130861.95, Loss ratio: 90.04%
