Fitted model for Anhui-Bengbu:
                            OLS Regression Results                            
==============================================================================
Dep. Variable:             land_price   R-squared:                       0.005
Model:                            OLS   Adj. R-squared:                  0.004
Method:                 Least Squares   F-statistic:                     4.861
Date:                Fri, 30 May 2025   Prob (F-statistic):             0.0277
Time:                        12:11:11   Log-Likelihood:                -7127.4
No. Observations:                 886   AIC:                         1.426e+04
Df Residuals:                     884   BIC:                         1.427e+04
Df Model:                           1                                         
Covariance Type:            nonrobust                                         
==============================================================================
                 coef    std err          t      P>|t|      [0.025      0.975]
------------------------------------------------------------------------------
const       2169.3052     45.480     47.698      0.000    2080.045    2258.566
dist         -28.4194     12.890     -2.205      0.028     -53.718      -3.121
==============================================================================
Omnibus:                      296.595   Durbin-Watson:                   1.314
Prob(Omnibus):                  0.000   Jarque-Bera (JB):              941.732
Skew:                           1.642   Prob(JB):                    3.20e-205
Kurtosis:                       6.837   Cond. No.                         6.69
==============================================================================

Notes:
[1] Standard Errors assume that the covariance matrix of the errors is correctly specified.
Urban-rural boundary edge for Anhui-Bengbu: 74.95 km
bengbu anhui
Average internal radius gap: 64.51 km
Welfare loss: 59128.68, Loss ratio: 74.07%
