Fitted model for Beijing-Dongcheng:
                            OLS Regression Results                            
==============================================================================
Dep. Variable:             land_price   R-squared:                       0.189
Model:                            OLS   Adj. R-squared:                  0.188
Method:                 Least Squares   F-statistic:                     248.3
Date:                Fri, 30 May 2025   Prob (F-statistic):           1.92e-50
Time:                        11:01:23   Log-Likelihood:                -11210.
No. Observations:                1066   AIC:                         2.242e+04
Df Residuals:                    1064   BIC:                         2.243e+04
Df Model:                           1                                         
Covariance Type:            nonrobust                                         
==============================================================================
                 coef    std err          t      P>|t|      [0.025      0.975]
------------------------------------------------------------------------------
const       4.377e+04    555.298     78.823      0.000    4.27e+04    4.49e+04
dist       -2563.4781    162.677    -15.758      0.000   -2882.682   -2244.274
==============================================================================
Omnibus:                       61.771   Durbin-Watson:                   1.842
Prob(Omnibus):                  0.000   Jarque-Bera (JB):               90.748
Skew:                          -0.482   Prob(JB):                     1.97e-20
Kurtosis:                       4.056   Cond. No.                         7.38
==============================================================================

Notes:
[1] Standard Errors assume that the covariance matrix of the errors is correctly specified.
Using provincial average land price for Beijing: 21.9939
Urban-rural boundary edge for Beijing-Dongcheng: 17.07 km
Average internal radius gap: 3.91 km
Welfare loss: 19641.97, Loss ratio: 5.26%
