Fitted model for Chongqing-Beibei:
                            OLS Regression Results                            
==============================================================================
Dep. Variable:             land_price   R-squared:                       0.119
Model:                            OLS   Adj. R-squared:                  0.112
Method:                 Least Squares   F-statistic:                     17.58
Date:                Fri, 30 May 2025   Prob (F-statistic):           5.07e-05
Time:                        13:56:18   Log-Likelihood:                -1073.5
No. Observations:                 132   AIC:                             2151.
Df Residuals:                     130   BIC:                             2157.
Df Model:                           1                                         
Covariance Type:            nonrobust                                         
==============================================================================
                 coef    std err          t      P>|t|      [0.025      0.975]
------------------------------------------------------------------------------
const       3881.5499    109.260     35.526      0.000    3665.392    4097.708
dist         -62.8250     14.985     -4.192      0.000     -92.471     -33.179
==============================================================================
Omnibus:                        2.685   Durbin-Watson:                   2.287
Prob(Omnibus):                  0.261   Jarque-Bera (JB):                2.424
Skew:                           0.137   Prob(JB):                        0.298
Kurtosis:                       3.605   Cond. No.                         11.1
==============================================================================

Notes:
[1] Standard Errors assume that the covariance matrix of the errors is correctly specified.
Urban-rural boundary edge for Chongqing-Beibei: 61.27 km
beibei chongqing
Fallback: matched by province name: chongqing2020_new_Urb.shp
Average internal radius gap: 39.72 km
Welfare loss: 49561.87, Loss ratio: 42.03%
