Fitted model for Shanghai-Baoshan:
                            OLS Regression Results                            
==============================================================================
Dep. Variable:             land_price   R-squared:                       0.257
Model:                            OLS   Adj. R-squared:                  0.257
Method:                 Least Squares   F-statistic:                     448.7
Date:                Fri, 30 May 2025   Prob (F-statistic):           9.48e-86
Time:                        13:25:36   Log-Likelihood:                -12461.
No. Observations:                1298   AIC:                         2.493e+04
Df Residuals:                    1296   BIC:                         2.494e+04
Df Model:                           1                                         
Covariance Type:            nonrobust                                         
==============================================================================
                 coef    std err          t      P>|t|      [0.025      0.975]
------------------------------------------------------------------------------
const       1.659e+04    197.855     83.838      0.000    1.62e+04     1.7e+04
dist        -457.5567     21.601    -21.182      0.000    -499.934    -415.179
==============================================================================
Omnibus:                       84.715   Durbin-Watson:                   1.207
Prob(Omnibus):                  0.000   Jarque-Bera (JB):              118.405
Skew:                           0.551   Prob(JB):                     1.94e-26
Kurtosis:                       3.987   Cond. No.                         18.4
==============================================================================

Notes:
[1] Standard Errors assume that the covariance matrix of the errors is correctly specified.
Urban-rural boundary edge for Shanghai-Baoshan: 36.19 km
baoshan shanghai
Fallback: matched by province name: shanghai2020_new_Urb.shp
Average internal radius gap: 9.82 km
Welfare loss: 22074.65, Loss ratio: 7.37%
