Fitted model for Henan-Zhengzhou:
                            OLS Regression Results                            
==============================================================================
Dep. Variable:             land_price   R-squared:                       0.202
Model:                            OLS   Adj. R-squared:                  0.202
Method:                 Least Squares   F-statistic:                     1934.
Date:                Fri, 30 May 2025   Prob (F-statistic):               0.00
Time:                        12:11:21   Log-Likelihood:                -66672.
No. Observations:                7629   AIC:                         1.333e+05
Df Residuals:                    7627   BIC:                         1.334e+05
Df Model:                           1                                         
Covariance Type:            nonrobust                                         
==============================================================================
                 coef    std err          t      P>|t|      [0.025      0.975]
------------------------------------------------------------------------------
const       4192.6925     24.510    171.060      0.000    4144.646    4240.739
dist         -48.1893      1.096    -43.977      0.000     -50.337     -46.041
==============================================================================
Omnibus:                     6901.307   Durbin-Watson:                   1.236
Prob(Omnibus):                  0.000   Jarque-Bera (JB):           400202.525
Skew:                           4.160   Prob(JB):                         0.00
Kurtosis:                      37.493   Cond. No.                         31.7
==============================================================================

Notes:
[1] Standard Errors assume that the covariance matrix of the errors is correctly specified.
Urban-rural boundary edge for Henan-Zhengzhou: 86.12 km
zhengzhou henan
Average internal radius gap: 66.92 km
Welfare loss: 107892.75, Loss ratio: 60.38%
