Fitted model for Beijing-Tongzhou:
                            OLS Regression Results                            
==============================================================================
Dep. Variable:             land_price   R-squared:                       0.020
Model:                            OLS   Adj. R-squared:                  0.019
Method:                 Least Squares   F-statistic:                     18.81
Date:                Fri, 30 May 2025   Prob (F-statistic):           1.61e-05
Time:                        19:16:03   Log-Likelihood:                -8904.3
No. Observations:                 911   AIC:                         1.781e+04
Df Residuals:                     909   BIC:                         1.782e+04
Df Model:                           1                                         
Covariance Type:            nonrobust                                         
==============================================================================
                 coef    std err          t      P>|t|      [0.025      0.975]
------------------------------------------------------------------------------
const         1.2e+04    396.803     30.234      0.000    1.12e+04    1.28e+04
dist        -139.0322     32.060     -4.337      0.000    -201.952     -76.112
==============================================================================
Omnibus:                       29.476   Durbin-Watson:                   0.879
Prob(Omnibus):                  0.000   Jarque-Bera (JB):               43.196
Skew:                           0.299   Prob(JB):                     4.17e-10
Kurtosis:                       3.884   Cond. No.                         35.0
==============================================================================

Notes:
[1] Standard Errors assume that the covariance matrix of the errors is correctly specified.
Urban-rural boundary edge for Beijing-Tongzhou: 85.99 km
tongzhou beijing
Fallback: matched by province name: beijing2020_new_Urb.shp
Average internal radius gap: 36.90 km
Welfare loss: 94655.39, Loss ratio: 18.41%
