Fitted model for Shandong-Yantai:
                            OLS Regression Results                            
==============================================================================
Dep. Variable:             land_price   R-squared:                       0.270
Model:                            OLS   Adj. R-squared:                  0.270
Method:                 Least Squares   F-statistic:                     5247.
Date:                Fri, 30 May 2025   Prob (F-statistic):               0.00
Time:                        12:11:22   Log-Likelihood:            -1.1976e+05
No. Observations:               14190   AIC:                         2.395e+05
Df Residuals:                   14188   BIC:                         2.395e+05
Df Model:                           1                                         
Covariance Type:            nonrobust                                         
==============================================================================
                 coef    std err          t      P>|t|      [0.025      0.975]
------------------------------------------------------------------------------
const       3203.1645     14.219    225.278      0.000    3175.294    3231.035
dist         -14.3039      0.197    -72.435      0.000     -14.691     -13.917
==============================================================================
Omnibus:                     8382.200   Durbin-Watson:                   1.287
Prob(Omnibus):                  0.000   Jarque-Bera (JB):           127233.391
Skew:                           2.556   Prob(JB):                         0.00
Kurtosis:                      16.750   Cond. No.                         109.
==============================================================================

Notes:
[1] Standard Errors assume that the covariance matrix of the errors is correctly specified.
Urban-rural boundary edge for Shandong-Yantai: 221.85 km
yantai shandong
Average internal radius gap: 204.78 km
Welfare loss: 299910.22, Loss ratio: 85.20%
