Fitted model for Zhejiang-Quzhou:
                            OLS Regression Results                            
==============================================================================
Dep. Variable:             land_price   R-squared:                       0.194
Model:                            OLS   Adj. R-squared:                  0.190
Method:                 Least Squares   F-statistic:                     41.76
Date:                Fri, 30 May 2025   Prob (F-statistic):           1.01e-09
Time:                        11:07:23   Log-Likelihood:                -1525.1
No. Observations:                 175   AIC:                             3054.
Df Residuals:                     173   BIC:                             3060.
Df Model:                           1                                         
Covariance Type:            nonrobust                                         
==============================================================================
                 coef    std err          t      P>|t|      [0.025      0.975]
------------------------------------------------------------------------------
const       6375.7691    222.187     28.695      0.000    5937.222    6814.316
dist        -288.4438     44.638     -6.462      0.000    -376.549    -200.339
==============================================================================
Omnibus:                       17.034   Durbin-Watson:                   1.745
Prob(Omnibus):                  0.000   Jarque-Bera (JB):               18.912
Skew:                           0.761   Prob(JB):                     7.82e-05
Kurtosis:                       3.524   Cond. No.                         10.2
==============================================================================

Notes:
[1] Standard Errors assume that the covariance matrix of the errors is correctly specified.
Urban-rural boundary edge for Zhejiang-Quzhou: 22.06 km
Average internal radius gap: 15.69 km
Welfare loss: 35513.46, Loss ratio: 50.59%
