Fitted model for Yunnan-Zhaotong:
                            OLS Regression Results                            
==============================================================================
Dep. Variable:             land_price   R-squared:                       0.014
Model:                            OLS   Adj. R-squared:                  0.011
Method:                 Least Squares   F-statistic:                     4.058
Date:                Fri, 30 May 2025   Prob (F-statistic):             0.0449
Time:                        19:15:45   Log-Likelihood:                -2013.3
No. Observations:                 278   AIC:                             4031.
Df Residuals:                     276   BIC:                             4038.
Df Model:                           1                                         
Covariance Type:            nonrobust                                         
==============================================================================
                 coef    std err          t      P>|t|      [0.025      0.975]
------------------------------------------------------------------------------
const       1514.8349     63.820     23.736      0.000    1389.199    1640.471
dist          27.0951     13.451      2.014      0.045       0.616      53.574
==============================================================================
Omnibus:                       70.317   Durbin-Watson:                   1.774
Prob(Omnibus):                  0.000   Jarque-Bera (JB):              159.038
Skew:                           1.222   Prob(JB):                     2.92e-35
Kurtosis:                       5.786   Cond. No.                         15.5
==============================================================================

Notes:
[1] Standard Errors assume that the covariance matrix of the errors is correctly specified.
Could not determine urban-rural boundary edge.
