Fitted model for Henan-Puyang:
                            OLS Regression Results                            
==============================================================================
Dep. Variable:             land_price   R-squared:                       0.106
Model:                            OLS   Adj. R-squared:                  0.093
Method:                 Least Squares   F-statistic:                     8.180
Date:                Fri, 30 May 2025   Prob (F-statistic):            0.00560
Time:                        11:01:37   Log-Likelihood:                -556.41
No. Observations:                  71   AIC:                             1117.
Df Residuals:                      69   BIC:                             1121.
Df Model:                           1                                         
Covariance Type:            nonrobust                                         
==============================================================================
                 coef    std err          t      P>|t|      [0.025      0.975]
------------------------------------------------------------------------------
const       2767.2249    139.668     19.813      0.000    2488.594    3045.856
dist         -92.2811     32.265     -2.860      0.006    -156.648     -27.914
==============================================================================
Omnibus:                       39.543   Durbin-Watson:                   1.873
Prob(Omnibus):                  0.000   Jarque-Bera (JB):              155.066
Skew:                           1.578   Prob(JB):                     2.13e-34
Kurtosis:                       9.515   Cond. No.                         8.52
==============================================================================

Notes:
[1] Standard Errors assume that the covariance matrix of the errors is correctly specified.
Urban-rural boundary edge for Henan-Puyang: 29.44 km
Average internal radius gap: 21.12 km
Welfare loss: 20575.54, Loss ratio: 51.44%
