Fitted model for Tianjin-Beichen:
                            OLS Regression Results                            
==============================================================================
Dep. Variable:             land_price   R-squared:                       0.000
Model:                            OLS   Adj. R-squared:                 -0.002
Method:                 Least Squares   F-statistic:                   0.05117
Date:                Fri, 30 May 2025   Prob (F-statistic):              0.821
Time:                        11:01:22   Log-Likelihood:                -3643.8
No. Observations:                 420   AIC:                             7292.
Df Residuals:                     418   BIC:                             7300.
Df Model:                           1                                         
Covariance Type:            nonrobust                                         
==============================================================================
                 coef    std err          t      P>|t|      [0.025      0.975]
------------------------------------------------------------------------------
const       4440.8551    192.169     23.109      0.000    4063.116    4818.594
dist          -4.4714     19.767     -0.226      0.821     -43.327      34.384
==============================================================================
Omnibus:                       17.377   Durbin-Watson:                   1.379
Prob(Omnibus):                  0.000   Jarque-Bera (JB):               28.027
Skew:                           0.292   Prob(JB):                     8.21e-07
Kurtosis:                       4.123   Cond. No.                         27.2
==============================================================================

Notes:
[1] Standard Errors assume that the covariance matrix of the errors is correctly specified.
Urban-rural boundary edge for Tianjin-Beichen: 984.40 km
Average internal radius gap: 937.97 km
Welfare loss: 1966949.70, Loss ratio: 90.79%
