Fitted model for Qinghai-Xining:
                            OLS Regression Results                            
==============================================================================
Dep. Variable:             land_price   R-squared:                       0.195
Model:                            OLS   Adj. R-squared:                  0.195
Method:                 Least Squares   F-statistic:                     713.9
Date:                Fri, 30 May 2025   Prob (F-statistic):          5.17e-141
Time:                        19:15:46   Log-Likelihood:                -23530.
No. Observations:                2948   AIC:                         4.706e+04
Df Residuals:                    2946   BIC:                         4.708e+04
Df Model:                           1                                         
Covariance Type:            nonrobust                                         
==============================================================================
                 coef    std err          t      P>|t|      [0.025      0.975]
------------------------------------------------------------------------------
const       3416.3985     21.307    160.342      0.000    3374.621    3458.176
dist        -120.4651      4.509    -26.719      0.000    -129.306    -111.625
==============================================================================
Omnibus:                      833.245   Durbin-Watson:                   1.220
Prob(Omnibus):                  0.000   Jarque-Bera (JB):             2633.785
Skew:                           1.426   Prob(JB):                         0.00
Kurtosis:                       6.649   Cond. No.                         7.94
==============================================================================

Notes:
[1] Standard Errors assume that the covariance matrix of the errors is correctly specified.
Urban-rural boundary edge for Qinghai-Xining: 28.29 km
xining qinghai
Average internal radius gap: 13.04 km
Welfare loss: 10242.36, Loss ratio: 21.24%
