Fitted model for Hubei-Yichang:
                            OLS Regression Results                            
==============================================================================
Dep. Variable:             land_price   R-squared:                       0.178
Model:                            OLS   Adj. R-squared:                  0.178
Method:                 Least Squares   F-statistic:                     506.4
Date:                Fri, 30 May 2025   Prob (F-statistic):          1.17e-101
Time:                        13:56:03   Log-Likelihood:                -18142.
No. Observations:                2335   AIC:                         3.629e+04
Df Residuals:                    2333   BIC:                         3.630e+04
Df Model:                           1                                         
Covariance Type:            nonrobust                                         
==============================================================================
                 coef    std err          t      P>|t|      [0.025      0.975]
------------------------------------------------------------------------------
const       2856.9638     28.115    101.616      0.000    2801.830    2912.098
dist         -77.1220      3.427    -22.504      0.000     -83.842     -70.402
==============================================================================
Omnibus:                      726.182   Durbin-Watson:                   1.578
Prob(Omnibus):                  0.000   Jarque-Bera (JB):             2680.510
Skew:                           1.505   Prob(JB):                         0.00
Kurtosis:                       7.301   Cond. No.                         19.7
==============================================================================

Notes:
[1] Standard Errors assume that the covariance matrix of the errors is correctly specified.
Urban-rural boundary edge for Hubei-Yichang: 36.90 km
yichang hubei
Average internal radius gap: 27.56 km
Welfare loss: 29298.91, Loss ratio: 55.81%
