Fitted model for Heilongjiang-Hegang:
                            OLS Regression Results                            
==============================================================================
Dep. Variable:             land_price   R-squared:                       0.067
Model:                            OLS   Adj. R-squared:                  0.064
Method:                 Least Squares   F-statistic:                     23.27
Date:                Fri, 30 May 2025   Prob (F-statistic):           2.16e-06
Time:                        13:56:54   Log-Likelihood:                -2276.0
No. Observations:                 328   AIC:                             4556.
Df Residuals:                     326   BIC:                             4564.
Df Model:                           1                                         
Covariance Type:            nonrobust                                         
==============================================================================
                 coef    std err          t      P>|t|      [0.025      0.975]
------------------------------------------------------------------------------
const        693.2904     23.293     29.764      0.000     647.467     739.114
dist         -24.4646      5.071     -4.824      0.000     -34.441     -14.488
==============================================================================
Omnibus:                      100.345   Durbin-Watson:                   1.683
Prob(Omnibus):                  0.000   Jarque-Bera (JB):              262.722
Skew:                           1.446   Prob(JB):                     8.93e-58
Kurtosis:                       6.296   Cond. No.                         7.98
==============================================================================

Notes:
[1] Standard Errors assume that the covariance matrix of the errors is correctly specified.
Urban-rural boundary edge for Heilongjiang-Hegang: 27.72 km
hegang heilongjiang
Average internal radius gap: 17.70 km
Welfare loss: 3831.62, Loss ratio: 40.76%
