Fitted model for Xinjiang-Hami:
                            OLS Regression Results                            
==============================================================================
Dep. Variable:             land_price   R-squared:                       0.171
Model:                            OLS   Adj. R-squared:                  0.168
Method:                 Least Squares   F-statistic:                     62.33
Date:                Fri, 30 May 2025   Prob (F-statistic):           5.38e-14
Time:                        19:15:53   Log-Likelihood:                -2107.5
No. Observations:                 305   AIC:                             4219.
Df Residuals:                     303   BIC:                             4226.
Df Model:                           1                                         
Covariance Type:            nonrobust                                         
==============================================================================
                 coef    std err          t      P>|t|      [0.025      0.975]
------------------------------------------------------------------------------
const       1509.5899     40.794     37.005      0.000    1429.314    1589.865
dist         -53.6630      6.797     -7.895      0.000     -67.039     -40.287
==============================================================================
Omnibus:                       15.251   Durbin-Watson:                   1.857
Prob(Omnibus):                  0.000   Jarque-Bera (JB):               21.057
Skew:                           0.382   Prob(JB):                     2.68e-05
Kurtosis:                       4.036   Cond. No.                         18.0
==============================================================================

Notes:
[1] Standard Errors assume that the covariance matrix of the errors is correctly specified.
Urban-rural boundary edge for Xinjiang-Hami: 27.98 km
hami xinjiang
Average internal radius gap: 16.82 km
Welfare loss: 7586.63, Loss ratio: 36.11%
