Fitted model for Anhui-Anqing:
                            OLS Regression Results                            
==============================================================================
Dep. Variable:             land_price   R-squared:                       0.328
Model:                            OLS   Adj. R-squared:                  0.327
Method:                 Least Squares   F-statistic:                     751.1
Date:                Fri, 30 May 2025   Prob (F-statistic):          4.93e-135
Time:                        11:01:10   Log-Likelihood:                -11818.
No. Observations:                1543   AIC:                         2.364e+04
Df Residuals:                    1541   BIC:                         2.365e+04
Df Model:                           1                                         
Covariance Type:            nonrobust                                         
==============================================================================
                 coef    std err          t      P>|t|      [0.025      0.975]
------------------------------------------------------------------------------
const       2417.9645     17.776    136.020      0.000    2383.096    2452.833
dist         -12.7131      0.464    -27.406      0.000     -13.623     -11.803
==============================================================================
Omnibus:                      327.785   Durbin-Watson:                   1.660
Prob(Omnibus):                  0.000   Jarque-Bera (JB):              830.936
Skew:                           1.130   Prob(JB):                    3.67e-181
Kurtosis:                       5.795   Cond. No.                         52.1
==============================================================================

Notes:
[1] Standard Errors assume that the covariance matrix of the errors is correctly specified.
Urban-rural boundary edge for Anhui-Anqing: 187.88 km
Average internal radius gap: 175.07 km
Welfare loss: 194832.61, Loss ratio: 86.83%
