Fitted model for Chongqing-Jiangbei:
                            OLS Regression Results                            
==============================================================================
Dep. Variable:             land_price   R-squared:                       0.002
Model:                            OLS   Adj. R-squared:                  0.001
Method:                 Least Squares   F-statistic:                     1.543
Date:                Fri, 30 May 2025   Prob (F-statistic):              0.215
Time:                        13:25:28   Log-Likelihood:                -7327.6
No. Observations:                 855   AIC:                         1.466e+04
Df Residuals:                     853   BIC:                         1.467e+04
Df Model:                           1                                         
Covariance Type:            nonrobust                                         
==============================================================================
                 coef    std err          t      P>|t|      [0.025      0.975]
------------------------------------------------------------------------------
const       3974.6683    100.214     39.662      0.000    3777.974    4171.362
dist         -20.8175     16.761     -1.242      0.215     -53.715      12.080
==============================================================================
Omnibus:                      339.488   Durbin-Watson:                   1.423
Prob(Omnibus):                  0.000   Jarque-Bera (JB):             1575.374
Skew:                           1.799   Prob(JB):                         0.00
Kurtosis:                       8.592   Cond. No.                         14.0
==============================================================================

Notes:
[1] Standard Errors assume that the covariance matrix of the errors is correctly specified.
Urban-rural boundary edge for Chongqing-Jiangbei: 189.48 km
jiangbei chongqing
Fallback: matched by province name: chongqing2020_new_Urb.shp
Average internal radius gap: 171.27 km
Welfare loss: 305325.83, Loss ratio: 81.70%
