Fitted model for Jilin-Siping:
                            OLS Regression Results                            
==============================================================================
Dep. Variable:             land_price   R-squared:                       0.020
Model:                            OLS   Adj. R-squared:                  0.019
Method:                 Least Squares   F-statistic:                     15.54
Date:                Fri, 30 May 2025   Prob (F-statistic):           8.85e-05
Time:                        13:25:13   Log-Likelihood:                -5556.2
No. Observations:                 755   AIC:                         1.112e+04
Df Residuals:                     753   BIC:                         1.113e+04
Df Model:                           1                                         
Covariance Type:            nonrobust                                         
==============================================================================
                 coef    std err          t      P>|t|      [0.025      0.975]
------------------------------------------------------------------------------
const       1187.7006     20.601     57.653      0.000    1147.259    1228.143
dist           2.3721      0.602      3.942      0.000       1.191       3.553
==============================================================================
Omnibus:                      103.264   Durbin-Watson:                   1.589
Prob(Omnibus):                  0.000   Jarque-Bera (JB):              194.396
Skew:                           0.824   Prob(JB):                     6.13e-43
Kurtosis:                       4.861   Cond. No.                         50.9
==============================================================================

Notes:
[1] Standard Errors assume that the covariance matrix of the errors is correctly specified.
Could not determine urban-rural boundary edge.
