Fitted model for Henan-Anyang:
                            OLS Regression Results                            
==============================================================================
Dep. Variable:             land_price   R-squared:                       0.255
Model:                            OLS   Adj. R-squared:                  0.249
Method:                 Least Squares   F-statistic:                     43.42
Date:                Fri, 30 May 2025   Prob (F-statistic):           1.06e-09
Time:                        12:11:14   Log-Likelihood:                -954.30
No. Observations:                 129   AIC:                             1913.
Df Residuals:                     127   BIC:                             1918.
Df Model:                           1                                         
Covariance Type:            nonrobust                                         
==============================================================================
                 coef    std err          t      P>|t|      [0.025      0.975]
------------------------------------------------------------------------------
const       2080.2912     42.523     48.921      0.000    1996.145    2164.437
dist         -13.1529      1.996     -6.589      0.000     -17.103      -9.203
==============================================================================
Omnibus:                       13.492   Durbin-Watson:                   1.726
Prob(Omnibus):                  0.001   Jarque-Bera (JB):               16.500
Skew:                           0.628   Prob(JB):                     0.000261
Kurtosis:                       4.222   Cond. No.                         25.9
==============================================================================

Notes:
[1] Standard Errors assume that the covariance matrix of the errors is correctly specified.
Urban-rural boundary edge for Henan-Anyang: 154.40 km
anyang henan
Checking file: nanyang2020_new_Urb.shp, extracted prefix: nanyang
Checking file: anyang2020_new_Urb.shp, extracted prefix: anyang
Prefix match among candidates: anyang2020_new_Urb.shp
Average internal radius gap: 143.49 km
Welfare loss: 135412.35, Loss ratio: 86.38%
