Fitted model for Sichuan-Mianyang:
                            OLS Regression Results                            
==============================================================================
Dep. Variable:             land_price   R-squared:                       0.003
Model:                            OLS   Adj. R-squared:                  0.003
Method:                 Least Squares   F-statistic:                     7.100
Date:                Fri, 30 May 2025   Prob (F-statistic):            0.00776
Time:                        11:07:23   Log-Likelihood:                -17535.
No. Observations:                2221   AIC:                         3.507e+04
Df Residuals:                    2219   BIC:                         3.509e+04
Df Model:                           1                                         
Covariance Type:            nonrobust                                         
==============================================================================
                 coef    std err          t      P>|t|      [0.025      0.975]
------------------------------------------------------------------------------
const       2294.5765     36.001     63.737      0.000    2223.978    2365.175
dist         -13.1559      4.937     -2.665      0.008     -22.838      -3.474
==============================================================================
Omnibus:                      484.831   Durbin-Watson:                   1.390
Prob(Omnibus):                  0.000   Jarque-Bera (JB):             1219.665
Skew:                           1.175   Prob(JB):                    1.42e-265
Kurtosis:                       5.767   Cond. No.                         19.3
==============================================================================

Notes:
[1] Standard Errors assume that the covariance matrix of the errors is correctly specified.
Urban-rural boundary edge for Sichuan-Mianyang: 173.07 km
Average internal radius gap: 160.50 km
Welfare loss: 169439.15, Loss ratio: 86.00%
