Fitted model for Jiangxi-Ganzhou:
                            OLS Regression Results                            
==============================================================================
Dep. Variable:             land_price   R-squared:                       0.078
Model:                            OLS   Adj. R-squared:                  0.078
Method:                 Least Squares   F-statistic:                     164.9
Date:                Fri, 30 May 2025   Prob (F-statistic):           2.79e-36
Time:                        13:55:46   Log-Likelihood:                -15753.
No. Observations:                1945   AIC:                         3.151e+04
Df Residuals:                    1943   BIC:                         3.152e+04
Df Model:                           1                                         
Covariance Type:            nonrobust                                         
==============================================================================
                 coef    std err          t      P>|t|      [0.025      0.975]
------------------------------------------------------------------------------
const       2534.0724     25.052    101.152      0.000    2484.941    2583.204
dist         -32.3009      2.516    -12.840      0.000     -37.234     -27.367
==============================================================================
Omnibus:                      620.210   Durbin-Watson:                   1.190
Prob(Omnibus):                  0.000   Jarque-Bera (JB):             1803.442
Skew:                           1.650   Prob(JB):                         0.00
Kurtosis:                       6.371   Cond. No.                         13.9
==============================================================================

Notes:
[1] Standard Errors assume that the covariance matrix of the errors is correctly specified.
Urban-rural boundary edge for Jiangxi-Ganzhou: 78.16 km
ganzhou jiangxi
Average internal radius gap: 69.74 km
Welfare loss: 78545.19, Loss ratio: 79.60%
