Fitted model for Shandong-Jinan:
                            OLS Regression Results                            
==============================================================================
Dep. Variable:             land_price   R-squared:                       0.206
Model:                            OLS   Adj. R-squared:                  0.206
Method:                 Least Squares   F-statistic:                     1486.
Date:                Fri, 30 May 2025   Prob (F-statistic):          2.66e-289
Time:                        11:01:23   Log-Likelihood:                -51964.
No. Observations:                5738   AIC:                         1.039e+05
Df Residuals:                    5736   BIC:                         1.039e+05
Df Model:                           1                                         
Covariance Type:            nonrobust                                         
==============================================================================
                 coef    std err          t      P>|t|      [0.025      0.975]
------------------------------------------------------------------------------
const       7475.5158     63.311    118.076      0.000    7351.403    7599.629
dist        -188.5469      4.891    -38.549      0.000    -198.135    -178.958
==============================================================================
Omnibus:                     2226.914   Durbin-Watson:                   1.078
Prob(Omnibus):                  0.000   Jarque-Bera (JB):            14399.407
Skew:                           1.719   Prob(JB):                         0.00
Kurtosis:                       9.958   Cond. No.                         30.1
==============================================================================

Notes:
[1] Standard Errors assume that the covariance matrix of the errors is correctly specified.
Urban-rural boundary edge for Shandong-Jinan: 39.46 km
Average internal radius gap: 18.58 km
Welfare loss: 32541.16, Loss ratio: 22.17%
