Fitted model for Shanxi-Xianyang:
                            OLS Regression Results                            
==============================================================================
Dep. Variable:             land_price   R-squared:                       0.171
Model:                            OLS   Adj. R-squared:                  0.171
Method:                 Least Squares   F-statistic:                     441.1
Date:                Fri, 30 May 2025   Prob (F-statistic):           3.58e-89
Time:                        11:07:24   Log-Likelihood:                -17625.
No. Observations:                2137   AIC:                         3.525e+04
Df Residuals:                    2135   BIC:                         3.526e+04
Df Model:                           1                                         
Covariance Type:            nonrobust                                         
==============================================================================
                 coef    std err          t      P>|t|      [0.025      0.975]
------------------------------------------------------------------------------
const       2895.3180     33.141     87.364      0.000    2830.326    2960.310
dist         -52.5731      2.503    -21.002      0.000     -57.482     -47.664
==============================================================================
Omnibus:                     1212.723   Durbin-Watson:                   1.557
Prob(Omnibus):                  0.000   Jarque-Bera (JB):            12624.525
Skew:                           2.502   Prob(JB):                         0.00
Kurtosis:                      13.805   Cond. No.                         22.0
==============================================================================

Notes:
[1] Standard Errors assume that the covariance matrix of the errors is correctly specified.
Urban-rural boundary edge for Shanxi-Xianyang: 54.53 km
