Fitted model for Shandong-Taian:
                            OLS Regression Results                            
==============================================================================
Dep. Variable:             land_price   R-squared:                       0.306
Model:                            OLS   Adj. R-squared:                  0.306
Method:                 Least Squares   F-statistic:                     1387.
Date:                Fri, 30 May 2025   Prob (F-statistic):          7.03e-252
Time:                        13:56:08   Log-Likelihood:                -27146.
No. Observations:                3146   AIC:                         5.430e+04
Df Residuals:                    3144   BIC:                         5.431e+04
Df Model:                           1                                         
Covariance Type:            nonrobust                                         
==============================================================================
                 coef    std err          t      P>|t|      [0.025      0.975]
------------------------------------------------------------------------------
const       3644.3581     35.312    103.204      0.000    3575.121    3713.596
dist         -34.9530      0.938    -37.249      0.000     -36.793     -33.113
==============================================================================
Omnibus:                     1367.272   Durbin-Watson:                   1.340
Prob(Omnibus):                  0.000   Jarque-Bera (JB):            10981.880
Skew:                           1.871   Prob(JB):                         0.00
Kurtosis:                      11.353   Cond. No.                         55.1
==============================================================================

Notes:
[1] Standard Errors assume that the covariance matrix of the errors is correctly specified.
Urban-rural boundary edge for Shandong-Taian: 102.99 km
taian shandong
Average internal radius gap: 90.96 km
Welfare loss: 144589.65, Loss ratio: 78.00%
