Fitted model for Shanxi-Linfen:
                            OLS Regression Results                            
==============================================================================
Dep. Variable:             land_price   R-squared:                       0.099
Model:                            OLS   Adj. R-squared:                  0.098
Method:                 Least Squares   F-statistic:                     95.71
Date:                Fri, 30 May 2025   Prob (F-statistic):           1.64e-21
Time:                        13:56:03   Log-Likelihood:                -6639.5
No. Observations:                 871   AIC:                         1.328e+04
Df Residuals:                     869   BIC:                         1.329e+04
Df Model:                           1                                         
Covariance Type:            nonrobust                                         
==============================================================================
                 coef    std err          t      P>|t|      [0.025      0.975]
------------------------------------------------------------------------------
const       2336.6477     42.712     54.707      0.000    2252.816    2420.479
dist        -110.3556     11.280     -9.783      0.000    -132.496     -88.216
==============================================================================
Omnibus:                       14.854   Durbin-Watson:                   1.606
Prob(Omnibus):                  0.001   Jarque-Bera (JB):               15.581
Skew:                           0.283   Prob(JB):                     0.000414
Kurtosis:                       3.330   Cond. No.                         10.2
==============================================================================

Notes:
[1] Standard Errors assume that the covariance matrix of the errors is correctly specified.
Urban-rural boundary edge for Shanxi-Linfen: 21.08 km
linfen shanxi
Average internal radius gap: 13.57 km
Welfare loss: 10154.78, Loss ratio: 41.40%
