Fitted model for Liaoning-Liaoyang:
                            OLS Regression Results                            
==============================================================================
Dep. Variable:             land_price   R-squared:                       0.056
Model:                            OLS   Adj. R-squared:                  0.038
Method:                 Least Squares   F-statistic:                     3.190
Date:                Fri, 30 May 2025   Prob (F-statistic):             0.0797
Time:                        11:07:13   Log-Likelihood:                -394.89
No. Observations:                  56   AIC:                             793.8
Df Residuals:                      54   BIC:                             797.8
Df Model:                           1                                         
Covariance Type:            nonrobust                                         
==============================================================================
                 coef    std err          t      P>|t|      [0.025      0.975]
------------------------------------------------------------------------------
const       1519.2845     67.628     22.465      0.000    1383.699    1654.870
dist         -31.4091     17.585     -1.786      0.080     -66.664       3.846
==============================================================================
Omnibus:                        1.011   Durbin-Watson:                   2.225
Prob(Omnibus):                  0.603   Jarque-Bera (JB):                0.839
Skew:                           0.295   Prob(JB):                        0.657
Kurtosis:                       2.896   Cond. No.                         7.16
==============================================================================

Notes:
[1] Standard Errors assume that the covariance matrix of the errors is correctly specified.
Urban-rural boundary edge for Liaoning-Liaoyang: 47.72 km
Average internal radius gap: 36.90 km
Welfare loss: 21381.53, Loss ratio: 59.79%
