Fitted model for Hubei-Wuhan:
                            OLS Regression Results                            
==============================================================================
Dep. Variable:             land_price   R-squared:                       0.316
Model:                            OLS   Adj. R-squared:                  0.316
Method:                 Least Squares   F-statistic:                     4246.
Date:                Fri, 30 May 2025   Prob (F-statistic):               0.00
Time:                        12:11:20   Log-Likelihood:                -81881.
No. Observations:                9175   AIC:                         1.638e+05
Df Residuals:                    9173   BIC:                         1.638e+05
Df Model:                           1                                         
Covariance Type:            nonrobust                                         
==============================================================================
                 coef    std err          t      P>|t|      [0.025      0.975]
------------------------------------------------------------------------------
const       6611.8489     31.307    211.194      0.000    6550.480    6673.217
dist        -163.0141      2.502    -65.162      0.000    -167.918    -158.110
==============================================================================
Omnibus:                     6014.125   Durbin-Watson:                   1.399
Prob(Omnibus):                  0.000   Jarque-Bera (JB):            91815.613
Skew:                           2.954   Prob(JB):                         0.00
Kurtosis:                      17.327   Cond. No.                         20.7
==============================================================================

Notes:
[1] Standard Errors assume that the covariance matrix of the errors is correctly specified.
Urban-rural boundary edge for Hubei-Wuhan: 40.30 km
wuhan hubei
Average internal radius gap: 17.12 km
Welfare loss: 23896.02, Loss ratio: 18.05%
