Fitted model for Tianjin-Xiqing:
                            OLS Regression Results                            
==============================================================================
Dep. Variable:             land_price   R-squared:                       0.129
Model:                            OLS   Adj. R-squared:                  0.128
Method:                 Least Squares   F-statistic:                     92.49
Date:                Fri, 30 May 2025   Prob (F-statistic):           1.65e-20
Time:                        11:00:49   Log-Likelihood:                -5830.1
No. Observations:                 626   AIC:                         1.166e+04
Df Residuals:                     624   BIC:                         1.167e+04
Df Model:                           1                                         
Covariance Type:            nonrobust                                         
==============================================================================
                 coef    std err          t      P>|t|      [0.025      0.975]
------------------------------------------------------------------------------
const       7027.5154    212.183     33.120      0.000    6610.836    7444.195
dist        -154.6353     16.079     -9.617      0.000    -186.212    -123.059
==============================================================================
Omnibus:                      220.182   Durbin-Watson:                   1.554
Prob(Omnibus):                  0.000   Jarque-Bera (JB):             1126.442
Skew:                           1.492   Prob(JB):                    2.49e-245
Kurtosis:                       8.855   Cond. No.                         26.2
==============================================================================

Notes:
[1] Standard Errors assume that the covariance matrix of the errors is correctly specified.
Urban-rural boundary edge for Tianjin-Xiqing: 45.17 km
Average internal radius gap: 17.79 km
Welfare loss: 24458.67, Loss ratio: 15.51%
