Fitted model for Anhui-Chizhou:
                            OLS Regression Results                            
==============================================================================
Dep. Variable:             land_price   R-squared:                       0.132
Model:                            OLS   Adj. R-squared:                  0.120
Method:                 Least Squares   F-statistic:                     10.66
Date:                Fri, 30 May 2025   Prob (F-statistic):            0.00169
Time:                        12:11:20   Log-Likelihood:                -566.67
No. Observations:                  72   AIC:                             1137.
Df Residuals:                      70   BIC:                             1142.
Df Model:                           1                                         
Covariance Type:            nonrobust                                         
==============================================================================
                 coef    std err          t      P>|t|      [0.025      0.975]
------------------------------------------------------------------------------
const       3078.8726    192.560     15.989      0.000    2694.823    3462.922
dist        -145.4213     44.530     -3.266      0.002    -234.233     -56.609
==============================================================================
Omnibus:                        2.325   Durbin-Watson:                   1.666
Prob(Omnibus):                  0.313   Jarque-Bera (JB):                2.214
Skew:                           0.354   Prob(JB):                        0.331
Kurtosis:                       2.513   Cond. No.                         11.5
==============================================================================

Notes:
[1] Standard Errors assume that the covariance matrix of the errors is correctly specified.
Urban-rural boundary edge for Anhui-Chizhou: 21.05 km
chizhou anhui
Average internal radius gap: 15.54 km
Welfare loss: 17558.89, Loss ratio: 54.48%
