Fitted model for Shanghai-Fengxian:
                            OLS Regression Results                            
==============================================================================
Dep. Variable:             land_price   R-squared:                       0.046
Model:                            OLS   Adj. R-squared:                  0.043
Method:                 Least Squares   F-statistic:                     18.07
Date:                Fri, 30 May 2025   Prob (F-statistic):           2.68e-05
Time:                        13:25:28   Log-Likelihood:                -3530.7
No. Observations:                 380   AIC:                             7065.
Df Residuals:                     378   BIC:                             7073.
Df Model:                           1                                         
Covariance Type:            nonrobust                                         
==============================================================================
                 coef    std err          t      P>|t|      [0.025      0.975]
------------------------------------------------------------------------------
const       8942.2296    303.244     29.489      0.000    8345.973    9538.486
dist        -343.4153     80.785     -4.251      0.000    -502.260    -184.571
==============================================================================
Omnibus:                       51.038   Durbin-Watson:                   1.558
Prob(Omnibus):                  0.000   Jarque-Bera (JB):               67.943
Skew:                           1.009   Prob(JB):                     1.76e-15
Kurtosis:                       3.463   Cond. No.                         8.92
==============================================================================

Notes:
[1] Standard Errors assume that the covariance matrix of the errors is correctly specified.
Urban-rural boundary edge for Shanghai-Fengxian: 25.78 km
fengxian shanghai
Fallback: matched by province name: shanghai2020_new_Urb.shp
Average internal radius gap: 13.08 km
Welfare loss: 29390.62, Loss ratio: 25.75%
