Fitted model for Shanghai-Huangpu:
                            OLS Regression Results                            
==============================================================================
Dep. Variable:             land_price   R-squared:                       0.014
Model:                            OLS   Adj. R-squared:                  0.014
Method:                 Least Squares   F-statistic:                     31.12
Date:                Fri, 30 May 2025   Prob (F-statistic):           2.72e-08
Time:                        13:25:36   Log-Likelihood:                -22652.
No. Observations:                2161   AIC:                         4.531e+04
Df Residuals:                    2159   BIC:                         4.532e+04
Df Model:                           1                                         
Covariance Type:            nonrobust                                         
==============================================================================
                 coef    std err          t      P>|t|      [0.025      0.975]
------------------------------------------------------------------------------
const        3.47e+04    480.556     72.202      0.000    3.38e+04    3.56e+04
dist       -1639.4096    293.857     -5.579      0.000   -2215.681   -1063.138
==============================================================================
Omnibus:                      221.724   Durbin-Watson:                   1.743
Prob(Omnibus):                  0.000   Jarque-Bera (JB):              522.352
Skew:                           0.604   Prob(JB):                    3.74e-114
Kurtosis:                       5.084   Cond. No.                         5.63
==============================================================================

Notes:
[1] Standard Errors assume that the covariance matrix of the errors is correctly specified.
Urban-rural boundary edge for Shanghai-Huangpu: 21.16 km
huangpu shanghai
Fallback: matched by province name: shanghai2020_new_Urb.shp
Average internal radius gap: 2.97 km
Welfare loss: 7240.75, Loss ratio: 1.97%
