Fitted model for Shandong-Yantai:
                            OLS Regression Results                            
==============================================================================
Dep. Variable:             land_price   R-squared:                       0.251
Model:                            OLS   Adj. R-squared:                  0.251
Method:                 Least Squares   F-statistic:                     5277.
Date:                Fri, 30 May 2025   Prob (F-statistic):               0.00
Time:                        13:56:23   Log-Likelihood:            -1.3258e+05
No. Observations:               15725   AIC:                         2.652e+05
Df Residuals:                   15723   BIC:                         2.652e+05
Df Model:                           1                                         
Covariance Type:            nonrobust                                         
==============================================================================
                 coef    std err          t      P>|t|      [0.025      0.975]
------------------------------------------------------------------------------
const       3106.5830     13.403    231.782      0.000    3080.311    3132.854
dist         -13.6271      0.188    -72.643      0.000     -13.995     -13.259
==============================================================================
Omnibus:                     9230.022   Durbin-Watson:                   1.275
Prob(Omnibus):                  0.000   Jarque-Bera (JB):           138240.100
Skew:                           2.539   Prob(JB):                         0.00
Kurtosis:                      16.609   Cond. No.                         108.
==============================================================================

Notes:
[1] Standard Errors assume that the covariance matrix of the errors is correctly specified.
Urban-rural boundary edge for Shandong-Yantai: 225.78 km
yantai shandong
Average internal radius gap: 208.71 km
Welfare loss: 296795.22, Loss ratio: 85.45%
