Fitted model for Henan-Anyang:
                            OLS Regression Results                            
==============================================================================
Dep. Variable:             land_price   R-squared:                       0.173
Model:                            OLS   Adj. R-squared:                  0.173
Method:                 Least Squares   F-statistic:                     318.4
Date:                Fri, 30 May 2025   Prob (F-statistic):           8.33e-65
Time:                        19:15:46   Log-Likelihood:                -11265.
No. Observations:                1520   AIC:                         2.253e+04
Df Residuals:                    1518   BIC:                         2.255e+04
Df Model:                           1                                         
Covariance Type:            nonrobust                                         
==============================================================================
                 coef    std err          t      P>|t|      [0.025      0.975]
------------------------------------------------------------------------------
const       1713.2474     13.858    123.625      0.000    1686.064    1740.431
dist          -8.2339      0.461    -17.844      0.000      -9.139      -7.329
==============================================================================
Omnibus:                      275.387   Durbin-Watson:                   1.493
Prob(Omnibus):                  0.000   Jarque-Bera (JB):              692.403
Skew:                           0.975   Prob(JB):                    4.43e-151
Kurtosis:                       5.671   Cond. No.                         40.5
==============================================================================

Notes:
[1] Standard Errors assume that the covariance matrix of the errors is correctly specified.
Urban-rural boundary edge for Henan-Anyang: 202.06 km
anyang henan
Checking file: nanyang2020_new_Urb.shp, extracted prefix: nanyang
Checking file: anyang2020_new_Urb.shp, extracted prefix: anyang
Prefix match among candidates: anyang2020_new_Urb.shp
Average internal radius gap: 190.55 km
Welfare loss: 149484.10, Loss ratio: 88.93%
