Fitted model for Shanghai-Minhang:
                            OLS Regression Results                            
==============================================================================
Dep. Variable:             land_price   R-squared:                       0.286
Model:                            OLS   Adj. R-squared:                  0.286
Method:                 Least Squares   F-statistic:                     615.2
Date:                Fri, 30 May 2025   Prob (F-statistic):          1.78e-114
Time:                        11:07:23   Log-Likelihood:                -15521.
No. Observations:                1536   AIC:                         3.105e+04
Df Residuals:                    1534   BIC:                         3.106e+04
Df Model:                           1                                         
Covariance Type:            nonrobust                                         
==============================================================================
                 coef    std err          t      P>|t|      [0.025      0.975]
------------------------------------------------------------------------------
const        2.39e+04    301.024     79.392      0.000    2.33e+04    2.45e+04
dist        -612.5476     24.696    -24.803      0.000    -660.990    -564.106
==============================================================================
Omnibus:                      791.131   Durbin-Watson:                   1.690
Prob(Omnibus):                  0.000   Jarque-Bera (JB):            10055.593
Skew:                           2.098   Prob(JB):                         0.00
Kurtosis:                      14.811   Cond. No.                         24.4
==============================================================================

Notes:
[1] Standard Errors assume that the covariance matrix of the errors is correctly specified.
Urban-rural boundary edge for Shanghai-Minhang: 38.88 km
Average internal radius gap: 9.03 km
Welfare loss: 24975.32, Loss ratio: 5.39%
