Fitted model for Fujian-Nanping:
                            OLS Regression Results                            
==============================================================================
Dep. Variable:             land_price   R-squared:                       0.130
Model:                            OLS   Adj. R-squared:                  0.127
Method:                 Least Squares   F-statistic:                     37.42
Date:                Fri, 30 May 2025   Prob (F-statistic):           3.65e-09
Time:                        13:25:28   Log-Likelihood:                -1949.9
No. Observations:                 252   AIC:                             3904.
Df Residuals:                     250   BIC:                             3911.
Df Model:                           1                                         
Covariance Type:            nonrobust                                         
==============================================================================
                 coef    std err          t      P>|t|      [0.025      0.975]
------------------------------------------------------------------------------
const       2959.9337     97.113     30.479      0.000    2768.671    3151.197
dist        -248.3133     40.591     -6.117      0.000    -328.257    -168.369
==============================================================================
Omnibus:                       70.461   Durbin-Watson:                   1.991
Prob(Omnibus):                  0.000   Jarque-Bera (JB):              257.224
Skew:                           1.125   Prob(JB):                     1.39e-56
Kurtosis:                       7.409   Cond. No.                         7.65
==============================================================================

Notes:
[1] Standard Errors assume that the covariance matrix of the errors is correctly specified.
Urban-rural boundary edge for Fujian-Nanping: 11.88 km
nanping fujian
Average internal radius gap: 8.29 km
Welfare loss: 8536.21, Loss ratio: 48.73%
