Fitted model for Guangdong-Foshan:
                            OLS Regression Results                            
==============================================================================
Dep. Variable:             land_price   R-squared:                       0.059
Model:                            OLS   Adj. R-squared:                  0.059
Method:                 Least Squares   F-statistic:                     212.7
Date:                Fri, 30 May 2025   Prob (F-statistic):           9.13e-47
Time:                        12:11:23   Log-Likelihood:                -31339.
No. Observations:                3384   AIC:                         6.268e+04
Df Residuals:                    3382   BIC:                         6.269e+04
Df Model:                           1                                         
Covariance Type:            nonrobust                                         
==============================================================================
                 coef    std err          t      P>|t|      [0.025      0.975]
------------------------------------------------------------------------------
const       5735.9018    118.109     48.564      0.000    5504.329    5967.475
dist         -83.2312      5.707    -14.584      0.000     -94.421     -72.041
==============================================================================
Omnibus:                     1799.378   Durbin-Watson:                   1.300
Prob(Omnibus):                  0.000   Jarque-Bera (JB):            13577.063
Skew:                           2.452   Prob(JB):                         0.00
Kurtosis:                      11.499   Cond. No.                         56.0
==============================================================================

Notes:
[1] Standard Errors assume that the covariance matrix of the errors is correctly specified.
Urban-rural boundary edge for Guangdong-Foshan: 68.63 km
foshan guangdong
Average internal radius gap: 41.05 km
Welfare loss: 70110.98, Loss ratio: 35.77%
