Fitted model for Shanxi-Baoji:
                            OLS Regression Results                            
==============================================================================
Dep. Variable:             land_price   R-squared:                       0.175
Model:                            OLS   Adj. R-squared:                  0.168
Method:                 Least Squares   F-statistic:                     27.71
Date:                Fri, 30 May 2025   Prob (F-statistic):           5.61e-07
Time:                        11:07:23   Log-Likelihood:                -961.31
No. Observations:                 133   AIC:                             1927.
Df Residuals:                     131   BIC:                             1932.
Df Model:                           1                                         
Covariance Type:            nonrobust                                         
==============================================================================
                 coef    std err          t      P>|t|      [0.025      0.975]
------------------------------------------------------------------------------
const       1879.8465     54.409     34.550      0.000    1772.212    1987.481
dist         -43.5806      8.279     -5.264      0.000     -59.959     -27.202
==============================================================================
Omnibus:                       68.315   Durbin-Watson:                   1.816
Prob(Omnibus):                  0.000   Jarque-Bera (JB):              359.475
Skew:                           1.738   Prob(JB):                     8.73e-79
Kurtosis:                      10.265   Cond. No.                         12.5
==============================================================================

Notes:
[1] Standard Errors assume that the covariance matrix of the errors is correctly specified.
Urban-rural boundary edge for Shanxi-Baoji: 42.85 km
