Fitted model for Hunan-Changde:
                            OLS Regression Results                            
==============================================================================
Dep. Variable:             land_price   R-squared:                       0.027
Model:                            OLS   Adj. R-squared:                  0.026
Method:                 Least Squares   F-statistic:                     30.90
Date:                Fri, 30 May 2025   Prob (F-statistic):           3.41e-08
Time:                        12:11:21   Log-Likelihood:                -8456.2
No. Observations:                1113   AIC:                         1.692e+04
Df Residuals:                    1111   BIC:                         1.693e+04
Df Model:                           1                                         
Covariance Type:            nonrobust                                         
==============================================================================
                 coef    std err          t      P>|t|      [0.025      0.975]
------------------------------------------------------------------------------
const       1913.9395     26.554     72.078      0.000    1861.839    1966.040
dist         -39.9562      7.188     -5.559      0.000     -54.060     -25.852
==============================================================================
Omnibus:                      688.809   Durbin-Watson:                   1.775
Prob(Omnibus):                  0.000   Jarque-Bera (JB):            13044.728
Skew:                           2.499   Prob(JB):                         0.00
Kurtosis:                      19.010   Cond. No.                         7.13
==============================================================================

Notes:
[1] Standard Errors assume that the covariance matrix of the errors is correctly specified.
Urban-rural boundary edge for Hunan-Changde: 47.16 km
changde hunan
Average internal radius gap: 36.98 km
Welfare loss: 27321.64, Loss ratio: 61.49%
