Fitted model for Neimenggu-Xingan:
                            OLS Regression Results                            
==============================================================================
Dep. Variable:             land_price   R-squared:                       0.002
Model:                            OLS   Adj. R-squared:                 -0.001
Method:                 Least Squares   F-statistic:                    0.7825
Date:                Fri, 30 May 2025   Prob (F-statistic):              0.377
Time:                        19:15:47   Log-Likelihood:                -2916.4
No. Observations:                 391   AIC:                             5837.
Df Residuals:                     389   BIC:                             5845.
Df Model:                           1                                         
Covariance Type:            nonrobust                                         
==============================================================================
                 coef    std err          t      P>|t|      [0.025      0.975]
------------------------------------------------------------------------------
const       1735.4254     32.149     53.980      0.000    1672.217    1798.634
dist          -8.8744     10.032     -0.885      0.377     -28.599      10.850
==============================================================================
Omnibus:                       91.291   Durbin-Watson:                   1.872
Prob(Omnibus):                  0.000   Jarque-Bera (JB):              205.877
Skew:                           1.183   Prob(JB):                     1.97e-45
Kurtosis:                       5.653   Cond. No.                         5.12
==============================================================================

Notes:
[1] Standard Errors assume that the covariance matrix of the errors is correctly specified.
Urban-rural boundary edge for Neimenggu-Xingan: 194.93 km
xingan neimenggu
No matching file found for Neimenggu-Xingan.
