Fitted model for Liaoning-Panjin:
                            OLS Regression Results                            
==============================================================================
Dep. Variable:             land_price   R-squared:                       0.111
Model:                            OLS   Adj. R-squared:                  0.109
Method:                 Least Squares   F-statistic:                     56.30
Date:                Fri, 30 May 2025   Prob (F-statistic):           3.33e-13
Time:                        19:15:47   Log-Likelihood:                -3385.4
No. Observations:                 454   AIC:                             6775.
Df Residuals:                     452   BIC:                             6783.
Df Model:                           1                                         
Covariance Type:            nonrobust                                         
==============================================================================
                 coef    std err          t      P>|t|      [0.025      0.975]
------------------------------------------------------------------------------
const        801.9904     49.958     16.053      0.000     703.812     900.169
dist          67.0202      8.932      7.503      0.000      49.466      84.574
==============================================================================
Omnibus:                      183.680   Durbin-Watson:                   1.623
Prob(Omnibus):                  0.000   Jarque-Bera (JB):             1018.028
Skew:                           1.669   Prob(JB):                    8.67e-222
Kurtosis:                       9.532   Cond. No.                         14.6
==============================================================================

Notes:
[1] Standard Errors assume that the covariance matrix of the errors is correctly specified.
Could not determine urban-rural boundary edge.
