Fitted model for Heilongjiang-Mudanjiang:
                            OLS Regression Results                            
==============================================================================
Dep. Variable:             land_price   R-squared:                       0.117
Model:                            OLS   Adj. R-squared:                  0.107
Method:                 Least Squares   F-statistic:                     11.38
Date:                Fri, 30 May 2025   Prob (F-statistic):            0.00112
Time:                        12:11:09   Log-Likelihood:                -661.58
No. Observations:                  88   AIC:                             1327.
Df Residuals:                      86   BIC:                             1332.
Df Model:                           1                                         
Covariance Type:            nonrobust                                         
==============================================================================
                 coef    std err          t      P>|t|      [0.025      0.975]
------------------------------------------------------------------------------
const       1721.3297     67.243     25.599      0.000    1587.655    1855.004
dist         -37.8090     11.210     -3.373      0.001     -60.094     -15.524
==============================================================================
Omnibus:                        0.925   Durbin-Watson:                   1.044
Prob(Omnibus):                  0.630   Jarque-Bera (JB):                0.958
Skew:                           0.117   Prob(JB):                        0.619
Kurtosis:                       2.545   Cond. No.                         8.51
==============================================================================

Notes:
[1] Standard Errors assume that the covariance matrix of the errors is correctly specified.
Urban-rural boundary edge for Heilongjiang-Mudanjiang: 45.42 km
mudanjiang heilongjiang
Average internal radius gap: 34.87 km
Welfare loss: 22986.82, Loss ratio: 58.94%
