Fitted model for Xinjiang-Wulumuqi:
                            OLS Regression Results                            
==============================================================================
Dep. Variable:             land_price   R-squared:                       0.084
Model:                            OLS   Adj. R-squared:                  0.084
Method:                 Least Squares   F-statistic:                     508.6
Date:                Fri, 30 May 2025   Prob (F-statistic):          8.24e-108
Time:                        13:25:28   Log-Likelihood:                -46966.
No. Observations:                5528   AIC:                         9.394e+04
Df Residuals:                    5526   BIC:                         9.395e+04
Df Model:                           1                                         
Covariance Type:            nonrobust                                         
==============================================================================
                 coef    std err          t      P>|t|      [0.025      0.975]
------------------------------------------------------------------------------
const       3098.0068     24.262    127.690      0.000    3050.444    3145.570
dist         -77.1325      3.420    -22.552      0.000     -83.837     -70.428
==============================================================================
Omnibus:                     3678.652   Durbin-Watson:                   1.183
Prob(Omnibus):                  0.000   Jarque-Bera (JB):            47454.493
Skew:                           3.080   Prob(JB):                         0.00
Kurtosis:                      15.965   Cond. No.                         10.9
==============================================================================

Notes:
[1] Standard Errors assume that the covariance matrix of the errors is correctly specified.
Urban-rural boundary edge for Xinjiang-Wulumuqi: 39.87 km
wulumuqi xinjiang
Average internal radius gap: 16.68 km
Welfare loss: 10724.45, Loss ratio: 17.49%
