Fitted model for Zhejiang-Huzhou:
                            OLS Regression Results                            
==============================================================================
Dep. Variable:             land_price   R-squared:                       0.017
Model:                            OLS   Adj. R-squared:                  0.016
Method:                 Least Squares   F-statistic:                     23.86
Date:                Fri, 30 May 2025   Prob (F-statistic):           1.16e-06
Time:                        11:01:22   Log-Likelihood:                -11819.
No. Observations:                1375   AIC:                         2.364e+04
Df Residuals:                    1373   BIC:                         2.365e+04
Df Model:                           1                                         
Covariance Type:            nonrobust                                         
==============================================================================
                 coef    std err          t      P>|t|      [0.025      0.975]
------------------------------------------------------------------------------
const       3972.6214     52.110     76.236      0.000    3870.398    4074.844
dist         -29.7356      6.087     -4.885      0.000     -41.677     -17.794
==============================================================================
Omnibus:                      663.319   Durbin-Watson:                   1.708
Prob(Omnibus):                  0.000   Jarque-Bera (JB):             4170.115
Skew:                           2.185   Prob(JB):                         0.00
Kurtosis:                      10.327   Cond. No.                         12.7
==============================================================================

Notes:
[1] Standard Errors assume that the covariance matrix of the errors is correctly specified.
Urban-rural boundary edge for Zhejiang-Huzhou: 132.45 km
Average internal radius gap: 125.59 km
Welfare loss: 234499.31, Loss ratio: 89.90%
