Fitted model for Anhui-Huangshan:
                            OLS Regression Results                            
==============================================================================
Dep. Variable:             land_price   R-squared:                       0.273
Model:                            OLS   Adj. R-squared:                  0.272
Method:                 Least Squares   F-statistic:                     254.5
Date:                Fri, 30 May 2025   Prob (F-statistic):           6.87e-49
Time:                        13:56:57   Log-Likelihood:                -5491.7
No. Observations:                 680   AIC:                         1.099e+04
Df Residuals:                     678   BIC:                         1.100e+04
Df Model:                           1                                         
Covariance Type:            nonrobust                                         
==============================================================================
                 coef    std err          t      P>|t|      [0.025      0.975]
------------------------------------------------------------------------------
const       3239.8022     42.243     76.695      0.000    3156.860    3322.745
dist         -61.8139      3.874    -15.954      0.000     -69.421     -54.206
==============================================================================
Omnibus:                      176.889   Durbin-Watson:                   1.601
Prob(Omnibus):                  0.000   Jarque-Bera (JB):              634.459
Skew:                           1.190   Prob(JB):                    1.69e-138
Kurtosis:                       7.091   Cond. No.                         15.5
==============================================================================

Notes:
[1] Standard Errors assume that the covariance matrix of the errors is correctly specified.
Urban-rural boundary edge for Anhui-Huangshan: 52.26 km
huangshan anhui
Average internal radius gap: 36.26 km
Welfare loss: 40645.15, Loss ratio: 48.15%
