Fitted model for Anhui-Fuyang:
                            OLS Regression Results                            
==============================================================================
Dep. Variable:             land_price   R-squared:                       0.015
Model:                            OLS   Adj. R-squared:                  0.014
Method:                 Least Squares   F-statistic:                     16.12
Date:                Fri, 30 May 2025   Prob (F-statistic):           6.35e-05
Time:                        13:56:36   Log-Likelihood:                -8378.7
No. Observations:                1076   AIC:                         1.676e+04
Df Residuals:                    1074   BIC:                         1.677e+04
Df Model:                           1                                         
Covariance Type:            nonrobust                                         
==============================================================================
                 coef    std err          t      P>|t|      [0.025      0.975]
------------------------------------------------------------------------------
const       1884.5909     78.862     23.897      0.000    1729.850    2039.331
dist          26.0889      6.497      4.015      0.000      13.340      38.838
==============================================================================
Omnibus:                      334.792   Durbin-Watson:                   1.643
Prob(Omnibus):                  0.000   Jarque-Bera (JB):             1618.555
Skew:                           1.367   Prob(JB):                         0.00
Kurtosis:                       8.350   Cond. No.                         54.2
==============================================================================

Notes:
[1] Standard Errors assume that the covariance matrix of the errors is correctly specified.
Could not determine urban-rural boundary edge.
