Fitted model for Liaoning-Dandong:
                            OLS Regression Results                            
==============================================================================
Dep. Variable:             land_price   R-squared:                       0.218
Model:                            OLS   Adj. R-squared:                  0.203
Method:                 Least Squares   F-statistic:                     13.95
Date:                Fri, 30 May 2025   Prob (F-statistic):           0.000481
Time:                        11:07:23   Log-Likelihood:                -404.93
No. Observations:                  52   AIC:                             813.9
Df Residuals:                      50   BIC:                             817.8
Df Model:                           1                                         
Covariance Type:            nonrobust                                         
==============================================================================
                 coef    std err          t      P>|t|      [0.025      0.975]
------------------------------------------------------------------------------
const       2599.0529    144.685     17.964      0.000    2308.444    2889.661
dist         -29.1771      7.811     -3.735      0.000     -44.866     -13.488
==============================================================================
Omnibus:                       22.871   Durbin-Watson:                   2.076
Prob(Omnibus):                  0.000   Jarque-Bera (JB):               39.358
Skew:                           1.379   Prob(JB):                     2.84e-09
Kurtosis:                       6.249   Cond. No.                         32.6
==============================================================================

Notes:
[1] Standard Errors assume that the covariance matrix of the errors is correctly specified.
Urban-rural boundary edge for Liaoning-Dandong: 88.79 km
Average internal radius gap: 75.08 km
Welfare loss: 82242.18, Loss ratio: 71.51%
