Fitted model for Fujian-Sanming:
                            OLS Regression Results                            
==============================================================================
Dep. Variable:             land_price   R-squared:                       0.418
Model:                            OLS   Adj. R-squared:                  0.415
Method:                 Least Squares   F-statistic:                     142.8
Date:                Fri, 30 May 2025   Prob (F-statistic):           3.70e-25
Time:                        13:56:03   Log-Likelihood:                -1625.0
No. Observations:                 201   AIC:                             3254.
Df Residuals:                     199   BIC:                             3261.
Df Model:                           1                                         
Covariance Type:            nonrobust                                         
==============================================================================
                 coef    std err          t      P>|t|      [0.025      0.975]
------------------------------------------------------------------------------
const       4651.4188    118.671     39.196      0.000    4417.405    4885.433
dist        -283.2245     23.704    -11.949      0.000    -329.967    -236.482
==============================================================================
Omnibus:                       18.872   Durbin-Watson:                   1.686
Prob(Omnibus):                  0.000   Jarque-Bera (JB):               32.125
Skew:                           0.511   Prob(JB):                     1.06e-07
Kurtosis:                       4.671   Cond. No.                         11.0
==============================================================================

Notes:
[1] Standard Errors assume that the covariance matrix of the errors is correctly specified.
Urban-rural boundary edge for Fujian-Sanming: 16.39 km
sanming fujian
Average internal radius gap: 9.18 km
Welfare loss: 11937.82, Loss ratio: 31.38%
