Fitted model for Henan-Xinyang:
                            OLS Regression Results                            
==============================================================================
Dep. Variable:             land_price   R-squared:                       0.039
Model:                            OLS   Adj. R-squared:                  0.034
Method:                 Least Squares   F-statistic:                     7.960
Date:                Fri, 30 May 2025   Prob (F-statistic):            0.00528
Time:                        11:01:22   Log-Likelihood:                -1498.3
No. Observations:                 196   AIC:                             3001.
Df Residuals:                     194   BIC:                             3007.
Df Model:                           1                                         
Covariance Type:            nonrobust                                         
==============================================================================
                 coef    std err          t      P>|t|      [0.025      0.975]
------------------------------------------------------------------------------
const       2410.7769     91.459     26.359      0.000    2230.395    2591.159
dist         -53.6045     18.999     -2.821      0.005     -91.076     -16.133
==============================================================================
Omnibus:                       33.096   Durbin-Watson:                   1.801
Prob(Omnibus):                  0.000   Jarque-Bera (JB):               74.074
Skew:                           0.766   Prob(JB):                     8.22e-17
Kurtosis:                       5.593   Cond. No.                         12.6
==============================================================================

Notes:
[1] Standard Errors assume that the covariance matrix of the errors is correctly specified.
Urban-rural boundary edge for Henan-Xinyang: 43.73 km
Average internal radius gap: 35.05 km
Welfare loss: 32932.99, Loss ratio: 64.25%
