Fitted model for Heilongjiang-Qiqihaer:
                            OLS Regression Results                            
==============================================================================
Dep. Variable:             land_price   R-squared:                       0.095
Model:                            OLS   Adj. R-squared:                  0.093
Method:                 Least Squares   F-statistic:                     51.97
Date:                Fri, 30 May 2025   Prob (F-statistic):           2.12e-12
Time:                        19:16:02   Log-Likelihood:                -3714.1
No. Observations:                 497   AIC:                             7432.
Df Residuals:                     495   BIC:                             7441.
Df Model:                           1                                         
Covariance Type:            nonrobust                                         
==============================================================================
                 coef    std err          t      P>|t|      [0.025      0.975]
------------------------------------------------------------------------------
const       1767.4325     44.020     40.151      0.000    1680.944    1853.921
dist         -75.2429     10.437     -7.209      0.000     -95.749     -54.736
==============================================================================
Omnibus:                       94.567   Durbin-Watson:                   1.721
Prob(Omnibus):                  0.000   Jarque-Bera (JB):              175.972
Skew:                           1.081   Prob(JB):                     6.14e-39
Kurtosis:                       4.954   Cond. No.                         10.1
==============================================================================

Notes:
[1] Standard Errors assume that the covariance matrix of the errors is correctly specified.
Urban-rural boundary edge for Heilongjiang-Qiqihaer: 23.34 km
qiqihaer heilongjiang
Average internal radius gap: 9.61 km
Welfare loss: 3473.64, Loss ratio: 16.94%
