Fitted model for Neimenggu-Huhehaote:
                            OLS Regression Results                            
==============================================================================
Dep. Variable:             land_price   R-squared:                       0.168
Model:                            OLS   Adj. R-squared:                  0.168
Method:                 Least Squares   F-statistic:                     648.5
Date:                Fri, 30 May 2025   Prob (F-statistic):          1.96e-130
Time:                        12:11:23   Log-Likelihood:                -26795.
No. Observations:                3209   AIC:                         5.359e+04
Df Residuals:                    3207   BIC:                         5.361e+04
Df Model:                           1                                         
Covariance Type:            nonrobust                                         
==============================================================================
                 coef    std err          t      P>|t|      [0.025      0.975]
------------------------------------------------------------------------------
const       4504.2325     45.533     98.922      0.000    4414.955    4593.510
dist        -158.4298      6.221    -25.465      0.000    -170.628    -146.231
==============================================================================
Omnibus:                     1271.554   Durbin-Watson:                   1.303
Prob(Omnibus):                  0.000   Jarque-Bera (JB):             5958.471
Skew:                           1.875   Prob(JB):                         0.00
Kurtosis:                       8.522   Cond. No.                         18.7
==============================================================================

Notes:
[1] Standard Errors assume that the covariance matrix of the errors is correctly specified.
Urban-rural boundary edge for Neimenggu-Huhehaote: 28.34 km
huhehaote neimenggu
Average internal radius gap: 12.14 km
Welfare loss: 11674.21, Loss ratio: 18.35%
