Fitted model for Guangdong-Shaoguan:
                            OLS Regression Results                            
==============================================================================
Dep. Variable:             land_price   R-squared:                       0.020
Model:                            OLS   Adj. R-squared:                  0.003
Method:                 Least Squares   F-statistic:                     1.163
Date:                Fri, 30 May 2025   Prob (F-statistic):              0.285
Time:                        11:01:54   Log-Likelihood:                -442.38
No. Observations:                  60   AIC:                             888.8
Df Residuals:                      58   BIC:                             892.9
Df Model:                           1                                         
Covariance Type:            nonrobust                                         
==============================================================================
                 coef    std err          t      P>|t|      [0.025      0.975]
------------------------------------------------------------------------------
const       2094.0398    121.457     17.241      0.000    1850.918    2337.162
dist         -37.5946     34.862     -1.078      0.285    -107.378      32.188
==============================================================================
Omnibus:                        9.286   Durbin-Watson:                   1.668
Prob(Omnibus):                  0.010   Jarque-Bera (JB):                8.764
Skew:                           0.836   Prob(JB):                       0.0125
Kurtosis:                       3.844   Cond. No.                         8.94
==============================================================================

Notes:
[1] Standard Errors assume that the covariance matrix of the errors is correctly specified.
Urban-rural boundary edge for Guangdong-Shaoguan: 55.37 km
Average internal radius gap: 47.67 km
Welfare loss: 42722.96, Loss ratio: 74.13%
