Fitted model for Zhejiang-Zhoushan:
                            OLS Regression Results                            
==============================================================================
Dep. Variable:             land_price   R-squared:                       0.007
Model:                            OLS   Adj. R-squared:                  0.005
Method:                 Least Squares   F-statistic:                     3.901
Date:                Fri, 30 May 2025   Prob (F-statistic):             0.0487
Time:                        19:16:02   Log-Likelihood:                -4869.3
No. Observations:                 573   AIC:                             9743.
Df Residuals:                     571   BIC:                             9751.
Df Model:                           1                                         
Covariance Type:            nonrobust                                         
==============================================================================
                 coef    std err          t      P>|t|      [0.025      0.975]
------------------------------------------------------------------------------
const       4268.3050     89.192     47.855      0.000    4093.120    4443.490
dist          13.2751      6.721      1.975      0.049       0.073      26.477
==============================================================================
Omnibus:                      466.179   Durbin-Watson:                   1.722
Prob(Omnibus):                  0.000   Jarque-Bera (JB):            16035.661
Skew:                           3.288   Prob(JB):                         0.00
Kurtosis:                      28.068   Cond. No.                         23.9
==============================================================================

Notes:
[1] Standard Errors assume that the covariance matrix of the errors is correctly specified.
Could not determine urban-rural boundary edge.
