Fitted model for Henan-Kaifeng:
                            OLS Regression Results                            
==============================================================================
Dep. Variable:             land_price   R-squared:                       0.000
Model:                            OLS   Adj. R-squared:                 -0.001
Method:                 Least Squares   F-statistic:                   0.09696
Date:                Fri, 30 May 2025   Prob (F-statistic):              0.756
Time:                        13:25:27   Log-Likelihood:                -6770.6
No. Observations:                 842   AIC:                         1.355e+04
Df Residuals:                     840   BIC:                         1.355e+04
Df Model:                           1                                         
Covariance Type:            nonrobust                                         
==============================================================================
                 coef    std err          t      P>|t|      [0.025      0.975]
------------------------------------------------------------------------------
const       1710.1746     65.551     26.089      0.000    1581.511    1838.838
dist          -6.3353     20.346     -0.311      0.756     -46.269      33.599
==============================================================================
Omnibus:                     1350.336   Durbin-Watson:                   1.744
Prob(Omnibus):                  0.000   Jarque-Bera (JB):           973427.463
Skew:                           9.445   Prob(JB):                         0.00
Kurtosis:                     168.497   Cond. No.                         8.82
==============================================================================

Notes:
[1] Standard Errors assume that the covariance matrix of the errors is correctly specified.
Urban-rural boundary edge for Henan-Kaifeng: 262.72 km
kaifeng henan
Average internal radius gap: 255.33 km
Welfare loss: 206513.61, Loss ratio: 94.46%
