Fitted model for Zhejiang-Quzhou:
                            OLS Regression Results                            
==============================================================================
Dep. Variable:             land_price   R-squared:                       0.032
Model:                            OLS   Adj. R-squared:                  0.031
Method:                 Least Squares   F-statistic:                     18.91
Date:                Fri, 30 May 2025   Prob (F-statistic):           1.63e-05
Time:                        13:25:39   Log-Likelihood:                -5086.3
No. Observations:                 570   AIC:                         1.018e+04
Df Residuals:                     568   BIC:                         1.019e+04
Df Model:                           1                                         
Covariance Type:            nonrobust                                         
==============================================================================
                 coef    std err          t      P>|t|      [0.025      0.975]
------------------------------------------------------------------------------
const       5399.4057    137.230     39.346      0.000    5129.865    5668.946
dist        -130.7369     30.067     -4.348      0.000    -189.793     -71.681
==============================================================================
Omnibus:                      269.412   Durbin-Watson:                   1.403
Prob(Omnibus):                  0.000   Jarque-Bera (JB):             1580.652
Skew:                           2.041   Prob(JB):                         0.00
Kurtosis:                      10.063   Cond. No.                         8.50
==============================================================================

Notes:
[1] Standard Errors assume that the covariance matrix of the errors is correctly specified.
Urban-rural boundary edge for Zhejiang-Quzhou: 41.21 km
quzhou zhejiang
Average internal radius gap: 34.90 km
Welfare loss: 79626.15, Loss ratio: 71.73%
