Fitted model for Hunan-Changde:
                            OLS Regression Results                            
==============================================================================
Dep. Variable:             land_price   R-squared:                       0.021
Model:                            OLS   Adj. R-squared:                  0.020
Method:                 Least Squares   F-statistic:                     25.67
Date:                Fri, 30 May 2025   Prob (F-statistic):           4.70e-07
Time:                        13:56:20   Log-Likelihood:                -9123.3
No. Observations:                1196   AIC:                         1.825e+04
Df Residuals:                    1194   BIC:                         1.826e+04
Df Model:                           1                                         
Covariance Type:            nonrobust                                         
==============================================================================
                 coef    std err          t      P>|t|      [0.025      0.975]
------------------------------------------------------------------------------
const       1861.1809     25.947     71.731      0.000    1810.274    1912.087
dist         -35.3112      6.970     -5.066      0.000     -48.986     -21.636
==============================================================================
Omnibus:                      656.049   Durbin-Watson:                   1.673
Prob(Omnibus):                  0.000   Jarque-Bera (JB):            10190.461
Skew:                           2.184   Prob(JB):                         0.00
Kurtosis:                      16.617   Cond. No.                         7.05
==============================================================================

Notes:
[1] Standard Errors assume that the covariance matrix of the errors is correctly specified.
Urban-rural boundary edge for Hunan-Changde: 51.87 km
changde hunan
Average internal radius gap: 41.69 km
Welfare loss: 30687.27, Loss ratio: 64.60%
