Fitted model for Shandong-Heze:
                            OLS Regression Results                            
==============================================================================
Dep. Variable:             land_price   R-squared:                       0.038
Model:                            OLS   Adj. R-squared:                  0.036
Method:                 Least Squares   F-statistic:                     21.53
Date:                Fri, 30 May 2025   Prob (F-statistic):           4.36e-06
Time:                        13:56:03   Log-Likelihood:                -4275.5
No. Observations:                 550   AIC:                             8555.
Df Residuals:                     548   BIC:                             8564.
Df Model:                           1                                         
Covariance Type:            nonrobust                                         
==============================================================================
                 coef    std err          t      P>|t|      [0.025      0.975]
------------------------------------------------------------------------------
const       2202.8854     56.396     39.061      0.000    2092.106    2313.665
dist         -49.1161     10.585     -4.640      0.000     -69.907     -28.325
==============================================================================
Omnibus:                      588.296   Durbin-Watson:                   1.960
Prob(Omnibus):                  0.000   Jarque-Bera (JB):            47686.550
Skew:                           4.727   Prob(JB):                         0.00
Kurtosis:                      47.626   Cond. No.                         12.6
==============================================================================

Notes:
[1] Standard Errors assume that the covariance matrix of the errors is correctly specified.
Urban-rural boundary edge for Shandong-Heze: 44.06 km
heze shandong
Average internal radius gap: 37.03 km
Welfare loss: 33678.48, Loss ratio: 70.66%
