Fitted model for Hunan-Hengyang:
                            OLS Regression Results                            
==============================================================================
Dep. Variable:             land_price   R-squared:                       0.243
Model:                            OLS   Adj. R-squared:                  0.230
Method:                 Least Squares   F-statistic:                     19.24
Date:                Fri, 30 May 2025   Prob (F-statistic):           4.73e-05
Time:                        11:01:22   Log-Likelihood:                -487.85
No. Observations:                  62   AIC:                             979.7
Df Residuals:                      60   BIC:                             984.0
Df Model:                           1                                         
Covariance Type:            nonrobust                                         
==============================================================================
                 coef    std err          t      P>|t|      [0.025      0.975]
------------------------------------------------------------------------------
const       2022.5603    106.991     18.904      0.000    1808.547    2236.574
dist         -15.2592      3.479     -4.386      0.000     -22.218      -8.301
==============================================================================
Omnibus:                       92.590   Durbin-Watson:                   2.090
Prob(Omnibus):                  0.000   Jarque-Bera (JB):             1857.612
Skew:                           4.302   Prob(JB):                         0.00
Kurtosis:                      28.398   Cond. No.                         40.3
==============================================================================

Notes:
[1] Standard Errors assume that the covariance matrix of the errors is correctly specified.
Urban-rural boundary edge for Hunan-Hengyang: 130.97 km
Average internal radius gap: 119.94 km
Welfare loss: 109763.16, Loss ratio: 83.87%
