Fitted model for Neimenggu-Tongliao:
                            OLS Regression Results                            
==============================================================================
Dep. Variable:             land_price   R-squared:                       0.200
Model:                            OLS   Adj. R-squared:                  0.199
Method:                 Least Squares   F-statistic:                     135.8
Date:                Fri, 30 May 2025   Prob (F-statistic):           3.75e-28
Time:                        13:56:54   Log-Likelihood:                -3950.5
No. Observations:                 544   AIC:                             7905.
Df Residuals:                     542   BIC:                             7914.
Df Model:                           1                                         
Covariance Type:            nonrobust                                         
==============================================================================
                 coef    std err          t      P>|t|      [0.025      0.975]
------------------------------------------------------------------------------
const       2338.9782     44.932     52.056      0.000    2250.716    2427.240
dist        -124.5558     10.690    -11.651      0.000    -145.555    -103.556
==============================================================================
Omnibus:                       49.122   Durbin-Watson:                   1.666
Prob(Omnibus):                  0.000   Jarque-Bera (JB):              173.866
Skew:                           0.338   Prob(JB):                     1.76e-38
Kurtosis:                       5.686   Cond. No.                         13.4
==============================================================================

Notes:
[1] Standard Errors assume that the covariance matrix of the errors is correctly specified.
Urban-rural boundary edge for Neimenggu-Tongliao: 18.70 km
tongliao neimenggu
Average internal radius gap: 9.22 km
Welfare loss: 5288.65, Loss ratio: 24.29%
