Fitted model for Guangdong-Zhaoqing:
                            OLS Regression Results                            
==============================================================================
Dep. Variable:             land_price   R-squared:                       0.065
Model:                            OLS   Adj. R-squared:                  0.060
Method:                 Least Squares   F-statistic:                     13.98
Date:                Fri, 30 May 2025   Prob (F-statistic):           0.000240
Time:                        11:01:37   Log-Likelihood:                -1695.5
No. Observations:                 204   AIC:                             3395.
Df Residuals:                     202   BIC:                             3402.
Df Model:                           1                                         
Covariance Type:            nonrobust                                         
==============================================================================
                 coef    std err          t      P>|t|      [0.025      0.975]
------------------------------------------------------------------------------
const       2776.5648     83.542     33.235      0.000    2611.838    2941.291
dist         -20.2079      5.404     -3.740      0.000     -30.863      -9.553
==============================================================================
Omnibus:                      192.282   Durbin-Watson:                   1.658
Prob(Omnibus):                  0.000   Jarque-Bera (JB):             4602.718
Skew:                           3.554   Prob(JB):                         0.00
Kurtosis:                      25.158   Cond. No.                         18.7
==============================================================================

Notes:
[1] Standard Errors assume that the covariance matrix of the errors is correctly specified.
Urban-rural boundary edge for Guangdong-Zhaoqing: 136.77 km
Average internal radius gap: 128.63 km
Welfare loss: 167164.21, Loss ratio: 88.44%
