Fitted model for Chongqing-Shapingba:
                            OLS Regression Results                            
==============================================================================
Dep. Variable:             land_price   R-squared:                       0.039
Model:                            OLS   Adj. R-squared:                  0.038
Method:                 Least Squares   F-statistic:                     27.73
Date:                Fri, 30 May 2025   Prob (F-statistic):           1.87e-07
Time:                        12:11:09   Log-Likelihood:                -5696.0
No. Observations:                 686   AIC:                         1.140e+04
Df Residuals:                     684   BIC:                         1.141e+04
Df Model:                           1                                         
Covariance Type:            nonrobust                                         
==============================================================================
                 coef    std err          t      P>|t|      [0.025      0.975]
------------------------------------------------------------------------------
const       3658.5717     59.283     61.713      0.000    3542.173    3774.971
dist        -113.6912     21.591     -5.266      0.000    -156.083     -71.299
==============================================================================
Omnibus:                      167.280   Durbin-Watson:                   1.471
Prob(Omnibus):                  0.000   Jarque-Bera (JB):              426.559
Skew:                           1.243   Prob(JB):                     2.36e-93
Kurtosis:                       5.958   Cond. No.                         4.73
==============================================================================

Notes:
[1] Standard Errors assume that the covariance matrix of the errors is correctly specified.
Urban-rural boundary edge for Chongqing-Shapingba: 31.88 km
shapingba chongqing
Fallback: matched by province name: chongqing2020_new_Urb.shp
Average internal radius gap: 12.42 km
Welfare loss: 8768.47, Loss ratio: 15.17%
