Fitted model for Jilin-Tonghua:
                            OLS Regression Results                            
==============================================================================
Dep. Variable:             land_price   R-squared:                       0.319
Model:                            OLS   Adj. R-squared:                  0.316
Method:                 Least Squares   F-statistic:                     100.3
Date:                Fri, 30 May 2025   Prob (F-statistic):           1.33e-19
Time:                        13:56:37   Log-Likelihood:                -1602.3
No. Observations:                 216   AIC:                             3209.
Df Residuals:                     214   BIC:                             3215.
Df Model:                           1                                         
Covariance Type:            nonrobust                                         
==============================================================================
                 coef    std err          t      P>|t|      [0.025      0.975]
------------------------------------------------------------------------------
const       1801.5409     46.566     38.688      0.000    1709.754    1893.328
dist         -86.2975      8.619    -10.013      0.000    -103.286     -69.309
==============================================================================
Omnibus:                       58.801   Durbin-Watson:                   1.374
Prob(Omnibus):                  0.000   Jarque-Bera (JB):              334.557
Skew:                           0.893   Prob(JB):                     2.25e-73
Kurtosis:                       8.829   Cond. No.                         9.34
==============================================================================

Notes:
[1] Standard Errors assume that the covariance matrix of the errors is correctly specified.
Urban-rural boundary edge for Jilin-Tonghua: 20.79 km
tonghua jilin
Average internal radius gap: 12.05 km
Welfare loss: 6262.76, Loss ratio: 33.58%
