Fitted model for Guangdong-Maoming:
                            OLS Regression Results                            
==============================================================================
Dep. Variable:             land_price   R-squared:                       0.353
Model:                            OLS   Adj. R-squared:                  0.342
Method:                 Least Squares   F-statistic:                     30.58
Date:                Fri, 30 May 2025   Prob (F-statistic):           8.73e-07
Time:                        11:07:08   Log-Likelihood:                -445.00
No. Observations:                  58   AIC:                             894.0
Df Residuals:                      56   BIC:                             898.1
Df Model:                           1                                         
Covariance Type:            nonrobust                                         
==============================================================================
                 coef    std err          t      P>|t|      [0.025      0.975]
------------------------------------------------------------------------------
const       2848.2902     81.032     35.150      0.000    2685.964    3010.617
dist         -15.2700      2.761     -5.530      0.000     -20.802      -9.738
==============================================================================
Omnibus:                        1.715   Durbin-Watson:                   1.426
Prob(Omnibus):                  0.424   Jarque-Bera (JB):                1.299
Skew:                           0.366   Prob(JB):                        0.522
Kurtosis:                       3.035   Cond. No.                         34.2
==============================================================================

Notes:
[1] Standard Errors assume that the covariance matrix of the errors is correctly specified.
Urban-rural boundary edge for Guangdong-Maoming: 185.44 km
Average internal radius gap: 179.63 km
Welfare loss: 246344.97, Loss ratio: 93.83%
