Fitted model for Hubei-Jingmen:
                            OLS Regression Results                            
==============================================================================
Dep. Variable:             land_price   R-squared:                       0.002
Model:                            OLS   Adj. R-squared:                  0.001
Method:                 Least Squares   F-statistic:                     1.629
Date:                Fri, 30 May 2025   Prob (F-statistic):              0.202
Time:                        13:25:35   Log-Likelihood:                -5021.4
No. Observations:                 690   AIC:                         1.005e+04
Df Residuals:                     688   BIC:                         1.006e+04
Df Model:                           1                                         
Covariance Type:            nonrobust                                         
==============================================================================
                 coef    std err          t      P>|t|      [0.025      0.975]
------------------------------------------------------------------------------
const       1348.6520     20.220     66.699      0.000    1308.952    1388.352
dist          -0.9261      0.726     -1.276      0.202      -2.351       0.499
==============================================================================
Omnibus:                       48.303   Durbin-Watson:                   1.705
Prob(Omnibus):                  0.000   Jarque-Bera (JB):               74.061
Skew:                           0.526   Prob(JB):                     8.27e-17
Kurtosis:                       4.212   Cond. No.                         42.2
==============================================================================

Notes:
[1] Standard Errors assume that the covariance matrix of the errors is correctly specified.
Urban-rural boundary edge for Hubei-Jingmen: 1414.44 km
jingmen hubei
Average internal radius gap: 1404.11 km
Welfare loss: 912955.63, Loss ratio: 98.54%
