Fitted model for Sichuan-Guangan:
                            OLS Regression Results                            
==============================================================================
Dep. Variable:             land_price   R-squared:                       0.030
Model:                            OLS   Adj. R-squared:                  0.029
Method:                 Least Squares   F-statistic:                     20.64
Date:                Fri, 30 May 2025   Prob (F-statistic):           6.60e-06
Time:                        13:55:46   Log-Likelihood:                -4790.6
No. Observations:                 663   AIC:                             9585.
Df Residuals:                     661   BIC:                             9594.
Df Model:                           1                                         
Covariance Type:            nonrobust                                         
==============================================================================
                 coef    std err          t      P>|t|      [0.025      0.975]
------------------------------------------------------------------------------
const       1135.3290     27.521     41.254      0.000    1081.291    1189.367
dist          48.7263     10.726      4.543      0.000      27.665      69.788
==============================================================================
Omnibus:                       65.372   Durbin-Watson:                   1.512
Prob(Omnibus):                  0.000   Jarque-Bera (JB):               82.396
Skew:                           0.841   Prob(JB):                     1.28e-18
Kurtosis:                       3.395   Cond. No.                         6.13
==============================================================================

Notes:
[1] Standard Errors assume that the covariance matrix of the errors is correctly specified.
Could not determine urban-rural boundary edge.
