Fitted model for Shanxi-Yuncheng:
                            OLS Regression Results                            
==============================================================================
Dep. Variable:             land_price   R-squared:                       0.162
Model:                            OLS   Adj. R-squared:                  0.161
Method:                 Least Squares   F-statistic:                     126.8
Date:                Fri, 30 May 2025   Prob (F-statistic):           5.23e-27
Time:                        19:15:51   Log-Likelihood:                -4954.4
No. Observations:                 656   AIC:                             9913.
Df Residuals:                     654   BIC:                             9922.
Df Model:                           1                                         
Covariance Type:            nonrobust                                         
==============================================================================
                 coef    std err          t      P>|t|      [0.025      0.975]
------------------------------------------------------------------------------
const       1931.4522     51.269     37.673      0.000    1830.781    2032.123
dist        -118.5143     10.525    -11.261      0.000    -139.181     -97.848
==============================================================================
Omnibus:                      188.232   Durbin-Watson:                   1.600
Prob(Omnibus):                  0.000   Jarque-Bera (JB):              982.416
Skew:                           1.183   Prob(JB):                    4.69e-214
Kurtosis:                       8.508   Cond. No.                         14.4
==============================================================================

Notes:
[1] Standard Errors assume that the covariance matrix of the errors is correctly specified.
Urban-rural boundary edge for Shanxi-Yuncheng: 16.10 km
yuncheng shanxi
Average internal radius gap: 6.41 km
Welfare loss: 2436.29, Loss ratio: 15.86%
