Fitted model for Chongqing-Nanan:
                            OLS Regression Results                            
==============================================================================
Dep. Variable:             land_price   R-squared:                       0.000
Model:                            OLS   Adj. R-squared:                 -0.001
Method:                 Least Squares   F-statistic:                    0.3735
Date:                Fri, 30 May 2025   Prob (F-statistic):              0.541
Time:                        13:56:21   Log-Likelihood:                -8153.2
No. Observations:                 952   AIC:                         1.631e+04
Df Residuals:                     950   BIC:                         1.632e+04
Df Model:                           1                                         
Covariance Type:            nonrobust                                         
==============================================================================
                 coef    std err          t      P>|t|      [0.025      0.975]
------------------------------------------------------------------------------
const       3539.4362    104.453     33.885      0.000    3334.451    3744.422
dist          -8.8517     14.483     -0.611      0.541     -37.274      19.571
==============================================================================
Omnibus:                      580.028   Durbin-Watson:                   1.425
Prob(Omnibus):                  0.000   Jarque-Bera (JB):             9723.681
Skew:                           2.465   Prob(JB):                         0.00
Kurtosis:                      17.861   Cond. No.                         18.6
==============================================================================

Notes:
[1] Standard Errors assume that the covariance matrix of the errors is correctly specified.
Urban-rural boundary edge for Chongqing-Nanan: 396.73 km
nanan chongqing
Fallback: matched by province name: chongqing2020_new_Urb.shp
Average internal radius gap: 378.64 km
Welfare loss: 634529.35, Loss ratio: 91.09%
