Fitted model for Guangxi-Guilin:
                            OLS Regression Results                            
==============================================================================
Dep. Variable:             land_price   R-squared:                       0.116
Model:                            OLS   Adj. R-squared:                  0.116
Method:                 Least Squares   F-statistic:                     252.9
Date:                Fri, 30 May 2025   Prob (F-statistic):           1.38e-53
Time:                        11:01:08   Log-Likelihood:                -15719.
No. Observations:                1920   AIC:                         3.144e+04
Df Residuals:                    1918   BIC:                         3.145e+04
Df Model:                           1                                         
Covariance Type:            nonrobust                                         
==============================================================================
                 coef    std err          t      P>|t|      [0.025      0.975]
------------------------------------------------------------------------------
const       2577.6951     37.084     69.509      0.000    2504.965    2650.425
dist         -91.4641      5.751    -15.903      0.000    -102.744     -80.184
==============================================================================
Omnibus:                     1420.726   Durbin-Watson:                   1.433
Prob(Omnibus):                  0.000   Jarque-Bera (JB):            42622.485
Skew:                           3.144   Prob(JB):                         0.00
Kurtosis:                      25.209   Cond. No.                         12.3
==============================================================================

Notes:
[1] Standard Errors assume that the covariance matrix of the errors is correctly specified.
Urban-rural boundary edge for Guangxi-Guilin: 28.05 km
Average internal radius gap: 15.27 km
Welfare loss: 10668.99, Loss ratio: 29.65%
