Fitted model for Jiangxi-Shangrao:
                            OLS Regression Results                            
==============================================================================
Dep. Variable:             land_price   R-squared:                       0.000
Model:                            OLS   Adj. R-squared:                 -0.001
Method:                 Least Squares   F-statistic:                   0.01287
Date:                Fri, 30 May 2025   Prob (F-statistic):              0.910
Time:                        13:56:54   Log-Likelihood:                -6467.5
No. Observations:                 777   AIC:                         1.294e+04
Df Residuals:                     775   BIC:                         1.295e+04
Df Model:                           1                                         
Covariance Type:            nonrobust                                         
==============================================================================
                 coef    std err          t      P>|t|      [0.025      0.975]
------------------------------------------------------------------------------
const       2208.9297    110.885     19.921      0.000    1991.259    2426.600
dist           1.5901     14.019      0.113      0.910     -25.929      29.110
==============================================================================
Omnibus:                     1459.316   Durbin-Watson:                   1.924
Prob(Omnibus):                  0.000   Jarque-Bera (JB):          2149564.548
Skew:                          12.860   Prob(JB):                         0.00
Kurtosis:                     259.387   Cond. No.                         24.8
==============================================================================

Notes:
[1] Standard Errors assume that the covariance matrix of the errors is correctly specified.
Could not determine urban-rural boundary edge.
