Fitted model for Anhui-Huaibei:
                            OLS Regression Results                            
==============================================================================
Dep. Variable:             land_price   R-squared:                       0.363
Model:                            OLS   Adj. R-squared:                  0.356
Method:                 Least Squares   F-statistic:                     55.26
Date:                Fri, 30 May 2025   Prob (F-statistic):           4.20e-11
Time:                        11:07:07   Log-Likelihood:                -754.77
No. Observations:                  99   AIC:                             1514.
Df Residuals:                      97   BIC:                             1519.
Df Model:                           1                                         
Covariance Type:            nonrobust                                         
==============================================================================
                 coef    std err          t      P>|t|      [0.025      0.975]
------------------------------------------------------------------------------
const       2907.6724    103.960     27.969      0.000    2701.341    3114.004
dist        -151.0971     20.326     -7.434      0.000    -191.438    -110.757
==============================================================================
Omnibus:                       13.378   Durbin-Watson:                   1.619
Prob(Omnibus):                  0.001   Jarque-Bera (JB):               18.802
Skew:                           0.637   Prob(JB):                     8.26e-05
Kurtosis:                       4.714   Cond. No.                         10.9
==============================================================================

Notes:
[1] Standard Errors assume that the covariance matrix of the errors is correctly specified.
Urban-rural boundary edge for Anhui-Huaibei: 19.07 km
Average internal radius gap: 8.65 km
Welfare loss: 5656.73, Loss ratio: 20.58%
