Fitted model for Guangdong-Qingyuan:
                            OLS Regression Results                            
==============================================================================
Dep. Variable:             land_price   R-squared:                       0.019
Model:                            OLS   Adj. R-squared:                  0.018
Method:                 Least Squares   F-statistic:                     24.74
Date:                Fri, 30 May 2025   Prob (F-statistic):           7.45e-07
Time:                        12:11:12   Log-Likelihood:                -10033.
No. Observations:                1308   AIC:                         2.007e+04
Df Residuals:                    1306   BIC:                         2.008e+04
Df Model:                           1                                         
Covariance Type:            nonrobust                                         
==============================================================================
                 coef    std err          t      P>|t|      [0.025      0.975]
------------------------------------------------------------------------------
const       1745.4397     18.160     96.114      0.000    1709.814    1781.066
dist          -3.3402      0.672     -4.974      0.000      -4.658      -2.023
==============================================================================
Omnibus:                      685.607   Durbin-Watson:                   1.734
Prob(Omnibus):                  0.000   Jarque-Bera (JB):             7870.759
Skew:                           2.171   Prob(JB):                         0.00
Kurtosis:                      14.206   Cond. No.                         34.2
==============================================================================

Notes:
[1] Standard Errors assume that the covariance matrix of the errors is correctly specified.
Urban-rural boundary edge for Guangdong-Qingyuan: 518.85 km
qingyuan guangdong
Average internal radius gap: 511.50 km
Welfare loss: 436946.35, Loss ratio: 97.19%
