Fitted model for Jiangsu-Suqian:
                            OLS Regression Results                            
==============================================================================
Dep. Variable:             land_price   R-squared:                       0.054
Model:                            OLS   Adj. R-squared:                  0.053
Method:                 Least Squares   F-statistic:                     30.73
Date:                Fri, 30 May 2025   Prob (F-statistic):           4.68e-08
Time:                        12:11:09   Log-Likelihood:                -4607.6
No. Observations:                 536   AIC:                             9219.
Df Residuals:                     534   BIC:                             9228.
Df Model:                           1                                         
Covariance Type:            nonrobust                                         
==============================================================================
                 coef    std err          t      P>|t|      [0.025      0.975]
------------------------------------------------------------------------------
const       3942.1888    133.790     29.465      0.000    3679.369    4205.008
dist        -108.6791     19.606     -5.543      0.000    -147.194     -70.165
==============================================================================
Omnibus:                       75.271   Durbin-Watson:                   1.405
Prob(Omnibus):                  0.000   Jarque-Bera (JB):              107.178
Skew:                           0.973   Prob(JB):                     5.33e-24
Kurtosis:                       4.006   Cond. No.                         16.4
==============================================================================

Notes:
[1] Standard Errors assume that the covariance matrix of the errors is correctly specified.
Urban-rural boundary edge for Jiangsu-Suqian: 35.95 km
suqian jiangsu
Average internal radius gap: 24.42 km
Welfare loss: 32391.50, Loss ratio: 46.13%
