Fitted model for Chongqing-Jiulongpo:
                            OLS Regression Results                            
==============================================================================
Dep. Variable:             land_price   R-squared:                       0.017
Model:                            OLS   Adj. R-squared:                  0.016
Method:                 Least Squares   F-statistic:                     15.68
Date:                Fri, 30 May 2025   Prob (F-statistic):           8.09e-05
Time:                        12:11:14   Log-Likelihood:                -7531.5
No. Observations:                 915   AIC:                         1.507e+04
Df Residuals:                     913   BIC:                         1.508e+04
Df Model:                           1                                         
Covariance Type:            nonrobust                                         
==============================================================================
                 coef    std err          t      P>|t|      [0.025      0.975]
------------------------------------------------------------------------------
const       3464.9447     53.436     64.842      0.000    3360.072    3569.817
dist         -41.3740     10.449     -3.960      0.000     -61.881     -20.867
==============================================================================
Omnibus:                      216.065   Durbin-Watson:                   1.755
Prob(Omnibus):                  0.000   Jarque-Bera (JB):              518.753
Skew:                           1.251   Prob(JB):                    2.26e-113
Kurtosis:                       5.711   Cond. No.                         9.33
==============================================================================

Notes:
[1] Standard Errors assume that the covariance matrix of the errors is correctly specified.
Urban-rural boundary edge for Chongqing-Jiulongpo: 82.91 km
jiulongpo chongqing
Fallback: matched by province name: chongqing2020_new_Urb.shp
Average internal radius gap: 61.72 km
Welfare loss: 78813.48, Loss ratio: 55.43%
