Fitted model for Guangdong-Shenzhen:
                            OLS Regression Results                            
==============================================================================
Dep. Variable:             land_price   R-squared:                       0.178
Model:                            OLS   Adj. R-squared:                  0.178
Method:                 Least Squares   F-statistic:                     1803.
Date:                Fri, 30 May 2025   Prob (F-statistic):               0.00
Time:                        11:01:23   Log-Likelihood:                -86189.
No. Observations:                8339   AIC:                         1.724e+05
Df Residuals:                    8337   BIC:                         1.724e+05
Df Model:                           1                                         
Covariance Type:            nonrobust                                         
==============================================================================
                 coef    std err          t      P>|t|      [0.025      0.975]
------------------------------------------------------------------------------
const       1.873e+04    162.877    115.017      0.000    1.84e+04    1.91e+04
dist        -376.3399      8.863    -42.464      0.000    -393.713    -358.967
==============================================================================
Omnibus:                     3987.469   Durbin-Watson:                   0.981
Prob(Omnibus):                  0.000   Jarque-Bera (JB):            98247.118
Skew:                           1.753   Prob(JB):                         0.00
Kurtosis:                      19.446   Cond. No.                         36.7
==============================================================================

Notes:
[1] Standard Errors assume that the covariance matrix of the errors is correctly specified.
Urban-rural boundary edge for Guangdong-Shenzhen: 49.75 km
Average internal radius gap: 25.21 km
Welfare loss: 119550.79, Loss ratio: 25.67%
