Fitted model for Shandong-Linyi:
                            OLS Regression Results                            
==============================================================================
Dep. Variable:             land_price   R-squared:                       0.231
Model:                            OLS   Adj. R-squared:                  0.230
Method:                 Least Squares   F-statistic:                     635.6
Date:                Fri, 30 May 2025   Prob (F-statistic):          6.74e-123
Time:                        11:07:08   Log-Likelihood:                -18367.
No. Observations:                2123   AIC:                         3.674e+04
Df Residuals:                    2121   BIC:                         3.675e+04
Df Model:                           1                                         
Covariance Type:            nonrobust                                         
==============================================================================
                 coef    std err          t      P>|t|      [0.025      0.975]
------------------------------------------------------------------------------
const       4102.2019     59.005     69.523      0.000    3986.488    4217.916
dist        -178.3105      7.072    -25.212      0.000    -192.180    -164.441
==============================================================================
Omnibus:                     1210.227   Durbin-Watson:                   1.663
Prob(Omnibus):                  0.000   Jarque-Bera (JB):            12644.518
Skew:                           2.516   Prob(JB):                         0.00
Kurtosis:                      13.846   Cond. No.                         16.6
==============================================================================

Notes:
[1] Standard Errors assume that the covariance matrix of the errors is correctly specified.
Urban-rural boundary edge for Shandong-Linyi: 22.82 km
Average internal radius gap: 5.86 km
Welfare loss: 3060.33, Loss ratio: 6.59%
