Fitted model for Shanxi-Jinzhong:
                            OLS Regression Results                            
==============================================================================
Dep. Variable:             land_price   R-squared:                       0.107
Model:                            OLS   Adj. R-squared:                  0.106
Method:                 Least Squares   F-statistic:                     137.9
Date:                Fri, 30 May 2025   Prob (F-statistic):           3.80e-30
Time:                        13:25:36   Log-Likelihood:                -8500.4
No. Observations:                1152   AIC:                         1.700e+04
Df Residuals:                    1150   BIC:                         1.701e+04
Df Model:                           1                                         
Covariance Type:            nonrobust                                         
==============================================================================
                 coef    std err          t      P>|t|      [0.025      0.975]
------------------------------------------------------------------------------
const       2486.9194     33.689     73.820      0.000    2420.821    2553.018
dist         -97.4139      8.296    -11.742      0.000    -113.692     -81.136
==============================================================================
Omnibus:                      271.207   Durbin-Watson:                   1.867
Prob(Omnibus):                  0.000   Jarque-Bera (JB):             2738.715
Skew:                           0.782   Prob(JB):                         0.00
Kurtosis:                      10.390   Cond. No.                         12.6
==============================================================================

Notes:
[1] Standard Errors assume that the covariance matrix of the errors is correctly specified.
Urban-rural boundary edge for Shanxi-Jinzhong: 25.40 km
jinzhong shanxi
Average internal radius gap: 19.60 km
Welfare loss: 18709.24, Loss ratio: 59.52%
