Fitted model for Sichuan-Chengdu:
                            OLS Regression Results                            
==============================================================================
Dep. Variable:             land_price   R-squared:                       0.192
Model:                            OLS   Adj. R-squared:                  0.192
Method:                 Least Squares   F-statistic:                     3917.
Date:                Fri, 30 May 2025   Prob (F-statistic):               0.00
Time:                        11:01:56   Log-Likelihood:            -1.4874e+05
No. Observations:               16490   AIC:                         2.975e+05
Df Residuals:                   16488   BIC:                         2.975e+05
Df Model:                           1                                         
Covariance Type:            nonrobust                                         
==============================================================================
                 coef    std err          t      P>|t|      [0.025      0.975]
------------------------------------------------------------------------------
const       5958.3066     34.366    173.377      0.000    5890.945    6025.668
dist         -70.7437      1.130    -62.583      0.000     -72.959     -68.528
==============================================================================
Omnibus:                     9763.547   Durbin-Watson:                   1.163
Prob(Omnibus):                  0.000   Jarque-Bera (JB):           147363.237
Skew:                           2.568   Prob(JB):                         0.00
Kurtosis:                      16.715   Cond. No.                         67.1
==============================================================================

Notes:
[1] Standard Errors assume that the covariance matrix of the errors is correctly specified.
Urban-rural boundary edge for Sichuan-Chengdu: 83.58 km
Average internal radius gap: 46.19 km
Welfare loss: 75458.93, Loss ratio: 30.54%
