Fitted model for Guangdong-Yangjiang:
                            OLS Regression Results                            
==============================================================================
Dep. Variable:             land_price   R-squared:                       0.031
Model:                            OLS   Adj. R-squared:                  0.030
Method:                 Least Squares   F-statistic:                     32.29
Date:                Fri, 30 May 2025   Prob (F-statistic):           1.73e-08
Time:                        13:56:03   Log-Likelihood:                -8037.1
No. Observations:                1017   AIC:                         1.608e+04
Df Residuals:                    1015   BIC:                         1.609e+04
Df Model:                           1                                         
Covariance Type:            nonrobust                                         
==============================================================================
                 coef    std err          t      P>|t|      [0.025      0.975]
------------------------------------------------------------------------------
const       1674.4096     30.541     54.825      0.000    1614.478    1734.341
dist          -6.4912      1.142     -5.683      0.000      -8.733      -4.250
==============================================================================
Omnibus:                      508.073   Durbin-Watson:                   1.696
Prob(Omnibus):                  0.000   Jarque-Bera (JB):             3261.289
Skew:                           2.242   Prob(JB):                         0.00
Kurtosis:                      10.540   Cond. No.                         39.8
==============================================================================

Notes:
[1] Standard Errors assume that the covariance matrix of the errors is correctly specified.
Urban-rural boundary edge for Guangdong-Yangjiang: 255.61 km
yangjiang guangdong
Average internal radius gap: 248.43 km
Welfare loss: 200305.37, Loss ratio: 94.46%
