Fitted model for Jilin-Yanbianchaoxianzu:
                            OLS Regression Results                            
==============================================================================
Dep. Variable:             land_price   R-squared:                       0.041
Model:                            OLS   Adj. R-squared:                  0.040
Method:                 Least Squares   F-statistic:                     26.22
Date:                Fri, 30 May 2025   Prob (F-statistic):           4.09e-07
Time:                        13:25:04   Log-Likelihood:                -4478.1
No. Observations:                 613   AIC:                             8960.
Df Residuals:                     611   BIC:                             8969.
Df Model:                           1                                         
Covariance Type:            nonrobust                                         
==============================================================================
                 coef    std err          t      P>|t|      [0.025      0.975]
------------------------------------------------------------------------------
const       1782.0560     39.861     44.706      0.000    1703.774    1860.338
dist         -57.7551     11.279     -5.121      0.000     -79.905     -35.605
==============================================================================
Omnibus:                      103.938   Durbin-Watson:                   1.639
Prob(Omnibus):                  0.000   Jarque-Bera (JB):              490.512
Skew:                           0.667   Prob(JB):                    3.07e-107
Kurtosis:                       7.174   Cond. No.                         10.3
==============================================================================

Notes:
[1] Standard Errors assume that the covariance matrix of the errors is correctly specified.
Urban-rural boundary edge for Jilin-Yanbianchaoxianzu: 30.79 km
yanbianchaoxianzu jilin
Fallback: matched by province name: jilin2020_new_Urb.shp
Average internal radius gap: 0.00 km
Welfare loss: 0.00, Loss ratio: 0.00%
