Fitted model for Neimenggu-Huhehaote:
                            OLS Regression Results                            
==============================================================================
Dep. Variable:             land_price   R-squared:                       0.169
Model:                            OLS   Adj. R-squared:                  0.169
Method:                 Least Squares   F-statistic:                     744.8
Date:                Fri, 30 May 2025   Prob (F-statistic):          1.97e-149
Time:                        19:16:05   Log-Likelihood:                -30532.
No. Observations:                3660   AIC:                         6.107e+04
Df Residuals:                    3658   BIC:                         6.108e+04
Df Model:                           1                                         
Covariance Type:            nonrobust                                         
==============================================================================
                 coef    std err          t      P>|t|      [0.025      0.975]
------------------------------------------------------------------------------
const       4497.1410     42.770    105.148      0.000    4413.286    4580.996
dist        -159.3648      5.839    -27.291      0.000    -170.814    -147.916
==============================================================================
Omnibus:                     1385.641   Durbin-Watson:                   1.274
Prob(Omnibus):                  0.000   Jarque-Bera (JB):             6107.165
Skew:                           1.808   Prob(JB):                         0.00
Kurtosis:                       8.194   Cond. No.                         19.0
==============================================================================

Notes:
[1] Standard Errors assume that the covariance matrix of the errors is correctly specified.
Urban-rural boundary edge for Neimenggu-Huhehaote: 28.13 km
huhehaote neimenggu
Average internal radius gap: 11.93 km
Welfare loss: 11338.86, Loss ratio: 17.98%
