Fitted model for Shandong-Qingdao:
                            OLS Regression Results                            
==============================================================================
Dep. Variable:             land_price   R-squared:                       0.211
Model:                            OLS   Adj. R-squared:                  0.211
Method:                 Least Squares   F-statistic:                     1819.
Date:                Fri, 30 May 2025   Prob (F-statistic):               0.00
Time:                        19:16:03   Log-Likelihood:                -65351.
No. Observations:                6795   AIC:                         1.307e+05
Df Residuals:                    6793   BIC:                         1.307e+05
Df Model:                           1                                         
Covariance Type:            nonrobust                                         
==============================================================================
                 coef    std err          t      P>|t|      [0.025      0.975]
------------------------------------------------------------------------------
const       7263.3169     63.461    114.453      0.000    7138.914    7387.720
dist         -74.3094      1.742    -42.648      0.000     -77.725     -70.894
==============================================================================
Omnibus:                     6677.676   Durbin-Watson:                   0.857
Prob(Omnibus):                  0.000   Jarque-Bera (JB):           492513.669
Skew:                           4.680   Prob(JB):                         0.00
Kurtosis:                      43.644   Cond. No.                         52.4
==============================================================================

Notes:
[1] Standard Errors assume that the covariance matrix of the errors is correctly specified.
Urban-rural boundary edge for Shandong-Qingdao: 97.13 km
qingdao shandong
Average internal radius gap: 65.78 km
Welfare loss: 160745.68, Loss ratio: 45.86%
