Fitted model for Beijing-Shunyi:
                            OLS Regression Results                            
==============================================================================
Dep. Variable:             land_price   R-squared:                       0.223
Model:                            OLS   Adj. R-squared:                  0.221
Method:                 Least Squares   F-statistic:                     127.6
Date:                Fri, 30 May 2025   Prob (F-statistic):           3.54e-26
Time:                        13:56:54   Log-Likelihood:                -4396.5
No. Observations:                 446   AIC:                             8797.
Df Residuals:                     444   BIC:                             8805.
Df Model:                           1                                         
Covariance Type:            nonrobust                                         
==============================================================================
                 coef    std err          t      P>|t|      [0.025      0.975]
------------------------------------------------------------------------------
const       1.417e+04    470.091     30.146      0.000    1.32e+04    1.51e+04
dist        -422.9267     37.444    -11.295      0.000    -496.516    -349.337
==============================================================================
Omnibus:                      242.595   Durbin-Watson:                   1.389
Prob(Omnibus):                  0.000   Jarque-Bera (JB):             2288.461
Skew:                           2.162   Prob(JB):                         0.00
Kurtosis:                      13.220   Cond. No.                         27.0
==============================================================================

Notes:
[1] Standard Errors assume that the covariance matrix of the errors is correctly specified.
Urban-rural boundary edge for Beijing-Shunyi: 33.39 km
shunyi beijing
Fallback: matched by province name: beijing2020_new_Urb.shp
Average internal radius gap: 11.45 km
Welfare loss: 27722.82, Loss ratio: 11.76%
