Fitted model for Fujian-Longyan:
                            OLS Regression Results                            
==============================================================================
Dep. Variable:             land_price   R-squared:                       0.018
Model:                            OLS   Adj. R-squared:                  0.010
Method:                 Least Squares   F-statistic:                     2.479
Date:                Fri, 30 May 2025   Prob (F-statistic):              0.118
Time:                        12:11:20   Log-Likelihood:                -1190.5
No. Observations:                 141   AIC:                             2385.
Df Residuals:                     139   BIC:                             2391.
Df Model:                           1                                         
Covariance Type:            nonrobust                                         
==============================================================================
                 coef    std err          t      P>|t|      [0.025      0.975]
------------------------------------------------------------------------------
const       4199.3445    181.752     23.105      0.000    3839.989    4558.700
dist         -65.2752     41.461     -1.574      0.118    -147.251      16.700
==============================================================================
Omnibus:                       52.251   Durbin-Watson:                   1.735
Prob(Omnibus):                  0.000   Jarque-Bera (JB):              129.383
Skew:                           1.524   Prob(JB):                     8.03e-29
Kurtosis:                       6.569   Cond. No.                         8.68
==============================================================================

Notes:
[1] Standard Errors assume that the covariance matrix of the errors is correctly specified.
Urban-rural boundary edge for Fujian-Longyan: 64.20 km
longyan fujian
Average internal radius gap: 56.79 km
Welfare loss: 105268.85, Loss ratio: 78.25%
