Fitted model for Guangdong-Shantou:
                            OLS Regression Results                            
==============================================================================
Dep. Variable:             land_price   R-squared:                       0.090
Model:                            OLS   Adj. R-squared:                  0.089
Method:                 Least Squares   F-statistic:                     109.8
Date:                Fri, 30 May 2025   Prob (F-statistic):           1.45e-24
Time:                        12:11:10   Log-Likelihood:                -9378.9
No. Observations:                1114   AIC:                         1.876e+04
Df Residuals:                    1112   BIC:                         1.877e+04
Df Model:                           1                                         
Covariance Type:            nonrobust                                         
==============================================================================
                 coef    std err          t      P>|t|      [0.025      0.975]
------------------------------------------------------------------------------
const       3261.9589     71.447     45.656      0.000    3121.774    3402.144
dist         -94.5192      9.020    -10.478      0.000    -112.218     -76.820
==============================================================================
Omnibus:                      610.660   Durbin-Watson:                   1.678
Prob(Omnibus):                  0.000   Jarque-Bera (JB):             7565.381
Skew:                           2.257   Prob(JB):                         0.00
Kurtosis:                      14.942   Cond. No.                         17.4
==============================================================================

Notes:
[1] Standard Errors assume that the covariance matrix of the errors is correctly specified.
Urban-rural boundary edge for Guangdong-Shantou: 34.17 km
shantou guangdong
Average internal radius gap: 18.17 km
Welfare loss: 15599.41, Loss ratio: 28.28%
