Fitted model for Jilin-Jilin:
                            OLS Regression Results                            
==============================================================================
Dep. Variable:             land_price   R-squared:                       0.134
Model:                            OLS   Adj. R-squared:                  0.133
Method:                 Least Squares   F-statistic:                     211.1
Date:                Fri, 30 May 2025   Prob (F-statistic):           1.42e-44
Time:                        19:16:04   Log-Likelihood:                -10624.
No. Observations:                1367   AIC:                         2.125e+04
Df Residuals:                    1365   BIC:                         2.126e+04
Df Model:                           1                                         
Covariance Type:            nonrobust                                         
==============================================================================
                 coef    std err          t      P>|t|      [0.025      0.975]
------------------------------------------------------------------------------
const       2415.8268     35.674     67.719      0.000    2345.845    2485.809
dist         -75.8900      5.224    -14.528      0.000     -86.137     -65.643
==============================================================================
Omnibus:                      766.332   Durbin-Watson:                   1.897
Prob(Omnibus):                  0.000   Jarque-Bera (JB):            10043.701
Skew:                           2.330   Prob(JB):                         0.00
Kurtosis:                      15.435   Cond. No.                         16.0
==============================================================================

Notes:
[1] Standard Errors assume that the covariance matrix of the errors is correctly specified.
Urban-rural boundary edge for Jilin-Jilin: 31.71 km
jilin jilin
Average internal radius gap: 11.20 km
Welfare loss: 4763.67, Loss ratio: 12.48%
