Fitted model for Henan-Jiaozuo:
                            OLS Regression Results                            
==============================================================================
Dep. Variable:             land_price   R-squared:                       0.217
Model:                            OLS   Adj. R-squared:                  0.208
Method:                 Least Squares   F-statistic:                     25.18
Date:                Fri, 30 May 2025   Prob (F-statistic):           2.57e-06
Time:                        12:11:20   Log-Likelihood:                -688.19
No. Observations:                  93   AIC:                             1380.
Df Residuals:                      91   BIC:                             1385.
Df Model:                           1                                         
Covariance Type:            nonrobust                                         
==============================================================================
                 coef    std err          t      P>|t|      [0.025      0.975]
------------------------------------------------------------------------------
const       2372.0174    100.149     23.685      0.000    2173.083    2570.952
dist         -98.1459     19.558     -5.018      0.000    -136.996     -59.295
==============================================================================
Omnibus:                        3.621   Durbin-Watson:                   1.639
Prob(Omnibus):                  0.164   Jarque-Bera (JB):                3.059
Skew:                          -0.433   Prob(JB):                        0.217
Kurtosis:                       3.199   Cond. No.                         12.8
==============================================================================

Notes:
[1] Standard Errors assume that the covariance matrix of the errors is correctly specified.
Urban-rural boundary edge for Henan-Jiaozuo: 23.79 km
jiaozuo henan
Average internal radius gap: 12.92 km
Welfare loss: 8192.29, Loss ratio: 29.49%
