Fitted model for Tianjin-Hexi:
                            OLS Regression Results                            
==============================================================================
Dep. Variable:             land_price   R-squared:                       0.271
Model:                            OLS   Adj. R-squared:                  0.269
Method:                 Least Squares   F-statistic:                     257.0
Date:                Fri, 30 May 2025   Prob (F-statistic):           1.96e-49
Time:                        11:07:07   Log-Likelihood:                -6522.2
No. Observations:                 695   AIC:                         1.305e+04
Df Residuals:                     693   BIC:                         1.306e+04
Df Model:                           1                                         
Covariance Type:            nonrobust                                         
==============================================================================
                 coef    std err          t      P>|t|      [0.025      0.975]
------------------------------------------------------------------------------
const       1.368e+04    208.792     65.527      0.000    1.33e+04    1.41e+04
dist        -965.7497     60.238    -16.032      0.000   -1084.021    -847.479
==============================================================================
Omnibus:                      131.259   Durbin-Watson:                   1.864
Prob(Omnibus):                  0.000   Jarque-Bera (JB):              388.935
Skew:                           0.918   Prob(JB):                     3.50e-85
Kurtosis:                       6.172   Cond. No.                         7.02
==============================================================================

Notes:
[1] Standard Errors assume that the covariance matrix of the errors is correctly specified.
Using provincial average land price for Tianjin: 31.3392
Urban-rural boundary edge for Tianjin-Hexi: 14.13 km
Average internal radius gap: 5.69 km
Welfare loss: 15650.17, Loss ratio: 16.22%
