Fitted model for Liaoning-Fushun:
                            OLS Regression Results                            
==============================================================================
Dep. Variable:             land_price   R-squared:                       0.027
Model:                            OLS   Adj. R-squared:                  0.021
Method:                 Least Squares   F-statistic:                     4.895
Date:                Fri, 30 May 2025   Prob (F-statistic):             0.0282
Time:                        11:01:07   Log-Likelihood:                -1381.2
No. Observations:                 180   AIC:                             2766.
Df Residuals:                     178   BIC:                             2773.
Df Model:                           1                                         
Covariance Type:            nonrobust                                         
==============================================================================
                 coef    std err          t      P>|t|      [0.025      0.975]
------------------------------------------------------------------------------
const       1749.1281     72.709     24.056      0.000    1605.645    1892.612
dist         -16.7741      7.582     -2.212      0.028     -31.736      -1.813
==============================================================================
Omnibus:                       49.679   Durbin-Watson:                   1.952
Prob(Omnibus):                  0.000   Jarque-Bera (JB):              129.654
Skew:                           1.159   Prob(JB):                     7.02e-29
Kurtosis:                       6.452   Cond. No.                         18.0
==============================================================================

Notes:
[1] Standard Errors assume that the covariance matrix of the errors is correctly specified.
Urban-rural boundary edge for Liaoning-Fushun: 103.99 km
Average internal radius gap: 89.31 km
Welfare loss: 66897.40, Loss ratio: 73.76%
