Fitted model for Hebei-Shijiazhuang:
                            OLS Regression Results                            
==============================================================================
Dep. Variable:             land_price   R-squared:                       0.143
Model:                            OLS   Adj. R-squared:                  0.143
Method:                 Least Squares   F-statistic:                     658.2
Date:                Fri, 30 May 2025   Prob (F-statistic):          2.36e-134
Time:                        11:01:08   Log-Likelihood:                -33195.
No. Observations:                3937   AIC:                         6.639e+04
Df Residuals:                    3935   BIC:                         6.641e+04
Df Model:                           1                                         
Covariance Type:            nonrobust                                         
==============================================================================
                 coef    std err          t      P>|t|      [0.025      0.975]
------------------------------------------------------------------------------
const       5123.8233     41.604    123.158      0.000    5042.257    5205.390
dist        -115.4594      4.500    -25.655      0.000    -124.283    -106.636
==============================================================================
Omnibus:                      623.807   Durbin-Watson:                   1.475
Prob(Omnibus):                  0.000   Jarque-Bera (JB):             2462.348
Skew:                           0.741   Prob(JB):                         0.00
Kurtosis:                       6.580   Cond. No.                         21.9
==============================================================================

Notes:
[1] Standard Errors assume that the covariance matrix of the errors is correctly specified.
Urban-rural boundary edge for Hebei-Shijiazhuang: 43.98 km
Average internal radius gap: 22.56 km
Welfare loss: 29385.60, Loss ratio: 26.32%
