Fitted model for Hebei-Xingtai:
                            OLS Regression Results                            
==============================================================================
Dep. Variable:             land_price   R-squared:                       0.094
Model:                            OLS   Adj. R-squared:                  0.093
Method:                 Least Squares   F-statistic:                     139.7
Date:                Fri, 30 May 2025   Prob (F-statistic):           9.68e-31
Time:                        13:56:21   Log-Likelihood:                -9851.5
No. Observations:                1354   AIC:                         1.971e+04
Df Residuals:                    1352   BIC:                         1.972e+04
Df Model:                           1                                         
Covariance Type:            nonrobust                                         
==============================================================================
                 coef    std err          t      P>|t|      [0.025      0.975]
------------------------------------------------------------------------------
const       2346.5604     19.456    120.607      0.000    2308.393    2384.728
dist         -60.3787      5.109    -11.818      0.000     -70.401     -50.356
==============================================================================
Omnibus:                      321.500   Durbin-Watson:                   1.736
Prob(Omnibus):                  0.000   Jarque-Bera (JB):             1424.892
Skew:                           1.056   Prob(JB):                    3.88e-310
Kurtosis:                       7.561   Cond. No.                         8.21
==============================================================================

Notes:
[1] Standard Errors assume that the covariance matrix of the errors is correctly specified.
Urban-rural boundary edge for Hebei-Xingtai: 38.06 km
xingtai hebei
Average internal radius gap: 28.22 km
Welfare loss: 24044.09, Loss ratio: 54.97%
