Fitted model for Guangdong-Meizhou:
                            OLS Regression Results                            
==============================================================================
Dep. Variable:             land_price   R-squared:                       0.004
Model:                            OLS   Adj. R-squared:                 -0.004
Method:                 Least Squares   F-statistic:                    0.5374
Date:                Fri, 30 May 2025   Prob (F-statistic):              0.465
Time:                        12:11:22   Log-Likelihood:                -1022.2
No. Observations:                 133   AIC:                             2048.
Df Residuals:                     131   BIC:                             2054.
Df Model:                           1                                         
Covariance Type:            nonrobust                                         
==============================================================================
                 coef    std err          t      P>|t|      [0.025      0.975]
------------------------------------------------------------------------------
const       2230.1699     57.605     38.715      0.000    2116.213    2344.127
dist          -2.0623      2.813     -0.733      0.465      -7.628       3.503
==============================================================================
Omnibus:                       41.839   Durbin-Watson:                   2.032
Prob(Omnibus):                  0.000   Jarque-Bera (JB):              114.322
Skew:                           1.202   Prob(JB):                     1.50e-25
Kurtosis:                       6.854   Cond. No.                         25.6
==============================================================================

Notes:
[1] Standard Errors assume that the covariance matrix of the errors is correctly specified.
Urban-rural boundary edge for Guangdong-Meizhou: 1075.83 km
meizhou guangdong
Average internal radius gap: 1070.48 km
Welfare loss: 1181608.05, Loss ratio: 99.01%
