Fitted model for Guangxi-Fangchenggang:
                            OLS Regression Results                            
==============================================================================
Dep. Variable:             land_price   R-squared:                       0.227
Model:                            OLS   Adj. R-squared:                  0.224
Method:                 Least Squares   F-statistic:                     87.09
Date:                Fri, 30 May 2025   Prob (F-statistic):           2.50e-18
Time:                        13:25:36   Log-Likelihood:                -2243.6
No. Observations:                 299   AIC:                             4491.
Df Residuals:                     297   BIC:                             4499.
Df Model:                           1                                         
Covariance Type:            nonrobust                                         
==============================================================================
                 coef    std err          t      P>|t|      [0.025      0.975]
------------------------------------------------------------------------------
const       1868.4324     48.701     38.366      0.000    1772.590    1964.274
dist         -73.5809      7.884     -9.332      0.000     -89.097     -58.064
==============================================================================
Omnibus:                      150.705   Durbin-Watson:                   1.913
Prob(Omnibus):                  0.000   Jarque-Bera (JB):             1010.504
Skew:                           1.973   Prob(JB):                    3.73e-220
Kurtosis:                      11.096   Cond. No.                         12.0
==============================================================================

Notes:
[1] Standard Errors assume that the covariance matrix of the errors is correctly specified.
Urban-rural boundary edge for Guangxi-Fangchenggang: 25.31 km
fangchenggang guangxi
Average internal radius gap: 20.11 km
Welfare loss: 14873.25, Loss ratio: 63.11%
