Fitted model for Shaanxi-Yulin:
                            OLS Regression Results                            
==============================================================================
Dep. Variable:             land_price   R-squared:                       0.274
Model:                            OLS   Adj. R-squared:                  0.274
Method:                 Least Squares   F-statistic:                     360.3
Date:                Fri, 30 May 2025   Prob (F-statistic):           2.13e-68
Time:                        13:55:46   Log-Likelihood:                -7727.4
No. Observations:                 955   AIC:                         1.546e+04
Df Residuals:                     953   BIC:                         1.547e+04
Df Model:                           1                                         
Covariance Type:            nonrobust                                         
==============================================================================
                 coef    std err          t      P>|t|      [0.025      0.975]
------------------------------------------------------------------------------
const       2455.6260     34.690     70.788      0.000    2387.549    2523.703
dist         -11.1840      0.589    -18.982      0.000     -12.340     -10.028
==============================================================================
Omnibus:                      375.567   Durbin-Watson:                   1.088
Prob(Omnibus):                  0.000   Jarque-Bera (JB):             1840.504
Skew:                           1.768   Prob(JB):                         0.00
Kurtosis:                       8.810   Cond. No.                         79.8
==============================================================================

Notes:
[1] Standard Errors assume that the covariance matrix of the errors is correctly specified.
No land price data available for Shaanxi-Yulin or Shaanxi
Could not determine urban-rural boundary edge.
