Fitted model for Henan-Pingdingshan:
                            OLS Regression Results                            
==============================================================================
Dep. Variable:             land_price   R-squared:                       0.006
Model:                            OLS   Adj. R-squared:                 -0.008
Method:                 Least Squares   F-statistic:                    0.4071
Date:                Fri, 30 May 2025   Prob (F-statistic):              0.526
Time:                        11:07:23   Log-Likelihood:                -557.73
No. Observations:                  72   AIC:                             1119.
Df Residuals:                      70   BIC:                             1124.
Df Model:                           1                                         
Covariance Type:            nonrobust                                         
==============================================================================
                 coef    std err          t      P>|t|      [0.025      0.975]
------------------------------------------------------------------------------
const       2004.5822    107.133     18.711      0.000    1790.913    2218.251
dist           8.8966     13.944      0.638      0.526     -18.913      36.706
==============================================================================
Omnibus:                       50.601   Durbin-Watson:                   2.070
Prob(Omnibus):                  0.000   Jarque-Bera (JB):              202.155
Skew:                           2.144   Prob(JB):                     1.27e-44
Kurtosis:                      10.000   Cond. No.                         12.4
==============================================================================

Notes:
[1] Standard Errors assume that the covariance matrix of the errors is correctly specified.
Could not determine urban-rural boundary edge.
